2019-08-04 16:38:21.537793: I tensorflow/core/platform/cpu_feature_guard.cc:141] Your CPU supports instructions that this TensorFlow binary was not compiled to use: AVX2 FMA
2019-08-04 16:38:21.559673: I tensorflow/core/platform/profile_utils/cpu_utils.cc:94] CPU Frequency: 3399655000 Hz
2019-08-04 16:38:21.560101: I tensorflow/compiler/xla/service/service.cc:150] XLA service 0x17efdb0 executing computations on platform Host. Devices:
2019-08-04 16:38:21.560126: I tensorflow/compiler/xla/service/service.cc:158]   StreamExecutor device (0): <undefined>, <undefined>
2019-08-04 16:38:21.672951: I tensorflow/stream_executor/cuda/cuda_gpu_executor.cc:998] successful NUMA node read from SysFS had negative value (-1), but there must be at least one NUMA node, so returning NUMA node zero
2019-08-04 16:38:21.674283: I tensorflow/compiler/xla/service/service.cc:150] XLA service 0x18106f0 executing computations on platform CUDA. Devices:
2019-08-04 16:38:21.674315: I tensorflow/compiler/xla/service/service.cc:158]   StreamExecutor device (0): TITAN RTX, Compute Capability 7.5
2019-08-04 16:38:21.674514: I tensorflow/core/common_runtime/gpu/gpu_device.cc:1433] Found device 0 with properties: 
name: TITAN RTX major: 7 minor: 5 memoryClockRate(GHz): 1.77
pciBusID: 0000:2e:00.0
totalMemory: 23.62GiB freeMemory: 23.31GiB
2019-08-04 16:38:21.674539: I tensorflow/core/common_runtime/gpu/gpu_device.cc:1512] Adding visible gpu devices: 0
2019-08-04 16:38:21.677683: I tensorflow/core/common_runtime/gpu/gpu_device.cc:984] Device interconnect StreamExecutor with strength 1 edge matrix:
2019-08-04 16:38:21.677710: I tensorflow/core/common_runtime/gpu/gpu_device.cc:990]      0 
2019-08-04 16:38:21.677720: I tensorflow/core/common_runtime/gpu/gpu_device.cc:1003] 0:   N 
2019-08-04 16:38:21.677847: I tensorflow/core/common_runtime/gpu/gpu_device.cc:1115] Created TensorFlow device (/job:localhost/replica:0/task:0/device:GPU:0 with 22680 MB memory) -> physical GPU (device: 0, name: TITAN RTX, pci bus id: 0000:2e:00.0, compute capability: 7.5)
Using TensorFlow backend.
WARNING:tensorflow:From /home/minkcho/tf13/lib/python3.7/site-packages/tensorflow/python/framework/op_def_library.py:263: colocate_with (from tensorflow.python.framework.ops) is deprecated and will be removed in a future version.
Instructions for updating:
Colocations handled automatically by placer.
WARNING:tensorflow:From /home/minkcho/tf13/lib/python3.7/site-packages/tensorflow/python/ops/math_ops.py:3066: to_int32 (from tensorflow.python.ops.math_ops) is deprecated and will be removed in a future version.
Instructions for updating:
Use tf.cast instead.
WARNING:tensorflow:From /home/minkcho/tf13/lib/python3.7/site-packages/tensorflow/python/ops/math_grad.py:102: div (from tensorflow.python.ops.math_ops) is deprecated and will be removed in a future version.
Instructions for updating:
Deprecated in favor of operator or tf.math.divide.
2019-08-04 16:38:22.714522: I tensorflow/stream_executor/dso_loader.cc:152] successfully opened CUDA library libcublas.so.10.0 locally
['x_train', 'y_train', 'x_valid', 'y_valid']
5553
630
(8000, 64, 64, 1)
(904, 64, 64, 1)
Train on 8000 samples, validate on 904 samples
Epoch 1/50

 100/8000 [..............................] - ETA: 2:33 - loss: 0.7108 - acc: 0.3500
 500/8000 [>.............................] - ETA: 30s - loss: 0.6655 - acc: 0.6200 
 900/8000 [==>...........................] - ETA: 16s - loss: 0.6438 - acc: 0.6633
1300/8000 [===>..........................] - ETA: 10s - loss: 0.6373 - acc: 0.6769
1700/8000 [=====>........................] - ETA: 8s - loss: 0.6304 - acc: 0.6788 
2200/8000 [=======>......................] - ETA: 5s - loss: 0.6182 - acc: 0.6841
2700/8000 [=========>....................] - ETA: 4s - loss: 0.6101 - acc: 0.6848
3200/8000 [===========>..................] - ETA: 3s - loss: 0.6051 - acc: 0.6803
3700/8000 [============>.................] - ETA: 2s - loss: 0.5988 - acc: 0.6832
4200/8000 [==============>...............] - ETA: 2s - loss: 0.5993 - acc: 0.6836
4700/8000 [================>.............] - ETA: 1s - loss: 0.5991 - acc: 0.6821
5200/8000 [==================>...........] - ETA: 1s - loss: 0.5934 - acc: 0.6821
5600/8000 [====================>.........] - ETA: 1s - loss: 0.5972 - acc: 0.6838
6100/8000 [=====================>........] - ETA: 0s - loss: 0.5987 - acc: 0.6857
6600/8000 [=======================>......] - ETA: 0s - loss: 0.5963 - acc: 0.6853
7000/8000 [=========================>....] - ETA: 0s - loss: 0.5908 - acc: 0.6900
7500/8000 [===========================>..] - ETA: 0s - loss: 0.5850 - acc: 0.6943
8000/8000 [==============================] - 3s 377us/step - loss: 0.5759 - acc: 0.6999 - val_loss: 0.5113 - val_acc: 0.7788
Epoch 2/50

 100/8000 [..............................] - ETA: 0s - loss: 0.4749 - acc: 0.7700
 600/8000 [=>............................] - ETA: 0s - loss: 0.4548 - acc: 0.7833
1100/8000 [===>..........................] - ETA: 0s - loss: 0.4406 - acc: 0.7918
1600/8000 [=====>........................] - ETA: 0s - loss: 0.4352 - acc: 0.7969
2100/8000 [======>.......................] - ETA: 0s - loss: 0.4275 - acc: 0.8048
2600/8000 [========>.....................] - ETA: 0s - loss: 0.4196 - acc: 0.8092
3100/8000 [==========>...................] - ETA: 0s - loss: 0.4148 - acc: 0.8110
3600/8000 [============>.................] - ETA: 0s - loss: 0.4112 - acc: 0.8117
4100/8000 [==============>...............] - ETA: 0s - loss: 0.4095 - acc: 0.8134
4600/8000 [================>.............] - ETA: 0s - loss: 0.4040 - acc: 0.8174
5100/8000 [==================>...........] - ETA: 0s - loss: 0.4004 - acc: 0.8202
5600/8000 [====================>.........] - ETA: 0s - loss: 0.3952 - acc: 0.8234
6100/8000 [=====================>........] - ETA: 0s - loss: 0.3947 - acc: 0.8248
6600/8000 [=======================>......] - ETA: 0s - loss: 0.3929 - acc: 0.8264
7100/8000 [=========================>....] - ETA: 0s - loss: 0.3898 - acc: 0.8285
7600/8000 [===========================>..] - ETA: 0s - loss: 0.3857 - acc: 0.8309
8000/8000 [==============================] - 1s 128us/step - loss: 0.3843 - acc: 0.8329 - val_loss: 0.3762 - val_acc: 0.8440
Epoch 3/50

 100/8000 [..............................] - ETA: 1s - loss: 0.2645 - acc: 0.9100
 600/8000 [=>............................] - ETA: 0s - loss: 0.3025 - acc: 0.8767
1100/8000 [===>..........................] - ETA: 0s - loss: 0.2982 - acc: 0.8755
1600/8000 [=====>........................] - ETA: 0s - loss: 0.2931 - acc: 0.8769
2100/8000 [======>.......................] - ETA: 0s - loss: 0.3059 - acc: 0.8695
2600/8000 [========>.....................] - ETA: 0s - loss: 0.2977 - acc: 0.8742
3100/8000 [==========>...................] - ETA: 0s - loss: 0.2957 - acc: 0.8745
3600/8000 [============>.................] - ETA: 0s - loss: 0.2954 - acc: 0.8750
4100/8000 [==============>...............] - ETA: 0s - loss: 0.2876 - acc: 0.8790
4500/8000 [===============>..............] - ETA: 0s - loss: 0.2855 - acc: 0.8800
5000/8000 [=================>............] - ETA: 0s - loss: 0.2904 - acc: 0.8808
5500/8000 [===================>..........] - ETA: 0s - loss: 0.2950 - acc: 0.8780
5900/8000 [=====================>........] - ETA: 0s - loss: 0.2947 - acc: 0.8780
6400/8000 [=======================>......] - ETA: 0s - loss: 0.2965 - acc: 0.8781
6900/8000 [========================>.....] - ETA: 0s - loss: 0.2936 - acc: 0.8796
7400/8000 [==========================>...] - ETA: 0s - loss: 0.2928 - acc: 0.8796
7900/8000 [============================>.] - ETA: 0s - loss: 0.2928 - acc: 0.8786
8000/8000 [==============================] - 1s 128us/step - loss: 0.2937 - acc: 0.8784 - val_loss: 0.3257 - val_acc: 0.8728
Epoch 4/50

 100/8000 [..............................] - ETA: 0s - loss: 0.1288 - acc: 0.9600
 600/8000 [=>............................] - ETA: 0s - loss: 0.2785 - acc: 0.8817
1000/8000 [==>...........................] - ETA: 0s - loss: 0.2570 - acc: 0.8960
1500/8000 [====>.........................] - ETA: 0s - loss: 0.2405 - acc: 0.9047
2000/8000 [======>.......................] - ETA: 0s - loss: 0.2319 - acc: 0.9095
2500/8000 [========>.....................] - ETA: 0s - loss: 0.2338 - acc: 0.9072
3000/8000 [==========>...................] - ETA: 0s - loss: 0.2476 - acc: 0.9010
3500/8000 [============>.................] - ETA: 0s - loss: 0.2471 - acc: 0.9006
4000/8000 [==============>...............] - ETA: 0s - loss: 0.2488 - acc: 0.8992
4500/8000 [===============>..............] - ETA: 0s - loss: 0.2478 - acc: 0.9002
5000/8000 [=================>............] - ETA: 0s - loss: 0.2407 - acc: 0.9028
5500/8000 [===================>..........] - ETA: 0s - loss: 0.2412 - acc: 0.9020
5900/8000 [=====================>........] - ETA: 0s - loss: 0.2404 - acc: 0.9022
6400/8000 [=======================>......] - ETA: 0s - loss: 0.2359 - acc: 0.9045
6900/8000 [========================>.....] - ETA: 0s - loss: 0.2338 - acc: 0.9046
7400/8000 [==========================>...] - ETA: 0s - loss: 0.2352 - acc: 0.9046
7900/8000 [============================>.] - ETA: 0s - loss: 0.2348 - acc: 0.9057
8000/8000 [==============================] - 1s 127us/step - loss: 0.2343 - acc: 0.9060 - val_loss: 0.3648 - val_acc: 0.8584
Epoch 5/50

 100/8000 [..............................] - ETA: 1s - loss: 0.1677 - acc: 0.9500
 600/8000 [=>............................] - ETA: 0s - loss: 0.1806 - acc: 0.9367
1100/8000 [===>..........................] - ETA: 0s - loss: 0.1747 - acc: 0.9355
1500/8000 [====>.........................] - ETA: 0s - loss: 0.1817 - acc: 0.9327
2000/8000 [======>.......................] - ETA: 0s - loss: 0.1772 - acc: 0.9305
2400/8000 [========>.....................] - ETA: 0s - loss: 0.1742 - acc: 0.9300
2900/8000 [=========>....................] - ETA: 0s - loss: 0.1775 - acc: 0.9297
3400/8000 [===========>..................] - ETA: 0s - loss: 0.1763 - acc: 0.9282
3900/8000 [=============>................] - ETA: 0s - loss: 0.1760 - acc: 0.9292
4400/8000 [===============>..............] - ETA: 0s - loss: 0.1800 - acc: 0.9268
4900/8000 [=================>............] - ETA: 0s - loss: 0.1791 - acc: 0.9276
5400/8000 [===================>..........] - ETA: 0s - loss: 0.1793 - acc: 0.9270
5900/8000 [=====================>........] - ETA: 0s - loss: 0.1786 - acc: 0.9273
6400/8000 [=======================>......] - ETA: 0s - loss: 0.1793 - acc: 0.9266
6900/8000 [========================>.....] - ETA: 0s - loss: 0.1796 - acc: 0.9262
7400/8000 [==========================>...] - ETA: 0s - loss: 0.1800 - acc: 0.9265
7900/8000 [============================>.] - ETA: 0s - loss: 0.1803 - acc: 0.9267
8000/8000 [==============================] - 1s 127us/step - loss: 0.1806 - acc: 0.9264 - val_loss: 0.3067 - val_acc: 0.8905
Epoch 6/50

 100/8000 [..............................] - ETA: 1s - loss: 0.1109 - acc: 0.9500
 600/8000 [=>............................] - ETA: 0s - loss: 0.1464 - acc: 0.9450
1000/8000 [==>...........................] - ETA: 0s - loss: 0.1369 - acc: 0.9490
1500/8000 [====>.........................] - ETA: 0s - loss: 0.1307 - acc: 0.9533
2000/8000 [======>.......................] - ETA: 0s - loss: 0.1294 - acc: 0.9525
2400/8000 [========>.....................] - ETA: 0s - loss: 0.1244 - acc: 0.9538
2900/8000 [=========>....................] - ETA: 0s - loss: 0.1266 - acc: 0.9521
3400/8000 [===========>..................] - ETA: 0s - loss: 0.1251 - acc: 0.9518
3900/8000 [=============>................] - ETA: 0s - loss: 0.1289 - acc: 0.9510
4400/8000 [===============>..............] - ETA: 0s - loss: 0.1378 - acc: 0.9489
4900/8000 [=================>............] - ETA: 0s - loss: 0.1388 - acc: 0.9478
5400/8000 [===================>..........] - ETA: 0s - loss: 0.1426 - acc: 0.9463
5900/8000 [=====================>........] - ETA: 0s - loss: 0.1437 - acc: 0.9459
6400/8000 [=======================>......] - ETA: 0s - loss: 0.1440 - acc: 0.9447
6900/8000 [========================>.....] - ETA: 0s - loss: 0.1433 - acc: 0.9449
7400/8000 [==========================>...] - ETA: 0s - loss: 0.1447 - acc: 0.9443
7900/8000 [============================>.] - ETA: 0s - loss: 0.1445 - acc: 0.9442
8000/8000 [==============================] - 1s 127us/step - loss: 0.1448 - acc: 0.9439 - val_loss: 0.3355 - val_acc: 0.8861
Epoch 7/50

 100/8000 [..............................] - ETA: 0s - loss: 0.1007 - acc: 0.9700
 600/8000 [=>............................] - ETA: 0s - loss: 0.1174 - acc: 0.9550
1100/8000 [===>..........................] - ETA: 0s - loss: 0.1240 - acc: 0.9573
1600/8000 [=====>........................] - ETA: 0s - loss: 0.1239 - acc: 0.9550
2100/8000 [======>.......................] - ETA: 0s - loss: 0.1212 - acc: 0.9552
2600/8000 [========>.....................] - ETA: 0s - loss: 0.1283 - acc: 0.9519
3100/8000 [==========>...................] - ETA: 0s - loss: 0.1281 - acc: 0.9535
3600/8000 [============>.................] - ETA: 0s - loss: 0.1233 - acc: 0.9569
4100/8000 [==============>...............] - ETA: 0s - loss: 0.1171 - acc: 0.9595
4600/8000 [================>.............] - ETA: 0s - loss: 0.1174 - acc: 0.9591
5100/8000 [==================>...........] - ETA: 0s - loss: 0.1195 - acc: 0.9578
5600/8000 [====================>.........] - ETA: 0s - loss: 0.1204 - acc: 0.9563
6100/8000 [=====================>........] - ETA: 0s - loss: 0.1194 - acc: 0.9559
6600/8000 [=======================>......] - ETA: 0s - loss: 0.1188 - acc: 0.9564
7100/8000 [=========================>....] - ETA: 0s - loss: 0.1176 - acc: 0.9563
7600/8000 [===========================>..] - ETA: 0s - loss: 0.1208 - acc: 0.9554
8000/8000 [==============================] - 1s 127us/step - loss: 0.1225 - acc: 0.9553 - val_loss: 0.3559 - val_acc: 0.8883
Epoch 8/50

 100/8000 [..............................] - ETA: 0s - loss: 0.1394 - acc: 0.9400
 600/8000 [=>............................] - ETA: 0s - loss: 0.1304 - acc: 0.9500
1000/8000 [==>...........................] - ETA: 0s - loss: 0.1357 - acc: 0.9530
1500/8000 [====>.........................] - ETA: 0s - loss: 0.1269 - acc: 0.9553
2000/8000 [======>.......................] - ETA: 0s - loss: 0.1255 - acc: 0.9540
2500/8000 [========>.....................] - ETA: 0s - loss: 0.1192 - acc: 0.9548
2900/8000 [=========>....................] - ETA: 0s - loss: 0.1151 - acc: 0.9559
3400/8000 [===========>..................] - ETA: 0s - loss: 0.1138 - acc: 0.9565
3900/8000 [=============>................] - ETA: 0s - loss: 0.1148 - acc: 0.9559
4400/8000 [===============>..............] - ETA: 0s - loss: 0.1134 - acc: 0.9564
4900/8000 [=================>............] - ETA: 0s - loss: 0.1124 - acc: 0.9580
5400/8000 [===================>..........] - ETA: 0s - loss: 0.1134 - acc: 0.9574
5900/8000 [=====================>........] - ETA: 0s - loss: 0.1115 - acc: 0.9581
6400/8000 [=======================>......] - ETA: 0s - loss: 0.1103 - acc: 0.9586
6800/8000 [========================>.....] - ETA: 0s - loss: 0.1098 - acc: 0.9579
7300/8000 [==========================>...] - ETA: 0s - loss: 0.1116 - acc: 0.9577
7800/8000 [============================>.] - ETA: 0s - loss: 0.1107 - acc: 0.9581
8000/8000 [==============================] - 1s 128us/step - loss: 0.1107 - acc: 0.9580 - val_loss: 0.3969 - val_acc: 0.8861
Epoch 9/50

 100/8000 [..............................] - ETA: 0s - loss: 0.0601 - acc: 0.9900
 600/8000 [=>............................] - ETA: 0s - loss: 0.1018 - acc: 0.9600
1100/8000 [===>..........................] - ETA: 0s - loss: 0.1187 - acc: 0.9573
1600/8000 [=====>........................] - ETA: 0s - loss: 0.1198 - acc: 0.9556
2100/8000 [======>.......................] - ETA: 0s - loss: 0.1165 - acc: 0.9562
2600/8000 [========>.....................] - ETA: 0s - loss: 0.1080 - acc: 0.9592
3100/8000 [==========>...................] - ETA: 0s - loss: 0.1110 - acc: 0.9587
3600/8000 [============>.................] - ETA: 0s - loss: 0.1117 - acc: 0.9589
4100/8000 [==============>...............] - ETA: 0s - loss: 0.1109 - acc: 0.9590
4600/8000 [================>.............] - ETA: 0s - loss: 0.1102 - acc: 0.9587
5100/8000 [==================>...........] - ETA: 0s - loss: 0.1094 - acc: 0.9594
5500/8000 [===================>..........] - ETA: 0s - loss: 0.1075 - acc: 0.9600
6000/8000 [=====================>........] - ETA: 0s - loss: 0.1061 - acc: 0.9603
6500/8000 [=======================>......] - ETA: 0s - loss: 0.1054 - acc: 0.9602
7000/8000 [=========================>....] - ETA: 0s - loss: 0.1057 - acc: 0.9597
7500/8000 [===========================>..] - ETA: 0s - loss: 0.1049 - acc: 0.9595
8000/8000 [==============================] - 1s 127us/step - loss: 0.1053 - acc: 0.9586 - val_loss: 0.4614 - val_acc: 0.8728
Epoch 10/50

 100/8000 [..............................] - ETA: 1s - loss: 0.0729 - acc: 0.9700
 600/8000 [=>............................] - ETA: 0s - loss: 0.1113 - acc: 0.9550
1100/8000 [===>..........................] - ETA: 0s - loss: 0.0948 - acc: 0.9627
1600/8000 [=====>........................] - ETA: 0s - loss: 0.0947 - acc: 0.9650
2000/8000 [======>.......................] - ETA: 0s - loss: 0.0922 - acc: 0.9680
2500/8000 [========>.....................] - ETA: 0s - loss: 0.0914 - acc: 0.9676
3000/8000 [==========>...................] - ETA: 0s - loss: 0.0864 - acc: 0.9693
3500/8000 [============>.................] - ETA: 0s - loss: 0.0852 - acc: 0.9689
4000/8000 [==============>...............] - ETA: 0s - loss: 0.0852 - acc: 0.9688
4500/8000 [===============>..............] - ETA: 0s - loss: 0.0842 - acc: 0.9689
5000/8000 [=================>............] - ETA: 0s - loss: 0.0859 - acc: 0.9684
5500/8000 [===================>..........] - ETA: 0s - loss: 0.0849 - acc: 0.9689
6000/8000 [=====================>........] - ETA: 0s - loss: 0.0849 - acc: 0.9687
6500/8000 [=======================>......] - ETA: 0s - loss: 0.0872 - acc: 0.9680
7000/8000 [=========================>....] - ETA: 0s - loss: 0.0880 - acc: 0.9674
7500/8000 [===========================>..] - ETA: 0s - loss: 0.0870 - acc: 0.9673
8000/8000 [==============================] - 1s 127us/step - loss: 0.0886 - acc: 0.9665 - val_loss: 0.3696 - val_acc: 0.8960
Epoch 11/50

 100/8000 [..............................] - ETA: 0s - loss: 0.0956 - acc: 0.9400
 600/8000 [=>............................] - ETA: 0s - loss: 0.0953 - acc: 0.9600
1100/8000 [===>..........................] - ETA: 0s - loss: 0.0844 - acc: 0.9664
1600/8000 [=====>........................] - ETA: 0s - loss: 0.0763 - acc: 0.9694
2100/8000 [======>.......................] - ETA: 0s - loss: 0.0713 - acc: 0.9724
2600/8000 [========>.....................] - ETA: 0s - loss: 0.0739 - acc: 0.9712
3100/8000 [==========>...................] - ETA: 0s - loss: 0.0753 - acc: 0.9703
3600/8000 [============>.................] - ETA: 0s - loss: 0.0765 - acc: 0.9689
4000/8000 [==============>...............] - ETA: 0s - loss: 0.0746 - acc: 0.9703
4500/8000 [===============>..............] - ETA: 0s - loss: 0.0789 - acc: 0.9680
5000/8000 [=================>............] - ETA: 0s - loss: 0.0896 - acc: 0.9646
5500/8000 [===================>..........] - ETA: 0s - loss: 0.0949 - acc: 0.9625
6000/8000 [=====================>........] - ETA: 0s - loss: 0.0962 - acc: 0.9617
6500/8000 [=======================>......] - ETA: 0s - loss: 0.0975 - acc: 0.9628
7000/8000 [=========================>....] - ETA: 0s - loss: 0.0980 - acc: 0.9623
7500/8000 [===========================>..] - ETA: 0s - loss: 0.0983 - acc: 0.9619
8000/8000 [==============================] - 1s 128us/step - loss: 0.0997 - acc: 0.9618 - val_loss: 0.3526 - val_acc: 0.8772
Epoch 12/50

 100/8000 [..............................] - ETA: 1s - loss: 0.0843 - acc: 0.9800
 600/8000 [=>............................] - ETA: 0s - loss: 0.0781 - acc: 0.9750
1100/8000 [===>..........................] - ETA: 0s - loss: 0.0672 - acc: 0.9773
1600/8000 [=====>........................] - ETA: 0s - loss: 0.0633 - acc: 0.9756
2100/8000 [======>.......................] - ETA: 0s - loss: 0.0681 - acc: 0.9738
2600/8000 [========>.....................] - ETA: 0s - loss: 0.0662 - acc: 0.9750
3100/8000 [==========>...................] - ETA: 0s - loss: 0.0666 - acc: 0.9755
3600/8000 [============>.................] - ETA: 0s - loss: 0.0667 - acc: 0.9758
4100/8000 [==============>...............] - ETA: 0s - loss: 0.0674 - acc: 0.9751
4600/8000 [================>.............] - ETA: 0s - loss: 0.0692 - acc: 0.9746
5100/8000 [==================>...........] - ETA: 0s - loss: 0.0705 - acc: 0.9735
5600/8000 [====================>.........] - ETA: 0s - loss: 0.0705 - acc: 0.9734
6100/8000 [=====================>........] - ETA: 0s - loss: 0.0708 - acc: 0.9731
6600/8000 [=======================>......] - ETA: 0s - loss: 0.0721 - acc: 0.9727
7100/8000 [=========================>....] - ETA: 0s - loss: 0.0740 - acc: 0.9721
7600/8000 [===========================>..] - ETA: 0s - loss: 0.0754 - acc: 0.9720
8000/8000 [==============================] - 1s 128us/step - loss: 0.0753 - acc: 0.9716 - val_loss: 0.4315 - val_acc: 0.8827
Epoch 13/50

 100/8000 [..............................] - ETA: 0s - loss: 0.0469 - acc: 0.9800
 600/8000 [=>............................] - ETA: 0s - loss: 0.0511 - acc: 0.9783
1100/8000 [===>..........................] - ETA: 0s - loss: 0.0620 - acc: 0.9755
1600/8000 [=====>........................] - ETA: 0s - loss: 0.0721 - acc: 0.9731
2100/8000 [======>.......................] - ETA: 0s - loss: 0.0709 - acc: 0.9729
2600/8000 [========>.....................] - ETA: 0s - loss: 0.0724 - acc: 0.9715
3100/8000 [==========>...................] - ETA: 0s - loss: 0.0744 - acc: 0.9719
3600/8000 [============>.................] - ETA: 0s - loss: 0.0720 - acc: 0.9725
4100/8000 [==============>...............] - ETA: 0s - loss: 0.0699 - acc: 0.9734
4500/8000 [===============>..............] - ETA: 0s - loss: 0.0719 - acc: 0.9724
5000/8000 [=================>............] - ETA: 0s - loss: 0.0724 - acc: 0.9724
5500/8000 [===================>..........] - ETA: 0s - loss: 0.0749 - acc: 0.9727
6000/8000 [=====================>........] - ETA: 0s - loss: 0.0753 - acc: 0.9718
6500/8000 [=======================>......] - ETA: 0s - loss: 0.0745 - acc: 0.9718
7000/8000 [=========================>....] - ETA: 0s - loss: 0.0745 - acc: 0.9713
7500/8000 [===========================>..] - ETA: 0s - loss: 0.0753 - acc: 0.9704
8000/8000 [==============================] - 1s 127us/step - loss: 0.0760 - acc: 0.9703 - val_loss: 0.4294 - val_acc: 0.8960
Epoch 14/50

 100/8000 [..............................] - ETA: 1s - loss: 0.0703 - acc: 0.9600
 600/8000 [=>............................] - ETA: 0s - loss: 0.0615 - acc: 0.9750
1100/8000 [===>..........................] - ETA: 0s - loss: 0.0573 - acc: 0.9736
1600/8000 [=====>........................] - ETA: 0s - loss: 0.0593 - acc: 0.9731
2000/8000 [======>.......................] - ETA: 0s - loss: 0.0575 - acc: 0.9735
2500/8000 [========>.....................] - ETA: 0s - loss: 0.0587 - acc: 0.9732
3000/8000 [==========>...................] - ETA: 0s - loss: 0.0617 - acc: 0.9727
3500/8000 [============>.................] - ETA: 0s - loss: 0.0620 - acc: 0.9726
4000/8000 [==============>...............] - ETA: 0s - loss: 0.0651 - acc: 0.9718
4500/8000 [===============>..............] - ETA: 0s - loss: 0.0683 - acc: 0.9704
5000/8000 [=================>............] - ETA: 0s - loss: 0.0683 - acc: 0.9710
5500/8000 [===================>..........] - ETA: 0s - loss: 0.0684 - acc: 0.9711
6000/8000 [=====================>........] - ETA: 0s - loss: 0.0703 - acc: 0.9705
6500/8000 [=======================>......] - ETA: 0s - loss: 0.0703 - acc: 0.9708
7000/8000 [=========================>....] - ETA: 0s - loss: 0.0691 - acc: 0.9711
7400/8000 [==========================>...] - ETA: 0s - loss: 0.0694 - acc: 0.9711
7900/8000 [============================>.] - ETA: 0s - loss: 0.0690 - acc: 0.9713
8000/8000 [==============================] - 1s 127us/step - loss: 0.0686 - acc: 0.9715 - val_loss: 0.5011 - val_acc: 0.8850
Epoch 15/50

 100/8000 [..............................] - ETA: 1s - loss: 0.0104 - acc: 1.0000
 600/8000 [=>............................] - ETA: 0s - loss: 0.0499 - acc: 0.9800
1100/8000 [===>..........................] - ETA: 0s - loss: 0.0494 - acc: 0.9791
1600/8000 [=====>........................] - ETA: 0s - loss: 0.0590 - acc: 0.9731
2100/8000 [======>.......................] - ETA: 0s - loss: 0.0586 - acc: 0.9748
2600/8000 [========>.....................] - ETA: 0s - loss: 0.0586 - acc: 0.9754
3100/8000 [==========>...................] - ETA: 0s - loss: 0.0606 - acc: 0.9742
3600/8000 [============>.................] - ETA: 0s - loss: 0.0631 - acc: 0.9731
4100/8000 [==============>...............] - ETA: 0s - loss: 0.0651 - acc: 0.9722
4600/8000 [================>.............] - ETA: 0s - loss: 0.0694 - acc: 0.9700
5000/8000 [=================>............] - ETA: 0s - loss: 0.0704 - acc: 0.9698
5500/8000 [===================>..........] - ETA: 0s - loss: 0.0711 - acc: 0.9691
6000/8000 [=====================>........] - ETA: 0s - loss: 0.0703 - acc: 0.9695
6500/8000 [=======================>......] - ETA: 0s - loss: 0.0696 - acc: 0.9697
7000/8000 [=========================>....] - ETA: 0s - loss: 0.0707 - acc: 0.9693
7500/8000 [===========================>..] - ETA: 0s - loss: 0.0692 - acc: 0.9697
8000/8000 [==============================] - 1s 128us/step - loss: 0.0685 - acc: 0.9701 - val_loss: 0.5281 - val_acc: 0.8805
Epoch 00015: early stopping
mal2d01_c # of params 3499009
              precision    recall  f1-score   support

           0     0.9331    0.9636    0.9481      2721
           1     0.9838    0.9696    0.9766      6183

    accuracy                         0.9678      8904
   macro avg     0.9584    0.9666    0.9624      8904
weighted avg     0.9683    0.9678    0.9679      8904

0.9930422374826162
mal2d01_c # of params 3499009
839
mal2d01_c -4103 -103
mal2d01_c 0.6224696356275303 0.8772348033373063
theshold [0.9999864] [0.9929502]
              precision    recall  f1-score   support

           0     0.1521    0.8772    0.2592       839
           1     0.9850    0.6225    0.7629     10868

    accuracy                         0.6407     11707
   macro avg     0.5686    0.7499    0.5111     11707
weighted avg     0.9253    0.6407    0.7268     11707

0.847605385330434
