2019-08-04 16:28:14.161794: I tensorflow/core/platform/cpu_feature_guard.cc:141] Your CPU supports instructions that this TensorFlow binary was not compiled to use: AVX2 FMA
2019-08-04 16:28:14.183755: I tensorflow/core/platform/profile_utils/cpu_utils.cc:94] CPU Frequency: 3399655000 Hz
2019-08-04 16:28:14.184230: I tensorflow/compiler/xla/service/service.cc:150] XLA service 0x201c5b0 executing computations on platform Host. Devices:
2019-08-04 16:28:14.184246: I tensorflow/compiler/xla/service/service.cc:158]   StreamExecutor device (0): <undefined>, <undefined>
2019-08-04 16:28:14.305584: I tensorflow/stream_executor/cuda/cuda_gpu_executor.cc:998] successful NUMA node read from SysFS had negative value (-1), but there must be at least one NUMA node, so returning NUMA node zero
2019-08-04 16:28:14.306877: I tensorflow/compiler/xla/service/service.cc:150] XLA service 0x1ff35c0 executing computations on platform CUDA. Devices:
2019-08-04 16:28:14.306892: I tensorflow/compiler/xla/service/service.cc:158]   StreamExecutor device (0): TITAN RTX, Compute Capability 7.5
2019-08-04 16:28:14.307006: I tensorflow/core/common_runtime/gpu/gpu_device.cc:1433] Found device 0 with properties: 
name: TITAN RTX major: 7 minor: 5 memoryClockRate(GHz): 1.77
pciBusID: 0000:2e:00.0
totalMemory: 23.62GiB freeMemory: 23.31GiB
2019-08-04 16:28:14.307018: I tensorflow/core/common_runtime/gpu/gpu_device.cc:1512] Adding visible gpu devices: 0
2019-08-04 16:28:14.308526: I tensorflow/core/common_runtime/gpu/gpu_device.cc:984] Device interconnect StreamExecutor with strength 1 edge matrix:
2019-08-04 16:28:14.308538: I tensorflow/core/common_runtime/gpu/gpu_device.cc:990]      0 
2019-08-04 16:28:14.308543: I tensorflow/core/common_runtime/gpu/gpu_device.cc:1003] 0:   N 
2019-08-04 16:28:14.308622: I tensorflow/core/common_runtime/gpu/gpu_device.cc:1115] Created TensorFlow device (/job:localhost/replica:0/task:0/device:GPU:0 with 22680 MB memory) -> physical GPU (device: 0, name: TITAN RTX, pci bus id: 0000:2e:00.0, compute capability: 7.5)
Using TensorFlow backend.
WARNING:tensorflow:From /home/minkcho/tf13/lib/python3.7/site-packages/tensorflow/python/framework/op_def_library.py:263: colocate_with (from tensorflow.python.framework.ops) is deprecated and will be removed in a future version.
Instructions for updating:
Colocations handled automatically by placer.
WARNING:tensorflow:From /home/minkcho/tf13/lib/python3.7/site-packages/tensorflow/python/ops/math_ops.py:3066: to_int32 (from tensorflow.python.ops.math_ops) is deprecated and will be removed in a future version.
Instructions for updating:
Use tf.cast instead.
WARNING:tensorflow:From /home/minkcho/tf13/lib/python3.7/site-packages/tensorflow/python/ops/math_grad.py:102: div (from tensorflow.python.ops.math_ops) is deprecated and will be removed in a future version.
Instructions for updating:
Deprecated in favor of operator or tf.math.divide.
2019-08-04 16:28:15.309201: I tensorflow/stream_executor/dso_loader.cc:152] successfully opened CUDA library libcublas.so.10.0 locally
['x_train', 'y_train', 'x_valid', 'y_valid']
5553
630
(8000, 64, 64, 1)
(904, 64, 64, 1)
Train on 8000 samples, validate on 904 samples
Epoch 1/50

 100/8000 [..............................] - ETA: 2:29 - loss: 0.7108 - acc: 0.3500
 500/8000 [>.............................] - ETA: 29s - loss: 0.6655 - acc: 0.6200 
 900/8000 [==>...........................] - ETA: 15s - loss: 0.6438 - acc: 0.6633
1400/8000 [====>.........................] - ETA: 9s - loss: 0.6331 - acc: 0.6814 
1900/8000 [======>.......................] - ETA: 6s - loss: 0.6223 - acc: 0.6821
2400/8000 [========>.....................] - ETA: 5s - loss: 0.6142 - acc: 0.6846
2900/8000 [=========>....................] - ETA: 3s - loss: 0.6088 - acc: 0.6786
3400/8000 [===========>..................] - ETA: 3s - loss: 0.5988 - acc: 0.6815
3900/8000 [=============>................] - ETA: 2s - loss: 0.6007 - acc: 0.6797
4400/8000 [===============>..............] - ETA: 1s - loss: 0.5990 - acc: 0.6830
4900/8000 [=================>............] - ETA: 1s - loss: 0.5969 - acc: 0.6831
5400/8000 [===================>..........] - ETA: 1s - loss: 0.5926 - acc: 0.6815
5900/8000 [=====================>........] - ETA: 0s - loss: 0.5893 - acc: 0.6846
6400/8000 [=======================>......] - ETA: 0s - loss: 0.5859 - acc: 0.6859
6900/8000 [========================>.....] - ETA: 0s - loss: 0.5770 - acc: 0.6926
7400/8000 [==========================>...] - ETA: 0s - loss: 0.5714 - acc: 0.6964
7900/8000 [============================>.] - ETA: 0s - loss: 0.5637 - acc: 0.7023
8000/8000 [==============================] - 3s 367us/step - loss: 0.5615 - acc: 0.7031 - val_loss: 0.4980 - val_acc: 0.7898
Epoch 2/50

 100/8000 [..............................] - ETA: 1s - loss: 0.4524 - acc: 0.7500
 600/8000 [=>............................] - ETA: 0s - loss: 0.4401 - acc: 0.8000
1100/8000 [===>..........................] - ETA: 0s - loss: 0.4305 - acc: 0.8027
1600/8000 [=====>........................] - ETA: 0s - loss: 0.4249 - acc: 0.8012
2100/8000 [======>.......................] - ETA: 0s - loss: 0.4191 - acc: 0.8095
2600/8000 [========>.....................] - ETA: 0s - loss: 0.4106 - acc: 0.8142
3100/8000 [==========>...................] - ETA: 0s - loss: 0.4102 - acc: 0.8139
3600/8000 [============>.................] - ETA: 0s - loss: 0.4044 - acc: 0.8183
4100/8000 [==============>...............] - ETA: 0s - loss: 0.4017 - acc: 0.8202
4600/8000 [================>.............] - ETA: 0s - loss: 0.3987 - acc: 0.8228
5100/8000 [==================>...........] - ETA: 0s - loss: 0.3945 - acc: 0.8255
5600/8000 [====================>.........] - ETA: 0s - loss: 0.3894 - acc: 0.8268
6100/8000 [=====================>........] - ETA: 0s - loss: 0.3940 - acc: 0.8252
6600/8000 [=======================>......] - ETA: 0s - loss: 0.3921 - acc: 0.8261
7100/8000 [=========================>....] - ETA: 0s - loss: 0.3897 - acc: 0.8272
7600/8000 [===========================>..] - ETA: 0s - loss: 0.3866 - acc: 0.8293
8000/8000 [==============================] - 1s 125us/step - loss: 0.3848 - acc: 0.8311 - val_loss: 0.3783 - val_acc: 0.8374
Epoch 3/50

 100/8000 [..............................] - ETA: 0s - loss: 0.2602 - acc: 0.9000
 600/8000 [=>............................] - ETA: 0s - loss: 0.3001 - acc: 0.8750
1100/8000 [===>..........................] - ETA: 0s - loss: 0.2969 - acc: 0.8736
1600/8000 [=====>........................] - ETA: 0s - loss: 0.2966 - acc: 0.8725
2100/8000 [======>.......................] - ETA: 0s - loss: 0.3128 - acc: 0.8629
2600/8000 [========>.....................] - ETA: 0s - loss: 0.3062 - acc: 0.8665
3100/8000 [==========>...................] - ETA: 0s - loss: 0.3025 - acc: 0.8703
3600/8000 [============>.................] - ETA: 0s - loss: 0.3035 - acc: 0.8708
4100/8000 [==============>...............] - ETA: 0s - loss: 0.2946 - acc: 0.8763
4600/8000 [================>.............] - ETA: 0s - loss: 0.2970 - acc: 0.8767
5100/8000 [==================>...........] - ETA: 0s - loss: 0.2962 - acc: 0.8761
5600/8000 [====================>.........] - ETA: 0s - loss: 0.2982 - acc: 0.8757
6100/8000 [=====================>........] - ETA: 0s - loss: 0.2961 - acc: 0.8782
6600/8000 [=======================>......] - ETA: 0s - loss: 0.2954 - acc: 0.8789
7100/8000 [=========================>....] - ETA: 0s - loss: 0.2944 - acc: 0.8785
7600/8000 [===========================>..] - ETA: 0s - loss: 0.2952 - acc: 0.8780
8000/8000 [==============================] - 1s 124us/step - loss: 0.2955 - acc: 0.8780 - val_loss: 0.3241 - val_acc: 0.8783
Epoch 4/50

 100/8000 [..............................] - ETA: 1s - loss: 0.1471 - acc: 0.9700
 600/8000 [=>............................] - ETA: 0s - loss: 0.2528 - acc: 0.8933
1100/8000 [===>..........................] - ETA: 0s - loss: 0.2244 - acc: 0.9164
1600/8000 [=====>........................] - ETA: 0s - loss: 0.2288 - acc: 0.9150
2100/8000 [======>.......................] - ETA: 0s - loss: 0.2208 - acc: 0.9190
2600/8000 [========>.....................] - ETA: 0s - loss: 0.2207 - acc: 0.9192
3100/8000 [==========>...................] - ETA: 0s - loss: 0.2300 - acc: 0.9132
3600/8000 [============>.................] - ETA: 0s - loss: 0.2332 - acc: 0.9117
4100/8000 [==============>...............] - ETA: 0s - loss: 0.2348 - acc: 0.9088
4600/8000 [================>.............] - ETA: 0s - loss: 0.2312 - acc: 0.9100
5100/8000 [==================>...........] - ETA: 0s - loss: 0.2317 - acc: 0.9102
5600/8000 [====================>.........] - ETA: 0s - loss: 0.2339 - acc: 0.9095
6100/8000 [=====================>........] - ETA: 0s - loss: 0.2319 - acc: 0.9097
6600/8000 [=======================>......] - ETA: 0s - loss: 0.2328 - acc: 0.9091
7100/8000 [=========================>....] - ETA: 0s - loss: 0.2311 - acc: 0.9094
7600/8000 [===========================>..] - ETA: 0s - loss: 0.2342 - acc: 0.9088
8000/8000 [==============================] - 1s 125us/step - loss: 0.2334 - acc: 0.9086 - val_loss: 0.3664 - val_acc: 0.8573
Epoch 5/50

 100/8000 [..............................] - ETA: 0s - loss: 0.1809 - acc: 0.9400
 600/8000 [=>............................] - ETA: 0s - loss: 0.1775 - acc: 0.9400
1100/8000 [===>..........................] - ETA: 0s - loss: 0.1846 - acc: 0.9345
1600/8000 [=====>........................] - ETA: 0s - loss: 0.1954 - acc: 0.9331
2100/8000 [======>.......................] - ETA: 0s - loss: 0.1951 - acc: 0.9314
2600/8000 [========>.....................] - ETA: 0s - loss: 0.1890 - acc: 0.9319
3100/8000 [==========>...................] - ETA: 0s - loss: 0.1893 - acc: 0.9326
3600/8000 [============>.................] - ETA: 0s - loss: 0.1905 - acc: 0.9300
4100/8000 [==============>...............] - ETA: 0s - loss: 0.1911 - acc: 0.9298
4600/8000 [================>.............] - ETA: 0s - loss: 0.1947 - acc: 0.9274
5100/8000 [==================>...........] - ETA: 0s - loss: 0.1947 - acc: 0.9257
5600/8000 [====================>.........] - ETA: 0s - loss: 0.1963 - acc: 0.9248
6100/8000 [=====================>........] - ETA: 0s - loss: 0.1949 - acc: 0.9249
6600/8000 [=======================>......] - ETA: 0s - loss: 0.1943 - acc: 0.9248
7100/8000 [=========================>....] - ETA: 0s - loss: 0.1938 - acc: 0.9255
7600/8000 [===========================>..] - ETA: 0s - loss: 0.1938 - acc: 0.9249
8000/8000 [==============================] - 1s 125us/step - loss: 0.1934 - acc: 0.9244 - val_loss: 0.3101 - val_acc: 0.8872
Epoch 6/50

 100/8000 [..............................] - ETA: 1s - loss: 0.1223 - acc: 0.9600
 600/8000 [=>............................] - ETA: 0s - loss: 0.1429 - acc: 0.9450
1100/8000 [===>..........................] - ETA: 0s - loss: 0.1469 - acc: 0.9427
1600/8000 [=====>........................] - ETA: 0s - loss: 0.1298 - acc: 0.9500
2100/8000 [======>.......................] - ETA: 0s - loss: 0.1324 - acc: 0.9486
2600/8000 [========>.....................] - ETA: 0s - loss: 0.1321 - acc: 0.9504
3100/8000 [==========>...................] - ETA: 0s - loss: 0.1285 - acc: 0.9526
3600/8000 [============>.................] - ETA: 0s - loss: 0.1297 - acc: 0.9511
4100/8000 [==============>...............] - ETA: 0s - loss: 0.1376 - acc: 0.9488
4600/8000 [================>.............] - ETA: 0s - loss: 0.1422 - acc: 0.9470
5100/8000 [==================>...........] - ETA: 0s - loss: 0.1455 - acc: 0.9467
5600/8000 [====================>.........] - ETA: 0s - loss: 0.1475 - acc: 0.9461
6100/8000 [=====================>........] - ETA: 0s - loss: 0.1488 - acc: 0.9456
6600/8000 [=======================>......] - ETA: 0s - loss: 0.1493 - acc: 0.9448
7100/8000 [=========================>....] - ETA: 0s - loss: 0.1484 - acc: 0.9451
7600/8000 [===========================>..] - ETA: 0s - loss: 0.1498 - acc: 0.9446
8000/8000 [==============================] - 1s 125us/step - loss: 0.1497 - acc: 0.9443 - val_loss: 0.3383 - val_acc: 0.8750
Epoch 7/50

 100/8000 [..............................] - ETA: 0s - loss: 0.1686 - acc: 0.9400
 600/8000 [=>............................] - ETA: 0s - loss: 0.1394 - acc: 0.9467
1100/8000 [===>..........................] - ETA: 0s - loss: 0.1257 - acc: 0.9536
1600/8000 [=====>........................] - ETA: 0s - loss: 0.1229 - acc: 0.9550
2100/8000 [======>.......................] - ETA: 0s - loss: 0.1127 - acc: 0.9581
2600/8000 [========>.....................] - ETA: 0s - loss: 0.1169 - acc: 0.9554
3100/8000 [==========>...................] - ETA: 0s - loss: 0.1158 - acc: 0.9548
3600/8000 [============>.................] - ETA: 0s - loss: 0.1135 - acc: 0.9558
4100/8000 [==============>...............] - ETA: 0s - loss: 0.1140 - acc: 0.9559
4600/8000 [================>.............] - ETA: 0s - loss: 0.1146 - acc: 0.9554
5100/8000 [==================>...........] - ETA: 0s - loss: 0.1150 - acc: 0.9547
5600/8000 [====================>.........] - ETA: 0s - loss: 0.1154 - acc: 0.9550
6100/8000 [=====================>........] - ETA: 0s - loss: 0.1137 - acc: 0.9554
6600/8000 [=======================>......] - ETA: 0s - loss: 0.1149 - acc: 0.9552
7100/8000 [=========================>....] - ETA: 0s - loss: 0.1148 - acc: 0.9555
7600/8000 [===========================>..] - ETA: 0s - loss: 0.1156 - acc: 0.9554
8000/8000 [==============================] - 1s 126us/step - loss: 0.1193 - acc: 0.9540 - val_loss: 0.3378 - val_acc: 0.8827
Epoch 8/50

 100/8000 [..............................] - ETA: 0s - loss: 0.0815 - acc: 0.9800
 600/8000 [=>............................] - ETA: 0s - loss: 0.0957 - acc: 0.9683
1100/8000 [===>..........................] - ETA: 0s - loss: 0.1135 - acc: 0.9600
1600/8000 [=====>........................] - ETA: 0s - loss: 0.1167 - acc: 0.9575
2100/8000 [======>.......................] - ETA: 0s - loss: 0.1183 - acc: 0.9552
2600/8000 [========>.....................] - ETA: 0s - loss: 0.1143 - acc: 0.9542
3100/8000 [==========>...................] - ETA: 0s - loss: 0.1153 - acc: 0.9539
3600/8000 [============>.................] - ETA: 0s - loss: 0.1139 - acc: 0.9544
4100/8000 [==============>...............] - ETA: 0s - loss: 0.1143 - acc: 0.9541
4600/8000 [================>.............] - ETA: 0s - loss: 0.1151 - acc: 0.9537
5100/8000 [==================>...........] - ETA: 0s - loss: 0.1167 - acc: 0.9537
5600/8000 [====================>.........] - ETA: 0s - loss: 0.1182 - acc: 0.9529
6100/8000 [=====================>........] - ETA: 0s - loss: 0.1192 - acc: 0.9531
6600/8000 [=======================>......] - ETA: 0s - loss: 0.1188 - acc: 0.9533
7100/8000 [=========================>....] - ETA: 0s - loss: 0.1186 - acc: 0.9534
7600/8000 [===========================>..] - ETA: 0s - loss: 0.1189 - acc: 0.9532
8000/8000 [==============================] - 1s 125us/step - loss: 0.1200 - acc: 0.9529 - val_loss: 0.3498 - val_acc: 0.8827
Epoch 9/50

 100/8000 [..............................] - ETA: 1s - loss: 0.1041 - acc: 0.9700
 600/8000 [=>............................] - ETA: 0s - loss: 0.0974 - acc: 0.9650
1100/8000 [===>..........................] - ETA: 0s - loss: 0.1087 - acc: 0.9636
1600/8000 [=====>........................] - ETA: 0s - loss: 0.1151 - acc: 0.9594
2100/8000 [======>.......................] - ETA: 0s - loss: 0.1125 - acc: 0.9590
2600/8000 [========>.....................] - ETA: 0s - loss: 0.1059 - acc: 0.9608
3100/8000 [==========>...................] - ETA: 0s - loss: 0.1038 - acc: 0.9610
3600/8000 [============>.................] - ETA: 0s - loss: 0.1047 - acc: 0.9603
4100/8000 [==============>...............] - ETA: 0s - loss: 0.1030 - acc: 0.9615
4600/8000 [================>.............] - ETA: 0s - loss: 0.1020 - acc: 0.9615
5100/8000 [==================>...........] - ETA: 0s - loss: 0.1010 - acc: 0.9616
5600/8000 [====================>.........] - ETA: 0s - loss: 0.0994 - acc: 0.9620
6100/8000 [=====================>........] - ETA: 0s - loss: 0.0984 - acc: 0.9618
6600/8000 [=======================>......] - ETA: 0s - loss: 0.0990 - acc: 0.9615
7100/8000 [=========================>....] - ETA: 0s - loss: 0.0998 - acc: 0.9607
7600/8000 [===========================>..] - ETA: 0s - loss: 0.1018 - acc: 0.9600
8000/8000 [==============================] - 1s 124us/step - loss: 0.1038 - acc: 0.9591 - val_loss: 0.3718 - val_acc: 0.8816
Epoch 10/50

 100/8000 [..............................] - ETA: 0s - loss: 0.0782 - acc: 0.9500
 600/8000 [=>............................] - ETA: 0s - loss: 0.0950 - acc: 0.9583
1100/8000 [===>..........................] - ETA: 0s - loss: 0.0757 - acc: 0.9691
1600/8000 [=====>........................] - ETA: 0s - loss: 0.0784 - acc: 0.9706
2100/8000 [======>.......................] - ETA: 0s - loss: 0.0805 - acc: 0.9695
2600/8000 [========>.....................] - ETA: 0s - loss: 0.0814 - acc: 0.9681
3100/8000 [==========>...................] - ETA: 0s - loss: 0.0821 - acc: 0.9687
3600/8000 [============>.................] - ETA: 0s - loss: 0.0842 - acc: 0.9683
4100/8000 [==============>...............] - ETA: 0s - loss: 0.0837 - acc: 0.9685
4600/8000 [================>.............] - ETA: 0s - loss: 0.0823 - acc: 0.9689
5100/8000 [==================>...........] - ETA: 0s - loss: 0.0844 - acc: 0.9669
5600/8000 [====================>.........] - ETA: 0s - loss: 0.0840 - acc: 0.9673
6100/8000 [=====================>........] - ETA: 0s - loss: 0.0855 - acc: 0.9664
6600/8000 [=======================>......] - ETA: 0s - loss: 0.0869 - acc: 0.9655
7100/8000 [=========================>....] - ETA: 0s - loss: 0.0873 - acc: 0.9651
7600/8000 [===========================>..] - ETA: 0s - loss: 0.0883 - acc: 0.9645
8000/8000 [==============================] - 1s 125us/step - loss: 0.0889 - acc: 0.9643 - val_loss: 0.4000 - val_acc: 0.8905
Epoch 11/50

 100/8000 [..............................] - ETA: 0s - loss: 0.0943 - acc: 0.9700
 600/8000 [=>............................] - ETA: 0s - loss: 0.0862 - acc: 0.9650
1100/8000 [===>..........................] - ETA: 0s - loss: 0.0835 - acc: 0.9682
1600/8000 [=====>........................] - ETA: 0s - loss: 0.0720 - acc: 0.9713
2100/8000 [======>.......................] - ETA: 0s - loss: 0.0722 - acc: 0.9719
2600/8000 [========>.....................] - ETA: 0s - loss: 0.0711 - acc: 0.9719
3100/8000 [==========>...................] - ETA: 0s - loss: 0.0708 - acc: 0.9729
3600/8000 [============>.................] - ETA: 0s - loss: 0.0737 - acc: 0.9708
4100/8000 [==============>...............] - ETA: 0s - loss: 0.0725 - acc: 0.9720
4600/8000 [================>.............] - ETA: 0s - loss: 0.0762 - acc: 0.9713
5100/8000 [==================>...........] - ETA: 0s - loss: 0.0818 - acc: 0.9684
5600/8000 [====================>.........] - ETA: 0s - loss: 0.0837 - acc: 0.9682
6100/8000 [=====================>........] - ETA: 0s - loss: 0.0841 - acc: 0.9679
6600/8000 [=======================>......] - ETA: 0s - loss: 0.0851 - acc: 0.9671
7100/8000 [=========================>....] - ETA: 0s - loss: 0.0853 - acc: 0.9668
7600/8000 [===========================>..] - ETA: 0s - loss: 0.0873 - acc: 0.9664
8000/8000 [==============================] - 1s 125us/step - loss: 0.0874 - acc: 0.9665 - val_loss: 0.4068 - val_acc: 0.8872
Epoch 12/50

 100/8000 [..............................] - ETA: 0s - loss: 0.0737 - acc: 0.9700
 600/8000 [=>............................] - ETA: 0s - loss: 0.0828 - acc: 0.9683
1100/8000 [===>..........................] - ETA: 0s - loss: 0.0786 - acc: 0.9691
1600/8000 [=====>........................] - ETA: 0s - loss: 0.0690 - acc: 0.9713
2100/8000 [======>.......................] - ETA: 0s - loss: 0.0727 - acc: 0.9695
2600/8000 [========>.....................] - ETA: 0s - loss: 0.0712 - acc: 0.9723
3100/8000 [==========>...................] - ETA: 0s - loss: 0.0723 - acc: 0.9719
3600/8000 [============>.................] - ETA: 0s - loss: 0.0771 - acc: 0.9697
4100/8000 [==============>...............] - ETA: 0s - loss: 0.0762 - acc: 0.9700
4600/8000 [================>.............] - ETA: 0s - loss: 0.0779 - acc: 0.9698
5100/8000 [==================>...........] - ETA: 0s - loss: 0.0799 - acc: 0.9686
5600/8000 [====================>.........] - ETA: 0s - loss: 0.0795 - acc: 0.9691
6100/8000 [=====================>........] - ETA: 0s - loss: 0.0794 - acc: 0.9693
6600/8000 [=======================>......] - ETA: 0s - loss: 0.0782 - acc: 0.9703
7100/8000 [=========================>....] - ETA: 0s - loss: 0.0786 - acc: 0.9704
7600/8000 [===========================>..] - ETA: 0s - loss: 0.0786 - acc: 0.9709
8000/8000 [==============================] - 1s 125us/step - loss: 0.0795 - acc: 0.9706 - val_loss: 0.3783 - val_acc: 0.8949
Epoch 13/50

 100/8000 [..............................] - ETA: 0s - loss: 0.0416 - acc: 0.9900
 600/8000 [=>............................] - ETA: 0s - loss: 0.0440 - acc: 0.9833
1100/8000 [===>..........................] - ETA: 0s - loss: 0.0538 - acc: 0.9773
1600/8000 [=====>........................] - ETA: 0s - loss: 0.0620 - acc: 0.9756
2100/8000 [======>.......................] - ETA: 0s - loss: 0.0596 - acc: 0.9762
2600/8000 [========>.....................] - ETA: 0s - loss: 0.0637 - acc: 0.9762
3100/8000 [==========>...................] - ETA: 0s - loss: 0.0698 - acc: 0.9735
3600/8000 [============>.................] - ETA: 0s - loss: 0.0671 - acc: 0.9750
4100/8000 [==============>...............] - ETA: 0s - loss: 0.0643 - acc: 0.9768
4600/8000 [================>.............] - ETA: 0s - loss: 0.0685 - acc: 0.9754
5100/8000 [==================>...........] - ETA: 0s - loss: 0.0683 - acc: 0.9755
5600/8000 [====================>.........] - ETA: 0s - loss: 0.0685 - acc: 0.9763
6100/8000 [=====================>........] - ETA: 0s - loss: 0.0684 - acc: 0.9757
6600/8000 [=======================>......] - ETA: 0s - loss: 0.0685 - acc: 0.9745
7100/8000 [=========================>....] - ETA: 0s - loss: 0.0684 - acc: 0.9745
7600/8000 [===========================>..] - ETA: 0s - loss: 0.0692 - acc: 0.9733
8000/8000 [==============================] - 1s 125us/step - loss: 0.0686 - acc: 0.9736 - val_loss: 0.4826 - val_acc: 0.8783
Epoch 14/50

 100/8000 [..............................] - ETA: 0s - loss: 0.0727 - acc: 0.9700
 600/8000 [=>............................] - ETA: 0s - loss: 0.0565 - acc: 0.9783
1100/8000 [===>..........................] - ETA: 0s - loss: 0.0549 - acc: 0.9800
1600/8000 [=====>........................] - ETA: 0s - loss: 0.0547 - acc: 0.9794
2100/8000 [======>.......................] - ETA: 0s - loss: 0.0538 - acc: 0.9786
2600/8000 [========>.....................] - ETA: 0s - loss: 0.0610 - acc: 0.9765
3100/8000 [==========>...................] - ETA: 0s - loss: 0.0581 - acc: 0.9774
3600/8000 [============>.................] - ETA: 0s - loss: 0.0598 - acc: 0.9756
4100/8000 [==============>...............] - ETA: 0s - loss: 0.0608 - acc: 0.9744
4600/8000 [================>.............] - ETA: 0s - loss: 0.0626 - acc: 0.9739
5100/8000 [==================>...........] - ETA: 0s - loss: 0.0604 - acc: 0.9753
5600/8000 [====================>.........] - ETA: 0s - loss: 0.0638 - acc: 0.9745
6100/8000 [=====================>........] - ETA: 0s - loss: 0.0634 - acc: 0.9749
6600/8000 [=======================>......] - ETA: 0s - loss: 0.0635 - acc: 0.9745
7100/8000 [=========================>....] - ETA: 0s - loss: 0.0625 - acc: 0.9744
7600/8000 [===========================>..] - ETA: 0s - loss: 0.0638 - acc: 0.9738
8000/8000 [==============================] - 1s 124us/step - loss: 0.0619 - acc: 0.9746 - val_loss: 0.5810 - val_acc: 0.8872
Epoch 15/50

 100/8000 [..............................] - ETA: 0s - loss: 0.0105 - acc: 1.0000
 600/8000 [=>............................] - ETA: 0s - loss: 0.0582 - acc: 0.9783
1100/8000 [===>..........................] - ETA: 0s - loss: 0.0669 - acc: 0.9755
1600/8000 [=====>........................] - ETA: 0s - loss: 0.0629 - acc: 0.9744
2100/8000 [======>.......................] - ETA: 0s - loss: 0.0613 - acc: 0.9748
2600/8000 [========>.....................] - ETA: 0s - loss: 0.0584 - acc: 0.9762
3100/8000 [==========>...................] - ETA: 0s - loss: 0.0589 - acc: 0.9755
3600/8000 [============>.................] - ETA: 0s - loss: 0.0610 - acc: 0.9747
4100/8000 [==============>...............] - ETA: 0s - loss: 0.0604 - acc: 0.9741
4600/8000 [================>.............] - ETA: 0s - loss: 0.0604 - acc: 0.9741
5100/8000 [==================>...........] - ETA: 0s - loss: 0.0600 - acc: 0.9741
5600/8000 [====================>.........] - ETA: 0s - loss: 0.0584 - acc: 0.9748
6100/8000 [=====================>........] - ETA: 0s - loss: 0.0603 - acc: 0.9746
6600/8000 [=======================>......] - ETA: 0s - loss: 0.0587 - acc: 0.9755
7100/8000 [=========================>....] - ETA: 0s - loss: 0.0595 - acc: 0.9748
7600/8000 [===========================>..] - ETA: 0s - loss: 0.0584 - acc: 0.9754
8000/8000 [==============================] - 1s 124us/step - loss: 0.0583 - acc: 0.9754 - val_loss: 0.4620 - val_acc: 0.8916
Epoch 00015: early stopping
mal2d01_c # of params 3499009
              precision    recall  f1-score   support

           0     0.9382    0.9603    0.9491      2721
           1     0.9824    0.9722    0.9772      6183

    accuracy                         0.9686      8904
   macro avg     0.9603    0.9662    0.9632      8904
weighted avg     0.9689    0.9686    0.9687      8904

0.994218983029127
mal2d01_c # of params 3499009
839
mal2d01_c -2004 -89
mal2d01_c 0.8156054471843945 0.8939213349225268
theshold [0.9993901] [0.19361234]
              precision    recall  f1-score   support

           0     0.2723    0.8939    0.4175       839
           1     0.9901    0.8156    0.8944     10868

    accuracy                         0.8212     11707
   macro avg     0.6312    0.8548    0.6559     11707
weighted avg     0.9386    0.8212    0.8602     11707

0.9202293378160639
