2019-08-04 16:31:48.909756: I tensorflow/core/platform/cpu_feature_guard.cc:141] Your CPU supports instructions that this TensorFlow binary was not compiled to use: AVX2 FMA
2019-08-04 16:31:48.931667: I tensorflow/core/platform/profile_utils/cpu_utils.cc:94] CPU Frequency: 3399655000 Hz
2019-08-04 16:31:48.932103: I tensorflow/compiler/xla/service/service.cc:150] XLA service 0x28fb7d0 executing computations on platform Host. Devices:
2019-08-04 16:31:48.932126: I tensorflow/compiler/xla/service/service.cc:158]   StreamExecutor device (0): <undefined>, <undefined>
2019-08-04 16:31:49.049378: I tensorflow/stream_executor/cuda/cuda_gpu_executor.cc:998] successful NUMA node read from SysFS had negative value (-1), but there must be at least one NUMA node, so returning NUMA node zero
2019-08-04 16:31:49.050693: I tensorflow/compiler/xla/service/service.cc:150] XLA service 0x291b4a0 executing computations on platform CUDA. Devices:
2019-08-04 16:31:49.050708: I tensorflow/compiler/xla/service/service.cc:158]   StreamExecutor device (0): TITAN RTX, Compute Capability 7.5
2019-08-04 16:31:49.050819: I tensorflow/core/common_runtime/gpu/gpu_device.cc:1433] Found device 0 with properties: 
name: TITAN RTX major: 7 minor: 5 memoryClockRate(GHz): 1.77
pciBusID: 0000:2e:00.0
totalMemory: 23.62GiB freeMemory: 23.31GiB
2019-08-04 16:31:49.050831: I tensorflow/core/common_runtime/gpu/gpu_device.cc:1512] Adding visible gpu devices: 0
2019-08-04 16:31:49.052410: I tensorflow/core/common_runtime/gpu/gpu_device.cc:984] Device interconnect StreamExecutor with strength 1 edge matrix:
2019-08-04 16:31:49.052421: I tensorflow/core/common_runtime/gpu/gpu_device.cc:990]      0 
2019-08-04 16:31:49.052426: I tensorflow/core/common_runtime/gpu/gpu_device.cc:1003] 0:   N 
2019-08-04 16:31:49.052500: I tensorflow/core/common_runtime/gpu/gpu_device.cc:1115] Created TensorFlow device (/job:localhost/replica:0/task:0/device:GPU:0 with 22681 MB memory) -> physical GPU (device: 0, name: TITAN RTX, pci bus id: 0000:2e:00.0, compute capability: 7.5)
Using TensorFlow backend.
WARNING:tensorflow:From /home/minkcho/tf13/lib/python3.7/site-packages/tensorflow/python/framework/op_def_library.py:263: colocate_with (from tensorflow.python.framework.ops) is deprecated and will be removed in a future version.
Instructions for updating:
Colocations handled automatically by placer.
WARNING:tensorflow:From /home/minkcho/tf13/lib/python3.7/site-packages/tensorflow/python/ops/math_ops.py:3066: to_int32 (from tensorflow.python.ops.math_ops) is deprecated and will be removed in a future version.
Instructions for updating:
Use tf.cast instead.
WARNING:tensorflow:From /home/minkcho/tf13/lib/python3.7/site-packages/tensorflow/python/ops/math_grad.py:102: div (from tensorflow.python.ops.math_ops) is deprecated and will be removed in a future version.
Instructions for updating:
Deprecated in favor of operator or tf.math.divide.
2019-08-04 16:31:50.078810: I tensorflow/stream_executor/dso_loader.cc:152] successfully opened CUDA library libcublas.so.10.0 locally
['x_train', 'y_train', 'x_valid', 'y_valid']
5553
630
(8000, 64, 64, 1)
(904, 64, 64, 1)
Train on 8000 samples, validate on 904 samples
Epoch 1/50

 100/8000 [..............................] - ETA: 2:32 - loss: 0.7108 - acc: 0.3500
 500/8000 [>.............................] - ETA: 29s - loss: 0.6655 - acc: 0.6200 
 900/8000 [==>...........................] - ETA: 16s - loss: 0.6438 - acc: 0.6633
1300/8000 [===>..........................] - ETA: 10s - loss: 0.6374 - acc: 0.6769
1800/8000 [=====>........................] - ETA: 7s - loss: 0.6259 - acc: 0.6822 
2200/8000 [=======>......................] - ETA: 5s - loss: 0.6167 - acc: 0.6841
2700/8000 [=========>....................] - ETA: 4s - loss: 0.6067 - acc: 0.6863
3100/8000 [==========>...................] - ETA: 3s - loss: 0.6035 - acc: 0.6800
3500/8000 [============>.................] - ETA: 3s - loss: 0.5944 - acc: 0.6843
4000/8000 [==============>...............] - ETA: 2s - loss: 0.5952 - acc: 0.6840
4400/8000 [===============>..............] - ETA: 2s - loss: 0.5942 - acc: 0.6843
4900/8000 [=================>............] - ETA: 1s - loss: 0.5911 - acc: 0.6829
5400/8000 [===================>..........] - ETA: 1s - loss: 0.5846 - acc: 0.6863
5900/8000 [=====================>........] - ETA: 0s - loss: 0.5819 - acc: 0.6869
6400/8000 [=======================>......] - ETA: 0s - loss: 0.5782 - acc: 0.6892
6900/8000 [========================>.....] - ETA: 0s - loss: 0.5690 - acc: 0.6972
7400/8000 [==========================>...] - ETA: 0s - loss: 0.5648 - acc: 0.7005
7900/8000 [============================>.] - ETA: 0s - loss: 0.5583 - acc: 0.7059
8000/8000 [==============================] - 3s 376us/step - loss: 0.5561 - acc: 0.7074 - val_loss: 0.4947 - val_acc: 0.7931
Epoch 2/50

 100/8000 [..............................] - ETA: 0s - loss: 0.4156 - acc: 0.7600
 600/8000 [=>............................] - ETA: 0s - loss: 0.4240 - acc: 0.8033
1100/8000 [===>..........................] - ETA: 0s - loss: 0.4342 - acc: 0.7909
1600/8000 [=====>........................] - ETA: 0s - loss: 0.4343 - acc: 0.7931
2100/8000 [======>.......................] - ETA: 0s - loss: 0.4268 - acc: 0.8029
2600/8000 [========>.....................] - ETA: 0s - loss: 0.4184 - acc: 0.8092
3100/8000 [==========>...................] - ETA: 0s - loss: 0.4135 - acc: 0.8126
3600/8000 [============>.................] - ETA: 0s - loss: 0.4104 - acc: 0.8136
4100/8000 [==============>...............] - ETA: 0s - loss: 0.4082 - acc: 0.8144
4600/8000 [================>.............] - ETA: 0s - loss: 0.4051 - acc: 0.8167
5100/8000 [==================>...........] - ETA: 0s - loss: 0.3985 - acc: 0.8200
5600/8000 [====================>.........] - ETA: 0s - loss: 0.3947 - acc: 0.8229
6100/8000 [=====================>........] - ETA: 0s - loss: 0.3945 - acc: 0.8234
6600/8000 [=======================>......] - ETA: 0s - loss: 0.3901 - acc: 0.8252
7100/8000 [=========================>....] - ETA: 0s - loss: 0.3885 - acc: 0.8263
7500/8000 [===========================>..] - ETA: 0s - loss: 0.3850 - acc: 0.8291
8000/8000 [==============================] - 1s 128us/step - loss: 0.3820 - acc: 0.8309 - val_loss: 0.3873 - val_acc: 0.8330
Epoch 3/50

 100/8000 [..............................] - ETA: 1s - loss: 0.2410 - acc: 0.9200
 600/8000 [=>............................] - ETA: 0s - loss: 0.2895 - acc: 0.8800
1100/8000 [===>..........................] - ETA: 0s - loss: 0.2964 - acc: 0.8800
1600/8000 [=====>........................] - ETA: 0s - loss: 0.2964 - acc: 0.8800
2100/8000 [======>.......................] - ETA: 0s - loss: 0.3111 - acc: 0.8695
2500/8000 [========>.....................] - ETA: 0s - loss: 0.3006 - acc: 0.8748
3000/8000 [==========>...................] - ETA: 0s - loss: 0.3041 - acc: 0.8747
3500/8000 [============>.................] - ETA: 0s - loss: 0.3032 - acc: 0.8751
4000/8000 [==============>...............] - ETA: 0s - loss: 0.2994 - acc: 0.8775
4500/8000 [===============>..............] - ETA: 0s - loss: 0.2908 - acc: 0.8831
5000/8000 [=================>............] - ETA: 0s - loss: 0.2925 - acc: 0.8840
5500/8000 [===================>..........] - ETA: 0s - loss: 0.2913 - acc: 0.8835
6000/8000 [=====================>........] - ETA: 0s - loss: 0.2906 - acc: 0.8850
6500/8000 [=======================>......] - ETA: 0s - loss: 0.2898 - acc: 0.8854
7000/8000 [=========================>....] - ETA: 0s - loss: 0.2861 - acc: 0.8867
7500/8000 [===========================>..] - ETA: 0s - loss: 0.2866 - acc: 0.8860
8000/8000 [==============================] - 1s 127us/step - loss: 0.2893 - acc: 0.8849 - val_loss: 0.3220 - val_acc: 0.8783
Epoch 4/50

 100/8000 [..............................] - ETA: 0s - loss: 0.1481 - acc: 0.9600
 600/8000 [=>............................] - ETA: 0s - loss: 0.2557 - acc: 0.8983
1000/8000 [==>...........................] - ETA: 0s - loss: 0.2302 - acc: 0.9140
1500/8000 [====>.........................] - ETA: 0s - loss: 0.2301 - acc: 0.9127
2000/8000 [======>.......................] - ETA: 0s - loss: 0.2262 - acc: 0.9120
2500/8000 [========>.....................] - ETA: 0s - loss: 0.2261 - acc: 0.9120
3000/8000 [==========>...................] - ETA: 0s - loss: 0.2371 - acc: 0.9080
3500/8000 [============>.................] - ETA: 0s - loss: 0.2386 - acc: 0.9094
4000/8000 [==============>...............] - ETA: 0s - loss: 0.2331 - acc: 0.9113
4500/8000 [===============>..............] - ETA: 0s - loss: 0.2362 - acc: 0.9098
5000/8000 [=================>............] - ETA: 0s - loss: 0.2325 - acc: 0.9110
5500/8000 [===================>..........] - ETA: 0s - loss: 0.2322 - acc: 0.9118
6000/8000 [=====================>........] - ETA: 0s - loss: 0.2338 - acc: 0.9108
6500/8000 [=======================>......] - ETA: 0s - loss: 0.2313 - acc: 0.9098
7000/8000 [=========================>....] - ETA: 0s - loss: 0.2302 - acc: 0.9104
7500/8000 [===========================>..] - ETA: 0s - loss: 0.2316 - acc: 0.9099
8000/8000 [==============================] - 1s 127us/step - loss: 0.2296 - acc: 0.9115 - val_loss: 0.3629 - val_acc: 0.8717
Epoch 5/50

 100/8000 [..............................] - ETA: 1s - loss: 0.1612 - acc: 0.9400
 600/8000 [=>............................] - ETA: 0s - loss: 0.1712 - acc: 0.9300
1100/8000 [===>..........................] - ETA: 0s - loss: 0.1581 - acc: 0.9373
1600/8000 [=====>........................] - ETA: 0s - loss: 0.1699 - acc: 0.9381
2100/8000 [======>.......................] - ETA: 0s - loss: 0.1671 - acc: 0.9381
2600/8000 [========>.....................] - ETA: 0s - loss: 0.1645 - acc: 0.9365
3100/8000 [==========>...................] - ETA: 0s - loss: 0.1681 - acc: 0.9345
3600/8000 [============>.................] - ETA: 0s - loss: 0.1696 - acc: 0.9339
4100/8000 [==============>...............] - ETA: 0s - loss: 0.1719 - acc: 0.9334
4600/8000 [================>.............] - ETA: 0s - loss: 0.1778 - acc: 0.9311
5100/8000 [==================>...........] - ETA: 0s - loss: 0.1810 - acc: 0.9286
5500/8000 [===================>..........] - ETA: 0s - loss: 0.1849 - acc: 0.9271
6000/8000 [=====================>........] - ETA: 0s - loss: 0.1848 - acc: 0.9275
6500/8000 [=======================>......] - ETA: 0s - loss: 0.1866 - acc: 0.9262
7000/8000 [=========================>....] - ETA: 0s - loss: 0.1871 - acc: 0.9264
7400/8000 [==========================>...] - ETA: 0s - loss: 0.1865 - acc: 0.9272
7900/8000 [============================>.] - ETA: 0s - loss: 0.1861 - acc: 0.9276
8000/8000 [==============================] - 1s 127us/step - loss: 0.1863 - acc: 0.9273 - val_loss: 0.3329 - val_acc: 0.8838
Epoch 6/50

 100/8000 [..............................] - ETA: 0s - loss: 0.1222 - acc: 0.9500
 600/8000 [=>............................] - ETA: 0s - loss: 0.1575 - acc: 0.9400
1100/8000 [===>..........................] - ETA: 0s - loss: 0.1509 - acc: 0.9436
1600/8000 [=====>........................] - ETA: 0s - loss: 0.1355 - acc: 0.9488
2100/8000 [======>.......................] - ETA: 0s - loss: 0.1378 - acc: 0.9481
2600/8000 [========>.....................] - ETA: 0s - loss: 0.1364 - acc: 0.9508
3100/8000 [==========>...................] - ETA: 0s - loss: 0.1324 - acc: 0.9535
3500/8000 [============>.................] - ETA: 0s - loss: 0.1262 - acc: 0.9560
4000/8000 [==============>...............] - ETA: 0s - loss: 0.1318 - acc: 0.9550
4500/8000 [===============>..............] - ETA: 0s - loss: 0.1338 - acc: 0.9536
5000/8000 [=================>............] - ETA: 0s - loss: 0.1363 - acc: 0.9508
5500/8000 [===================>..........] - ETA: 0s - loss: 0.1377 - acc: 0.9495
6000/8000 [=====================>........] - ETA: 0s - loss: 0.1393 - acc: 0.9485
6500/8000 [=======================>......] - ETA: 0s - loss: 0.1407 - acc: 0.9478
7000/8000 [=========================>....] - ETA: 0s - loss: 0.1412 - acc: 0.9473
7500/8000 [===========================>..] - ETA: 0s - loss: 0.1449 - acc: 0.9456
8000/8000 [==============================] - 1s 127us/step - loss: 0.1441 - acc: 0.9457 - val_loss: 0.3453 - val_acc: 0.8816
Epoch 7/50

 100/8000 [..............................] - ETA: 0s - loss: 0.1426 - acc: 0.9500
 600/8000 [=>............................] - ETA: 0s - loss: 0.1473 - acc: 0.9417
1100/8000 [===>..........................] - ETA: 0s - loss: 0.1209 - acc: 0.9545
1600/8000 [=====>........................] - ETA: 0s - loss: 0.1154 - acc: 0.9569
2100/8000 [======>.......................] - ETA: 0s - loss: 0.1194 - acc: 0.9548
2600/8000 [========>.....................] - ETA: 0s - loss: 0.1243 - acc: 0.9535
3000/8000 [==========>...................] - ETA: 0s - loss: 0.1268 - acc: 0.9527
3500/8000 [============>.................] - ETA: 0s - loss: 0.1225 - acc: 0.9546
4000/8000 [==============>...............] - ETA: 0s - loss: 0.1226 - acc: 0.9545
4500/8000 [===============>..............] - ETA: 0s - loss: 0.1244 - acc: 0.9540
5000/8000 [=================>............] - ETA: 0s - loss: 0.1268 - acc: 0.9540
5500/8000 [===================>..........] - ETA: 0s - loss: 0.1281 - acc: 0.9527
6000/8000 [=====================>........] - ETA: 0s - loss: 0.1266 - acc: 0.9530
6500/8000 [=======================>......] - ETA: 0s - loss: 0.1264 - acc: 0.9532
7000/8000 [=========================>....] - ETA: 0s - loss: 0.1271 - acc: 0.9527
7400/8000 [==========================>...] - ETA: 0s - loss: 0.1256 - acc: 0.9532
7900/8000 [============================>.] - ETA: 0s - loss: 0.1276 - acc: 0.9527
8000/8000 [==============================] - 1s 128us/step - loss: 0.1271 - acc: 0.9529 - val_loss: 0.3045 - val_acc: 0.8805
Epoch 8/50

 100/8000 [..............................] - ETA: 0s - loss: 0.1212 - acc: 0.9600
 600/8000 [=>............................] - ETA: 0s - loss: 0.1052 - acc: 0.9617
1100/8000 [===>..........................] - ETA: 0s - loss: 0.0926 - acc: 0.9609
1600/8000 [=====>........................] - ETA: 0s - loss: 0.0972 - acc: 0.9600
2100/8000 [======>.......................] - ETA: 0s - loss: 0.0967 - acc: 0.9610
2600/8000 [========>.....................] - ETA: 0s - loss: 0.1007 - acc: 0.9608
3100/8000 [==========>...................] - ETA: 0s - loss: 0.1000 - acc: 0.9594
3600/8000 [============>.................] - ETA: 0s - loss: 0.1008 - acc: 0.9597
4100/8000 [==============>...............] - ETA: 0s - loss: 0.1046 - acc: 0.9576
4600/8000 [================>.............] - ETA: 0s - loss: 0.1057 - acc: 0.9576
5100/8000 [==================>...........] - ETA: 0s - loss: 0.1079 - acc: 0.9578
5500/8000 [===================>..........] - ETA: 0s - loss: 0.1082 - acc: 0.9575
6000/8000 [=====================>........] - ETA: 0s - loss: 0.1076 - acc: 0.9573
6500/8000 [=======================>......] - ETA: 0s - loss: 0.1072 - acc: 0.9578
7000/8000 [=========================>....] - ETA: 0s - loss: 0.1092 - acc: 0.9576
7500/8000 [===========================>..] - ETA: 0s - loss: 0.1108 - acc: 0.9572
8000/8000 [==============================] - 1s 127us/step - loss: 0.1105 - acc: 0.9571 - val_loss: 0.3765 - val_acc: 0.8861
Epoch 9/50

 100/8000 [..............................] - ETA: 0s - loss: 0.0827 - acc: 0.9500
 600/8000 [=>............................] - ETA: 0s - loss: 0.0950 - acc: 0.9583
1000/8000 [==>...........................] - ETA: 0s - loss: 0.1017 - acc: 0.9580
1500/8000 [====>.........................] - ETA: 0s - loss: 0.0910 - acc: 0.9640
2000/8000 [======>.......................] - ETA: 0s - loss: 0.1070 - acc: 0.9585
2500/8000 [========>.....................] - ETA: 0s - loss: 0.0968 - acc: 0.9628
2900/8000 [=========>....................] - ETA: 0s - loss: 0.0985 - acc: 0.9628
3400/8000 [===========>..................] - ETA: 0s - loss: 0.0979 - acc: 0.9629
3800/8000 [=============>................] - ETA: 0s - loss: 0.1008 - acc: 0.9618
4300/8000 [===============>..............] - ETA: 0s - loss: 0.1007 - acc: 0.9621
4800/8000 [=================>............] - ETA: 0s - loss: 0.1011 - acc: 0.9613
5300/8000 [==================>...........] - ETA: 0s - loss: 0.1023 - acc: 0.9602
5800/8000 [====================>.........] - ETA: 0s - loss: 0.1035 - acc: 0.9600
6300/8000 [======================>.......] - ETA: 0s - loss: 0.1030 - acc: 0.9606
6800/8000 [========================>.....] - ETA: 0s - loss: 0.1029 - acc: 0.9604
7300/8000 [==========================>...] - ETA: 0s - loss: 0.1021 - acc: 0.9608
7800/8000 [============================>.] - ETA: 0s - loss: 0.1019 - acc: 0.9609
8000/8000 [==============================] - 1s 127us/step - loss: 0.1013 - acc: 0.9610 - val_loss: 0.4307 - val_acc: 0.8872
Epoch 10/50

 100/8000 [..............................] - ETA: 1s - loss: 0.0560 - acc: 0.9700
 600/8000 [=>............................] - ETA: 0s - loss: 0.0917 - acc: 0.9600
1100/8000 [===>..........................] - ETA: 0s - loss: 0.0762 - acc: 0.9664
1600/8000 [=====>........................] - ETA: 0s - loss: 0.0767 - acc: 0.9669
2100/8000 [======>.......................] - ETA: 0s - loss: 0.0773 - acc: 0.9671
2500/8000 [========>.....................] - ETA: 0s - loss: 0.0765 - acc: 0.9680
3000/8000 [==========>...................] - ETA: 0s - loss: 0.0769 - acc: 0.9680
3400/8000 [===========>..................] - ETA: 0s - loss: 0.0750 - acc: 0.9694
3900/8000 [=============>................] - ETA: 0s - loss: 0.0762 - acc: 0.9687
4300/8000 [===============>..............] - ETA: 0s - loss: 0.0778 - acc: 0.9677
4800/8000 [=================>............] - ETA: 0s - loss: 0.0776 - acc: 0.9685
5300/8000 [==================>...........] - ETA: 0s - loss: 0.0775 - acc: 0.9683
5800/8000 [====================>.........] - ETA: 0s - loss: 0.0798 - acc: 0.9674
6300/8000 [======================>.......] - ETA: 0s - loss: 0.0811 - acc: 0.9671
6700/8000 [========================>.....] - ETA: 0s - loss: 0.0828 - acc: 0.9663
7200/8000 [==========================>...] - ETA: 0s - loss: 0.0838 - acc: 0.9660
7700/8000 [===========================>..] - ETA: 0s - loss: 0.0845 - acc: 0.9655
8000/8000 [==============================] - 1s 128us/step - loss: 0.0856 - acc: 0.9649 - val_loss: 0.3629 - val_acc: 0.8805
Epoch 11/50

 100/8000 [..............................] - ETA: 1s - loss: 0.0764 - acc: 0.9800
 600/8000 [=>............................] - ETA: 0s - loss: 0.0907 - acc: 0.9750
1000/8000 [==>...........................] - ETA: 0s - loss: 0.0795 - acc: 0.9750
1400/8000 [====>.........................] - ETA: 0s - loss: 0.0745 - acc: 0.9750
1900/8000 [======>.......................] - ETA: 0s - loss: 0.0673 - acc: 0.9774
2400/8000 [========>.....................] - ETA: 0s - loss: 0.0711 - acc: 0.9746
2900/8000 [=========>....................] - ETA: 0s - loss: 0.0724 - acc: 0.9731
3400/8000 [===========>..................] - ETA: 0s - loss: 0.0724 - acc: 0.9721
3800/8000 [=============>................] - ETA: 0s - loss: 0.0689 - acc: 0.9729
4300/8000 [===============>..............] - ETA: 0s - loss: 0.0760 - acc: 0.9707
4800/8000 [=================>............] - ETA: 0s - loss: 0.0808 - acc: 0.9690
5300/8000 [==================>...........] - ETA: 0s - loss: 0.0849 - acc: 0.9668
5800/8000 [====================>.........] - ETA: 0s - loss: 0.0891 - acc: 0.9657
6300/8000 [======================>.......] - ETA: 0s - loss: 0.0914 - acc: 0.9641
6800/8000 [========================>.....] - ETA: 0s - loss: 0.0922 - acc: 0.9638
7300/8000 [==========================>...] - ETA: 0s - loss: 0.0931 - acc: 0.9633
7800/8000 [============================>.] - ETA: 0s - loss: 0.0922 - acc: 0.9631
8000/8000 [==============================] - 1s 127us/step - loss: 0.0926 - acc: 0.9630 - val_loss: 0.3774 - val_acc: 0.8971
Epoch 12/50

 100/8000 [..............................] - ETA: 0s - loss: 0.0664 - acc: 0.9700
 600/8000 [=>............................] - ETA: 0s - loss: 0.0674 - acc: 0.9700
1100/8000 [===>..........................] - ETA: 0s - loss: 0.0652 - acc: 0.9718
1600/8000 [=====>........................] - ETA: 0s - loss: 0.0618 - acc: 0.9725
2100/8000 [======>.......................] - ETA: 0s - loss: 0.0653 - acc: 0.9724
2600/8000 [========>.....................] - ETA: 0s - loss: 0.0643 - acc: 0.9742
3100/8000 [==========>...................] - ETA: 0s - loss: 0.0729 - acc: 0.9719
3500/8000 [============>.................] - ETA: 0s - loss: 0.0732 - acc: 0.9723
3900/8000 [=============>................] - ETA: 0s - loss: 0.0747 - acc: 0.9713
4400/8000 [===============>..............] - ETA: 0s - loss: 0.0744 - acc: 0.9716
4900/8000 [=================>............] - ETA: 0s - loss: 0.0758 - acc: 0.9710
5400/8000 [===================>..........] - ETA: 0s - loss: 0.0772 - acc: 0.9700
5900/8000 [=====================>........] - ETA: 0s - loss: 0.0761 - acc: 0.9698
6400/8000 [=======================>......] - ETA: 0s - loss: 0.0773 - acc: 0.9700
6900/8000 [========================>.....] - ETA: 0s - loss: 0.0761 - acc: 0.9709
7400/8000 [==========================>...] - ETA: 0s - loss: 0.0763 - acc: 0.9705
7800/8000 [============================>.] - ETA: 0s - loss: 0.0759 - acc: 0.9706
8000/8000 [==============================] - 1s 126us/step - loss: 0.0764 - acc: 0.9705 - val_loss: 0.4540 - val_acc: 0.8916
Epoch 13/50

 100/8000 [..............................] - ETA: 0s - loss: 0.0290 - acc: 0.9900
 600/8000 [=>............................] - ETA: 0s - loss: 0.0374 - acc: 0.9833
1100/8000 [===>..........................] - ETA: 0s - loss: 0.0410 - acc: 0.9827
1500/8000 [====>.........................] - ETA: 0s - loss: 0.0557 - acc: 0.9820
2000/8000 [======>.......................] - ETA: 0s - loss: 0.0547 - acc: 0.9810
2500/8000 [========>.....................] - ETA: 0s - loss: 0.0563 - acc: 0.9804
3000/8000 [==========>...................] - ETA: 0s - loss: 0.0605 - acc: 0.9787
3400/8000 [===========>..................] - ETA: 0s - loss: 0.0583 - acc: 0.9791
3900/8000 [=============>................] - ETA: 0s - loss: 0.0564 - acc: 0.9805
4400/8000 [===============>..............] - ETA: 0s - loss: 0.0545 - acc: 0.9811
4900/8000 [=================>............] - ETA: 0s - loss: 0.0593 - acc: 0.9792
5400/8000 [===================>..........] - ETA: 0s - loss: 0.0582 - acc: 0.9798
5900/8000 [=====================>........] - ETA: 0s - loss: 0.0608 - acc: 0.9783
6400/8000 [=======================>......] - ETA: 0s - loss: 0.0614 - acc: 0.9778
6900/8000 [========================>.....] - ETA: 0s - loss: 0.0612 - acc: 0.9778
7300/8000 [==========================>...] - ETA: 0s - loss: 0.0619 - acc: 0.9767
7800/8000 [============================>.] - ETA: 0s - loss: 0.0620 - acc: 0.9767
8000/8000 [==============================] - 1s 127us/step - loss: 0.0635 - acc: 0.9764 - val_loss: 0.4527 - val_acc: 0.8905
Epoch 14/50

 100/8000 [..............................] - ETA: 1s - loss: 0.0719 - acc: 0.9600
 600/8000 [=>............................] - ETA: 0s - loss: 0.0683 - acc: 0.9683
1100/8000 [===>..........................] - ETA: 0s - loss: 0.0565 - acc: 0.9736
1600/8000 [=====>........................] - ETA: 0s - loss: 0.0595 - acc: 0.9750
2100/8000 [======>.......................] - ETA: 0s - loss: 0.0596 - acc: 0.9762
2500/8000 [========>.....................] - ETA: 0s - loss: 0.0629 - acc: 0.9752
3000/8000 [==========>...................] - ETA: 0s - loss: 0.0693 - acc: 0.9733
3500/8000 [============>.................] - ETA: 0s - loss: 0.0705 - acc: 0.9720
4000/8000 [==============>...............] - ETA: 0s - loss: 0.0721 - acc: 0.9723
4500/8000 [===============>..............] - ETA: 0s - loss: 0.0739 - acc: 0.9709
5000/8000 [=================>............] - ETA: 0s - loss: 0.0736 - acc: 0.9714
5500/8000 [===================>..........] - ETA: 0s - loss: 0.0739 - acc: 0.9716
6000/8000 [=====================>........] - ETA: 0s - loss: 0.0762 - acc: 0.9705
6500/8000 [=======================>......] - ETA: 0s - loss: 0.0765 - acc: 0.9703
6900/8000 [========================>.....] - ETA: 0s - loss: 0.0755 - acc: 0.9703
7400/8000 [==========================>...] - ETA: 0s - loss: 0.0780 - acc: 0.9691
7900/8000 [============================>.] - ETA: 0s - loss: 0.0772 - acc: 0.9691
8000/8000 [==============================] - 1s 127us/step - loss: 0.0768 - acc: 0.9693 - val_loss: 0.4037 - val_acc: 0.8883
Epoch 15/50

 100/8000 [..............................] - ETA: 0s - loss: 0.0152 - acc: 1.0000
 600/8000 [=>............................] - ETA: 0s - loss: 0.0519 - acc: 0.9817
1100/8000 [===>..........................] - ETA: 0s - loss: 0.0490 - acc: 0.9809
1600/8000 [=====>........................] - ETA: 0s - loss: 0.0549 - acc: 0.9788
2100/8000 [======>.......................] - ETA: 0s - loss: 0.0563 - acc: 0.9790
2600/8000 [========>.....................] - ETA: 0s - loss: 0.0562 - acc: 0.9785
3000/8000 [==========>...................] - ETA: 0s - loss: 0.0579 - acc: 0.9770
3500/8000 [============>.................] - ETA: 0s - loss: 0.0598 - acc: 0.9760
4000/8000 [==============>...............] - ETA: 0s - loss: 0.0586 - acc: 0.9768
4400/8000 [===============>..............] - ETA: 0s - loss: 0.0608 - acc: 0.9748
4900/8000 [=================>............] - ETA: 0s - loss: 0.0609 - acc: 0.9743
5400/8000 [===================>..........] - ETA: 0s - loss: 0.0604 - acc: 0.9746
5900/8000 [=====================>........] - ETA: 0s - loss: 0.0602 - acc: 0.9747
6400/8000 [=======================>......] - ETA: 0s - loss: 0.0615 - acc: 0.9753
6900/8000 [========================>.....] - ETA: 0s - loss: 0.0626 - acc: 0.9752
7400/8000 [==========================>...] - ETA: 0s - loss: 0.0630 - acc: 0.9746
7900/8000 [============================>.] - ETA: 0s - loss: 0.0625 - acc: 0.9751
8000/8000 [==============================] - 1s 127us/step - loss: 0.0628 - acc: 0.9749 - val_loss: 0.4349 - val_acc: 0.8883
Epoch 16/50

 100/8000 [..............................] - ETA: 0s - loss: 0.1122 - acc: 0.9500
 500/8000 [>.............................] - ETA: 0s - loss: 0.0845 - acc: 0.9780
1000/8000 [==>...........................] - ETA: 0s - loss: 0.0704 - acc: 0.9780
1500/8000 [====>.........................] - ETA: 0s - loss: 0.0667 - acc: 0.9787
2000/8000 [======>.......................] - ETA: 0s - loss: 0.0574 - acc: 0.9815
2500/8000 [========>.....................] - ETA: 0s - loss: 0.0633 - acc: 0.9768
3000/8000 [==========>...................] - ETA: 0s - loss: 0.0633 - acc: 0.9760
3500/8000 [============>.................] - ETA: 0s - loss: 0.0615 - acc: 0.9769
4000/8000 [==============>...............] - ETA: 0s - loss: 0.0635 - acc: 0.9753
4500/8000 [===============>..............] - ETA: 0s - loss: 0.0645 - acc: 0.9751
5000/8000 [=================>............] - ETA: 0s - loss: 0.0651 - acc: 0.9748
5500/8000 [===================>..........] - ETA: 0s - loss: 0.0660 - acc: 0.9745
6000/8000 [=====================>........] - ETA: 0s - loss: 0.0652 - acc: 0.9750
6500/8000 [=======================>......] - ETA: 0s - loss: 0.0633 - acc: 0.9758
6900/8000 [========================>.....] - ETA: 0s - loss: 0.0648 - acc: 0.9752
7400/8000 [==========================>...] - ETA: 0s - loss: 0.0645 - acc: 0.9751
7900/8000 [============================>.] - ETA: 0s - loss: 0.0639 - acc: 0.9754
8000/8000 [==============================] - 1s 128us/step - loss: 0.0642 - acc: 0.9753 - val_loss: 0.4995 - val_acc: 0.8883
Epoch 17/50

 100/8000 [..............................] - ETA: 0s - loss: 0.0457 - acc: 0.9700
 600/8000 [=>............................] - ETA: 0s - loss: 0.0548 - acc: 0.9833
1100/8000 [===>..........................] - ETA: 0s - loss: 0.0586 - acc: 0.9764
1600/8000 [=====>........................] - ETA: 0s - loss: 0.0567 - acc: 0.9775
2100/8000 [======>.......................] - ETA: 0s - loss: 0.0565 - acc: 0.9786
2600/8000 [========>.....................] - ETA: 0s - loss: 0.0605 - acc: 0.9769
3100/8000 [==========>...................] - ETA: 0s - loss: 0.0594 - acc: 0.9768
3600/8000 [============>.................] - ETA: 0s - loss: 0.0612 - acc: 0.9756
4100/8000 [==============>...............] - ETA: 0s - loss: 0.0603 - acc: 0.9754
4600/8000 [================>.............] - ETA: 0s - loss: 0.0592 - acc: 0.9757
5100/8000 [==================>...........] - ETA: 0s - loss: 0.0573 - acc: 0.9759
5500/8000 [===================>..........] - ETA: 0s - loss: 0.0577 - acc: 0.9756
6000/8000 [=====================>........] - ETA: 0s - loss: 0.0592 - acc: 0.9750
6500/8000 [=======================>......] - ETA: 0s - loss: 0.0585 - acc: 0.9752
7000/8000 [=========================>....] - ETA: 0s - loss: 0.0592 - acc: 0.9751
7400/8000 [==========================>...] - ETA: 0s - loss: 0.0584 - acc: 0.9754
7900/8000 [============================>.] - ETA: 0s - loss: 0.0583 - acc: 0.9759
8000/8000 [==============================] - 1s 127us/step - loss: 0.0586 - acc: 0.9759 - val_loss: 0.5395 - val_acc: 0.8816
Epoch 00017: early stopping
mal2d01_c # of params 3499009
              precision    recall  f1-score   support

           0     0.9193    0.9713    0.9446      2721
           1     0.9871    0.9625    0.9746      6183

    accuracy                         0.9652      8904
   macro avg     0.9532    0.9669    0.9596      8904
weighted avg     0.9664    0.9652    0.9654      8904

0.9922409687194018
mal2d01_c # of params 3499009
839
mal2d01_c -2992 -108
mal2d01_c 0.7246963562753036 0.8712753277711561
theshold [0.9712745] [0.9999992]
              precision    recall  f1-score   support

           0     0.1963    0.8713    0.3205       839
           1     0.9865    0.7247    0.8356     10868

    accuracy                         0.7352     11707
   macro avg     0.5914    0.7980    0.5780     11707
weighted avg     0.9298    0.7352    0.7986     11707

0.8861565242987361
