2019-08-04 16:52:16.775413: I tensorflow/core/platform/cpu_feature_guard.cc:141] Your CPU supports instructions that this TensorFlow binary was not compiled to use: AVX2 FMA
2019-08-04 16:52:16.795762: I tensorflow/core/platform/profile_utils/cpu_utils.cc:94] CPU Frequency: 3399655000 Hz
2019-08-04 16:52:16.796278: I tensorflow/compiler/xla/service/service.cc:150] XLA service 0x2531ae0 executing computations on platform Host. Devices:
2019-08-04 16:52:16.796296: I tensorflow/compiler/xla/service/service.cc:158]   StreamExecutor device (0): <undefined>, <undefined>
2019-08-04 16:52:16.908269: I tensorflow/stream_executor/cuda/cuda_gpu_executor.cc:998] successful NUMA node read from SysFS had negative value (-1), but there must be at least one NUMA node, so returning NUMA node zero
2019-08-04 16:52:16.909608: I tensorflow/compiler/xla/service/service.cc:150] XLA service 0x25543f0 executing computations on platform CUDA. Devices:
2019-08-04 16:52:16.909625: I tensorflow/compiler/xla/service/service.cc:158]   StreamExecutor device (0): TITAN RTX, Compute Capability 7.5
2019-08-04 16:52:16.909750: I tensorflow/core/common_runtime/gpu/gpu_device.cc:1433] Found device 0 with properties: 
name: TITAN RTX major: 7 minor: 5 memoryClockRate(GHz): 1.77
pciBusID: 0000:2e:00.0
totalMemory: 23.62GiB freeMemory: 23.31GiB
2019-08-04 16:52:16.909762: I tensorflow/core/common_runtime/gpu/gpu_device.cc:1512] Adding visible gpu devices: 0
2019-08-04 16:52:16.911304: I tensorflow/core/common_runtime/gpu/gpu_device.cc:984] Device interconnect StreamExecutor with strength 1 edge matrix:
2019-08-04 16:52:16.911314: I tensorflow/core/common_runtime/gpu/gpu_device.cc:990]      0 
2019-08-04 16:52:16.911319: I tensorflow/core/common_runtime/gpu/gpu_device.cc:1003] 0:   N 
2019-08-04 16:52:16.911400: I tensorflow/core/common_runtime/gpu/gpu_device.cc:1115] Created TensorFlow device (/job:localhost/replica:0/task:0/device:GPU:0 with 22680 MB memory) -> physical GPU (device: 0, name: TITAN RTX, pci bus id: 0000:2e:00.0, compute capability: 7.5)
Using TensorFlow backend.
WARNING:tensorflow:From /home/minkcho/tf13/lib/python3.7/site-packages/tensorflow/python/framework/op_def_library.py:263: colocate_with (from tensorflow.python.framework.ops) is deprecated and will be removed in a future version.
Instructions for updating:
Colocations handled automatically by placer.
WARNING:tensorflow:From /home/minkcho/tf13/lib/python3.7/site-packages/tensorflow/python/ops/math_ops.py:3066: to_int32 (from tensorflow.python.ops.math_ops) is deprecated and will be removed in a future version.
Instructions for updating:
Use tf.cast instead.
WARNING:tensorflow:From /home/minkcho/tf13/lib/python3.7/site-packages/tensorflow/python/ops/math_grad.py:102: div (from tensorflow.python.ops.math_ops) is deprecated and will be removed in a future version.
Instructions for updating:
Deprecated in favor of operator or tf.math.divide.
2019-08-04 16:52:17.950679: I tensorflow/stream_executor/dso_loader.cc:152] successfully opened CUDA library libcublas.so.10.0 locally
['x_train', 'y_train', 'x_valid', 'y_valid']
5553
630
(8000, 64, 64, 1)
(904, 64, 64, 1)
Train on 8000 samples, validate on 904 samples
Epoch 1/50

 100/8000 [..............................] - ETA: 2:33 - loss: 0.7108 - acc: 0.3500
 500/8000 [>.............................] - ETA: 30s - loss: 0.6655 - acc: 0.6200 
 900/8000 [==>...........................] - ETA: 16s - loss: 0.6438 - acc: 0.6633
1400/8000 [====>.........................] - ETA: 9s - loss: 0.6331 - acc: 0.6814 
1900/8000 [======>.......................] - ETA: 6s - loss: 0.6232 - acc: 0.6821
2400/8000 [========>.....................] - ETA: 5s - loss: 0.6160 - acc: 0.6829
2900/8000 [=========>....................] - ETA: 4s - loss: 0.6109 - acc: 0.6793
3400/8000 [===========>..................] - ETA: 3s - loss: 0.6007 - acc: 0.6821
3900/8000 [=============>................] - ETA: 2s - loss: 0.5984 - acc: 0.6826
4400/8000 [===============>..............] - ETA: 2s - loss: 0.5927 - acc: 0.6855
4900/8000 [=================>............] - ETA: 1s - loss: 0.5871 - acc: 0.6878
5400/8000 [===================>..........] - ETA: 1s - loss: 0.5823 - acc: 0.6883
5900/8000 [=====================>........] - ETA: 0s - loss: 0.5795 - acc: 0.6949
6400/8000 [=======================>......] - ETA: 0s - loss: 0.5744 - acc: 0.6983
6900/8000 [========================>.....] - ETA: 0s - loss: 0.5654 - acc: 0.7039
7400/8000 [==========================>...] - ETA: 0s - loss: 0.5575 - acc: 0.7076
7900/8000 [============================>.] - ETA: 0s - loss: 0.5482 - acc: 0.7139
8000/8000 [==============================] - 3s 376us/step - loss: 0.5459 - acc: 0.7150 - val_loss: 0.4415 - val_acc: 0.8153
Epoch 2/50

 100/8000 [..............................] - ETA: 0s - loss: 0.3511 - acc: 0.8300
 500/8000 [>.............................] - ETA: 0s - loss: 0.3942 - acc: 0.8320
1000/8000 [==>...........................] - ETA: 0s - loss: 0.4285 - acc: 0.8030
1500/8000 [====>.........................] - ETA: 0s - loss: 0.4293 - acc: 0.7993
2000/8000 [======>.......................] - ETA: 0s - loss: 0.4280 - acc: 0.8035
2400/8000 [========>.....................] - ETA: 0s - loss: 0.4151 - acc: 0.8104
2900/8000 [=========>....................] - ETA: 0s - loss: 0.4107 - acc: 0.8162
3400/8000 [===========>..................] - ETA: 0s - loss: 0.4034 - acc: 0.8179
3900/8000 [=============>................] - ETA: 0s - loss: 0.3969 - acc: 0.8236
4400/8000 [===============>..............] - ETA: 0s - loss: 0.4046 - acc: 0.8211
4900/8000 [=================>............] - ETA: 0s - loss: 0.3951 - acc: 0.8290
5400/8000 [===================>..........] - ETA: 0s - loss: 0.3916 - acc: 0.8298
5900/8000 [=====================>........] - ETA: 0s - loss: 0.3877 - acc: 0.8319
6400/8000 [=======================>......] - ETA: 0s - loss: 0.3867 - acc: 0.8317
6900/8000 [========================>.....] - ETA: 0s - loss: 0.3837 - acc: 0.8339
7400/8000 [==========================>...] - ETA: 0s - loss: 0.3817 - acc: 0.8347
7900/8000 [============================>.] - ETA: 0s - loss: 0.3784 - acc: 0.8371
8000/8000 [==============================] - 1s 128us/step - loss: 0.3780 - acc: 0.8375 - val_loss: 0.3884 - val_acc: 0.8374
Epoch 3/50

 100/8000 [..............................] - ETA: 0s - loss: 0.2711 - acc: 0.9000
 600/8000 [=>............................] - ETA: 0s - loss: 0.3082 - acc: 0.8800
1100/8000 [===>..........................] - ETA: 0s - loss: 0.2854 - acc: 0.8909
1500/8000 [====>.........................] - ETA: 0s - loss: 0.2868 - acc: 0.8873
2000/8000 [======>.......................] - ETA: 0s - loss: 0.2951 - acc: 0.8840
2500/8000 [========>.....................] - ETA: 0s - loss: 0.2875 - acc: 0.8884
3000/8000 [==========>...................] - ETA: 0s - loss: 0.2866 - acc: 0.8867
3500/8000 [============>.................] - ETA: 0s - loss: 0.2856 - acc: 0.8869
4000/8000 [==============>...............] - ETA: 0s - loss: 0.2858 - acc: 0.8875
4500/8000 [===============>..............] - ETA: 0s - loss: 0.2773 - acc: 0.8907
5000/8000 [=================>............] - ETA: 0s - loss: 0.2800 - acc: 0.8910
5400/8000 [===================>..........] - ETA: 0s - loss: 0.2783 - acc: 0.8926
5900/8000 [=====================>........] - ETA: 0s - loss: 0.2818 - acc: 0.8910
6400/8000 [=======================>......] - ETA: 0s - loss: 0.2817 - acc: 0.8906
6900/8000 [========================>.....] - ETA: 0s - loss: 0.2811 - acc: 0.8906
7400/8000 [==========================>...] - ETA: 0s - loss: 0.2801 - acc: 0.8903
7900/8000 [============================>.] - ETA: 0s - loss: 0.2798 - acc: 0.8903
8000/8000 [==============================] - 1s 127us/step - loss: 0.2804 - acc: 0.8900 - val_loss: 0.3182 - val_acc: 0.8706
Epoch 4/50

 100/8000 [..............................] - ETA: 0s - loss: 0.1351 - acc: 0.9600
 600/8000 [=>............................] - ETA: 0s - loss: 0.2308 - acc: 0.9083
1100/8000 [===>..........................] - ETA: 0s - loss: 0.2116 - acc: 0.9164
1600/8000 [=====>........................] - ETA: 0s - loss: 0.2057 - acc: 0.9181
2100/8000 [======>.......................] - ETA: 0s - loss: 0.2107 - acc: 0.9143
2600/8000 [========>.....................] - ETA: 0s - loss: 0.2112 - acc: 0.9162
3100/8000 [==========>...................] - ETA: 0s - loss: 0.2210 - acc: 0.9129
3600/8000 [============>.................] - ETA: 0s - loss: 0.2228 - acc: 0.9111
4100/8000 [==============>...............] - ETA: 0s - loss: 0.2235 - acc: 0.9127
4600/8000 [================>.............] - ETA: 0s - loss: 0.2214 - acc: 0.9120
5100/8000 [==================>...........] - ETA: 0s - loss: 0.2208 - acc: 0.9127
5600/8000 [====================>.........] - ETA: 0s - loss: 0.2224 - acc: 0.9113
6100/8000 [=====================>........] - ETA: 0s - loss: 0.2223 - acc: 0.9110
6600/8000 [=======================>......] - ETA: 0s - loss: 0.2223 - acc: 0.9109
7000/8000 [=========================>....] - ETA: 0s - loss: 0.2201 - acc: 0.9119
7500/8000 [===========================>..] - ETA: 0s - loss: 0.2205 - acc: 0.9120
8000/8000 [==============================] - 1s 127us/step - loss: 0.2199 - acc: 0.9123 - val_loss: 0.3517 - val_acc: 0.8728
Epoch 5/50

 100/8000 [..............................] - ETA: 0s - loss: 0.1674 - acc: 0.9500
 600/8000 [=>............................] - ETA: 0s - loss: 0.1653 - acc: 0.9433
1100/8000 [===>..........................] - ETA: 0s - loss: 0.1580 - acc: 0.9436
1600/8000 [=====>........................] - ETA: 0s - loss: 0.1631 - acc: 0.9419
2100/8000 [======>.......................] - ETA: 0s - loss: 0.1650 - acc: 0.9386
2600/8000 [========>.....................] - ETA: 0s - loss: 0.1571 - acc: 0.9408
3100/8000 [==========>...................] - ETA: 0s - loss: 0.1598 - acc: 0.9400
3600/8000 [============>.................] - ETA: 0s - loss: 0.1585 - acc: 0.9394
4000/8000 [==============>...............] - ETA: 0s - loss: 0.1594 - acc: 0.9397
4500/8000 [===============>..............] - ETA: 0s - loss: 0.1653 - acc: 0.9356
5000/8000 [=================>............] - ETA: 0s - loss: 0.1653 - acc: 0.9356
5400/8000 [===================>..........] - ETA: 0s - loss: 0.1674 - acc: 0.9348
5900/8000 [=====================>........] - ETA: 0s - loss: 0.1676 - acc: 0.9347
6400/8000 [=======================>......] - ETA: 0s - loss: 0.1695 - acc: 0.9333
6900/8000 [========================>.....] - ETA: 0s - loss: 0.1705 - acc: 0.9333
7400/8000 [==========================>...] - ETA: 0s - loss: 0.1709 - acc: 0.9323
7800/8000 [============================>.] - ETA: 0s - loss: 0.1725 - acc: 0.9318
8000/8000 [==============================] - 1s 128us/step - loss: 0.1726 - acc: 0.9314 - val_loss: 0.3577 - val_acc: 0.8827
Epoch 6/50

 100/8000 [..............................] - ETA: 1s - loss: 0.1200 - acc: 0.9500
 600/8000 [=>............................] - ETA: 0s - loss: 0.1502 - acc: 0.9433
1100/8000 [===>..........................] - ETA: 0s - loss: 0.1350 - acc: 0.9473
1600/8000 [=====>........................] - ETA: 0s - loss: 0.1282 - acc: 0.9525
2100/8000 [======>.......................] - ETA: 0s - loss: 0.1243 - acc: 0.9543
2600/8000 [========>.....................] - ETA: 0s - loss: 0.1277 - acc: 0.9538
3100/8000 [==========>...................] - ETA: 0s - loss: 0.1284 - acc: 0.9529
3600/8000 [============>.................] - ETA: 0s - loss: 0.1265 - acc: 0.9536
4000/8000 [==============>...............] - ETA: 0s - loss: 0.1313 - acc: 0.9525
4500/8000 [===============>..............] - ETA: 0s - loss: 0.1364 - acc: 0.9496
5000/8000 [=================>............] - ETA: 0s - loss: 0.1372 - acc: 0.9478
5500/8000 [===================>..........] - ETA: 0s - loss: 0.1367 - acc: 0.9478
6000/8000 [=====================>........] - ETA: 0s - loss: 0.1412 - acc: 0.9452
6500/8000 [=======================>......] - ETA: 0s - loss: 0.1400 - acc: 0.9452
7000/8000 [=========================>....] - ETA: 0s - loss: 0.1382 - acc: 0.9463
7500/8000 [===========================>..] - ETA: 0s - loss: 0.1402 - acc: 0.9453
8000/8000 [==============================] - 1s 128us/step - loss: 0.1395 - acc: 0.9453 - val_loss: 0.3393 - val_acc: 0.8783
Epoch 7/50

 100/8000 [..............................] - ETA: 0s - loss: 0.1599 - acc: 0.9500
 600/8000 [=>............................] - ETA: 0s - loss: 0.1503 - acc: 0.9483
1100/8000 [===>..........................] - ETA: 0s - loss: 0.1326 - acc: 0.9545
1600/8000 [=====>........................] - ETA: 0s - loss: 0.1282 - acc: 0.9544
2100/8000 [======>.......................] - ETA: 0s - loss: 0.1233 - acc: 0.9543
2500/8000 [========>.....................] - ETA: 0s - loss: 0.1286 - acc: 0.9536
3000/8000 [==========>...................] - ETA: 0s - loss: 0.1241 - acc: 0.9550
3500/8000 [============>.................] - ETA: 0s - loss: 0.1168 - acc: 0.9583
4000/8000 [==============>...............] - ETA: 0s - loss: 0.1144 - acc: 0.9588
4500/8000 [===============>..............] - ETA: 0s - loss: 0.1163 - acc: 0.9591
4900/8000 [=================>............] - ETA: 0s - loss: 0.1182 - acc: 0.9584
5400/8000 [===================>..........] - ETA: 0s - loss: 0.1198 - acc: 0.9569
5800/8000 [====================>.........] - ETA: 0s - loss: 0.1196 - acc: 0.9564
6200/8000 [======================>.......] - ETA: 0s - loss: 0.1176 - acc: 0.9579
6700/8000 [========================>.....] - ETA: 0s - loss: 0.1194 - acc: 0.9570
7200/8000 [==========================>...] - ETA: 0s - loss: 0.1213 - acc: 0.9564
7600/8000 [===========================>..] - ETA: 0s - loss: 0.1232 - acc: 0.9549
8000/8000 [==============================] - 1s 128us/step - loss: 0.1230 - acc: 0.9551 - val_loss: 0.3376 - val_acc: 0.8894
Epoch 8/50

 100/8000 [..............................] - ETA: 1s - loss: 0.1409 - acc: 0.9500
 600/8000 [=>............................] - ETA: 0s - loss: 0.1357 - acc: 0.9467
1100/8000 [===>..........................] - ETA: 0s - loss: 0.1178 - acc: 0.9527
1600/8000 [=====>........................] - ETA: 0s - loss: 0.1175 - acc: 0.9537
2100/8000 [======>.......................] - ETA: 0s - loss: 0.1191 - acc: 0.9543
2600/8000 [========>.....................] - ETA: 0s - loss: 0.1215 - acc: 0.9535
3100/8000 [==========>...................] - ETA: 0s - loss: 0.1177 - acc: 0.9545
3600/8000 [============>.................] - ETA: 0s - loss: 0.1163 - acc: 0.9558
4100/8000 [==============>...............] - ETA: 0s - loss: 0.1169 - acc: 0.9559
4600/8000 [================>.............] - ETA: 0s - loss: 0.1169 - acc: 0.9561
5100/8000 [==================>...........] - ETA: 0s - loss: 0.1155 - acc: 0.9573
5600/8000 [====================>.........] - ETA: 0s - loss: 0.1150 - acc: 0.9568
6100/8000 [=====================>........] - ETA: 0s - loss: 0.1121 - acc: 0.9579
6600/8000 [=======================>......] - ETA: 0s - loss: 0.1132 - acc: 0.9561
7100/8000 [=========================>....] - ETA: 0s - loss: 0.1116 - acc: 0.9570
7600/8000 [===========================>..] - ETA: 0s - loss: 0.1107 - acc: 0.9575
8000/8000 [==============================] - 1s 128us/step - loss: 0.1109 - acc: 0.9575 - val_loss: 0.4486 - val_acc: 0.8717
Epoch 9/50

 100/8000 [..............................] - ETA: 1s - loss: 0.1129 - acc: 0.9400
 600/8000 [=>............................] - ETA: 0s - loss: 0.1121 - acc: 0.9550
1100/8000 [===>..........................] - ETA: 0s - loss: 0.1339 - acc: 0.9536
1600/8000 [=====>........................] - ETA: 0s - loss: 0.1330 - acc: 0.9519
2100/8000 [======>.......................] - ETA: 0s - loss: 0.1312 - acc: 0.9529
2600/8000 [========>.....................] - ETA: 0s - loss: 0.1257 - acc: 0.9542
3100/8000 [==========>...................] - ETA: 0s - loss: 0.1226 - acc: 0.9555
3600/8000 [============>.................] - ETA: 0s - loss: 0.1235 - acc: 0.9547
4100/8000 [==============>...............] - ETA: 0s - loss: 0.1193 - acc: 0.9556
4600/8000 [================>.............] - ETA: 0s - loss: 0.1166 - acc: 0.9574
5100/8000 [==================>...........] - ETA: 0s - loss: 0.1163 - acc: 0.9576
5600/8000 [====================>.........] - ETA: 0s - loss: 0.1148 - acc: 0.9582
6100/8000 [=====================>........] - ETA: 0s - loss: 0.1141 - acc: 0.9589
6600/8000 [=======================>......] - ETA: 0s - loss: 0.1124 - acc: 0.9591
7100/8000 [=========================>....] - ETA: 0s - loss: 0.1123 - acc: 0.9586
7600/8000 [===========================>..] - ETA: 0s - loss: 0.1124 - acc: 0.9584
8000/8000 [==============================] - 1s 127us/step - loss: 0.1135 - acc: 0.9581 - val_loss: 0.3585 - val_acc: 0.8861
Epoch 10/50

 100/8000 [..............................] - ETA: 0s - loss: 0.0688 - acc: 0.9700
 600/8000 [=>............................] - ETA: 0s - loss: 0.1027 - acc: 0.9583
1100/8000 [===>..........................] - ETA: 0s - loss: 0.0784 - acc: 0.9664
1600/8000 [=====>........................] - ETA: 0s - loss: 0.0840 - acc: 0.9669
2100/8000 [======>.......................] - ETA: 0s - loss: 0.0898 - acc: 0.9657
2600/8000 [========>.....................] - ETA: 0s - loss: 0.0911 - acc: 0.9654
3000/8000 [==========>...................] - ETA: 0s - loss: 0.0896 - acc: 0.9660
3500/8000 [============>.................] - ETA: 0s - loss: 0.0876 - acc: 0.9669
4000/8000 [==============>...............] - ETA: 0s - loss: 0.0882 - acc: 0.9668
4500/8000 [===============>..............] - ETA: 0s - loss: 0.0874 - acc: 0.9662
5000/8000 [=================>............] - ETA: 0s - loss: 0.0915 - acc: 0.9650
5500/8000 [===================>..........] - ETA: 0s - loss: 0.0900 - acc: 0.9658
6000/8000 [=====================>........] - ETA: 0s - loss: 0.0897 - acc: 0.9663
6500/8000 [=======================>......] - ETA: 0s - loss: 0.0908 - acc: 0.9658
7000/8000 [=========================>....] - ETA: 0s - loss: 0.0915 - acc: 0.9657
7500/8000 [===========================>..] - ETA: 0s - loss: 0.0913 - acc: 0.9655
8000/8000 [==============================] - 1s 128us/step - loss: 0.0929 - acc: 0.9645 - val_loss: 0.3506 - val_acc: 0.8894
Epoch 11/50

 100/8000 [..............................] - ETA: 0s - loss: 0.0883 - acc: 0.9700
 600/8000 [=>............................] - ETA: 0s - loss: 0.0682 - acc: 0.9817
1100/8000 [===>..........................] - ETA: 0s - loss: 0.0683 - acc: 0.9782
1600/8000 [=====>........................] - ETA: 0s - loss: 0.0658 - acc: 0.9775
2100/8000 [======>.......................] - ETA: 0s - loss: 0.0626 - acc: 0.9786
2600/8000 [========>.....................] - ETA: 0s - loss: 0.0616 - acc: 0.9788
3100/8000 [==========>...................] - ETA: 0s - loss: 0.0620 - acc: 0.9781
3600/8000 [============>.................] - ETA: 0s - loss: 0.0673 - acc: 0.9747
4100/8000 [==============>...............] - ETA: 0s - loss: 0.0680 - acc: 0.9746
4600/8000 [================>.............] - ETA: 0s - loss: 0.0710 - acc: 0.9733
5100/8000 [==================>...........] - ETA: 0s - loss: 0.0752 - acc: 0.9706
5600/8000 [====================>.........] - ETA: 0s - loss: 0.0766 - acc: 0.9704
6100/8000 [=====================>........] - ETA: 0s - loss: 0.0759 - acc: 0.9700
6600/8000 [=======================>......] - ETA: 0s - loss: 0.0759 - acc: 0.9698
7100/8000 [=========================>....] - ETA: 0s - loss: 0.0767 - acc: 0.9696
7500/8000 [===========================>..] - ETA: 0s - loss: 0.0770 - acc: 0.9691
8000/8000 [==============================] - 1s 127us/step - loss: 0.0770 - acc: 0.9693 - val_loss: 0.4542 - val_acc: 0.8905
Epoch 12/50

 100/8000 [..............................] - ETA: 1s - loss: 0.0707 - acc: 0.9700
 600/8000 [=>............................] - ETA: 0s - loss: 0.0523 - acc: 0.9817
1100/8000 [===>..........................] - ETA: 0s - loss: 0.0538 - acc: 0.9809
1600/8000 [=====>........................] - ETA: 0s - loss: 0.0503 - acc: 0.9819
2100/8000 [======>.......................] - ETA: 0s - loss: 0.0581 - acc: 0.9781
2500/8000 [========>.....................] - ETA: 0s - loss: 0.0593 - acc: 0.9784
3000/8000 [==========>...................] - ETA: 0s - loss: 0.0616 - acc: 0.9783
3500/8000 [============>.................] - ETA: 0s - loss: 0.0646 - acc: 0.9769
4000/8000 [==============>...............] - ETA: 0s - loss: 0.0648 - acc: 0.9763
4500/8000 [===============>..............] - ETA: 0s - loss: 0.0635 - acc: 0.9771
4900/8000 [=================>............] - ETA: 0s - loss: 0.0664 - acc: 0.9765
5400/8000 [===================>..........] - ETA: 0s - loss: 0.0661 - acc: 0.9765
5900/8000 [=====================>........] - ETA: 0s - loss: 0.0649 - acc: 0.9768
6400/8000 [=======================>......] - ETA: 0s - loss: 0.0656 - acc: 0.9761
6900/8000 [========================>.....] - ETA: 0s - loss: 0.0655 - acc: 0.9758
7400/8000 [==========================>...] - ETA: 0s - loss: 0.0659 - acc: 0.9754
7900/8000 [============================>.] - ETA: 0s - loss: 0.0664 - acc: 0.9751
8000/8000 [==============================] - 1s 127us/step - loss: 0.0668 - acc: 0.9749 - val_loss: 0.4879 - val_acc: 0.8783
Epoch 13/50

 100/8000 [..............................] - ETA: 0s - loss: 0.0528 - acc: 0.9800
 500/8000 [>.............................] - ETA: 0s - loss: 0.0486 - acc: 0.9820
1000/8000 [==>...........................] - ETA: 0s - loss: 0.0525 - acc: 0.9790
1500/8000 [====>.........................] - ETA: 0s - loss: 0.0579 - acc: 0.9767
2000/8000 [======>.......................] - ETA: 0s - loss: 0.0568 - acc: 0.9755
2500/8000 [========>.....................] - ETA: 0s - loss: 0.0598 - acc: 0.9744
3000/8000 [==========>...................] - ETA: 0s - loss: 0.0632 - acc: 0.9733
3400/8000 [===========>..................] - ETA: 0s - loss: 0.0605 - acc: 0.9744
3800/8000 [=============>................] - ETA: 0s - loss: 0.0606 - acc: 0.9753
4300/8000 [===============>..............] - ETA: 0s - loss: 0.0634 - acc: 0.9756
4800/8000 [=================>............] - ETA: 0s - loss: 0.0659 - acc: 0.9742
5300/8000 [==================>...........] - ETA: 0s - loss: 0.0674 - acc: 0.9738
5800/8000 [====================>.........] - ETA: 0s - loss: 0.0697 - acc: 0.9729
6300/8000 [======================>.......] - ETA: 0s - loss: 0.0688 - acc: 0.9730
6800/8000 [========================>.....] - ETA: 0s - loss: 0.0697 - acc: 0.9724
7300/8000 [==========================>...] - ETA: 0s - loss: 0.0716 - acc: 0.9714
7800/8000 [============================>.] - ETA: 0s - loss: 0.0728 - acc: 0.9710
8000/8000 [==============================] - 1s 128us/step - loss: 0.0737 - acc: 0.9709 - val_loss: 0.4366 - val_acc: 0.8861
Epoch 00013: early stopping
mal2d01_c # of params 3499009
              precision    recall  f1-score   support

           0     0.9393    0.9497    0.9444      2721
           1     0.9777    0.9730    0.9754      6183

    accuracy                         0.9659      8904
   macro avg     0.9585    0.9613    0.9599      8904
weighted avg     0.9660    0.9659    0.9659      8904

0.9911385517651836
mal2d01_c # of params 3499009
839
mal2d01_c -3379 -102
mal2d01_c 0.6890872285609128 0.8784266984505363
theshold [0.9908097] [0.24487394]
              precision    recall  f1-score   support

           0     0.1791    0.8784    0.2975       839
           1     0.9866    0.6891    0.8114     10868

    accuracy                         0.7027     11707
   macro avg     0.5828    0.7838    0.5544     11707
weighted avg     0.9287    0.7027    0.7746     11707

0.8636491950430849
