2019-08-04 16:48:49.831194: I tensorflow/core/platform/cpu_feature_guard.cc:141] Your CPU supports instructions that this TensorFlow binary was not compiled to use: AVX2 FMA
2019-08-04 16:48:49.851675: I tensorflow/core/platform/profile_utils/cpu_utils.cc:94] CPU Frequency: 3399655000 Hz
2019-08-04 16:48:49.852138: I tensorflow/compiler/xla/service/service.cc:150] XLA service 0x1784020 executing computations on platform Host. Devices:
2019-08-04 16:48:49.852161: I tensorflow/compiler/xla/service/service.cc:158]   StreamExecutor device (0): <undefined>, <undefined>
2019-08-04 16:48:49.973474: I tensorflow/stream_executor/cuda/cuda_gpu_executor.cc:998] successful NUMA node read from SysFS had negative value (-1), but there must be at least one NUMA node, so returning NUMA node zero
2019-08-04 16:48:49.974824: I tensorflow/compiler/xla/service/service.cc:150] XLA service 0x1698150 executing computations on platform CUDA. Devices:
2019-08-04 16:48:49.974879: I tensorflow/compiler/xla/service/service.cc:158]   StreamExecutor device (0): TITAN RTX, Compute Capability 7.5
2019-08-04 16:48:49.975111: I tensorflow/core/common_runtime/gpu/gpu_device.cc:1433] Found device 0 with properties: 
name: TITAN RTX major: 7 minor: 5 memoryClockRate(GHz): 1.77
pciBusID: 0000:2e:00.0
totalMemory: 23.62GiB freeMemory: 23.31GiB
2019-08-04 16:48:49.975137: I tensorflow/core/common_runtime/gpu/gpu_device.cc:1512] Adding visible gpu devices: 0
2019-08-04 16:48:49.978476: I tensorflow/core/common_runtime/gpu/gpu_device.cc:984] Device interconnect StreamExecutor with strength 1 edge matrix:
2019-08-04 16:48:49.978503: I tensorflow/core/common_runtime/gpu/gpu_device.cc:990]      0 
2019-08-04 16:48:49.978515: I tensorflow/core/common_runtime/gpu/gpu_device.cc:1003] 0:   N 
2019-08-04 16:48:49.978646: I tensorflow/core/common_runtime/gpu/gpu_device.cc:1115] Created TensorFlow device (/job:localhost/replica:0/task:0/device:GPU:0 with 22680 MB memory) -> physical GPU (device: 0, name: TITAN RTX, pci bus id: 0000:2e:00.0, compute capability: 7.5)
Using TensorFlow backend.
WARNING:tensorflow:From /home/minkcho/tf13/lib/python3.7/site-packages/tensorflow/python/framework/op_def_library.py:263: colocate_with (from tensorflow.python.framework.ops) is deprecated and will be removed in a future version.
Instructions for updating:
Colocations handled automatically by placer.
WARNING:tensorflow:From /home/minkcho/tf13/lib/python3.7/site-packages/tensorflow/python/ops/math_ops.py:3066: to_int32 (from tensorflow.python.ops.math_ops) is deprecated and will be removed in a future version.
Instructions for updating:
Use tf.cast instead.
WARNING:tensorflow:From /home/minkcho/tf13/lib/python3.7/site-packages/tensorflow/python/ops/math_grad.py:102: div (from tensorflow.python.ops.math_ops) is deprecated and will be removed in a future version.
Instructions for updating:
Deprecated in favor of operator or tf.math.divide.
2019-08-04 16:48:51.019068: I tensorflow/stream_executor/dso_loader.cc:152] successfully opened CUDA library libcublas.so.10.0 locally
['x_train', 'y_train', 'x_valid', 'y_valid']
5553
630
(8000, 64, 64, 1)
(904, 64, 64, 1)
Train on 8000 samples, validate on 904 samples
Epoch 1/50

 100/8000 [..............................] - ETA: 2:33 - loss: 0.7108 - acc: 0.3500
 500/8000 [>.............................] - ETA: 30s - loss: 0.6655 - acc: 0.6200 
 900/8000 [==>...........................] - ETA: 16s - loss: 0.6438 - acc: 0.6633
1400/8000 [====>.........................] - ETA: 10s - loss: 0.6331 - acc: 0.6814
1900/8000 [======>.......................] - ETA: 7s - loss: 0.6223 - acc: 0.6821 
2400/8000 [========>.....................] - ETA: 5s - loss: 0.6142 - acc: 0.6850
2900/8000 [=========>....................] - ETA: 4s - loss: 0.6080 - acc: 0.6790
3400/8000 [===========>..................] - ETA: 3s - loss: 0.5979 - acc: 0.6818
3900/8000 [=============>................] - ETA: 2s - loss: 0.5987 - acc: 0.6813
4400/8000 [===============>..............] - ETA: 2s - loss: 0.5957 - acc: 0.6843
4900/8000 [=================>............] - ETA: 1s - loss: 0.5918 - acc: 0.6841
5400/8000 [===================>..........] - ETA: 1s - loss: 0.5881 - acc: 0.6833
5900/8000 [=====================>........] - ETA: 0s - loss: 0.5829 - acc: 0.6873
6300/8000 [======================>.......] - ETA: 0s - loss: 0.5793 - acc: 0.6902
6800/8000 [========================>.....] - ETA: 0s - loss: 0.5704 - acc: 0.6972
7200/8000 [==========================>...] - ETA: 0s - loss: 0.5630 - acc: 0.7029
7700/8000 [===========================>..] - ETA: 0s - loss: 0.5567 - acc: 0.7068
8000/8000 [==============================] - 3s 377us/step - loss: 0.5498 - acc: 0.7114 - val_loss: 0.4867 - val_acc: 0.7976
Epoch 2/50

 100/8000 [..............................] - ETA: 1s - loss: 0.4267 - acc: 0.7600
 500/8000 [>.............................] - ETA: 0s - loss: 0.3914 - acc: 0.8240
1000/8000 [==>...........................] - ETA: 0s - loss: 0.4017 - acc: 0.8090
1500/8000 [====>.........................] - ETA: 0s - loss: 0.4011 - acc: 0.8133
2000/8000 [======>.......................] - ETA: 0s - loss: 0.4067 - acc: 0.8120
2400/8000 [========>.....................] - ETA: 0s - loss: 0.3953 - acc: 0.8179
2900/8000 [=========>....................] - ETA: 0s - loss: 0.3965 - acc: 0.8183
3400/8000 [===========>..................] - ETA: 0s - loss: 0.3865 - acc: 0.8224
3900/8000 [=============>................] - ETA: 0s - loss: 0.3925 - acc: 0.8228
4300/8000 [===============>..............] - ETA: 0s - loss: 0.3942 - acc: 0.8212
4800/8000 [=================>............] - ETA: 0s - loss: 0.3888 - acc: 0.8260
5300/8000 [==================>...........] - ETA: 0s - loss: 0.3855 - acc: 0.8287
5800/8000 [====================>.........] - ETA: 0s - loss: 0.3793 - acc: 0.8328
6300/8000 [======================>.......] - ETA: 0s - loss: 0.3765 - acc: 0.8352
6700/8000 [========================>.....] - ETA: 0s - loss: 0.3743 - acc: 0.8360
7200/8000 [==========================>...] - ETA: 0s - loss: 0.3712 - acc: 0.8378
7700/8000 [===========================>..] - ETA: 0s - loss: 0.3675 - acc: 0.8404
8000/8000 [==============================] - 1s 128us/step - loss: 0.3676 - acc: 0.8415 - val_loss: 0.3803 - val_acc: 0.8485
Epoch 3/50

 100/8000 [..............................] - ETA: 1s - loss: 0.2435 - acc: 0.9100
 600/8000 [=>............................] - ETA: 0s - loss: 0.2852 - acc: 0.8833
1000/8000 [==>...........................] - ETA: 0s - loss: 0.2811 - acc: 0.8820
1500/8000 [====>.........................] - ETA: 0s - loss: 0.2842 - acc: 0.8820
1900/8000 [======>.......................] - ETA: 0s - loss: 0.2917 - acc: 0.8789
2400/8000 [========>.....................] - ETA: 0s - loss: 0.2844 - acc: 0.8837
2900/8000 [=========>....................] - ETA: 0s - loss: 0.2825 - acc: 0.8848
3300/8000 [===========>..................] - ETA: 0s - loss: 0.2852 - acc: 0.8824
3800/8000 [=============>................] - ETA: 0s - loss: 0.2861 - acc: 0.8824
4300/8000 [===============>..............] - ETA: 0s - loss: 0.2810 - acc: 0.8844
4800/8000 [=================>............] - ETA: 0s - loss: 0.2802 - acc: 0.8848
5300/8000 [==================>...........] - ETA: 0s - loss: 0.2810 - acc: 0.8845
5800/8000 [====================>.........] - ETA: 0s - loss: 0.2826 - acc: 0.8853
6300/8000 [======================>.......] - ETA: 0s - loss: 0.2822 - acc: 0.8857
6800/8000 [========================>.....] - ETA: 0s - loss: 0.2812 - acc: 0.8865
7200/8000 [==========================>...] - ETA: 0s - loss: 0.2812 - acc: 0.8863
7600/8000 [===========================>..] - ETA: 0s - loss: 0.2823 - acc: 0.8855
8000/8000 [==============================] - 1s 128us/step - loss: 0.2826 - acc: 0.8851 - val_loss: 0.3449 - val_acc: 0.8639
Epoch 4/50

 100/8000 [..............................] - ETA: 1s - loss: 0.1256 - acc: 0.9700
 600/8000 [=>............................] - ETA: 0s - loss: 0.2296 - acc: 0.9000
1100/8000 [===>..........................] - ETA: 0s - loss: 0.2112 - acc: 0.9100
1600/8000 [=====>........................] - ETA: 0s - loss: 0.2114 - acc: 0.9138
2100/8000 [======>.......................] - ETA: 0s - loss: 0.2084 - acc: 0.9157
2500/8000 [========>.....................] - ETA: 0s - loss: 0.2094 - acc: 0.9160
3000/8000 [==========>...................] - ETA: 0s - loss: 0.2174 - acc: 0.9123
3500/8000 [============>.................] - ETA: 0s - loss: 0.2217 - acc: 0.9123
4000/8000 [==============>...............] - ETA: 0s - loss: 0.2256 - acc: 0.9100
4500/8000 [===============>..............] - ETA: 0s - loss: 0.2269 - acc: 0.9100
5000/8000 [=================>............] - ETA: 0s - loss: 0.2227 - acc: 0.9116
5500/8000 [===================>..........] - ETA: 0s - loss: 0.2246 - acc: 0.9107
6000/8000 [=====================>........] - ETA: 0s - loss: 0.2241 - acc: 0.9103
6500/8000 [=======================>......] - ETA: 0s - loss: 0.2219 - acc: 0.9112
7000/8000 [=========================>....] - ETA: 0s - loss: 0.2203 - acc: 0.9116
7500/8000 [===========================>..] - ETA: 0s - loss: 0.2239 - acc: 0.9105
8000/8000 [==============================] - 1s 127us/step - loss: 0.2220 - acc: 0.9115 - val_loss: 0.4047 - val_acc: 0.8695
Epoch 5/50

 100/8000 [..............................] - ETA: 0s - loss: 0.2049 - acc: 0.9300
 600/8000 [=>............................] - ETA: 0s - loss: 0.1761 - acc: 0.9383
1100/8000 [===>..........................] - ETA: 0s - loss: 0.1603 - acc: 0.9473
1600/8000 [=====>........................] - ETA: 0s - loss: 0.1741 - acc: 0.9419
2100/8000 [======>.......................] - ETA: 0s - loss: 0.1808 - acc: 0.9357
2600/8000 [========>.....................] - ETA: 0s - loss: 0.1775 - acc: 0.9358
3100/8000 [==========>...................] - ETA: 0s - loss: 0.1786 - acc: 0.9345
3500/8000 [============>.................] - ETA: 0s - loss: 0.1797 - acc: 0.9309
3900/8000 [=============>................] - ETA: 0s - loss: 0.1775 - acc: 0.9315
4300/8000 [===============>..............] - ETA: 0s - loss: 0.1765 - acc: 0.9328
4800/8000 [=================>............] - ETA: 0s - loss: 0.1772 - acc: 0.9329
5300/8000 [==================>...........] - ETA: 0s - loss: 0.1787 - acc: 0.9330
5800/8000 [====================>.........] - ETA: 0s - loss: 0.1798 - acc: 0.9328
6300/8000 [======================>.......] - ETA: 0s - loss: 0.1810 - acc: 0.9313
6800/8000 [========================>.....] - ETA: 0s - loss: 0.1839 - acc: 0.9303
7300/8000 [==========================>...] - ETA: 0s - loss: 0.1830 - acc: 0.9304
7700/8000 [===========================>..] - ETA: 0s - loss: 0.1837 - acc: 0.9303
8000/8000 [==============================] - 1s 128us/step - loss: 0.1828 - acc: 0.9304 - val_loss: 0.3411 - val_acc: 0.8905
Epoch 6/50

 100/8000 [..............................] - ETA: 1s - loss: 0.1315 - acc: 0.9400
 600/8000 [=>............................] - ETA: 0s - loss: 0.1514 - acc: 0.9400
1100/8000 [===>..........................] - ETA: 0s - loss: 0.1432 - acc: 0.9436
1600/8000 [=====>........................] - ETA: 0s - loss: 0.1271 - acc: 0.9506
2100/8000 [======>.......................] - ETA: 0s - loss: 0.1321 - acc: 0.9490
2600/8000 [========>.....................] - ETA: 0s - loss: 0.1356 - acc: 0.9488
3100/8000 [==========>...................] - ETA: 0s - loss: 0.1336 - acc: 0.9503
3500/8000 [============>.................] - ETA: 0s - loss: 0.1314 - acc: 0.9517
3900/8000 [=============>................] - ETA: 0s - loss: 0.1355 - acc: 0.9505
4300/8000 [===============>..............] - ETA: 0s - loss: 0.1386 - acc: 0.9488
4700/8000 [================>.............] - ETA: 0s - loss: 0.1396 - acc: 0.9481
5200/8000 [==================>...........] - ETA: 0s - loss: 0.1403 - acc: 0.9479
5700/8000 [====================>.........] - ETA: 0s - loss: 0.1401 - acc: 0.9481
6200/8000 [======================>.......] - ETA: 0s - loss: 0.1438 - acc: 0.9461
6700/8000 [========================>.....] - ETA: 0s - loss: 0.1431 - acc: 0.9458
7200/8000 [==========================>...] - ETA: 0s - loss: 0.1441 - acc: 0.9456
7700/8000 [===========================>..] - ETA: 0s - loss: 0.1455 - acc: 0.9451
8000/8000 [==============================] - 1s 128us/step - loss: 0.1459 - acc: 0.9441 - val_loss: 0.3611 - val_acc: 0.8805
Epoch 7/50

 100/8000 [..............................] - ETA: 0s - loss: 0.1269 - acc: 0.9500
 600/8000 [=>............................] - ETA: 0s - loss: 0.1303 - acc: 0.9467
1100/8000 [===>..........................] - ETA: 0s - loss: 0.1253 - acc: 0.9518
1600/8000 [=====>........................] - ETA: 0s - loss: 0.1287 - acc: 0.9506
2100/8000 [======>.......................] - ETA: 0s - loss: 0.1297 - acc: 0.9476
2500/8000 [========>.....................] - ETA: 0s - loss: 0.1323 - acc: 0.9464
3000/8000 [==========>...................] - ETA: 0s - loss: 0.1331 - acc: 0.9457
3400/8000 [===========>..................] - ETA: 0s - loss: 0.1280 - acc: 0.9476
3900/8000 [=============>................] - ETA: 0s - loss: 0.1263 - acc: 0.9495
4400/8000 [===============>..............] - ETA: 0s - loss: 0.1248 - acc: 0.9509
4800/8000 [=================>............] - ETA: 0s - loss: 0.1262 - acc: 0.9504
5300/8000 [==================>...........] - ETA: 0s - loss: 0.1274 - acc: 0.9492
5800/8000 [====================>.........] - ETA: 0s - loss: 0.1268 - acc: 0.9493
6300/8000 [======================>.......] - ETA: 0s - loss: 0.1251 - acc: 0.9497
6800/8000 [========================>.....] - ETA: 0s - loss: 0.1256 - acc: 0.9500
7300/8000 [==========================>...] - ETA: 0s - loss: 0.1271 - acc: 0.9499
7800/8000 [============================>.] - ETA: 0s - loss: 0.1296 - acc: 0.9497
8000/8000 [==============================] - 1s 128us/step - loss: 0.1299 - acc: 0.9496 - val_loss: 0.3111 - val_acc: 0.8883
Epoch 8/50

 100/8000 [..............................] - ETA: 0s - loss: 0.1723 - acc: 0.9300
 600/8000 [=>............................] - ETA: 0s - loss: 0.1243 - acc: 0.9500
1000/8000 [==>...........................] - ETA: 0s - loss: 0.1225 - acc: 0.9470
1400/8000 [====>.........................] - ETA: 0s - loss: 0.1175 - acc: 0.9500
1900/8000 [======>.......................] - ETA: 0s - loss: 0.1167 - acc: 0.9495
2400/8000 [========>.....................] - ETA: 0s - loss: 0.1155 - acc: 0.9500
2900/8000 [=========>....................] - ETA: 0s - loss: 0.1129 - acc: 0.9517
3300/8000 [===========>..................] - ETA: 0s - loss: 0.1105 - acc: 0.9530
3700/8000 [============>.................] - ETA: 0s - loss: 0.1135 - acc: 0.9524
4100/8000 [==============>...............] - ETA: 0s - loss: 0.1099 - acc: 0.9554
4600/8000 [================>.............] - ETA: 0s - loss: 0.1115 - acc: 0.9546
5100/8000 [==================>...........] - ETA: 0s - loss: 0.1115 - acc: 0.9561
5600/8000 [====================>.........] - ETA: 0s - loss: 0.1101 - acc: 0.9561
6100/8000 [=====================>........] - ETA: 0s - loss: 0.1103 - acc: 0.9562
6500/8000 [=======================>......] - ETA: 0s - loss: 0.1090 - acc: 0.9566
7000/8000 [=========================>....] - ETA: 0s - loss: 0.1091 - acc: 0.9569
7500/8000 [===========================>..] - ETA: 0s - loss: 0.1083 - acc: 0.9572
8000/8000 [==============================] - 1s 129us/step - loss: 0.1075 - acc: 0.9576 - val_loss: 0.4297 - val_acc: 0.8883
Epoch 9/50

 100/8000 [..............................] - ETA: 1s - loss: 0.0770 - acc: 0.9800
 600/8000 [=>............................] - ETA: 0s - loss: 0.0865 - acc: 0.9683
1100/8000 [===>..........................] - ETA: 0s - loss: 0.1118 - acc: 0.9591
1500/8000 [====>.........................] - ETA: 0s - loss: 0.1060 - acc: 0.9593
2000/8000 [======>.......................] - ETA: 0s - loss: 0.1044 - acc: 0.9605
2500/8000 [========>.....................] - ETA: 0s - loss: 0.1011 - acc: 0.9616
3000/8000 [==========>...................] - ETA: 0s - loss: 0.1010 - acc: 0.9620
3500/8000 [============>.................] - ETA: 0s - loss: 0.0990 - acc: 0.9634
4000/8000 [==============>...............] - ETA: 0s - loss: 0.1003 - acc: 0.9630
4500/8000 [===============>..............] - ETA: 0s - loss: 0.0977 - acc: 0.9638
5000/8000 [=================>............] - ETA: 0s - loss: 0.0967 - acc: 0.9630
5500/8000 [===================>..........] - ETA: 0s - loss: 0.0971 - acc: 0.9625
5900/8000 [=====================>........] - ETA: 0s - loss: 0.0958 - acc: 0.9634
6400/8000 [=======================>......] - ETA: 0s - loss: 0.0944 - acc: 0.9644
6800/8000 [========================>.....] - ETA: 0s - loss: 0.0956 - acc: 0.9640
7300/8000 [==========================>...] - ETA: 0s - loss: 0.0951 - acc: 0.9640
7800/8000 [============================>.] - ETA: 0s - loss: 0.0957 - acc: 0.9633
8000/8000 [==============================] - 1s 128us/step - loss: 0.0951 - acc: 0.9636 - val_loss: 0.3992 - val_acc: 0.8883
Epoch 10/50

 100/8000 [..............................] - ETA: 1s - loss: 0.0675 - acc: 0.9700
 600/8000 [=>............................] - ETA: 0s - loss: 0.0850 - acc: 0.9650
1100/8000 [===>..........................] - ETA: 0s - loss: 0.0629 - acc: 0.9727
1600/8000 [=====>........................] - ETA: 0s - loss: 0.0773 - acc: 0.9688
2100/8000 [======>.......................] - ETA: 0s - loss: 0.0760 - acc: 0.9700
2600/8000 [========>.....................] - ETA: 0s - loss: 0.0770 - acc: 0.9696
3100/8000 [==========>...................] - ETA: 0s - loss: 0.0791 - acc: 0.9700
3600/8000 [============>.................] - ETA: 0s - loss: 0.0796 - acc: 0.9694
4100/8000 [==============>...............] - ETA: 0s - loss: 0.0824 - acc: 0.9676
4600/8000 [================>.............] - ETA: 0s - loss: 0.0822 - acc: 0.9678
5100/8000 [==================>...........] - ETA: 0s - loss: 0.0877 - acc: 0.9657
5500/8000 [===================>..........] - ETA: 0s - loss: 0.0871 - acc: 0.9656
6000/8000 [=====================>........] - ETA: 0s - loss: 0.0865 - acc: 0.9653
6400/8000 [=======================>......] - ETA: 0s - loss: 0.0870 - acc: 0.9652
6900/8000 [========================>.....] - ETA: 0s - loss: 0.0882 - acc: 0.9649
7400/8000 [==========================>...] - ETA: 0s - loss: 0.0880 - acc: 0.9647
7900/8000 [============================>.] - ETA: 0s - loss: 0.0892 - acc: 0.9644
8000/8000 [==============================] - 1s 128us/step - loss: 0.0897 - acc: 0.9644 - val_loss: 0.3946 - val_acc: 0.8761
Epoch 11/50

 100/8000 [..............................] - ETA: 0s - loss: 0.1080 - acc: 0.9600
 600/8000 [=>............................] - ETA: 0s - loss: 0.0976 - acc: 0.9750
1000/8000 [==>...........................] - ETA: 0s - loss: 0.0924 - acc: 0.9730
1400/8000 [====>.........................] - ETA: 0s - loss: 0.0797 - acc: 0.9757
1900/8000 [======>.......................] - ETA: 0s - loss: 0.0728 - acc: 0.9768
2400/8000 [========>.....................] - ETA: 0s - loss: 0.0774 - acc: 0.9738
2900/8000 [=========>....................] - ETA: 0s - loss: 0.0798 - acc: 0.9728
3400/8000 [===========>..................] - ETA: 0s - loss: 0.0810 - acc: 0.9700
3900/8000 [=============>................] - ETA: 0s - loss: 0.0778 - acc: 0.9708
4300/8000 [===============>..............] - ETA: 0s - loss: 0.0809 - acc: 0.9693
4800/8000 [=================>............] - ETA: 0s - loss: 0.0844 - acc: 0.9681
5300/8000 [==================>...........] - ETA: 0s - loss: 0.0857 - acc: 0.9672
5800/8000 [====================>.........] - ETA: 0s - loss: 0.0872 - acc: 0.9666
6300/8000 [======================>.......] - ETA: 0s - loss: 0.0858 - acc: 0.9670
6800/8000 [========================>.....] - ETA: 0s - loss: 0.0863 - acc: 0.9663
7300/8000 [==========================>...] - ETA: 0s - loss: 0.0859 - acc: 0.9662
7800/8000 [============================>.] - ETA: 0s - loss: 0.0870 - acc: 0.9659
8000/8000 [==============================] - 1s 128us/step - loss: 0.0874 - acc: 0.9656 - val_loss: 0.3482 - val_acc: 0.9038
Epoch 12/50

 100/8000 [..............................] - ETA: 1s - loss: 0.0710 - acc: 0.9800
 600/8000 [=>............................] - ETA: 0s - loss: 0.0688 - acc: 0.9800
1000/8000 [==>...........................] - ETA: 0s - loss: 0.0630 - acc: 0.9760
1500/8000 [====>.........................] - ETA: 0s - loss: 0.0663 - acc: 0.9740
2000/8000 [======>.......................] - ETA: 0s - loss: 0.0740 - acc: 0.9725
2400/8000 [========>.....................] - ETA: 0s - loss: 0.0764 - acc: 0.9721
2900/8000 [=========>....................] - ETA: 0s - loss: 0.0741 - acc: 0.9731
3400/8000 [===========>..................] - ETA: 0s - loss: 0.0798 - acc: 0.9712
3900/8000 [=============>................] - ETA: 0s - loss: 0.0801 - acc: 0.9708
4400/8000 [===============>..............] - ETA: 0s - loss: 0.0795 - acc: 0.9709
4900/8000 [=================>............] - ETA: 0s - loss: 0.0797 - acc: 0.9700
5400/8000 [===================>..........] - ETA: 0s - loss: 0.0797 - acc: 0.9696
5900/8000 [=====================>........] - ETA: 0s - loss: 0.0784 - acc: 0.9698
6400/8000 [=======================>......] - ETA: 0s - loss: 0.0795 - acc: 0.9694
6900/8000 [========================>.....] - ETA: 0s - loss: 0.0780 - acc: 0.9699
7400/8000 [==========================>...] - ETA: 0s - loss: 0.0788 - acc: 0.9700
7900/8000 [============================>.] - ETA: 0s - loss: 0.0797 - acc: 0.9696
8000/8000 [==============================] - 1s 127us/step - loss: 0.0797 - acc: 0.9695 - val_loss: 0.4465 - val_acc: 0.8883
Epoch 13/50

 100/8000 [..............................] - ETA: 1s - loss: 0.0575 - acc: 0.9800
 600/8000 [=>............................] - ETA: 0s - loss: 0.0510 - acc: 0.9817
1100/8000 [===>..........................] - ETA: 0s - loss: 0.0543 - acc: 0.9791
1600/8000 [=====>........................] - ETA: 0s - loss: 0.0591 - acc: 0.9763
2100/8000 [======>.......................] - ETA: 0s - loss: 0.0569 - acc: 0.9771
2600/8000 [========>.....................] - ETA: 0s - loss: 0.0607 - acc: 0.9750
3100/8000 [==========>...................] - ETA: 0s - loss: 0.0621 - acc: 0.9735
3600/8000 [============>.................] - ETA: 0s - loss: 0.0608 - acc: 0.9742
4100/8000 [==============>...............] - ETA: 0s - loss: 0.0595 - acc: 0.9749
4600/8000 [================>.............] - ETA: 0s - loss: 0.0638 - acc: 0.9737
5100/8000 [==================>...........] - ETA: 0s - loss: 0.0641 - acc: 0.9737
5600/8000 [====================>.........] - ETA: 0s - loss: 0.0634 - acc: 0.9745
6000/8000 [=====================>........] - ETA: 0s - loss: 0.0632 - acc: 0.9740
6500/8000 [=======================>......] - ETA: 0s - loss: 0.0643 - acc: 0.9725
6900/8000 [========================>.....] - ETA: 0s - loss: 0.0652 - acc: 0.9719
7400/8000 [==========================>...] - ETA: 0s - loss: 0.0658 - acc: 0.9714
7800/8000 [============================>.] - ETA: 0s - loss: 0.0654 - acc: 0.9714
8000/8000 [==============================] - 1s 127us/step - loss: 0.0658 - acc: 0.9714 - val_loss: 0.4389 - val_acc: 0.8927
Epoch 14/50

 100/8000 [..............................] - ETA: 0s - loss: 0.0814 - acc: 0.9400
 600/8000 [=>............................] - ETA: 0s - loss: 0.0706 - acc: 0.9683
1100/8000 [===>..........................] - ETA: 0s - loss: 0.0597 - acc: 0.9764
1500/8000 [====>.........................] - ETA: 0s - loss: 0.0658 - acc: 0.9773
2000/8000 [======>.......................] - ETA: 0s - loss: 0.0636 - acc: 0.9755
2500/8000 [========>.....................] - ETA: 0s - loss: 0.0646 - acc: 0.9748
2900/8000 [=========>....................] - ETA: 0s - loss: 0.0699 - acc: 0.9741
3300/8000 [===========>..................] - ETA: 0s - loss: 0.0707 - acc: 0.9736
3800/8000 [=============>................] - ETA: 0s - loss: 0.0716 - acc: 0.9734
4300/8000 [===============>..............] - ETA: 0s - loss: 0.0733 - acc: 0.9728
4800/8000 [=================>............] - ETA: 0s - loss: 0.0751 - acc: 0.9715
5300/8000 [==================>...........] - ETA: 0s - loss: 0.0754 - acc: 0.9713
5800/8000 [====================>.........] - ETA: 0s - loss: 0.0782 - acc: 0.9700
6300/8000 [======================>.......] - ETA: 0s - loss: 0.0790 - acc: 0.9692
6700/8000 [========================>.....] - ETA: 0s - loss: 0.0777 - acc: 0.9697
7100/8000 [=========================>....] - ETA: 0s - loss: 0.0767 - acc: 0.9700
7600/8000 [===========================>..] - ETA: 0s - loss: 0.0778 - acc: 0.9697
8000/8000 [==============================] - 1s 128us/step - loss: 0.0765 - acc: 0.9703 - val_loss: 0.3970 - val_acc: 0.9049
Epoch 15/50

 100/8000 [..............................] - ETA: 1s - loss: 0.0146 - acc: 1.0000
 600/8000 [=>............................] - ETA: 0s - loss: 0.0444 - acc: 0.9850
1100/8000 [===>..........................] - ETA: 0s - loss: 0.0482 - acc: 0.9845
1600/8000 [=====>........................] - ETA: 0s - loss: 0.0549 - acc: 0.9800
2100/8000 [======>.......................] - ETA: 0s - loss: 0.0518 - acc: 0.9810
2600/8000 [========>.....................] - ETA: 0s - loss: 0.0522 - acc: 0.9800
3000/8000 [==========>...................] - ETA: 0s - loss: 0.0560 - acc: 0.9783
3400/8000 [===========>..................] - ETA: 0s - loss: 0.0579 - acc: 0.9759
3800/8000 [=============>................] - ETA: 0s - loss: 0.0593 - acc: 0.9761
4300/8000 [===============>..............] - ETA: 0s - loss: 0.0627 - acc: 0.9740
4800/8000 [=================>............] - ETA: 0s - loss: 0.0630 - acc: 0.9742
5300/8000 [==================>...........] - ETA: 0s - loss: 0.0642 - acc: 0.9738
5800/8000 [====================>.........] - ETA: 0s - loss: 0.0633 - acc: 0.9741
6300/8000 [======================>.......] - ETA: 0s - loss: 0.0634 - acc: 0.9738
6800/8000 [========================>.....] - ETA: 0s - loss: 0.0638 - acc: 0.9734
7300/8000 [==========================>...] - ETA: 0s - loss: 0.0646 - acc: 0.9734
7800/8000 [============================>.] - ETA: 0s - loss: 0.0636 - acc: 0.9736
8000/8000 [==============================] - 1s 128us/step - loss: 0.0637 - acc: 0.9734 - val_loss: 0.4534 - val_acc: 0.8971
Epoch 16/50

 100/8000 [..............................] - ETA: 1s - loss: 0.1304 - acc: 0.9400
 600/8000 [=>............................] - ETA: 0s - loss: 0.0689 - acc: 0.9767
1100/8000 [===>..........................] - ETA: 0s - loss: 0.0597 - acc: 0.9809
1600/8000 [=====>........................] - ETA: 0s - loss: 0.0580 - acc: 0.9781
2100/8000 [======>.......................] - ETA: 0s - loss: 0.0546 - acc: 0.9800
2600/8000 [========>.....................] - ETA: 0s - loss: 0.0581 - acc: 0.9773
3100/8000 [==========>...................] - ETA: 0s - loss: 0.0570 - acc: 0.9768
3600/8000 [============>.................] - ETA: 0s - loss: 0.0552 - acc: 0.9775
4100/8000 [==============>...............] - ETA: 0s - loss: 0.0563 - acc: 0.9780
4600/8000 [================>.............] - ETA: 0s - loss: 0.0563 - acc: 0.9776
5100/8000 [==================>...........] - ETA: 0s - loss: 0.0571 - acc: 0.9769
5600/8000 [====================>.........] - ETA: 0s - loss: 0.0592 - acc: 0.9761
6100/8000 [=====================>........] - ETA: 0s - loss: 0.0616 - acc: 0.9759
6600/8000 [=======================>......] - ETA: 0s - loss: 0.0620 - acc: 0.9758
7100/8000 [=========================>....] - ETA: 0s - loss: 0.0625 - acc: 0.9749
7600/8000 [===========================>..] - ETA: 0s - loss: 0.0639 - acc: 0.9745
8000/8000 [==============================] - 1s 127us/step - loss: 0.0640 - acc: 0.9745 - val_loss: 0.4467 - val_acc: 0.8905
Epoch 17/50

 100/8000 [..............................] - ETA: 1s - loss: 0.0477 - acc: 0.9800
 600/8000 [=>............................] - ETA: 0s - loss: 0.0340 - acc: 0.9850
1100/8000 [===>..........................] - ETA: 0s - loss: 0.0434 - acc: 0.9809
1600/8000 [=====>........................] - ETA: 0s - loss: 0.0517 - acc: 0.9800
2000/8000 [======>.......................] - ETA: 0s - loss: 0.0503 - acc: 0.9810
2500/8000 [========>.....................] - ETA: 0s - loss: 0.0615 - acc: 0.9772
3000/8000 [==========>...................] - ETA: 0s - loss: 0.0588 - acc: 0.9787
3500/8000 [============>.................] - ETA: 0s - loss: 0.0626 - acc: 0.9751
3900/8000 [=============>................] - ETA: 0s - loss: 0.0616 - acc: 0.9759
4400/8000 [===============>..............] - ETA: 0s - loss: 0.0652 - acc: 0.9748
4900/8000 [=================>............] - ETA: 0s - loss: 0.0636 - acc: 0.9753
5400/8000 [===================>..........] - ETA: 0s - loss: 0.0642 - acc: 0.9744
5900/8000 [=====================>........] - ETA: 0s - loss: 0.0673 - acc: 0.9731
6400/8000 [=======================>......] - ETA: 0s - loss: 0.0683 - acc: 0.9723
6800/8000 [========================>.....] - ETA: 0s - loss: 0.0686 - acc: 0.9721
7300/8000 [==========================>...] - ETA: 0s - loss: 0.0675 - acc: 0.9725
7800/8000 [============================>.] - ETA: 0s - loss: 0.0665 - acc: 0.9729
8000/8000 [==============================] - 1s 128us/step - loss: 0.0659 - acc: 0.9730 - val_loss: 0.4681 - val_acc: 0.8949
Epoch 00017: early stopping
mal2d01_c # of params 3499009
              precision    recall  f1-score   support

           0     0.9289    0.9706    0.9493      2721
           1     0.9868    0.9673    0.9770      6183

    accuracy                         0.9683      8904
   macro avg     0.9579    0.9690    0.9631      8904
weighted avg     0.9691    0.9683    0.9685      8904

0.9936260185855361
mal2d01_c # of params 3499009
839
mal2d01_c -4363 -143
mal2d01_c 0.5985461906514538 0.8295589988081049
theshold [0.93281204] [0.99839556]
              precision    recall  f1-score   support

           0     0.1376    0.8296    0.2360       839
           1     0.9785    0.5985    0.7427     10868

    accuracy                         0.6151     11707
   macro avg     0.5580    0.7141    0.4894     11707
weighted avg     0.9182    0.6151    0.7064     11707

0.8213548495917858
