2019-08-04 16:45:32.772125: I tensorflow/core/platform/cpu_feature_guard.cc:141] Your CPU supports instructions that this TensorFlow binary was not compiled to use: AVX2 FMA
2019-08-04 16:45:32.795665: I tensorflow/core/platform/profile_utils/cpu_utils.cc:94] CPU Frequency: 3399655000 Hz
2019-08-04 16:45:32.796315: I tensorflow/compiler/xla/service/service.cc:150] XLA service 0x2dc8650 executing computations on platform Host. Devices:
2019-08-04 16:45:32.796355: I tensorflow/compiler/xla/service/service.cc:158]   StreamExecutor device (0): <undefined>, <undefined>
2019-08-04 16:45:32.919305: I tensorflow/stream_executor/cuda/cuda_gpu_executor.cc:998] successful NUMA node read from SysFS had negative value (-1), but there must be at least one NUMA node, so returning NUMA node zero
2019-08-04 16:45:32.920652: I tensorflow/compiler/xla/service/service.cc:150] XLA service 0x2cfc450 executing computations on platform CUDA. Devices:
2019-08-04 16:45:32.920668: I tensorflow/compiler/xla/service/service.cc:158]   StreamExecutor device (0): TITAN RTX, Compute Capability 7.5
2019-08-04 16:45:32.920788: I tensorflow/core/common_runtime/gpu/gpu_device.cc:1433] Found device 0 with properties: 
name: TITAN RTX major: 7 minor: 5 memoryClockRate(GHz): 1.77
pciBusID: 0000:2e:00.0
totalMemory: 23.62GiB freeMemory: 23.31GiB
2019-08-04 16:45:32.920800: I tensorflow/core/common_runtime/gpu/gpu_device.cc:1512] Adding visible gpu devices: 0
2019-08-04 16:45:32.922504: I tensorflow/core/common_runtime/gpu/gpu_device.cc:984] Device interconnect StreamExecutor with strength 1 edge matrix:
2019-08-04 16:45:32.922516: I tensorflow/core/common_runtime/gpu/gpu_device.cc:990]      0 
2019-08-04 16:45:32.922521: I tensorflow/core/common_runtime/gpu/gpu_device.cc:1003] 0:   N 
2019-08-04 16:45:32.922599: I tensorflow/core/common_runtime/gpu/gpu_device.cc:1115] Created TensorFlow device (/job:localhost/replica:0/task:0/device:GPU:0 with 22680 MB memory) -> physical GPU (device: 0, name: TITAN RTX, pci bus id: 0000:2e:00.0, compute capability: 7.5)
Using TensorFlow backend.
WARNING:tensorflow:From /home/minkcho/tf13/lib/python3.7/site-packages/tensorflow/python/framework/op_def_library.py:263: colocate_with (from tensorflow.python.framework.ops) is deprecated and will be removed in a future version.
Instructions for updating:
Colocations handled automatically by placer.
WARNING:tensorflow:From /home/minkcho/tf13/lib/python3.7/site-packages/tensorflow/python/ops/math_ops.py:3066: to_int32 (from tensorflow.python.ops.math_ops) is deprecated and will be removed in a future version.
Instructions for updating:
Use tf.cast instead.
WARNING:tensorflow:From /home/minkcho/tf13/lib/python3.7/site-packages/tensorflow/python/ops/math_grad.py:102: div (from tensorflow.python.ops.math_ops) is deprecated and will be removed in a future version.
Instructions for updating:
Deprecated in favor of operator or tf.math.divide.
2019-08-04 16:45:33.969648: I tensorflow/stream_executor/dso_loader.cc:152] successfully opened CUDA library libcublas.so.10.0 locally
['x_train', 'y_train', 'x_valid', 'y_valid']
5553
630
(8000, 64, 64, 1)
(904, 64, 64, 1)
Train on 8000 samples, validate on 904 samples
Epoch 1/50

 100/8000 [..............................] - ETA: 2:32 - loss: 0.7108 - acc: 0.3500
 500/8000 [>.............................] - ETA: 29s - loss: 0.6655 - acc: 0.6200 
 900/8000 [==>...........................] - ETA: 16s - loss: 0.6438 - acc: 0.6633
1300/8000 [===>..........................] - ETA: 10s - loss: 0.6374 - acc: 0.6769
1700/8000 [=====>........................] - ETA: 7s - loss: 0.6299 - acc: 0.6788 
2200/8000 [=======>......................] - ETA: 5s - loss: 0.6164 - acc: 0.6841
2700/8000 [=========>....................] - ETA: 4s - loss: 0.6071 - acc: 0.6863
3200/8000 [===========>..................] - ETA: 3s - loss: 0.6009 - acc: 0.6828
3700/8000 [============>.................] - ETA: 2s - loss: 0.5896 - acc: 0.6889
4200/8000 [==============>...............] - ETA: 2s - loss: 0.6020 - acc: 0.6871
4600/8000 [================>.............] - ETA: 1s - loss: 0.6030 - acc: 0.6854
5100/8000 [==================>...........] - ETA: 1s - loss: 0.5981 - acc: 0.6863
5600/8000 [====================>.........] - ETA: 1s - loss: 0.5984 - acc: 0.6836
6100/8000 [=====================>........] - ETA: 0s - loss: 0.5897 - acc: 0.6893
6600/8000 [=======================>......] - ETA: 0s - loss: 0.5823 - acc: 0.6953
7100/8000 [=========================>....] - ETA: 0s - loss: 0.5720 - acc: 0.7031
7600/8000 [===========================>..] - ETA: 0s - loss: 0.5645 - acc: 0.7070
8000/8000 [==============================] - 3s 375us/step - loss: 0.5561 - acc: 0.7125 - val_loss: 0.5134 - val_acc: 0.7920
Epoch 2/50

 100/8000 [..............................] - ETA: 0s - loss: 0.4353 - acc: 0.7600
 600/8000 [=>............................] - ETA: 0s - loss: 0.3994 - acc: 0.8200
1100/8000 [===>..........................] - ETA: 0s - loss: 0.3937 - acc: 0.8236
1600/8000 [=====>........................] - ETA: 0s - loss: 0.3947 - acc: 0.8225
2100/8000 [======>.......................] - ETA: 0s - loss: 0.3950 - acc: 0.8262
2600/8000 [========>.....................] - ETA: 0s - loss: 0.3901 - acc: 0.8292
3000/8000 [==========>...................] - ETA: 0s - loss: 0.3901 - acc: 0.8280
3400/8000 [===========>..................] - ETA: 0s - loss: 0.3850 - acc: 0.8303
3900/8000 [=============>................] - ETA: 0s - loss: 0.3869 - acc: 0.8303
4400/8000 [===============>..............] - ETA: 0s - loss: 0.3894 - acc: 0.8282
4900/8000 [=================>............] - ETA: 0s - loss: 0.3822 - acc: 0.8333
5400/8000 [===================>..........] - ETA: 0s - loss: 0.3796 - acc: 0.8331
5900/8000 [=====================>........] - ETA: 0s - loss: 0.3771 - acc: 0.8353
6400/8000 [=======================>......] - ETA: 0s - loss: 0.3749 - acc: 0.8364
6900/8000 [========================>.....] - ETA: 0s - loss: 0.3733 - acc: 0.8368
7300/8000 [==========================>...] - ETA: 0s - loss: 0.3727 - acc: 0.8367
7800/8000 [============================>.] - ETA: 0s - loss: 0.3687 - acc: 0.8386
8000/8000 [==============================] - 1s 128us/step - loss: 0.3693 - acc: 0.8387 - val_loss: 0.3851 - val_acc: 0.8440
Epoch 3/50

 100/8000 [..............................] - ETA: 0s - loss: 0.3128 - acc: 0.8700
 600/8000 [=>............................] - ETA: 0s - loss: 0.3039 - acc: 0.8700
1100/8000 [===>..........................] - ETA: 0s - loss: 0.2951 - acc: 0.8809
1600/8000 [=====>........................] - ETA: 0s - loss: 0.2982 - acc: 0.8800
2100/8000 [======>.......................] - ETA: 0s - loss: 0.3014 - acc: 0.8781
2600/8000 [========>.....................] - ETA: 0s - loss: 0.2900 - acc: 0.8838
3100/8000 [==========>...................] - ETA: 0s - loss: 0.2899 - acc: 0.8832
3500/8000 [============>.................] - ETA: 0s - loss: 0.2904 - acc: 0.8837
4000/8000 [==============>...............] - ETA: 0s - loss: 0.2907 - acc: 0.8835
4500/8000 [===============>..............] - ETA: 0s - loss: 0.2835 - acc: 0.8869
5000/8000 [=================>............] - ETA: 0s - loss: 0.2891 - acc: 0.8848
5500/8000 [===================>..........] - ETA: 0s - loss: 0.2922 - acc: 0.8838
6000/8000 [=====================>........] - ETA: 0s - loss: 0.2897 - acc: 0.8865
6500/8000 [=======================>......] - ETA: 0s - loss: 0.2903 - acc: 0.8858
7000/8000 [=========================>....] - ETA: 0s - loss: 0.2889 - acc: 0.8874
7500/8000 [===========================>..] - ETA: 0s - loss: 0.2896 - acc: 0.8863
8000/8000 [==============================] - 1s 128us/step - loss: 0.2902 - acc: 0.8858 - val_loss: 0.3538 - val_acc: 0.8595
Epoch 4/50

 100/8000 [..............................] - ETA: 0s - loss: 0.1776 - acc: 0.9500
 600/8000 [=>............................] - ETA: 0s - loss: 0.2574 - acc: 0.9000
1000/8000 [==>...........................] - ETA: 0s - loss: 0.2325 - acc: 0.9140
1500/8000 [====>.........................] - ETA: 0s - loss: 0.2244 - acc: 0.9140
1900/8000 [======>.......................] - ETA: 0s - loss: 0.2150 - acc: 0.9179
2300/8000 [=======>......................] - ETA: 0s - loss: 0.2259 - acc: 0.9139
2800/8000 [=========>....................] - ETA: 0s - loss: 0.2342 - acc: 0.9107
3300/8000 [===========>..................] - ETA: 0s - loss: 0.2365 - acc: 0.9103
3700/8000 [============>.................] - ETA: 0s - loss: 0.2435 - acc: 0.9049
4200/8000 [==============>...............] - ETA: 0s - loss: 0.2429 - acc: 0.9060
4600/8000 [================>.............] - ETA: 0s - loss: 0.2374 - acc: 0.9078
5100/8000 [==================>...........] - ETA: 0s - loss: 0.2333 - acc: 0.9084
5600/8000 [====================>.........] - ETA: 0s - loss: 0.2370 - acc: 0.9064
6100/8000 [=====================>........] - ETA: 0s - loss: 0.2360 - acc: 0.9062
6600/8000 [=======================>......] - ETA: 0s - loss: 0.2390 - acc: 0.9053
7100/8000 [=========================>....] - ETA: 0s - loss: 0.2389 - acc: 0.9058
7600/8000 [===========================>..] - ETA: 0s - loss: 0.2397 - acc: 0.9055
8000/8000 [==============================] - 1s 128us/step - loss: 0.2363 - acc: 0.9071 - val_loss: 0.3867 - val_acc: 0.8673
Epoch 5/50

 100/8000 [..............................] - ETA: 0s - loss: 0.1695 - acc: 0.9400
 600/8000 [=>............................] - ETA: 0s - loss: 0.1674 - acc: 0.9400
1000/8000 [==>...........................] - ETA: 0s - loss: 0.1616 - acc: 0.9400
1500/8000 [====>.........................] - ETA: 0s - loss: 0.1649 - acc: 0.9393
2000/8000 [======>.......................] - ETA: 0s - loss: 0.1724 - acc: 0.9340
2400/8000 [========>.....................] - ETA: 0s - loss: 0.1746 - acc: 0.9308
2900/8000 [=========>....................] - ETA: 0s - loss: 0.1739 - acc: 0.9321
3400/8000 [===========>..................] - ETA: 0s - loss: 0.1720 - acc: 0.9338
3900/8000 [=============>................] - ETA: 0s - loss: 0.1692 - acc: 0.9354
4400/8000 [===============>..............] - ETA: 0s - loss: 0.1756 - acc: 0.9334
4900/8000 [=================>............] - ETA: 0s - loss: 0.1763 - acc: 0.9331
5400/8000 [===================>..........] - ETA: 0s - loss: 0.1789 - acc: 0.9320
5800/8000 [====================>.........] - ETA: 0s - loss: 0.1795 - acc: 0.9317
6300/8000 [======================>.......] - ETA: 0s - loss: 0.1801 - acc: 0.9316
6800/8000 [========================>.....] - ETA: 0s - loss: 0.1803 - acc: 0.9321
7300/8000 [==========================>...] - ETA: 0s - loss: 0.1814 - acc: 0.9311
7700/8000 [===========================>..] - ETA: 0s - loss: 0.1807 - acc: 0.9316
8000/8000 [==============================] - 1s 128us/step - loss: 0.1820 - acc: 0.9308 - val_loss: 0.3452 - val_acc: 0.8739
Epoch 6/50

 100/8000 [..............................] - ETA: 1s - loss: 0.1490 - acc: 0.9500
 600/8000 [=>............................] - ETA: 0s - loss: 0.1547 - acc: 0.9417
1100/8000 [===>..........................] - ETA: 0s - loss: 0.1495 - acc: 0.9418
1600/8000 [=====>........................] - ETA: 0s - loss: 0.1295 - acc: 0.9500
2100/8000 [======>.......................] - ETA: 0s - loss: 0.1287 - acc: 0.9519
2600/8000 [========>.....................] - ETA: 0s - loss: 0.1282 - acc: 0.9535
3100/8000 [==========>...................] - ETA: 0s - loss: 0.1301 - acc: 0.9519
3600/8000 [============>.................] - ETA: 0s - loss: 0.1263 - acc: 0.9539
4100/8000 [==============>...............] - ETA: 0s - loss: 0.1369 - acc: 0.9500
4600/8000 [================>.............] - ETA: 0s - loss: 0.1404 - acc: 0.9485
5100/8000 [==================>...........] - ETA: 0s - loss: 0.1412 - acc: 0.9471
5600/8000 [====================>.........] - ETA: 0s - loss: 0.1432 - acc: 0.9471
6100/8000 [=====================>........] - ETA: 0s - loss: 0.1473 - acc: 0.9454
6500/8000 [=======================>......] - ETA: 0s - loss: 0.1494 - acc: 0.9446
6900/8000 [========================>.....] - ETA: 0s - loss: 0.1485 - acc: 0.9448
7400/8000 [==========================>...] - ETA: 0s - loss: 0.1488 - acc: 0.9445
7900/8000 [============================>.] - ETA: 0s - loss: 0.1484 - acc: 0.9442
8000/8000 [==============================] - 1s 128us/step - loss: 0.1483 - acc: 0.9443 - val_loss: 0.4255 - val_acc: 0.8662
Epoch 7/50

 100/8000 [..............................] - ETA: 0s - loss: 0.1942 - acc: 0.9100
 600/8000 [=>............................] - ETA: 0s - loss: 0.1425 - acc: 0.9350
1100/8000 [===>..........................] - ETA: 0s - loss: 0.1232 - acc: 0.9445
1600/8000 [=====>........................] - ETA: 0s - loss: 0.1293 - acc: 0.9406
2100/8000 [======>.......................] - ETA: 0s - loss: 0.1327 - acc: 0.9419
2600/8000 [========>.....................] - ETA: 0s - loss: 0.1398 - acc: 0.9385
3100/8000 [==========>...................] - ETA: 0s - loss: 0.1359 - acc: 0.9403
3500/8000 [============>.................] - ETA: 0s - loss: 0.1326 - acc: 0.9429
4000/8000 [==============>...............] - ETA: 0s - loss: 0.1275 - acc: 0.9460
4500/8000 [===============>..............] - ETA: 0s - loss: 0.1270 - acc: 0.9473
5000/8000 [=================>............] - ETA: 0s - loss: 0.1303 - acc: 0.9460
5500/8000 [===================>..........] - ETA: 0s - loss: 0.1322 - acc: 0.9445
6000/8000 [=====================>........] - ETA: 0s - loss: 0.1304 - acc: 0.9455
6500/8000 [=======================>......] - ETA: 0s - loss: 0.1315 - acc: 0.9465
7000/8000 [=========================>....] - ETA: 0s - loss: 0.1328 - acc: 0.9463
7500/8000 [===========================>..] - ETA: 0s - loss: 0.1334 - acc: 0.9465
8000/8000 [==============================] - 1s 128us/step - loss: 0.1345 - acc: 0.9461 - val_loss: 0.3603 - val_acc: 0.8883
Epoch 8/50

 100/8000 [..............................] - ETA: 0s - loss: 0.1195 - acc: 0.9500
 600/8000 [=>............................] - ETA: 0s - loss: 0.1282 - acc: 0.9500
1100/8000 [===>..........................] - ETA: 0s - loss: 0.1183 - acc: 0.9518
1600/8000 [=====>........................] - ETA: 0s - loss: 0.1160 - acc: 0.9544
2100/8000 [======>.......................] - ETA: 0s - loss: 0.1095 - acc: 0.9567
2500/8000 [========>.....................] - ETA: 0s - loss: 0.1087 - acc: 0.9564
2900/8000 [=========>....................] - ETA: 0s - loss: 0.1040 - acc: 0.9590
3400/8000 [===========>..................] - ETA: 0s - loss: 0.1014 - acc: 0.9600
3800/8000 [=============>................] - ETA: 0s - loss: 0.1055 - acc: 0.9592
4300/8000 [===============>..............] - ETA: 0s - loss: 0.1058 - acc: 0.9600
4800/8000 [=================>............] - ETA: 0s - loss: 0.1064 - acc: 0.9606
5300/8000 [==================>...........] - ETA: 0s - loss: 0.1084 - acc: 0.9604
5800/8000 [====================>.........] - ETA: 0s - loss: 0.1080 - acc: 0.9605
6300/8000 [======================>.......] - ETA: 0s - loss: 0.1074 - acc: 0.9606
6800/8000 [========================>.....] - ETA: 0s - loss: 0.1075 - acc: 0.9607
7200/8000 [==========================>...] - ETA: 0s - loss: 0.1088 - acc: 0.9604
7700/8000 [===========================>..] - ETA: 0s - loss: 0.1085 - acc: 0.9606
8000/8000 [==============================] - 1s 128us/step - loss: 0.1089 - acc: 0.9604 - val_loss: 0.3969 - val_acc: 0.8894
Epoch 9/50

 100/8000 [..............................] - ETA: 0s - loss: 0.0718 - acc: 0.9800
 600/8000 [=>............................] - ETA: 0s - loss: 0.0918 - acc: 0.9650
1100/8000 [===>..........................] - ETA: 0s - loss: 0.1137 - acc: 0.9600
1600/8000 [=====>........................] - ETA: 0s - loss: 0.1161 - acc: 0.9569
2000/8000 [======>.......................] - ETA: 0s - loss: 0.1112 - acc: 0.9590
2500/8000 [========>.....................] - ETA: 0s - loss: 0.1030 - acc: 0.9620
3000/8000 [==========>...................] - ETA: 0s - loss: 0.1085 - acc: 0.9613
3400/8000 [===========>..................] - ETA: 0s - loss: 0.1087 - acc: 0.9609
3900/8000 [=============>................] - ETA: 0s - loss: 0.1086 - acc: 0.9610
4400/8000 [===============>..............] - ETA: 0s - loss: 0.1065 - acc: 0.9609
4900/8000 [=================>............] - ETA: 0s - loss: 0.1034 - acc: 0.9612
5300/8000 [==================>...........] - ETA: 0s - loss: 0.1046 - acc: 0.9604
5800/8000 [====================>.........] - ETA: 0s - loss: 0.1048 - acc: 0.9602
6300/8000 [======================>.......] - ETA: 0s - loss: 0.1025 - acc: 0.9610
6800/8000 [========================>.....] - ETA: 0s - loss: 0.1035 - acc: 0.9603
7300/8000 [==========================>...] - ETA: 0s - loss: 0.1018 - acc: 0.9605
7800/8000 [============================>.] - ETA: 0s - loss: 0.1008 - acc: 0.9609
8000/8000 [==============================] - 1s 128us/step - loss: 0.1014 - acc: 0.9608 - val_loss: 0.4371 - val_acc: 0.8816
Epoch 10/50

 100/8000 [..............................] - ETA: 0s - loss: 0.0489 - acc: 0.9700
 600/8000 [=>............................] - ETA: 0s - loss: 0.0960 - acc: 0.9583
1100/8000 [===>..........................] - ETA: 0s - loss: 0.0749 - acc: 0.9664
1600/8000 [=====>........................] - ETA: 0s - loss: 0.0835 - acc: 0.9644
2000/8000 [======>.......................] - ETA: 0s - loss: 0.0845 - acc: 0.9670
2400/8000 [========>.....................] - ETA: 0s - loss: 0.0842 - acc: 0.9671
2900/8000 [=========>....................] - ETA: 0s - loss: 0.0859 - acc: 0.9679
3400/8000 [===========>..................] - ETA: 0s - loss: 0.0855 - acc: 0.9682
3900/8000 [=============>................] - ETA: 0s - loss: 0.0873 - acc: 0.9664
4400/8000 [===============>..............] - ETA: 0s - loss: 0.0890 - acc: 0.9652
4900/8000 [=================>............] - ETA: 0s - loss: 0.0900 - acc: 0.9651
5300/8000 [==================>...........] - ETA: 0s - loss: 0.0934 - acc: 0.9640
5800/8000 [====================>.........] - ETA: 0s - loss: 0.0959 - acc: 0.9628
6200/8000 [======================>.......] - ETA: 0s - loss: 0.0951 - acc: 0.9634
6700/8000 [========================>.....] - ETA: 0s - loss: 0.0968 - acc: 0.9616
7200/8000 [==========================>...] - ETA: 0s - loss: 0.0968 - acc: 0.9617
7700/8000 [===========================>..] - ETA: 0s - loss: 0.0977 - acc: 0.9616
8000/8000 [==============================] - 1s 128us/step - loss: 0.0976 - acc: 0.9615 - val_loss: 0.4571 - val_acc: 0.8805
Epoch 11/50

 100/8000 [..............................] - ETA: 0s - loss: 0.1273 - acc: 0.9200
 600/8000 [=>............................] - ETA: 0s - loss: 0.1008 - acc: 0.9583
1100/8000 [===>..........................] - ETA: 0s - loss: 0.0885 - acc: 0.9655
1600/8000 [=====>........................] - ETA: 0s - loss: 0.0776 - acc: 0.9706
2100/8000 [======>.......................] - ETA: 0s - loss: 0.0788 - acc: 0.9705
2600/8000 [========>.....................] - ETA: 0s - loss: 0.0784 - acc: 0.9696
3100/8000 [==========>...................] - ETA: 0s - loss: 0.0858 - acc: 0.9671
3600/8000 [============>.................] - ETA: 0s - loss: 0.0919 - acc: 0.9642
4100/8000 [==============>...............] - ETA: 0s - loss: 0.0908 - acc: 0.9656
4600/8000 [================>.............] - ETA: 0s - loss: 0.0931 - acc: 0.9643
5100/8000 [==================>...........] - ETA: 0s - loss: 0.0963 - acc: 0.9622
5600/8000 [====================>.........] - ETA: 0s - loss: 0.0953 - acc: 0.9627
6000/8000 [=====================>........] - ETA: 0s - loss: 0.0949 - acc: 0.9625
6400/8000 [=======================>......] - ETA: 0s - loss: 0.0970 - acc: 0.9620
6800/8000 [========================>.....] - ETA: 0s - loss: 0.0970 - acc: 0.9616
7300/8000 [==========================>...] - ETA: 0s - loss: 0.0990 - acc: 0.9605
7800/8000 [============================>.] - ETA: 0s - loss: 0.0989 - acc: 0.9601
8000/8000 [==============================] - 1s 128us/step - loss: 0.0990 - acc: 0.9601 - val_loss: 0.3761 - val_acc: 0.8827
Epoch 12/50

 100/8000 [..............................] - ETA: 1s - loss: 0.0901 - acc: 0.9500
 600/8000 [=>............................] - ETA: 0s - loss: 0.0850 - acc: 0.9683
1100/8000 [===>..........................] - ETA: 0s - loss: 0.0841 - acc: 0.9673
1600/8000 [=====>........................] - ETA: 0s - loss: 0.0788 - acc: 0.9681
2100/8000 [======>.......................] - ETA: 0s - loss: 0.0827 - acc: 0.9667
2600/8000 [========>.....................] - ETA: 0s - loss: 0.0819 - acc: 0.9669
3100/8000 [==========>...................] - ETA: 0s - loss: 0.0870 - acc: 0.9671
3600/8000 [============>.................] - ETA: 0s - loss: 0.0864 - acc: 0.9664
4000/8000 [==============>...............] - ETA: 0s - loss: 0.0880 - acc: 0.9648
4500/8000 [===============>..............] - ETA: 0s - loss: 0.0876 - acc: 0.9644
5000/8000 [=================>............] - ETA: 0s - loss: 0.0878 - acc: 0.9638
5500/8000 [===================>..........] - ETA: 0s - loss: 0.0867 - acc: 0.9647
6000/8000 [=====================>........] - ETA: 0s - loss: 0.0857 - acc: 0.9655
6500/8000 [=======================>......] - ETA: 0s - loss: 0.0854 - acc: 0.9658
7000/8000 [=========================>....] - ETA: 0s - loss: 0.0861 - acc: 0.9653
7500/8000 [===========================>..] - ETA: 0s - loss: 0.0856 - acc: 0.9657
8000/8000 [==============================] - 1s 128us/step - loss: 0.0853 - acc: 0.9661 - val_loss: 0.4743 - val_acc: 0.8850
Epoch 13/50

 100/8000 [..............................] - ETA: 1s - loss: 0.0517 - acc: 0.9800
 600/8000 [=>............................] - ETA: 0s - loss: 0.0511 - acc: 0.9833
1100/8000 [===>..........................] - ETA: 0s - loss: 0.0567 - acc: 0.9791
1600/8000 [=====>........................] - ETA: 0s - loss: 0.0631 - acc: 0.9769
2100/8000 [======>.......................] - ETA: 0s - loss: 0.0638 - acc: 0.9762
2600/8000 [========>.....................] - ETA: 0s - loss: 0.0639 - acc: 0.9769
3100/8000 [==========>...................] - ETA: 0s - loss: 0.0646 - acc: 0.9771
3500/8000 [============>.................] - ETA: 0s - loss: 0.0621 - acc: 0.9783
4000/8000 [==============>...............] - ETA: 0s - loss: 0.0609 - acc: 0.9795
4500/8000 [===============>..............] - ETA: 0s - loss: 0.0635 - acc: 0.9787
5000/8000 [=================>............] - ETA: 0s - loss: 0.0647 - acc: 0.9772
5500/8000 [===================>..........] - ETA: 0s - loss: 0.0643 - acc: 0.9773
6000/8000 [=====================>........] - ETA: 0s - loss: 0.0644 - acc: 0.9763
6400/8000 [=======================>......] - ETA: 0s - loss: 0.0646 - acc: 0.9756
6900/8000 [========================>.....] - ETA: 0s - loss: 0.0647 - acc: 0.9757
7400/8000 [==========================>...] - ETA: 0s - loss: 0.0657 - acc: 0.9746
7900/8000 [============================>.] - ETA: 0s - loss: 0.0655 - acc: 0.9746
8000/8000 [==============================] - 1s 128us/step - loss: 0.0657 - acc: 0.9745 - val_loss: 0.4724 - val_acc: 0.8905
Epoch 14/50

 100/8000 [..............................] - ETA: 0s - loss: 0.0837 - acc: 0.9400
 600/8000 [=>............................] - ETA: 0s - loss: 0.0620 - acc: 0.9683
1100/8000 [===>..........................] - ETA: 0s - loss: 0.0617 - acc: 0.9700
1600/8000 [=====>........................] - ETA: 0s - loss: 0.0581 - acc: 0.9731
2100/8000 [======>.......................] - ETA: 0s - loss: 0.0556 - acc: 0.9748
2500/8000 [========>.....................] - ETA: 0s - loss: 0.0537 - acc: 0.9748
3000/8000 [==========>...................] - ETA: 0s - loss: 0.0555 - acc: 0.9743
3500/8000 [============>.................] - ETA: 0s - loss: 0.0553 - acc: 0.9743
4000/8000 [==============>...............] - ETA: 0s - loss: 0.0571 - acc: 0.9738
4500/8000 [===============>..............] - ETA: 0s - loss: 0.0597 - acc: 0.9727
5000/8000 [=================>............] - ETA: 0s - loss: 0.0606 - acc: 0.9736
5500/8000 [===================>..........] - ETA: 0s - loss: 0.0606 - acc: 0.9740
6000/8000 [=====================>........] - ETA: 0s - loss: 0.0618 - acc: 0.9740
6500/8000 [=======================>......] - ETA: 0s - loss: 0.0625 - acc: 0.9737
7000/8000 [=========================>....] - ETA: 0s - loss: 0.0612 - acc: 0.9743
7500/8000 [===========================>..] - ETA: 0s - loss: 0.0630 - acc: 0.9740
7900/8000 [============================>.] - ETA: 0s - loss: 0.0626 - acc: 0.9742
8000/8000 [==============================] - 1s 128us/step - loss: 0.0624 - acc: 0.9743 - val_loss: 0.5787 - val_acc: 0.8883
Epoch 15/50

 100/8000 [..............................] - ETA: 1s - loss: 0.0131 - acc: 1.0000
 600/8000 [=>............................] - ETA: 0s - loss: 0.0496 - acc: 0.9817
1100/8000 [===>..........................] - ETA: 0s - loss: 0.0522 - acc: 0.9782
1600/8000 [=====>........................] - ETA: 0s - loss: 0.0579 - acc: 0.9744
2100/8000 [======>.......................] - ETA: 0s - loss: 0.0579 - acc: 0.9762
2600/8000 [========>.....................] - ETA: 0s - loss: 0.0569 - acc: 0.9773
3100/8000 [==========>...................] - ETA: 0s - loss: 0.0576 - acc: 0.9765
3600/8000 [============>.................] - ETA: 0s - loss: 0.0596 - acc: 0.9747
4100/8000 [==============>...............] - ETA: 0s - loss: 0.0591 - acc: 0.9746
4600/8000 [================>.............] - ETA: 0s - loss: 0.0612 - acc: 0.9730
5100/8000 [==================>...........] - ETA: 0s - loss: 0.0619 - acc: 0.9725
5600/8000 [====================>.........] - ETA: 0s - loss: 0.0632 - acc: 0.9727
6100/8000 [=====================>........] - ETA: 0s - loss: 0.0664 - acc: 0.9715
6600/8000 [=======================>......] - ETA: 0s - loss: 0.0654 - acc: 0.9723
7100/8000 [=========================>....] - ETA: 0s - loss: 0.0656 - acc: 0.9721
7600/8000 [===========================>..] - ETA: 0s - loss: 0.0641 - acc: 0.9726
8000/8000 [==============================] - 1s 127us/step - loss: 0.0636 - acc: 0.9729 - val_loss: 0.5514 - val_acc: 0.8949
Epoch 00015: early stopping
mal2d01_c # of params 3499009
              precision    recall  f1-score   support

           0     0.9298    0.9684    0.9487      2721
           1     0.9858    0.9678    0.9767      6183

    accuracy                         0.9680      8904
   macro avg     0.9578    0.9681    0.9627      8904
weighted avg     0.9687    0.9680    0.9682      8904

0.9931740436828631
mal2d01_c # of params 3499009
839
mal2d01_c -2637 -76
mal2d01_c 0.7573610599926389 0.9094159713945172
theshold [0.9999906] [0.07464269]
              precision    recall  f1-score   support

           0     0.2244    0.9094    0.3600       839
           1     0.9909    0.7574    0.8585     10868

    accuracy                         0.7683     11707
   macro avg     0.6076    0.8334    0.6093     11707
weighted avg     0.9359    0.7683    0.8228     11707

0.9240383463848113
