2019-08-04 16:41:34.770425: I tensorflow/core/platform/cpu_feature_guard.cc:141] Your CPU supports instructions that this TensorFlow binary was not compiled to use: AVX2 FMA
2019-08-04 16:41:34.791665: I tensorflow/core/platform/profile_utils/cpu_utils.cc:94] CPU Frequency: 3399655000 Hz
2019-08-04 16:41:34.792095: I tensorflow/compiler/xla/service/service.cc:150] XLA service 0x2cc71c0 executing computations on platform Host. Devices:
2019-08-04 16:41:34.792114: I tensorflow/compiler/xla/service/service.cc:158]   StreamExecutor device (0): <undefined>, <undefined>
2019-08-04 16:41:34.900167: I tensorflow/stream_executor/cuda/cuda_gpu_executor.cc:998] successful NUMA node read from SysFS had negative value (-1), but there must be at least one NUMA node, so returning NUMA node zero
2019-08-04 16:41:34.901481: I tensorflow/compiler/xla/service/service.cc:150] XLA service 0x2bfbcb0 executing computations on platform CUDA. Devices:
2019-08-04 16:41:34.901496: I tensorflow/compiler/xla/service/service.cc:158]   StreamExecutor device (0): TITAN RTX, Compute Capability 7.5
2019-08-04 16:41:34.901613: I tensorflow/core/common_runtime/gpu/gpu_device.cc:1433] Found device 0 with properties: 
name: TITAN RTX major: 7 minor: 5 memoryClockRate(GHz): 1.77
pciBusID: 0000:2e:00.0
totalMemory: 23.62GiB freeMemory: 23.31GiB
2019-08-04 16:41:34.901625: I tensorflow/core/common_runtime/gpu/gpu_device.cc:1512] Adding visible gpu devices: 0
2019-08-04 16:41:34.903206: I tensorflow/core/common_runtime/gpu/gpu_device.cc:984] Device interconnect StreamExecutor with strength 1 edge matrix:
2019-08-04 16:41:34.903216: I tensorflow/core/common_runtime/gpu/gpu_device.cc:990]      0 
2019-08-04 16:41:34.903222: I tensorflow/core/common_runtime/gpu/gpu_device.cc:1003] 0:   N 
2019-08-04 16:41:34.903450: I tensorflow/core/common_runtime/gpu/gpu_device.cc:1115] Created TensorFlow device (/job:localhost/replica:0/task:0/device:GPU:0 with 22680 MB memory) -> physical GPU (device: 0, name: TITAN RTX, pci bus id: 0000:2e:00.0, compute capability: 7.5)
Using TensorFlow backend.
WARNING:tensorflow:From /home/minkcho/tf13/lib/python3.7/site-packages/tensorflow/python/framework/op_def_library.py:263: colocate_with (from tensorflow.python.framework.ops) is deprecated and will be removed in a future version.
Instructions for updating:
Colocations handled automatically by placer.
WARNING:tensorflow:From /home/minkcho/tf13/lib/python3.7/site-packages/tensorflow/python/ops/math_ops.py:3066: to_int32 (from tensorflow.python.ops.math_ops) is deprecated and will be removed in a future version.
Instructions for updating:
Use tf.cast instead.
WARNING:tensorflow:From /home/minkcho/tf13/lib/python3.7/site-packages/tensorflow/python/ops/math_grad.py:102: div (from tensorflow.python.ops.math_ops) is deprecated and will be removed in a future version.
Instructions for updating:
Deprecated in favor of operator or tf.math.divide.
2019-08-04 16:41:35.944364: I tensorflow/stream_executor/dso_loader.cc:152] successfully opened CUDA library libcublas.so.10.0 locally
['x_train', 'y_train', 'x_valid', 'y_valid']
5553
630
(8000, 64, 64, 1)
(904, 64, 64, 1)
Train on 8000 samples, validate on 904 samples
Epoch 1/50

 100/8000 [..............................] - ETA: 2:33 - loss: 0.7108 - acc: 0.3500
 500/8000 [>.............................] - ETA: 29s - loss: 0.6655 - acc: 0.6200 
 900/8000 [==>...........................] - ETA: 16s - loss: 0.6438 - acc: 0.6633
1300/8000 [===>..........................] - ETA: 10s - loss: 0.6374 - acc: 0.6769
1700/8000 [=====>........................] - ETA: 7s - loss: 0.6299 - acc: 0.6788 
2200/8000 [=======>......................] - ETA: 5s - loss: 0.6166 - acc: 0.6841
2600/8000 [========>.....................] - ETA: 4s - loss: 0.6082 - acc: 0.6873
3100/8000 [==========>...................] - ETA: 3s - loss: 0.6031 - acc: 0.6797
3600/8000 [============>.................] - ETA: 2s - loss: 0.5908 - acc: 0.6867
4000/8000 [==============>...............] - ETA: 2s - loss: 0.5989 - acc: 0.6823
4500/8000 [===============>..............] - ETA: 1s - loss: 0.6013 - acc: 0.6813
5000/8000 [=================>............] - ETA: 1s - loss: 0.6000 - acc: 0.6814
5500/8000 [===================>..........] - ETA: 1s - loss: 0.5961 - acc: 0.6835
5900/8000 [=====================>........] - ETA: 0s - loss: 0.5971 - acc: 0.6851
6400/8000 [=======================>......] - ETA: 0s - loss: 0.5947 - acc: 0.6844
6900/8000 [========================>.....] - ETA: 0s - loss: 0.5869 - acc: 0.6891
7400/8000 [==========================>...] - ETA: 0s - loss: 0.5808 - acc: 0.6919
7800/8000 [============================>.] - ETA: 0s - loss: 0.5751 - acc: 0.6964
8000/8000 [==============================] - 3s 375us/step - loss: 0.5726 - acc: 0.6979 - val_loss: 0.4821 - val_acc: 0.7810
Epoch 2/50

 100/8000 [..............................] - ETA: 1s - loss: 0.4313 - acc: 0.7400
 600/8000 [=>............................] - ETA: 0s - loss: 0.4421 - acc: 0.7967
1100/8000 [===>..........................] - ETA: 0s - loss: 0.4422 - acc: 0.7927
1600/8000 [=====>........................] - ETA: 0s - loss: 0.4380 - acc: 0.7950
2100/8000 [======>.......................] - ETA: 0s - loss: 0.4314 - acc: 0.7995
2600/8000 [========>.....................] - ETA: 0s - loss: 0.4236 - acc: 0.8046
3100/8000 [==========>...................] - ETA: 0s - loss: 0.4202 - acc: 0.8074
3600/8000 [============>.................] - ETA: 0s - loss: 0.4291 - acc: 0.8039
4100/8000 [==============>...............] - ETA: 0s - loss: 0.4308 - acc: 0.8041
4600/8000 [================>.............] - ETA: 0s - loss: 0.4281 - acc: 0.8054
5100/8000 [==================>...........] - ETA: 0s - loss: 0.4241 - acc: 0.8086
5600/8000 [====================>.........] - ETA: 0s - loss: 0.4163 - acc: 0.8125
6100/8000 [=====================>........] - ETA: 0s - loss: 0.4115 - acc: 0.8146
6600/8000 [=======================>......] - ETA: 0s - loss: 0.4104 - acc: 0.8148
7100/8000 [=========================>....] - ETA: 0s - loss: 0.4081 - acc: 0.8162
7600/8000 [===========================>..] - ETA: 0s - loss: 0.4047 - acc: 0.8189
8000/8000 [==============================] - 1s 127us/step - loss: 0.4028 - acc: 0.8212 - val_loss: 0.4037 - val_acc: 0.8274
Epoch 3/50

 100/8000 [..............................] - ETA: 0s - loss: 0.2816 - acc: 0.9000
 600/8000 [=>............................] - ETA: 0s - loss: 0.3170 - acc: 0.8733
1100/8000 [===>..........................] - ETA: 0s - loss: 0.3118 - acc: 0.8755
1600/8000 [=====>........................] - ETA: 0s - loss: 0.3116 - acc: 0.8725
2100/8000 [======>.......................] - ETA: 0s - loss: 0.3257 - acc: 0.8652
2600/8000 [========>.....................] - ETA: 0s - loss: 0.3204 - acc: 0.8692
3100/8000 [==========>...................] - ETA: 0s - loss: 0.3195 - acc: 0.8697
3600/8000 [============>.................] - ETA: 0s - loss: 0.3177 - acc: 0.8703
4100/8000 [==============>...............] - ETA: 0s - loss: 0.3065 - acc: 0.8739
4500/8000 [===============>..............] - ETA: 0s - loss: 0.3067 - acc: 0.8731
5000/8000 [=================>............] - ETA: 0s - loss: 0.3102 - acc: 0.8728
5500/8000 [===================>..........] - ETA: 0s - loss: 0.3114 - acc: 0.8725
6000/8000 [=====================>........] - ETA: 0s - loss: 0.3084 - acc: 0.8742
6400/8000 [=======================>......] - ETA: 0s - loss: 0.3088 - acc: 0.8745
6900/8000 [========================>.....] - ETA: 0s - loss: 0.3051 - acc: 0.8765
7400/8000 [==========================>...] - ETA: 0s - loss: 0.3038 - acc: 0.8770
7900/8000 [============================>.] - ETA: 0s - loss: 0.3015 - acc: 0.8781
8000/8000 [==============================] - 1s 127us/step - loss: 0.3024 - acc: 0.8781 - val_loss: 0.3022 - val_acc: 0.8794
Epoch 4/50

 100/8000 [..............................] - ETA: 0s - loss: 0.1661 - acc: 0.9400
 600/8000 [=>............................] - ETA: 0s - loss: 0.2463 - acc: 0.9017
1100/8000 [===>..........................] - ETA: 0s - loss: 0.2179 - acc: 0.9200
1600/8000 [=====>........................] - ETA: 0s - loss: 0.2194 - acc: 0.9187
2100/8000 [======>.......................] - ETA: 0s - loss: 0.2184 - acc: 0.9171
2600/8000 [========>.....................] - ETA: 0s - loss: 0.2264 - acc: 0.9131
3000/8000 [==========>...................] - ETA: 0s - loss: 0.2352 - acc: 0.9080
3500/8000 [============>.................] - ETA: 0s - loss: 0.2400 - acc: 0.9034
4000/8000 [==============>...............] - ETA: 0s - loss: 0.2441 - acc: 0.9022
4500/8000 [===============>..............] - ETA: 0s - loss: 0.2446 - acc: 0.9024
4900/8000 [=================>............] - ETA: 0s - loss: 0.2429 - acc: 0.9029
5300/8000 [==================>...........] - ETA: 0s - loss: 0.2438 - acc: 0.9019
5800/8000 [====================>.........] - ETA: 0s - loss: 0.2430 - acc: 0.9026
6300/8000 [======================>.......] - ETA: 0s - loss: 0.2442 - acc: 0.9029
6800/8000 [========================>.....] - ETA: 0s - loss: 0.2426 - acc: 0.9032
7300/8000 [==========================>...] - ETA: 0s - loss: 0.2453 - acc: 0.9029
7800/8000 [============================>.] - ETA: 0s - loss: 0.2437 - acc: 0.9040
8000/8000 [==============================] - 1s 128us/step - loss: 0.2428 - acc: 0.9045 - val_loss: 0.3755 - val_acc: 0.8662
Epoch 5/50

 100/8000 [..............................] - ETA: 1s - loss: 0.1975 - acc: 0.9100
 600/8000 [=>............................] - ETA: 0s - loss: 0.1771 - acc: 0.9417
1100/8000 [===>..........................] - ETA: 0s - loss: 0.1805 - acc: 0.9382
1600/8000 [=====>........................] - ETA: 0s - loss: 0.1930 - acc: 0.9331
2000/8000 [======>.......................] - ETA: 0s - loss: 0.1946 - acc: 0.9305
2500/8000 [========>.....................] - ETA: 0s - loss: 0.1860 - acc: 0.9336
3000/8000 [==========>...................] - ETA: 0s - loss: 0.1895 - acc: 0.9327
3500/8000 [============>.................] - ETA: 0s - loss: 0.1937 - acc: 0.9294
4000/8000 [==============>...............] - ETA: 0s - loss: 0.1921 - acc: 0.9315
4500/8000 [===============>..............] - ETA: 0s - loss: 0.1951 - acc: 0.9296
5000/8000 [=================>............] - ETA: 0s - loss: 0.1934 - acc: 0.9300
5500/8000 [===================>..........] - ETA: 0s - loss: 0.1931 - acc: 0.9289
6000/8000 [=====================>........] - ETA: 0s - loss: 0.1940 - acc: 0.9292
6500/8000 [=======================>......] - ETA: 0s - loss: 0.1952 - acc: 0.9277
7000/8000 [=========================>....] - ETA: 0s - loss: 0.1963 - acc: 0.9270
7500/8000 [===========================>..] - ETA: 0s - loss: 0.1957 - acc: 0.9272
8000/8000 [==============================] - 1s 127us/step - loss: 0.1967 - acc: 0.9267 - val_loss: 0.3122 - val_acc: 0.8894
Epoch 6/50

 100/8000 [..............................] - ETA: 1s - loss: 0.1512 - acc: 0.9500
 600/8000 [=>............................] - ETA: 0s - loss: 0.1589 - acc: 0.9433
1100/8000 [===>..........................] - ETA: 0s - loss: 0.1515 - acc: 0.9491
1600/8000 [=====>........................] - ETA: 0s - loss: 0.1345 - acc: 0.9538
2100/8000 [======>.......................] - ETA: 0s - loss: 0.1408 - acc: 0.9486
2600/8000 [========>.....................] - ETA: 0s - loss: 0.1411 - acc: 0.9481
3100/8000 [==========>...................] - ETA: 0s - loss: 0.1447 - acc: 0.9465
3600/8000 [============>.................] - ETA: 0s - loss: 0.1398 - acc: 0.9492
4100/8000 [==============>...............] - ETA: 0s - loss: 0.1466 - acc: 0.9468
4600/8000 [================>.............] - ETA: 0s - loss: 0.1497 - acc: 0.9463
5100/8000 [==================>...........] - ETA: 0s - loss: 0.1507 - acc: 0.9443
5600/8000 [====================>.........] - ETA: 0s - loss: 0.1520 - acc: 0.9438
6100/8000 [=====================>........] - ETA: 0s - loss: 0.1521 - acc: 0.9426
6600/8000 [=======================>......] - ETA: 0s - loss: 0.1523 - acc: 0.9420
7100/8000 [=========================>....] - ETA: 0s - loss: 0.1515 - acc: 0.9421
7600/8000 [===========================>..] - ETA: 0s - loss: 0.1546 - acc: 0.9408
8000/8000 [==============================] - 1s 127us/step - loss: 0.1559 - acc: 0.9394 - val_loss: 0.3133 - val_acc: 0.8850
Epoch 7/50

 100/8000 [..............................] - ETA: 0s - loss: 0.1437 - acc: 0.9600
 600/8000 [=>............................] - ETA: 0s - loss: 0.1581 - acc: 0.9433
1100/8000 [===>..........................] - ETA: 0s - loss: 0.1462 - acc: 0.9464
1600/8000 [=====>........................] - ETA: 0s - loss: 0.1412 - acc: 0.9456
2100/8000 [======>.......................] - ETA: 0s - loss: 0.1342 - acc: 0.9481
2600/8000 [========>.....................] - ETA: 0s - loss: 0.1416 - acc: 0.9465
3100/8000 [==========>...................] - ETA: 0s - loss: 0.1403 - acc: 0.9471
3600/8000 [============>.................] - ETA: 0s - loss: 0.1342 - acc: 0.9492
4100/8000 [==============>...............] - ETA: 0s - loss: 0.1299 - acc: 0.9512
4500/8000 [===============>..............] - ETA: 0s - loss: 0.1299 - acc: 0.9518
5000/8000 [=================>............] - ETA: 0s - loss: 0.1301 - acc: 0.9526
5500/8000 [===================>..........] - ETA: 0s - loss: 0.1310 - acc: 0.9518
6000/8000 [=====================>........] - ETA: 0s - loss: 0.1276 - acc: 0.9532
6500/8000 [=======================>......] - ETA: 0s - loss: 0.1300 - acc: 0.9529
7000/8000 [=========================>....] - ETA: 0s - loss: 0.1305 - acc: 0.9530
7500/8000 [===========================>..] - ETA: 0s - loss: 0.1306 - acc: 0.9525
8000/8000 [==============================] - 1s 127us/step - loss: 0.1328 - acc: 0.9518 - val_loss: 0.3093 - val_acc: 0.8938
Epoch 8/50

 100/8000 [..............................] - ETA: 1s - loss: 0.1157 - acc: 0.9600
 600/8000 [=>............................] - ETA: 0s - loss: 0.1260 - acc: 0.9467
1100/8000 [===>..........................] - ETA: 0s - loss: 0.1218 - acc: 0.9473
1600/8000 [=====>........................] - ETA: 0s - loss: 0.1159 - acc: 0.9519
2100/8000 [======>.......................] - ETA: 0s - loss: 0.1154 - acc: 0.9529
2600/8000 [========>.....................] - ETA: 0s - loss: 0.1099 - acc: 0.9550
3100/8000 [==========>...................] - ETA: 0s - loss: 0.1070 - acc: 0.9561
3600/8000 [============>.................] - ETA: 0s - loss: 0.1078 - acc: 0.9567
4100/8000 [==============>...............] - ETA: 0s - loss: 0.1095 - acc: 0.9566
4600/8000 [================>.............] - ETA: 0s - loss: 0.1098 - acc: 0.9563
5100/8000 [==================>...........] - ETA: 0s - loss: 0.1085 - acc: 0.9571
5600/8000 [====================>.........] - ETA: 0s - loss: 0.1097 - acc: 0.9563
6100/8000 [=====================>........] - ETA: 0s - loss: 0.1084 - acc: 0.9567
6500/8000 [=======================>......] - ETA: 0s - loss: 0.1090 - acc: 0.9571
6900/8000 [========================>.....] - ETA: 0s - loss: 0.1113 - acc: 0.9570
7400/8000 [==========================>...] - ETA: 0s - loss: 0.1114 - acc: 0.9568
7900/8000 [============================>.] - ETA: 0s - loss: 0.1124 - acc: 0.9561
8000/8000 [==============================] - 1s 128us/step - loss: 0.1127 - acc: 0.9559 - val_loss: 0.3764 - val_acc: 0.8949
Epoch 9/50

 100/8000 [..............................] - ETA: 1s - loss: 0.0716 - acc: 0.9700
 600/8000 [=>............................] - ETA: 0s - loss: 0.0922 - acc: 0.9633
1000/8000 [==>...........................] - ETA: 0s - loss: 0.1161 - acc: 0.9570
1400/8000 [====>.........................] - ETA: 0s - loss: 0.1124 - acc: 0.9571
1900/8000 [======>.......................] - ETA: 0s - loss: 0.1162 - acc: 0.9568
2400/8000 [========>.....................] - ETA: 0s - loss: 0.1087 - acc: 0.9596
2800/8000 [=========>....................] - ETA: 0s - loss: 0.1055 - acc: 0.9607
3300/8000 [===========>..................] - ETA: 0s - loss: 0.1070 - acc: 0.9603
3800/8000 [=============>................] - ETA: 0s - loss: 0.1050 - acc: 0.9611
4300/8000 [===============>..............] - ETA: 0s - loss: 0.1047 - acc: 0.9607
4800/8000 [=================>............] - ETA: 0s - loss: 0.1048 - acc: 0.9613
5200/8000 [==================>...........] - ETA: 0s - loss: 0.1051 - acc: 0.9606
5700/8000 [====================>.........] - ETA: 0s - loss: 0.1049 - acc: 0.9604
6200/8000 [======================>.......] - ETA: 0s - loss: 0.1043 - acc: 0.9602
6700/8000 [========================>.....] - ETA: 0s - loss: 0.1053 - acc: 0.9599
7200/8000 [==========================>...] - ETA: 0s - loss: 0.1064 - acc: 0.9590
7700/8000 [===========================>..] - ETA: 0s - loss: 0.1066 - acc: 0.9586
8000/8000 [==============================] - 1s 128us/step - loss: 0.1054 - acc: 0.9589 - val_loss: 0.4543 - val_acc: 0.8938
Epoch 10/50

 100/8000 [..............................] - ETA: 1s - loss: 0.0559 - acc: 0.9700
 600/8000 [=>............................] - ETA: 0s - loss: 0.1256 - acc: 0.9483
1100/8000 [===>..........................] - ETA: 0s - loss: 0.0997 - acc: 0.9573
1600/8000 [=====>........................] - ETA: 0s - loss: 0.0965 - acc: 0.9606
2100/8000 [======>.......................] - ETA: 0s - loss: 0.0952 - acc: 0.9619
2600/8000 [========>.....................] - ETA: 0s - loss: 0.0939 - acc: 0.9631
3100/8000 [==========>...................] - ETA: 0s - loss: 0.0935 - acc: 0.9648
3600/8000 [============>.................] - ETA: 0s - loss: 0.0903 - acc: 0.9650
4100/8000 [==============>...............] - ETA: 0s - loss: 0.0901 - acc: 0.9649
4600/8000 [================>.............] - ETA: 0s - loss: 0.0898 - acc: 0.9648
5100/8000 [==================>...........] - ETA: 0s - loss: 0.0917 - acc: 0.9639
5600/8000 [====================>.........] - ETA: 0s - loss: 0.0893 - acc: 0.9657
6100/8000 [=====================>........] - ETA: 0s - loss: 0.0897 - acc: 0.9649
6600/8000 [=======================>......] - ETA: 0s - loss: 0.0920 - acc: 0.9645
7100/8000 [=========================>....] - ETA: 0s - loss: 0.0932 - acc: 0.9642
7600/8000 [===========================>..] - ETA: 0s - loss: 0.0947 - acc: 0.9636
8000/8000 [==============================] - 1s 127us/step - loss: 0.0961 - acc: 0.9624 - val_loss: 0.3360 - val_acc: 0.8982
Epoch 11/50

 100/8000 [..............................] - ETA: 1s - loss: 0.0845 - acc: 0.9700
 600/8000 [=>............................] - ETA: 0s - loss: 0.0946 - acc: 0.9633
1100/8000 [===>..........................] - ETA: 0s - loss: 0.0842 - acc: 0.9664
1600/8000 [=====>........................] - ETA: 0s - loss: 0.0708 - acc: 0.9719
2100/8000 [======>.......................] - ETA: 0s - loss: 0.0673 - acc: 0.9743
2600/8000 [========>.....................] - ETA: 0s - loss: 0.0706 - acc: 0.9727
3100/8000 [==========>...................] - ETA: 0s - loss: 0.0720 - acc: 0.9719
3600/8000 [============>.................] - ETA: 0s - loss: 0.0737 - acc: 0.9703
4100/8000 [==============>...............] - ETA: 0s - loss: 0.0718 - acc: 0.9717
4600/8000 [================>.............] - ETA: 0s - loss: 0.0740 - acc: 0.9700
5100/8000 [==================>...........] - ETA: 0s - loss: 0.0786 - acc: 0.9675
5600/8000 [====================>.........] - ETA: 0s - loss: 0.0781 - acc: 0.9684
6100/8000 [=====================>........] - ETA: 0s - loss: 0.0783 - acc: 0.9684
6600/8000 [=======================>......] - ETA: 0s - loss: 0.0796 - acc: 0.9685
7100/8000 [=========================>....] - ETA: 0s - loss: 0.0804 - acc: 0.9675
7600/8000 [===========================>..] - ETA: 0s - loss: 0.0814 - acc: 0.9668
8000/8000 [==============================] - 1s 127us/step - loss: 0.0815 - acc: 0.9669 - val_loss: 0.3823 - val_acc: 0.9015
Epoch 12/50

 100/8000 [..............................] - ETA: 0s - loss: 0.0660 - acc: 0.9800
 600/8000 [=>............................] - ETA: 0s - loss: 0.0616 - acc: 0.9750
1100/8000 [===>..........................] - ETA: 0s - loss: 0.0596 - acc: 0.9745
1500/8000 [====>.........................] - ETA: 0s - loss: 0.0591 - acc: 0.9727
2000/8000 [======>.......................] - ETA: 0s - loss: 0.0659 - acc: 0.9710
2500/8000 [========>.....................] - ETA: 0s - loss: 0.0642 - acc: 0.9720
3000/8000 [==========>...................] - ETA: 0s - loss: 0.0671 - acc: 0.9720
3400/8000 [===========>..................] - ETA: 0s - loss: 0.0686 - acc: 0.9718
3900/8000 [=============>................] - ETA: 0s - loss: 0.0704 - acc: 0.9705
4400/8000 [===============>..............] - ETA: 0s - loss: 0.0696 - acc: 0.9716
4800/8000 [=================>............] - ETA: 0s - loss: 0.0698 - acc: 0.9717
5300/8000 [==================>...........] - ETA: 0s - loss: 0.0705 - acc: 0.9717
5800/8000 [====================>.........] - ETA: 0s - loss: 0.0694 - acc: 0.9722
6300/8000 [======================>.......] - ETA: 0s - loss: 0.0683 - acc: 0.9727
6800/8000 [========================>.....] - ETA: 0s - loss: 0.0700 - acc: 0.9726
7200/8000 [==========================>...] - ETA: 0s - loss: 0.0725 - acc: 0.9719
7600/8000 [===========================>..] - ETA: 0s - loss: 0.0741 - acc: 0.9716
8000/8000 [==============================] - 1s 128us/step - loss: 0.0748 - acc: 0.9713 - val_loss: 0.4238 - val_acc: 0.8960
Epoch 13/50

 100/8000 [..............................] - ETA: 0s - loss: 0.0325 - acc: 0.9900
 600/8000 [=>............................] - ETA: 0s - loss: 0.0497 - acc: 0.9767
1100/8000 [===>..........................] - ETA: 0s - loss: 0.0659 - acc: 0.9700
1600/8000 [=====>........................] - ETA: 0s - loss: 0.0682 - acc: 0.9688
2100/8000 [======>.......................] - ETA: 0s - loss: 0.0651 - acc: 0.9710
2600/8000 [========>.....................] - ETA: 0s - loss: 0.0692 - acc: 0.9715
3000/8000 [==========>...................] - ETA: 0s - loss: 0.0703 - acc: 0.9720
3400/8000 [===========>..................] - ETA: 0s - loss: 0.0669 - acc: 0.9735
3900/8000 [=============>................] - ETA: 0s - loss: 0.0671 - acc: 0.9741
4400/8000 [===============>..............] - ETA: 0s - loss: 0.0672 - acc: 0.9739
4900/8000 [=================>............] - ETA: 0s - loss: 0.0715 - acc: 0.9720
5400/8000 [===================>..........] - ETA: 0s - loss: 0.0714 - acc: 0.9722
5900/8000 [=====================>........] - ETA: 0s - loss: 0.0736 - acc: 0.9715
6300/8000 [======================>.......] - ETA: 0s - loss: 0.0756 - acc: 0.9708
6800/8000 [========================>.....] - ETA: 0s - loss: 0.0761 - acc: 0.9704
7300/8000 [==========================>...] - ETA: 0s - loss: 0.0788 - acc: 0.9690
7800/8000 [============================>.] - ETA: 0s - loss: 0.0797 - acc: 0.9687
8000/8000 [==============================] - 1s 128us/step - loss: 0.0803 - acc: 0.9688 - val_loss: 0.3866 - val_acc: 0.8949
Epoch 00013: early stopping
mal2d01_c # of params 3499009
              precision    recall  f1-score   support

           0     0.9314    0.9585    0.9448      2721
           1     0.9815    0.9689    0.9752      6183

    accuracy                         0.9657      8904
   macro avg     0.9565    0.9637    0.9600      8904
weighted avg     0.9662    0.9657    0.9659      8904

0.9917139816748072
mal2d01_c # of params 3499009
839
mal2d01_c -2585 -133
mal2d01_c 0.7621457489878543 0.8414779499404053
theshold [0.8851613] [0.84822774]
              precision    recall  f1-score   support

           0     0.2145    0.8415    0.3419       839
           1     0.9842    0.7621    0.8591     10868

    accuracy                         0.7678     11707
   macro avg     0.5994    0.8018    0.6005     11707
weighted avg     0.9290    0.7678    0.8220     11707

0.8891050060910797
