2019-08-04 16:55:48.928060: I tensorflow/core/platform/cpu_feature_guard.cc:141] Your CPU supports instructions that this TensorFlow binary was not compiled to use: AVX2 FMA
2019-08-04 16:55:48.951661: I tensorflow/core/platform/profile_utils/cpu_utils.cc:94] CPU Frequency: 3399655000 Hz
2019-08-04 16:55:48.952086: I tensorflow/compiler/xla/service/service.cc:150] XLA service 0x276e260 executing computations on platform Host. Devices:
2019-08-04 16:55:48.952099: I tensorflow/compiler/xla/service/service.cc:158]   StreamExecutor device (0): <undefined>, <undefined>
2019-08-04 16:55:49.062355: I tensorflow/stream_executor/cuda/cuda_gpu_executor.cc:998] successful NUMA node read from SysFS had negative value (-1), but there must be at least one NUMA node, so returning NUMA node zero
2019-08-04 16:55:49.063686: I tensorflow/compiler/xla/service/service.cc:150] XLA service 0x26dfa80 executing computations on platform CUDA. Devices:
2019-08-04 16:55:49.063702: I tensorflow/compiler/xla/service/service.cc:158]   StreamExecutor device (0): TITAN RTX, Compute Capability 7.5
2019-08-04 16:55:49.063819: I tensorflow/core/common_runtime/gpu/gpu_device.cc:1433] Found device 0 with properties: 
name: TITAN RTX major: 7 minor: 5 memoryClockRate(GHz): 1.77
pciBusID: 0000:2e:00.0
totalMemory: 23.62GiB freeMemory: 23.31GiB
2019-08-04 16:55:49.063831: I tensorflow/core/common_runtime/gpu/gpu_device.cc:1512] Adding visible gpu devices: 0
2019-08-04 16:55:49.065356: I tensorflow/core/common_runtime/gpu/gpu_device.cc:984] Device interconnect StreamExecutor with strength 1 edge matrix:
2019-08-04 16:55:49.065366: I tensorflow/core/common_runtime/gpu/gpu_device.cc:990]      0 
2019-08-04 16:55:49.065371: I tensorflow/core/common_runtime/gpu/gpu_device.cc:1003] 0:   N 
2019-08-04 16:55:49.065449: I tensorflow/core/common_runtime/gpu/gpu_device.cc:1115] Created TensorFlow device (/job:localhost/replica:0/task:0/device:GPU:0 with 22680 MB memory) -> physical GPU (device: 0, name: TITAN RTX, pci bus id: 0000:2e:00.0, compute capability: 7.5)
Using TensorFlow backend.
WARNING:tensorflow:From /home/minkcho/tf13/lib/python3.7/site-packages/tensorflow/python/framework/op_def_library.py:263: colocate_with (from tensorflow.python.framework.ops) is deprecated and will be removed in a future version.
Instructions for updating:
Colocations handled automatically by placer.
WARNING:tensorflow:From /home/minkcho/tf13/lib/python3.7/site-packages/tensorflow/python/ops/math_ops.py:3066: to_int32 (from tensorflow.python.ops.math_ops) is deprecated and will be removed in a future version.
Instructions for updating:
Use tf.cast instead.
WARNING:tensorflow:From /home/minkcho/tf13/lib/python3.7/site-packages/tensorflow/python/ops/math_grad.py:102: div (from tensorflow.python.ops.math_ops) is deprecated and will be removed in a future version.
Instructions for updating:
Deprecated in favor of operator or tf.math.divide.
2019-08-04 16:55:50.092866: I tensorflow/stream_executor/dso_loader.cc:152] successfully opened CUDA library libcublas.so.10.0 locally
['x_train', 'y_train', 'x_valid', 'y_valid']
5553
630
(8000, 64, 64, 1)
(904, 64, 64, 1)
Train on 8000 samples, validate on 904 samples
Epoch 1/50

 100/8000 [..............................] - ETA: 2:32 - loss: 0.7108 - acc: 0.3500
 500/8000 [>.............................] - ETA: 29s - loss: 0.6655 - acc: 0.6200 
 900/8000 [==>...........................] - ETA: 16s - loss: 0.6438 - acc: 0.6633
1300/8000 [===>..........................] - ETA: 10s - loss: 0.6373 - acc: 0.6769
1800/8000 [=====>........................] - ETA: 7s - loss: 0.6262 - acc: 0.6822 
2300/8000 [=======>......................] - ETA: 5s - loss: 0.6175 - acc: 0.6826
2700/8000 [=========>....................] - ETA: 4s - loss: 0.6104 - acc: 0.6848
3200/8000 [===========>..................] - ETA: 3s - loss: 0.6054 - acc: 0.6809
3700/8000 [============>.................] - ETA: 2s - loss: 0.5982 - acc: 0.6838
4200/8000 [==============>...............] - ETA: 2s - loss: 0.5940 - acc: 0.6874
4700/8000 [================>.............] - ETA: 1s - loss: 0.5901 - acc: 0.6857
5200/8000 [==================>...........] - ETA: 1s - loss: 0.5799 - acc: 0.6919
5700/8000 [====================>.........] - ETA: 1s - loss: 0.5850 - acc: 0.6891
6200/8000 [======================>.......] - ETA: 0s - loss: 0.5812 - acc: 0.6906
6700/8000 [========================>.....] - ETA: 0s - loss: 0.5756 - acc: 0.6927
7200/8000 [==========================>...] - ETA: 0s - loss: 0.5686 - acc: 0.6972
7700/8000 [===========================>..] - ETA: 0s - loss: 0.5621 - acc: 0.7012
8000/8000 [==============================] - 3s 375us/step - loss: 0.5559 - acc: 0.7050 - val_loss: 0.4521 - val_acc: 0.7976
Epoch 2/50

 100/8000 [..............................] - ETA: 0s - loss: 0.4015 - acc: 0.7800
 600/8000 [=>............................] - ETA: 0s - loss: 0.4093 - acc: 0.8133
1100/8000 [===>..........................] - ETA: 0s - loss: 0.4129 - acc: 0.8055
1600/8000 [=====>........................] - ETA: 0s - loss: 0.4147 - acc: 0.8056
2100/8000 [======>.......................] - ETA: 0s - loss: 0.4104 - acc: 0.8081
2600/8000 [========>.....................] - ETA: 0s - loss: 0.4019 - acc: 0.8158
3100/8000 [==========>...................] - ETA: 0s - loss: 0.3984 - acc: 0.8190
3600/8000 [============>.................] - ETA: 0s - loss: 0.3961 - acc: 0.8214
4100/8000 [==============>...............] - ETA: 0s - loss: 0.4000 - acc: 0.8195
4600/8000 [================>.............] - ETA: 0s - loss: 0.4032 - acc: 0.8178
5100/8000 [==================>...........] - ETA: 0s - loss: 0.3976 - acc: 0.8208
5600/8000 [====================>.........] - ETA: 0s - loss: 0.3923 - acc: 0.8239
6100/8000 [=====================>........] - ETA: 0s - loss: 0.3901 - acc: 0.8279
6600/8000 [=======================>......] - ETA: 0s - loss: 0.3898 - acc: 0.8274
7100/8000 [=========================>....] - ETA: 0s - loss: 0.3866 - acc: 0.8290
7600/8000 [===========================>..] - ETA: 0s - loss: 0.3844 - acc: 0.8309
8000/8000 [==============================] - 1s 127us/step - loss: 0.3831 - acc: 0.8332 - val_loss: 0.3934 - val_acc: 0.8374
Epoch 3/50

 100/8000 [..............................] - ETA: 1s - loss: 0.2588 - acc: 0.9100
 600/8000 [=>............................] - ETA: 0s - loss: 0.2941 - acc: 0.8800
1100/8000 [===>..........................] - ETA: 0s - loss: 0.2972 - acc: 0.8791
1600/8000 [=====>........................] - ETA: 0s - loss: 0.2958 - acc: 0.8763
2100/8000 [======>.......................] - ETA: 0s - loss: 0.3072 - acc: 0.8686
2600/8000 [========>.....................] - ETA: 0s - loss: 0.2994 - acc: 0.8754
3100/8000 [==========>...................] - ETA: 0s - loss: 0.2985 - acc: 0.8745
3600/8000 [============>.................] - ETA: 0s - loss: 0.2977 - acc: 0.8744
4100/8000 [==============>...............] - ETA: 0s - loss: 0.2917 - acc: 0.8768
4600/8000 [================>.............] - ETA: 0s - loss: 0.2935 - acc: 0.8780
5100/8000 [==================>...........] - ETA: 0s - loss: 0.2953 - acc: 0.8775
5600/8000 [====================>.........] - ETA: 0s - loss: 0.2977 - acc: 0.8764
6100/8000 [=====================>........] - ETA: 0s - loss: 0.2944 - acc: 0.8790
6600/8000 [=======================>......] - ETA: 0s - loss: 0.2940 - acc: 0.8794
7100/8000 [=========================>....] - ETA: 0s - loss: 0.2914 - acc: 0.8807
7600/8000 [===========================>..] - ETA: 0s - loss: 0.2928 - acc: 0.8803
8000/8000 [==============================] - 1s 127us/step - loss: 0.2934 - acc: 0.8805 - val_loss: 0.3499 - val_acc: 0.8673
Epoch 4/50

 100/8000 [..............................] - ETA: 0s - loss: 0.1849 - acc: 0.9200
 600/8000 [=>............................] - ETA: 0s - loss: 0.2684 - acc: 0.8917
1100/8000 [===>..........................] - ETA: 0s - loss: 0.2357 - acc: 0.9064
1600/8000 [=====>........................] - ETA: 0s - loss: 0.2308 - acc: 0.9081
2100/8000 [======>.......................] - ETA: 0s - loss: 0.2196 - acc: 0.9129
2600/8000 [========>.....................] - ETA: 0s - loss: 0.2205 - acc: 0.9162
3100/8000 [==========>...................] - ETA: 0s - loss: 0.2322 - acc: 0.9110
3600/8000 [============>.................] - ETA: 0s - loss: 0.2406 - acc: 0.9050
4100/8000 [==============>...............] - ETA: 0s - loss: 0.2430 - acc: 0.9034
4600/8000 [================>.............] - ETA: 0s - loss: 0.2379 - acc: 0.9067
5100/8000 [==================>...........] - ETA: 0s - loss: 0.2357 - acc: 0.9076
5500/8000 [===================>..........] - ETA: 0s - loss: 0.2368 - acc: 0.9075
6000/8000 [=====================>........] - ETA: 0s - loss: 0.2370 - acc: 0.9070
6500/8000 [=======================>......] - ETA: 0s - loss: 0.2379 - acc: 0.9069
7000/8000 [=========================>....] - ETA: 0s - loss: 0.2365 - acc: 0.9081
7400/8000 [==========================>...] - ETA: 0s - loss: 0.2360 - acc: 0.9089
7900/8000 [============================>.] - ETA: 0s - loss: 0.2340 - acc: 0.9097
8000/8000 [==============================] - 1s 128us/step - loss: 0.2333 - acc: 0.9100 - val_loss: 0.4011 - val_acc: 0.8518
Epoch 5/50

 100/8000 [..............................] - ETA: 1s - loss: 0.2323 - acc: 0.9200
 600/8000 [=>............................] - ETA: 0s - loss: 0.1932 - acc: 0.9317
1100/8000 [===>..........................] - ETA: 0s - loss: 0.1793 - acc: 0.9364
1600/8000 [=====>........................] - ETA: 0s - loss: 0.1860 - acc: 0.9294
2100/8000 [======>.......................] - ETA: 0s - loss: 0.1861 - acc: 0.9295
2600/8000 [========>.....................] - ETA: 0s - loss: 0.1802 - acc: 0.9335
3100/8000 [==========>...................] - ETA: 0s - loss: 0.1787 - acc: 0.9342
3600/8000 [============>.................] - ETA: 0s - loss: 0.1793 - acc: 0.9317
4100/8000 [==============>...............] - ETA: 0s - loss: 0.1783 - acc: 0.9315
4600/8000 [================>.............] - ETA: 0s - loss: 0.1874 - acc: 0.9280
5100/8000 [==================>...........] - ETA: 0s - loss: 0.1876 - acc: 0.9267
5500/8000 [===================>..........] - ETA: 0s - loss: 0.1866 - acc: 0.9276
6000/8000 [=====================>........] - ETA: 0s - loss: 0.1848 - acc: 0.9283
6500/8000 [=======================>......] - ETA: 0s - loss: 0.1847 - acc: 0.9280
7000/8000 [=========================>....] - ETA: 0s - loss: 0.1842 - acc: 0.9286
7500/8000 [===========================>..] - ETA: 0s - loss: 0.1855 - acc: 0.9283
8000/8000 [==============================] - 1s 128us/step - loss: 0.1849 - acc: 0.9282 - val_loss: 0.3486 - val_acc: 0.8783
Epoch 6/50

 100/8000 [..............................] - ETA: 0s - loss: 0.1249 - acc: 0.9500
 600/8000 [=>............................] - ETA: 0s - loss: 0.1451 - acc: 0.9417
1100/8000 [===>..........................] - ETA: 0s - loss: 0.1361 - acc: 0.9491
1600/8000 [=====>........................] - ETA: 0s - loss: 0.1310 - acc: 0.9519
2100/8000 [======>.......................] - ETA: 0s - loss: 0.1350 - acc: 0.9490
2600/8000 [========>.....................] - ETA: 0s - loss: 0.1350 - acc: 0.9504
3100/8000 [==========>...................] - ETA: 0s - loss: 0.1358 - acc: 0.9510
3600/8000 [============>.................] - ETA: 0s - loss: 0.1299 - acc: 0.9542
4100/8000 [==============>...............] - ETA: 0s - loss: 0.1381 - acc: 0.9522
4600/8000 [================>.............] - ETA: 0s - loss: 0.1396 - acc: 0.9511
5100/8000 [==================>...........] - ETA: 0s - loss: 0.1406 - acc: 0.9502
5600/8000 [====================>.........] - ETA: 0s - loss: 0.1417 - acc: 0.9493
6100/8000 [=====================>........] - ETA: 0s - loss: 0.1434 - acc: 0.9480
6500/8000 [=======================>......] - ETA: 0s - loss: 0.1435 - acc: 0.9474
6900/8000 [========================>.....] - ETA: 0s - loss: 0.1424 - acc: 0.9477
7400/8000 [==========================>...] - ETA: 0s - loss: 0.1420 - acc: 0.9480
7900/8000 [============================>.] - ETA: 0s - loss: 0.1419 - acc: 0.9476
8000/8000 [==============================] - 1s 127us/step - loss: 0.1420 - acc: 0.9475 - val_loss: 0.3903 - val_acc: 0.8816
Epoch 7/50

 100/8000 [..............................] - ETA: 0s - loss: 0.1407 - acc: 0.9500
 600/8000 [=>............................] - ETA: 0s - loss: 0.1357 - acc: 0.9417
1100/8000 [===>..........................] - ETA: 0s - loss: 0.1221 - acc: 0.9500
1600/8000 [=====>........................] - ETA: 0s - loss: 0.1225 - acc: 0.9488
2100/8000 [======>.......................] - ETA: 0s - loss: 0.1211 - acc: 0.9514
2600/8000 [========>.....................] - ETA: 0s - loss: 0.1290 - acc: 0.9496
3100/8000 [==========>...................] - ETA: 0s - loss: 0.1285 - acc: 0.9497
3600/8000 [============>.................] - ETA: 0s - loss: 0.1230 - acc: 0.9528
4100/8000 [==============>...............] - ETA: 0s - loss: 0.1201 - acc: 0.9532
4500/8000 [===============>..............] - ETA: 0s - loss: 0.1180 - acc: 0.9540
5000/8000 [=================>............] - ETA: 0s - loss: 0.1228 - acc: 0.9528
5500/8000 [===================>..........] - ETA: 0s - loss: 0.1253 - acc: 0.9509
5900/8000 [=====================>........] - ETA: 0s - loss: 0.1249 - acc: 0.9519
6400/8000 [=======================>......] - ETA: 0s - loss: 0.1241 - acc: 0.9525
6900/8000 [========================>.....] - ETA: 0s - loss: 0.1257 - acc: 0.9519
7400/8000 [==========================>...] - ETA: 0s - loss: 0.1258 - acc: 0.9519
7900/8000 [============================>.] - ETA: 0s - loss: 0.1259 - acc: 0.9518
8000/8000 [==============================] - 1s 128us/step - loss: 0.1256 - acc: 0.9518 - val_loss: 0.3512 - val_acc: 0.8838
Epoch 8/50

 100/8000 [..............................] - ETA: 0s - loss: 0.1706 - acc: 0.9500
 600/8000 [=>............................] - ETA: 0s - loss: 0.1237 - acc: 0.9500
1100/8000 [===>..........................] - ETA: 0s - loss: 0.1121 - acc: 0.9555
1600/8000 [=====>........................] - ETA: 0s - loss: 0.1239 - acc: 0.9512
2100/8000 [======>.......................] - ETA: 0s - loss: 0.1195 - acc: 0.9533
2600/8000 [========>.....................] - ETA: 0s - loss: 0.1152 - acc: 0.9550
3100/8000 [==========>...................] - ETA: 0s - loss: 0.1123 - acc: 0.9558
3600/8000 [============>.................] - ETA: 0s - loss: 0.1109 - acc: 0.9569
4100/8000 [==============>...............] - ETA: 0s - loss: 0.1135 - acc: 0.9563
4500/8000 [===============>..............] - ETA: 0s - loss: 0.1156 - acc: 0.9547
5000/8000 [=================>............] - ETA: 0s - loss: 0.1147 - acc: 0.9546
5500/8000 [===================>..........] - ETA: 0s - loss: 0.1149 - acc: 0.9551
6000/8000 [=====================>........] - ETA: 0s - loss: 0.1129 - acc: 0.9553
6500/8000 [=======================>......] - ETA: 0s - loss: 0.1129 - acc: 0.9549
7000/8000 [=========================>....] - ETA: 0s - loss: 0.1117 - acc: 0.9556
7500/8000 [===========================>..] - ETA: 0s - loss: 0.1121 - acc: 0.9556
8000/8000 [==============================] - 1s 127us/step - loss: 0.1113 - acc: 0.9556 - val_loss: 0.4728 - val_acc: 0.8750
Epoch 9/50

 100/8000 [..............................] - ETA: 0s - loss: 0.0921 - acc: 0.9700
 600/8000 [=>............................] - ETA: 0s - loss: 0.1055 - acc: 0.9517
1100/8000 [===>..........................] - ETA: 0s - loss: 0.1041 - acc: 0.9573
1600/8000 [=====>........................] - ETA: 0s - loss: 0.1131 - acc: 0.9556
2100/8000 [======>.......................] - ETA: 0s - loss: 0.1131 - acc: 0.9548
2600/8000 [========>.....................] - ETA: 0s - loss: 0.1119 - acc: 0.9562
3100/8000 [==========>...................] - ETA: 0s - loss: 0.1153 - acc: 0.9555
3500/8000 [============>.................] - ETA: 0s - loss: 0.1183 - acc: 0.9551
4000/8000 [==============>...............] - ETA: 0s - loss: 0.1174 - acc: 0.9552
4400/8000 [===============>..............] - ETA: 0s - loss: 0.1136 - acc: 0.9564
4900/8000 [=================>............] - ETA: 0s - loss: 0.1095 - acc: 0.9573
5400/8000 [===================>..........] - ETA: 0s - loss: 0.1081 - acc: 0.9578
5900/8000 [=====================>........] - ETA: 0s - loss: 0.1085 - acc: 0.9573
6300/8000 [======================>.......] - ETA: 0s - loss: 0.1058 - acc: 0.9578
6800/8000 [========================>.....] - ETA: 0s - loss: 0.1070 - acc: 0.9571
7300/8000 [==========================>...] - ETA: 0s - loss: 0.1053 - acc: 0.9574
7800/8000 [============================>.] - ETA: 0s - loss: 0.1080 - acc: 0.9565
8000/8000 [==============================] - 1s 127us/step - loss: 0.1078 - acc: 0.9565 - val_loss: 0.4311 - val_acc: 0.8872
Epoch 10/50

 100/8000 [..............................] - ETA: 0s - loss: 0.0546 - acc: 0.9700
 600/8000 [=>............................] - ETA: 0s - loss: 0.0928 - acc: 0.9617
1100/8000 [===>..........................] - ETA: 0s - loss: 0.0754 - acc: 0.9691
1600/8000 [=====>........................] - ETA: 0s - loss: 0.0773 - acc: 0.9706
2100/8000 [======>.......................] - ETA: 0s - loss: 0.0805 - acc: 0.9700
2500/8000 [========>.....................] - ETA: 0s - loss: 0.0839 - acc: 0.9688
3000/8000 [==========>...................] - ETA: 0s - loss: 0.0813 - acc: 0.9700
3500/8000 [============>.................] - ETA: 0s - loss: 0.0799 - acc: 0.9709
4000/8000 [==============>...............] - ETA: 0s - loss: 0.0816 - acc: 0.9708
4500/8000 [===============>..............] - ETA: 0s - loss: 0.0839 - acc: 0.9700
5000/8000 [=================>............] - ETA: 0s - loss: 0.0833 - acc: 0.9700
5500/8000 [===================>..........] - ETA: 0s - loss: 0.0839 - acc: 0.9693
6000/8000 [=====================>........] - ETA: 0s - loss: 0.0843 - acc: 0.9690
6500/8000 [=======================>......] - ETA: 0s - loss: 0.0846 - acc: 0.9688
7000/8000 [=========================>....] - ETA: 0s - loss: 0.0856 - acc: 0.9679
7500/8000 [===========================>..] - ETA: 0s - loss: 0.0839 - acc: 0.9688
8000/8000 [==============================] - 1s 127us/step - loss: 0.0846 - acc: 0.9683 - val_loss: 0.3845 - val_acc: 0.8960
Epoch 11/50

 100/8000 [..............................] - ETA: 1s - loss: 0.0563 - acc: 0.9800
 600/8000 [=>............................] - ETA: 0s - loss: 0.0757 - acc: 0.9750
1100/8000 [===>..........................] - ETA: 0s - loss: 0.0779 - acc: 0.9736
1600/8000 [=====>........................] - ETA: 0s - loss: 0.0696 - acc: 0.9756
2100/8000 [======>.......................] - ETA: 0s - loss: 0.0671 - acc: 0.9748
2600/8000 [========>.....................] - ETA: 0s - loss: 0.0698 - acc: 0.9742
3100/8000 [==========>...................] - ETA: 0s - loss: 0.0717 - acc: 0.9739
3600/8000 [============>.................] - ETA: 0s - loss: 0.0750 - acc: 0.9722
4100/8000 [==============>...............] - ETA: 0s - loss: 0.0739 - acc: 0.9729
4600/8000 [================>.............] - ETA: 0s - loss: 0.0757 - acc: 0.9720
5100/8000 [==================>...........] - ETA: 0s - loss: 0.0788 - acc: 0.9702
5600/8000 [====================>.........] - ETA: 0s - loss: 0.0785 - acc: 0.9707
6000/8000 [=====================>........] - ETA: 0s - loss: 0.0792 - acc: 0.9697
6500/8000 [=======================>......] - ETA: 0s - loss: 0.0783 - acc: 0.9695
7000/8000 [=========================>....] - ETA: 0s - loss: 0.0794 - acc: 0.9687
7400/8000 [==========================>...] - ETA: 0s - loss: 0.0802 - acc: 0.9682
7800/8000 [============================>.] - ETA: 0s - loss: 0.0789 - acc: 0.9688
8000/8000 [==============================] - 1s 128us/step - loss: 0.0795 - acc: 0.9688 - val_loss: 0.5227 - val_acc: 0.8971
Epoch 12/50

 100/8000 [..............................] - ETA: 1s - loss: 0.1369 - acc: 0.9600
 600/8000 [=>............................] - ETA: 0s - loss: 0.0750 - acc: 0.9767
1100/8000 [===>..........................] - ETA: 0s - loss: 0.0669 - acc: 0.9727
1600/8000 [=====>........................] - ETA: 0s - loss: 0.0632 - acc: 0.9738
2100/8000 [======>.......................] - ETA: 0s - loss: 0.0708 - acc: 0.9710
2600/8000 [========>.....................] - ETA: 0s - loss: 0.0676 - acc: 0.9735
3100/8000 [==========>...................] - ETA: 0s - loss: 0.0700 - acc: 0.9726
3600/8000 [============>.................] - ETA: 0s - loss: 0.0705 - acc: 0.9722
4100/8000 [==============>...............] - ETA: 0s - loss: 0.0719 - acc: 0.9712
4600/8000 [================>.............] - ETA: 0s - loss: 0.0712 - acc: 0.9715
5100/8000 [==================>...........] - ETA: 0s - loss: 0.0747 - acc: 0.9702
5600/8000 [====================>.........] - ETA: 0s - loss: 0.0755 - acc: 0.9704
6000/8000 [=====================>........] - ETA: 0s - loss: 0.0753 - acc: 0.9703
6500/8000 [=======================>......] - ETA: 0s - loss: 0.0754 - acc: 0.9698
7000/8000 [=========================>....] - ETA: 0s - loss: 0.0775 - acc: 0.9696
7500/8000 [===========================>..] - ETA: 0s - loss: 0.0790 - acc: 0.9691
7900/8000 [============================>.] - ETA: 0s - loss: 0.0791 - acc: 0.9691
8000/8000 [==============================] - 1s 128us/step - loss: 0.0793 - acc: 0.9689 - val_loss: 0.4620 - val_acc: 0.8805
Epoch 13/50

 100/8000 [..............................] - ETA: 0s - loss: 0.0517 - acc: 0.9800
 600/8000 [=>............................] - ETA: 0s - loss: 0.0430 - acc: 0.9817
1100/8000 [===>..........................] - ETA: 0s - loss: 0.0491 - acc: 0.9773
1600/8000 [=====>........................] - ETA: 0s - loss: 0.0565 - acc: 0.9738
2100/8000 [======>.......................] - ETA: 0s - loss: 0.0534 - acc: 0.9757
2600/8000 [========>.....................] - ETA: 0s - loss: 0.0607 - acc: 0.9735
3100/8000 [==========>...................] - ETA: 0s - loss: 0.0671 - acc: 0.9710
3600/8000 [============>.................] - ETA: 0s - loss: 0.0668 - acc: 0.9722
4000/8000 [==============>...............] - ETA: 0s - loss: 0.0691 - acc: 0.9723
4500/8000 [===============>..............] - ETA: 0s - loss: 0.0708 - acc: 0.9720
5000/8000 [=================>............] - ETA: 0s - loss: 0.0709 - acc: 0.9718
5500/8000 [===================>..........] - ETA: 0s - loss: 0.0710 - acc: 0.9720
5900/8000 [=====================>........] - ETA: 0s - loss: 0.0713 - acc: 0.9717
6400/8000 [=======================>......] - ETA: 0s - loss: 0.0719 - acc: 0.9714
6900/8000 [========================>.....] - ETA: 0s - loss: 0.0726 - acc: 0.9714
7400/8000 [==========================>...] - ETA: 0s - loss: 0.0740 - acc: 0.9707
7900/8000 [============================>.] - ETA: 0s - loss: 0.0748 - acc: 0.9701
8000/8000 [==============================] - 1s 127us/step - loss: 0.0746 - acc: 0.9704 - val_loss: 0.4287 - val_acc: 0.8993
Epoch 14/50

 100/8000 [..............................] - ETA: 1s - loss: 0.0600 - acc: 0.9700
 600/8000 [=>............................] - ETA: 0s - loss: 0.0558 - acc: 0.9767
1100/8000 [===>..........................] - ETA: 0s - loss: 0.0577 - acc: 0.9745
1500/8000 [====>.........................] - ETA: 0s - loss: 0.0684 - acc: 0.9720
2000/8000 [======>.......................] - ETA: 0s - loss: 0.0657 - acc: 0.9730
2500/8000 [========>.....................] - ETA: 0s - loss: 0.0657 - acc: 0.9728
3000/8000 [==========>...................] - ETA: 0s - loss: 0.0648 - acc: 0.9733
3500/8000 [============>.................] - ETA: 0s - loss: 0.0614 - acc: 0.9743
4000/8000 [==============>...............] - ETA: 0s - loss: 0.0626 - acc: 0.9745
4500/8000 [===============>..............] - ETA: 0s - loss: 0.0675 - acc: 0.9729
5000/8000 [=================>............] - ETA: 0s - loss: 0.0727 - acc: 0.9726
5500/8000 [===================>..........] - ETA: 0s - loss: 0.0729 - acc: 0.9727
6000/8000 [=====================>........] - ETA: 0s - loss: 0.0746 - acc: 0.9725
6500/8000 [=======================>......] - ETA: 0s - loss: 0.0746 - acc: 0.9725
7000/8000 [=========================>....] - ETA: 0s - loss: 0.0737 - acc: 0.9724
7500/8000 [===========================>..] - ETA: 0s - loss: 0.0748 - acc: 0.9719
8000/8000 [==============================] - 1s 128us/step - loss: 0.0731 - acc: 0.9724 - val_loss: 0.5189 - val_acc: 0.8872
Epoch 15/50

 100/8000 [..............................] - ETA: 0s - loss: 0.0102 - acc: 1.0000
 500/8000 [>.............................] - ETA: 0s - loss: 0.0628 - acc: 0.9780
1000/8000 [==>...........................] - ETA: 0s - loss: 0.0667 - acc: 0.9740
1500/8000 [====>.........................] - ETA: 0s - loss: 0.0657 - acc: 0.9740
2000/8000 [======>.......................] - ETA: 0s - loss: 0.0646 - acc: 0.9745
2500/8000 [========>.....................] - ETA: 0s - loss: 0.0593 - acc: 0.9764
3000/8000 [==========>...................] - ETA: 0s - loss: 0.0614 - acc: 0.9753
3500/8000 [============>.................] - ETA: 0s - loss: 0.0658 - acc: 0.9731
4000/8000 [==============>...............] - ETA: 0s - loss: 0.0640 - acc: 0.9740
4500/8000 [===============>..............] - ETA: 0s - loss: 0.0673 - acc: 0.9716
5000/8000 [=================>............] - ETA: 0s - loss: 0.0682 - acc: 0.9714
5500/8000 [===================>..........] - ETA: 0s - loss: 0.0675 - acc: 0.9718
5900/8000 [=====================>........] - ETA: 0s - loss: 0.0687 - acc: 0.9714
6400/8000 [=======================>......] - ETA: 0s - loss: 0.0683 - acc: 0.9722
6900/8000 [========================>.....] - ETA: 0s - loss: 0.0679 - acc: 0.9723
7400/8000 [==========================>...] - ETA: 0s - loss: 0.0672 - acc: 0.9726
7900/8000 [============================>.] - ETA: 0s - loss: 0.0662 - acc: 0.9729
8000/8000 [==============================] - 1s 127us/step - loss: 0.0666 - acc: 0.9728 - val_loss: 0.4978 - val_acc: 0.8872
Epoch 00015: early stopping
mal2d01_c # of params 3499009
              precision    recall  f1-score   support

           0     0.9573    0.9478    0.9525      2721
           1     0.9771    0.9814    0.9793      6183

    accuracy                         0.9711      8904
   macro avg     0.9672    0.9646    0.9659      8904
weighted avg     0.9711    0.9711    0.9711      8904

0.9928452265916498
mal2d01_c # of params 3499009
839
mal2d01_c -2204 -144
mal2d01_c 0.7972027972027972 0.8283671036948749
theshold [0.9181187] [0.99981105]
              precision    recall  f1-score   support

           0     0.2397    0.8284    0.3719       839
           1     0.9837    0.7972    0.8807     10868

    accuracy                         0.7994     11707
   macro avg     0.6117    0.8128    0.6263     11707
weighted avg     0.9303    0.7994    0.8442     11707

0.878380033804725
