2019-08-04 16:35:05.521083: I tensorflow/core/platform/cpu_feature_guard.cc:141] Your CPU supports instructions that this TensorFlow binary was not compiled to use: AVX2 FMA
2019-08-04 16:35:05.543695: I tensorflow/core/platform/profile_utils/cpu_utils.cc:94] CPU Frequency: 3399655000 Hz
2019-08-04 16:35:05.544120: I tensorflow/compiler/xla/service/service.cc:150] XLA service 0x1578450 executing computations on platform Host. Devices:
2019-08-04 16:35:05.544142: I tensorflow/compiler/xla/service/service.cc:158]   StreamExecutor device (0): <undefined>, <undefined>
2019-08-04 16:35:05.663732: I tensorflow/stream_executor/cuda/cuda_gpu_executor.cc:998] successful NUMA node read from SysFS had negative value (-1), but there must be at least one NUMA node, so returning NUMA node zero
2019-08-04 16:35:05.665074: I tensorflow/compiler/xla/service/service.cc:150] XLA service 0x145bc00 executing computations on platform CUDA. Devices:
2019-08-04 16:35:05.665128: I tensorflow/compiler/xla/service/service.cc:158]   StreamExecutor device (0): TITAN RTX, Compute Capability 7.5
2019-08-04 16:35:05.665358: I tensorflow/core/common_runtime/gpu/gpu_device.cc:1433] Found device 0 with properties: 
name: TITAN RTX major: 7 minor: 5 memoryClockRate(GHz): 1.77
pciBusID: 0000:2e:00.0
totalMemory: 23.62GiB freeMemory: 23.31GiB
2019-08-04 16:35:05.665384: I tensorflow/core/common_runtime/gpu/gpu_device.cc:1512] Adding visible gpu devices: 0
2019-08-04 16:35:05.668733: I tensorflow/core/common_runtime/gpu/gpu_device.cc:984] Device interconnect StreamExecutor with strength 1 edge matrix:
2019-08-04 16:35:05.668760: I tensorflow/core/common_runtime/gpu/gpu_device.cc:990]      0 
2019-08-04 16:35:05.668772: I tensorflow/core/common_runtime/gpu/gpu_device.cc:1003] 0:   N 
2019-08-04 16:35:05.668903: I tensorflow/core/common_runtime/gpu/gpu_device.cc:1115] Created TensorFlow device (/job:localhost/replica:0/task:0/device:GPU:0 with 22680 MB memory) -> physical GPU (device: 0, name: TITAN RTX, pci bus id: 0000:2e:00.0, compute capability: 7.5)
Using TensorFlow backend.
WARNING:tensorflow:From /home/minkcho/tf13/lib/python3.7/site-packages/tensorflow/python/framework/op_def_library.py:263: colocate_with (from tensorflow.python.framework.ops) is deprecated and will be removed in a future version.
Instructions for updating:
Colocations handled automatically by placer.
WARNING:tensorflow:From /home/minkcho/tf13/lib/python3.7/site-packages/tensorflow/python/ops/math_ops.py:3066: to_int32 (from tensorflow.python.ops.math_ops) is deprecated and will be removed in a future version.
Instructions for updating:
Use tf.cast instead.
WARNING:tensorflow:From /home/minkcho/tf13/lib/python3.7/site-packages/tensorflow/python/ops/math_grad.py:102: div (from tensorflow.python.ops.math_ops) is deprecated and will be removed in a future version.
Instructions for updating:
Deprecated in favor of operator or tf.math.divide.
2019-08-04 16:35:06.702840: I tensorflow/stream_executor/dso_loader.cc:152] successfully opened CUDA library libcublas.so.10.0 locally
['x_train', 'y_train', 'x_valid', 'y_valid']
5553
630
(8000, 64, 64, 1)
(904, 64, 64, 1)
Train on 8000 samples, validate on 904 samples
Epoch 1/50

 100/8000 [..............................] - ETA: 2:32 - loss: 0.7108 - acc: 0.3500
 500/8000 [>.............................] - ETA: 29s - loss: 0.6655 - acc: 0.6200 
1000/8000 [==>...........................] - ETA: 14s - loss: 0.6347 - acc: 0.6760
1500/8000 [====>.........................] - ETA: 9s - loss: 0.6317 - acc: 0.6820 
2000/8000 [======>.......................] - ETA: 6s - loss: 0.6195 - acc: 0.6825
2500/8000 [========>.....................] - ETA: 4s - loss: 0.6121 - acc: 0.6860
3000/8000 [==========>...................] - ETA: 3s - loss: 0.6059 - acc: 0.6787
3500/8000 [============>.................] - ETA: 3s - loss: 0.5951 - acc: 0.6840
4000/8000 [==============>...............] - ETA: 2s - loss: 0.5961 - acc: 0.6838
4500/8000 [===============>..............] - ETA: 1s - loss: 0.5971 - acc: 0.6827
5000/8000 [=================>............] - ETA: 1s - loss: 0.5924 - acc: 0.6836
5500/8000 [===================>..........] - ETA: 1s - loss: 0.5902 - acc: 0.6855
6000/8000 [=====================>........] - ETA: 0s - loss: 0.5851 - acc: 0.6873
6500/8000 [=======================>......] - ETA: 0s - loss: 0.5805 - acc: 0.6897
7000/8000 [=========================>....] - ETA: 0s - loss: 0.5725 - acc: 0.6954
7500/8000 [===========================>..] - ETA: 0s - loss: 0.5665 - acc: 0.6987
8000/8000 [==============================] - 3s 373us/step - loss: 0.5570 - acc: 0.7044 - val_loss: 0.5383 - val_acc: 0.7832
Epoch 2/50

 100/8000 [..............................] - ETA: 0s - loss: 0.4759 - acc: 0.7600
 600/8000 [=>............................] - ETA: 0s - loss: 0.4302 - acc: 0.8033
1100/8000 [===>..........................] - ETA: 0s - loss: 0.4269 - acc: 0.7964
1600/8000 [=====>........................] - ETA: 0s - loss: 0.4249 - acc: 0.7981
2100/8000 [======>.......................] - ETA: 0s - loss: 0.4160 - acc: 0.8076
2600/8000 [========>.....................] - ETA: 0s - loss: 0.4075 - acc: 0.8158
3100/8000 [==========>...................] - ETA: 0s - loss: 0.4004 - acc: 0.8206
3600/8000 [============>.................] - ETA: 0s - loss: 0.3966 - acc: 0.8236
4100/8000 [==============>...............] - ETA: 0s - loss: 0.3990 - acc: 0.8217
4600/8000 [================>.............] - ETA: 0s - loss: 0.3975 - acc: 0.8237
5100/8000 [==================>...........] - ETA: 0s - loss: 0.3938 - acc: 0.8261
5600/8000 [====================>.........] - ETA: 0s - loss: 0.3884 - acc: 0.8296
6100/8000 [=====================>........] - ETA: 0s - loss: 0.3882 - acc: 0.8297
6500/8000 [=======================>......] - ETA: 0s - loss: 0.3852 - acc: 0.8312
7000/8000 [=========================>....] - ETA: 0s - loss: 0.3854 - acc: 0.8310
7500/8000 [===========================>..] - ETA: 0s - loss: 0.3808 - acc: 0.8343
8000/8000 [==============================] - 1s 127us/step - loss: 0.3776 - acc: 0.8370 - val_loss: 0.3752 - val_acc: 0.8485
Epoch 3/50

 100/8000 [..............................] - ETA: 0s - loss: 0.2372 - acc: 0.9100
 600/8000 [=>............................] - ETA: 0s - loss: 0.3106 - acc: 0.8783
1100/8000 [===>..........................] - ETA: 0s - loss: 0.2939 - acc: 0.8809
1600/8000 [=====>........................] - ETA: 0s - loss: 0.2943 - acc: 0.8781
2100/8000 [======>.......................] - ETA: 0s - loss: 0.3065 - acc: 0.8729
2600/8000 [========>.....................] - ETA: 0s - loss: 0.2998 - acc: 0.8738
3000/8000 [==========>...................] - ETA: 0s - loss: 0.2966 - acc: 0.8740
3500/8000 [============>.................] - ETA: 0s - loss: 0.2964 - acc: 0.8757
3900/8000 [=============>................] - ETA: 0s - loss: 0.2977 - acc: 0.8762
4400/8000 [===============>..............] - ETA: 0s - loss: 0.2894 - acc: 0.8795
4900/8000 [=================>............] - ETA: 0s - loss: 0.2912 - acc: 0.8808
5400/8000 [===================>..........] - ETA: 0s - loss: 0.2897 - acc: 0.8813
5900/8000 [=====================>........] - ETA: 0s - loss: 0.2923 - acc: 0.8803
6400/8000 [=======================>......] - ETA: 0s - loss: 0.2919 - acc: 0.8806
6900/8000 [========================>.....] - ETA: 0s - loss: 0.2881 - acc: 0.8823
7400/8000 [==========================>...] - ETA: 0s - loss: 0.2895 - acc: 0.8807
7900/8000 [============================>.] - ETA: 0s - loss: 0.2890 - acc: 0.8808
8000/8000 [==============================] - 1s 127us/step - loss: 0.2898 - acc: 0.8804 - val_loss: 0.3290 - val_acc: 0.8650
Epoch 4/50

 100/8000 [..............................] - ETA: 0s - loss: 0.1682 - acc: 0.9300
 600/8000 [=>............................] - ETA: 0s - loss: 0.2581 - acc: 0.8917
1100/8000 [===>..........................] - ETA: 0s - loss: 0.2274 - acc: 0.9073
1600/8000 [=====>........................] - ETA: 0s - loss: 0.2184 - acc: 0.9150
2100/8000 [======>.......................] - ETA: 0s - loss: 0.2066 - acc: 0.9210
2600/8000 [========>.....................] - ETA: 0s - loss: 0.2100 - acc: 0.9208
3000/8000 [==========>...................] - ETA: 0s - loss: 0.2196 - acc: 0.9137
3400/8000 [===========>..................] - ETA: 0s - loss: 0.2222 - acc: 0.9124
3900/8000 [=============>................] - ETA: 0s - loss: 0.2242 - acc: 0.9123
4400/8000 [===============>..............] - ETA: 0s - loss: 0.2233 - acc: 0.9134
4900/8000 [=================>............] - ETA: 0s - loss: 0.2227 - acc: 0.9131
5400/8000 [===================>..........] - ETA: 0s - loss: 0.2206 - acc: 0.9133
5900/8000 [=====================>........] - ETA: 0s - loss: 0.2231 - acc: 0.9122
6400/8000 [=======================>......] - ETA: 0s - loss: 0.2225 - acc: 0.9114
6900/8000 [========================>.....] - ETA: 0s - loss: 0.2209 - acc: 0.9119
7400/8000 [==========================>...] - ETA: 0s - loss: 0.2225 - acc: 0.9118
7900/8000 [============================>.] - ETA: 0s - loss: 0.2207 - acc: 0.9120
8000/8000 [==============================] - 1s 128us/step - loss: 0.2202 - acc: 0.9121 - val_loss: 0.3596 - val_acc: 0.8628
Epoch 5/50

 100/8000 [..............................] - ETA: 1s - loss: 0.1712 - acc: 0.9400
 600/8000 [=>............................] - ETA: 0s - loss: 0.1643 - acc: 0.9483
1100/8000 [===>..........................] - ETA: 0s - loss: 0.1647 - acc: 0.9455
1500/8000 [====>.........................] - ETA: 0s - loss: 0.1657 - acc: 0.9453
2000/8000 [======>.......................] - ETA: 0s - loss: 0.1735 - acc: 0.9385
2500/8000 [========>.....................] - ETA: 0s - loss: 0.1721 - acc: 0.9384
3000/8000 [==========>...................] - ETA: 0s - loss: 0.1776 - acc: 0.9377
3500/8000 [============>.................] - ETA: 0s - loss: 0.1784 - acc: 0.9369
4000/8000 [==============>...............] - ETA: 0s - loss: 0.1783 - acc: 0.9362
4500/8000 [===============>..............] - ETA: 0s - loss: 0.1850 - acc: 0.9329
4900/8000 [=================>............] - ETA: 0s - loss: 0.1837 - acc: 0.9329
5400/8000 [===================>..........] - ETA: 0s - loss: 0.1885 - acc: 0.9307
5900/8000 [=====================>........] - ETA: 0s - loss: 0.1912 - acc: 0.9305
6400/8000 [=======================>......] - ETA: 0s - loss: 0.1902 - acc: 0.9297
6900/8000 [========================>.....] - ETA: 0s - loss: 0.1905 - acc: 0.9296
7400/8000 [==========================>...] - ETA: 0s - loss: 0.1922 - acc: 0.9289
7900/8000 [============================>.] - ETA: 0s - loss: 0.1940 - acc: 0.9278
8000/8000 [==============================] - 1s 127us/step - loss: 0.1938 - acc: 0.9276 - val_loss: 0.3064 - val_acc: 0.8894
Epoch 6/50

 100/8000 [..............................] - ETA: 0s - loss: 0.1503 - acc: 0.9400
 600/8000 [=>............................] - ETA: 0s - loss: 0.1581 - acc: 0.9367
1100/8000 [===>..........................] - ETA: 0s - loss: 0.1594 - acc: 0.9391
1600/8000 [=====>........................] - ETA: 0s - loss: 0.1441 - acc: 0.9450
2100/8000 [======>.......................] - ETA: 0s - loss: 0.1483 - acc: 0.9443
2600/8000 [========>.....................] - ETA: 0s - loss: 0.1491 - acc: 0.9454
3100/8000 [==========>...................] - ETA: 0s - loss: 0.1477 - acc: 0.9452
3600/8000 [============>.................] - ETA: 0s - loss: 0.1421 - acc: 0.9478
4100/8000 [==============>...............] - ETA: 0s - loss: 0.1505 - acc: 0.9463
4600/8000 [================>.............] - ETA: 0s - loss: 0.1529 - acc: 0.9454
5100/8000 [==================>...........] - ETA: 0s - loss: 0.1538 - acc: 0.9445
5600/8000 [====================>.........] - ETA: 0s - loss: 0.1535 - acc: 0.9436
6100/8000 [=====================>........] - ETA: 0s - loss: 0.1523 - acc: 0.9439
6600/8000 [=======================>......] - ETA: 0s - loss: 0.1535 - acc: 0.9439
7100/8000 [=========================>....] - ETA: 0s - loss: 0.1529 - acc: 0.9438
7600/8000 [===========================>..] - ETA: 0s - loss: 0.1519 - acc: 0.9439
8000/8000 [==============================] - 1s 128us/step - loss: 0.1507 - acc: 0.9443 - val_loss: 0.3796 - val_acc: 0.8772
Epoch 7/50

 100/8000 [..............................] - ETA: 1s - loss: 0.2214 - acc: 0.9400
 600/8000 [=>............................] - ETA: 0s - loss: 0.1518 - acc: 0.9417
1100/8000 [===>..........................] - ETA: 0s - loss: 0.1359 - acc: 0.9473
1600/8000 [=====>........................] - ETA: 0s - loss: 0.1266 - acc: 0.9506
2100/8000 [======>.......................] - ETA: 0s - loss: 0.1182 - acc: 0.9543
2500/8000 [========>.....................] - ETA: 0s - loss: 0.1223 - acc: 0.9516
3000/8000 [==========>...................] - ETA: 0s - loss: 0.1193 - acc: 0.9527
3500/8000 [============>.................] - ETA: 0s - loss: 0.1126 - acc: 0.9557
3900/8000 [=============>................] - ETA: 0s - loss: 0.1153 - acc: 0.9554
4400/8000 [===============>..............] - ETA: 0s - loss: 0.1147 - acc: 0.9570
4800/8000 [=================>............] - ETA: 0s - loss: 0.1169 - acc: 0.9562
5300/8000 [==================>...........] - ETA: 0s - loss: 0.1188 - acc: 0.9545
5800/8000 [====================>.........] - ETA: 0s - loss: 0.1192 - acc: 0.9540
6300/8000 [======================>.......] - ETA: 0s - loss: 0.1186 - acc: 0.9546
6800/8000 [========================>.....] - ETA: 0s - loss: 0.1201 - acc: 0.9543
7300/8000 [==========================>...] - ETA: 0s - loss: 0.1213 - acc: 0.9540
7800/8000 [============================>.] - ETA: 0s - loss: 0.1209 - acc: 0.9546
8000/8000 [==============================] - 1s 128us/step - loss: 0.1218 - acc: 0.9541 - val_loss: 0.3094 - val_acc: 0.8805
Epoch 8/50

 100/8000 [..............................] - ETA: 0s - loss: 0.1414 - acc: 0.9500
 600/8000 [=>............................] - ETA: 0s - loss: 0.1150 - acc: 0.9567
1000/8000 [==>...........................] - ETA: 0s - loss: 0.1102 - acc: 0.9580
1400/8000 [====>.........................] - ETA: 0s - loss: 0.1020 - acc: 0.9614
1900/8000 [======>.......................] - ETA: 0s - loss: 0.1070 - acc: 0.9568
2400/8000 [========>.....................] - ETA: 0s - loss: 0.1117 - acc: 0.9550
2900/8000 [=========>....................] - ETA: 0s - loss: 0.1073 - acc: 0.9583
3400/8000 [===========>..................] - ETA: 0s - loss: 0.1091 - acc: 0.9576
3900/8000 [=============>................] - ETA: 0s - loss: 0.1134 - acc: 0.9564
4400/8000 [===============>..............] - ETA: 0s - loss: 0.1144 - acc: 0.9557
4900/8000 [=================>............] - ETA: 0s - loss: 0.1143 - acc: 0.9551
5400/8000 [===================>..........] - ETA: 0s - loss: 0.1149 - acc: 0.9552
5900/8000 [=====================>........] - ETA: 0s - loss: 0.1145 - acc: 0.9549
6300/8000 [======================>.......] - ETA: 0s - loss: 0.1136 - acc: 0.9549
6700/8000 [========================>.....] - ETA: 0s - loss: 0.1127 - acc: 0.9557
7200/8000 [==========================>...] - ETA: 0s - loss: 0.1141 - acc: 0.9557
7700/8000 [===========================>..] - ETA: 0s - loss: 0.1142 - acc: 0.9553
8000/8000 [==============================] - 1s 128us/step - loss: 0.1141 - acc: 0.9554 - val_loss: 0.3800 - val_acc: 0.8772
Epoch 9/50

 100/8000 [..............................] - ETA: 0s - loss: 0.0711 - acc: 0.9800
 600/8000 [=>............................] - ETA: 0s - loss: 0.1017 - acc: 0.9633
1000/8000 [==>...........................] - ETA: 0s - loss: 0.1095 - acc: 0.9600
1500/8000 [====>.........................] - ETA: 0s - loss: 0.1017 - acc: 0.9640
2000/8000 [======>.......................] - ETA: 0s - loss: 0.1031 - acc: 0.9620
2500/8000 [========>.....................] - ETA: 0s - loss: 0.0955 - acc: 0.9636
3000/8000 [==========>...................] - ETA: 0s - loss: 0.0946 - acc: 0.9650
3500/8000 [============>.................] - ETA: 0s - loss: 0.0910 - acc: 0.9654
4000/8000 [==============>...............] - ETA: 0s - loss: 0.0918 - acc: 0.9650
4500/8000 [===============>..............] - ETA: 0s - loss: 0.0917 - acc: 0.9647
5000/8000 [=================>............] - ETA: 0s - loss: 0.0903 - acc: 0.9650
5500/8000 [===================>..........] - ETA: 0s - loss: 0.0900 - acc: 0.9647
6000/8000 [=====================>........] - ETA: 0s - loss: 0.0895 - acc: 0.9642
6500/8000 [=======================>......] - ETA: 0s - loss: 0.0890 - acc: 0.9649
7000/8000 [=========================>....] - ETA: 0s - loss: 0.0892 - acc: 0.9647
7500/8000 [===========================>..] - ETA: 0s - loss: 0.0884 - acc: 0.9652
7900/8000 [============================>.] - ETA: 0s - loss: 0.0890 - acc: 0.9649
8000/8000 [==============================] - 1s 127us/step - loss: 0.0887 - acc: 0.9650 - val_loss: 0.4689 - val_acc: 0.8883
Epoch 10/50

 100/8000 [..............................] - ETA: 0s - loss: 0.0953 - acc: 0.9500
 600/8000 [=>............................] - ETA: 0s - loss: 0.0949 - acc: 0.9600
1000/8000 [==>...........................] - ETA: 0s - loss: 0.0840 - acc: 0.9660
1500/8000 [====>.........................] - ETA: 0s - loss: 0.0811 - acc: 0.9700
2000/8000 [======>.......................] - ETA: 0s - loss: 0.0798 - acc: 0.9705
2500/8000 [========>.....................] - ETA: 0s - loss: 0.0777 - acc: 0.9712
3000/8000 [==========>...................] - ETA: 0s - loss: 0.0849 - acc: 0.9683
3500/8000 [============>.................] - ETA: 0s - loss: 0.0852 - acc: 0.9689
3900/8000 [=============>................] - ETA: 0s - loss: 0.0871 - acc: 0.9669
4400/8000 [===============>..............] - ETA: 0s - loss: 0.0896 - acc: 0.9652
4900/8000 [=================>............] - ETA: 0s - loss: 0.0892 - acc: 0.9661
5400/8000 [===================>..........] - ETA: 0s - loss: 0.0907 - acc: 0.9661
5900/8000 [=====================>........] - ETA: 0s - loss: 0.0918 - acc: 0.9656
6400/8000 [=======================>......] - ETA: 0s - loss: 0.0919 - acc: 0.9648
6900/8000 [========================>.....] - ETA: 0s - loss: 0.0943 - acc: 0.9641
7400/8000 [==========================>...] - ETA: 0s - loss: 0.0931 - acc: 0.9643
7900/8000 [============================>.] - ETA: 0s - loss: 0.0936 - acc: 0.9643
8000/8000 [==============================] - 1s 128us/step - loss: 0.0935 - acc: 0.9644 - val_loss: 0.4253 - val_acc: 0.8894
Epoch 11/50

 100/8000 [..............................] - ETA: 0s - loss: 0.0602 - acc: 0.9700
 600/8000 [=>............................] - ETA: 0s - loss: 0.0801 - acc: 0.9733
1100/8000 [===>..........................] - ETA: 0s - loss: 0.0823 - acc: 0.9700
1600/8000 [=====>........................] - ETA: 0s - loss: 0.0723 - acc: 0.9744
2000/8000 [======>.......................] - ETA: 0s - loss: 0.0658 - acc: 0.9770
2400/8000 [========>.....................] - ETA: 0s - loss: 0.0698 - acc: 0.9750
2900/8000 [=========>....................] - ETA: 0s - loss: 0.0733 - acc: 0.9734
3400/8000 [===========>..................] - ETA: 0s - loss: 0.0717 - acc: 0.9735
3800/8000 [=============>................] - ETA: 0s - loss: 0.0715 - acc: 0.9734
4300/8000 [===============>..............] - ETA: 0s - loss: 0.0733 - acc: 0.9728
4800/8000 [=================>............] - ETA: 0s - loss: 0.0746 - acc: 0.9723
5300/8000 [==================>...........] - ETA: 0s - loss: 0.0751 - acc: 0.9711
5800/8000 [====================>.........] - ETA: 0s - loss: 0.0758 - acc: 0.9710
6300/8000 [======================>.......] - ETA: 0s - loss: 0.0756 - acc: 0.9706
6700/8000 [========================>.....] - ETA: 0s - loss: 0.0764 - acc: 0.9701
7100/8000 [=========================>....] - ETA: 0s - loss: 0.0756 - acc: 0.9706
7600/8000 [===========================>..] - ETA: 0s - loss: 0.0757 - acc: 0.9705
8000/8000 [==============================] - 1s 128us/step - loss: 0.0758 - acc: 0.9701 - val_loss: 0.4968 - val_acc: 0.8949
Epoch 12/50

 100/8000 [..............................] - ETA: 0s - loss: 0.0628 - acc: 0.9900
 600/8000 [=>............................] - ETA: 0s - loss: 0.0674 - acc: 0.9800
1000/8000 [==>...........................] - ETA: 0s - loss: 0.0702 - acc: 0.9780
1500/8000 [====>.........................] - ETA: 0s - loss: 0.0646 - acc: 0.9787
2000/8000 [======>.......................] - ETA: 0s - loss: 0.0665 - acc: 0.9770
2500/8000 [========>.....................] - ETA: 0s - loss: 0.0653 - acc: 0.9748
3000/8000 [==========>...................] - ETA: 0s - loss: 0.0686 - acc: 0.9740
3500/8000 [============>.................] - ETA: 0s - loss: 0.0689 - acc: 0.9746
3900/8000 [=============>................] - ETA: 0s - loss: 0.0697 - acc: 0.9733
4400/8000 [===============>..............] - ETA: 0s - loss: 0.0703 - acc: 0.9730
4900/8000 [=================>............] - ETA: 0s - loss: 0.0720 - acc: 0.9720
5400/8000 [===================>..........] - ETA: 0s - loss: 0.0719 - acc: 0.9719
5800/8000 [====================>.........] - ETA: 0s - loss: 0.0722 - acc: 0.9716
6200/8000 [======================>.......] - ETA: 0s - loss: 0.0714 - acc: 0.9719
6700/8000 [========================>.....] - ETA: 0s - loss: 0.0731 - acc: 0.9706
7200/8000 [==========================>...] - ETA: 0s - loss: 0.0741 - acc: 0.9704
7700/8000 [===========================>..] - ETA: 0s - loss: 0.0755 - acc: 0.9696
8000/8000 [==============================] - 1s 128us/step - loss: 0.0766 - acc: 0.9693 - val_loss: 0.4920 - val_acc: 0.8794
Epoch 13/50

 100/8000 [..............................] - ETA: 0s - loss: 0.1167 - acc: 0.9600
 600/8000 [=>............................] - ETA: 0s - loss: 0.0694 - acc: 0.9767
1100/8000 [===>..........................] - ETA: 0s - loss: 0.0700 - acc: 0.9755
1600/8000 [=====>........................] - ETA: 0s - loss: 0.0738 - acc: 0.9719
2100/8000 [======>.......................] - ETA: 0s - loss: 0.0695 - acc: 0.9738
2600/8000 [========>.....................] - ETA: 0s - loss: 0.0721 - acc: 0.9712
3000/8000 [==========>...................] - ETA: 0s - loss: 0.0729 - acc: 0.9713
3500/8000 [============>.................] - ETA: 0s - loss: 0.0695 - acc: 0.9726
4000/8000 [==============>...............] - ETA: 0s - loss: 0.0679 - acc: 0.9740
4500/8000 [===============>..............] - ETA: 0s - loss: 0.0713 - acc: 0.9729
5000/8000 [=================>............] - ETA: 0s - loss: 0.0717 - acc: 0.9728
5400/8000 [===================>..........] - ETA: 0s - loss: 0.0728 - acc: 0.9728
5800/8000 [====================>.........] - ETA: 0s - loss: 0.0739 - acc: 0.9724
6300/8000 [======================>.......] - ETA: 0s - loss: 0.0750 - acc: 0.9717
6800/8000 [========================>.....] - ETA: 0s - loss: 0.0752 - acc: 0.9710
7200/8000 [==========================>...] - ETA: 0s - loss: 0.0765 - acc: 0.9700
7700/8000 [===========================>..] - ETA: 0s - loss: 0.0781 - acc: 0.9694
8000/8000 [==============================] - 1s 128us/step - loss: 0.0778 - acc: 0.9696 - val_loss: 0.4479 - val_acc: 0.8927
Epoch 14/50

 100/8000 [..............................] - ETA: 0s - loss: 0.0774 - acc: 0.9600
 600/8000 [=>............................] - ETA: 0s - loss: 0.0712 - acc: 0.9717
1000/8000 [==>...........................] - ETA: 0s - loss: 0.0616 - acc: 0.9760
1500/8000 [====>.........................] - ETA: 0s - loss: 0.0562 - acc: 0.9773
2000/8000 [======>.......................] - ETA: 0s - loss: 0.0544 - acc: 0.9780
2400/8000 [========>.....................] - ETA: 0s - loss: 0.0538 - acc: 0.9783
2900/8000 [=========>....................] - ETA: 0s - loss: 0.0559 - acc: 0.9772
3400/8000 [===========>..................] - ETA: 0s - loss: 0.0555 - acc: 0.9765
3900/8000 [=============>................] - ETA: 0s - loss: 0.0548 - acc: 0.9772
4400/8000 [===============>..............] - ETA: 0s - loss: 0.0576 - acc: 0.9757
4900/8000 [=================>............] - ETA: 0s - loss: 0.0584 - acc: 0.9757
5400/8000 [===================>..........] - ETA: 0s - loss: 0.0582 - acc: 0.9757
5900/8000 [=====================>........] - ETA: 0s - loss: 0.0615 - acc: 0.9744
6400/8000 [=======================>......] - ETA: 0s - loss: 0.0632 - acc: 0.9738
6900/8000 [========================>.....] - ETA: 0s - loss: 0.0634 - acc: 0.9739
7400/8000 [==========================>...] - ETA: 0s - loss: 0.0639 - acc: 0.9738
7900/8000 [============================>.] - ETA: 0s - loss: 0.0641 - acc: 0.9739
8000/8000 [==============================] - 1s 128us/step - loss: 0.0639 - acc: 0.9741 - val_loss: 0.4492 - val_acc: 0.8872
Epoch 15/50

 100/8000 [..............................] - ETA: 1s - loss: 0.0171 - acc: 1.0000
 600/8000 [=>............................] - ETA: 0s - loss: 0.0578 - acc: 0.9833
1100/8000 [===>..........................] - ETA: 0s - loss: 0.0613 - acc: 0.9809
1600/8000 [=====>........................] - ETA: 0s - loss: 0.0621 - acc: 0.9775
2100/8000 [======>.......................] - ETA: 0s - loss: 0.0599 - acc: 0.9781
2500/8000 [========>.....................] - ETA: 0s - loss: 0.0559 - acc: 0.9800
3000/8000 [==========>...................] - ETA: 0s - loss: 0.0578 - acc: 0.9790
3500/8000 [============>.................] - ETA: 0s - loss: 0.0595 - acc: 0.9774
4000/8000 [==============>...............] - ETA: 0s - loss: 0.0593 - acc: 0.9775
4500/8000 [===============>..............] - ETA: 0s - loss: 0.0635 - acc: 0.9742
5000/8000 [=================>............] - ETA: 0s - loss: 0.0637 - acc: 0.9748
5500/8000 [===================>..........] - ETA: 0s - loss: 0.0631 - acc: 0.9749
6000/8000 [=====================>........] - ETA: 0s - loss: 0.0625 - acc: 0.9752
6500/8000 [=======================>......] - ETA: 0s - loss: 0.0615 - acc: 0.9758
7000/8000 [=========================>....] - ETA: 0s - loss: 0.0636 - acc: 0.9749
7500/8000 [===========================>..] - ETA: 0s - loss: 0.0624 - acc: 0.9751
7900/8000 [============================>.] - ETA: 0s - loss: 0.0615 - acc: 0.9754
8000/8000 [==============================] - 1s 128us/step - loss: 0.0617 - acc: 0.9753 - val_loss: 0.5188 - val_acc: 0.8993
Epoch 00015: early stopping
mal2d01_c # of params 3499009
              precision    recall  f1-score   support

           0     0.9470    0.9530    0.9500      2721
           1     0.9792    0.9765    0.9779      6183

    accuracy                         0.9693      8904
   macro avg     0.9631    0.9648    0.9639      8904
weighted avg     0.9694    0.9693    0.9694      8904

0.9921089544823113
mal2d01_c # of params 3499009
839
mal2d01_c -3516 -112
mal2d01_c 0.6764814133235186 0.866507747318236
theshold [0.7066062] [0.80316484]
              precision    recall  f1-score   support

           0     0.1713    0.8665    0.2861       839
           1     0.9850    0.6765    0.8021     10868

    accuracy                         0.6901     11707
   macro avg     0.5782    0.7715    0.5441     11707
weighted avg     0.9267    0.6901    0.7651     11707

0.8682828682515026
