2019-08-04 16:59:04.067124: I tensorflow/core/platform/cpu_feature_guard.cc:141] Your CPU supports instructions that this TensorFlow binary was not compiled to use: AVX2 FMA
2019-08-04 16:59:04.087666: I tensorflow/core/platform/profile_utils/cpu_utils.cc:94] CPU Frequency: 3399655000 Hz
2019-08-04 16:59:04.088333: I tensorflow/compiler/xla/service/service.cc:150] XLA service 0x267ead0 executing computations on platform Host. Devices:
2019-08-04 16:59:04.088374: I tensorflow/compiler/xla/service/service.cc:158]   StreamExecutor device (0): <undefined>, <undefined>
2019-08-04 16:59:04.212319: I tensorflow/stream_executor/cuda/cuda_gpu_executor.cc:998] successful NUMA node read from SysFS had negative value (-1), but there must be at least one NUMA node, so returning NUMA node zero
2019-08-04 16:59:04.213670: I tensorflow/compiler/xla/service/service.cc:150] XLA service 0x25b2990 executing computations on platform CUDA. Devices:
2019-08-04 16:59:04.213725: I tensorflow/compiler/xla/service/service.cc:158]   StreamExecutor device (0): TITAN RTX, Compute Capability 7.5
2019-08-04 16:59:04.213954: I tensorflow/core/common_runtime/gpu/gpu_device.cc:1433] Found device 0 with properties: 
name: TITAN RTX major: 7 minor: 5 memoryClockRate(GHz): 1.77
pciBusID: 0000:2e:00.0
totalMemory: 23.62GiB freeMemory: 23.31GiB
2019-08-04 16:59:04.213980: I tensorflow/core/common_runtime/gpu/gpu_device.cc:1512] Adding visible gpu devices: 0
2019-08-04 16:59:04.217124: I tensorflow/core/common_runtime/gpu/gpu_device.cc:984] Device interconnect StreamExecutor with strength 1 edge matrix:
2019-08-04 16:59:04.217150: I tensorflow/core/common_runtime/gpu/gpu_device.cc:990]      0 
2019-08-04 16:59:04.217161: I tensorflow/core/common_runtime/gpu/gpu_device.cc:1003] 0:   N 
2019-08-04 16:59:04.217296: I tensorflow/core/common_runtime/gpu/gpu_device.cc:1115] Created TensorFlow device (/job:localhost/replica:0/task:0/device:GPU:0 with 22680 MB memory) -> physical GPU (device: 0, name: TITAN RTX, pci bus id: 0000:2e:00.0, compute capability: 7.5)
Using TensorFlow backend.
WARNING:tensorflow:From /home/minkcho/tf13/lib/python3.7/site-packages/tensorflow/python/framework/op_def_library.py:263: colocate_with (from tensorflow.python.framework.ops) is deprecated and will be removed in a future version.
Instructions for updating:
Colocations handled automatically by placer.
WARNING:tensorflow:From /home/minkcho/tf13/lib/python3.7/site-packages/tensorflow/python/ops/math_ops.py:3066: to_int32 (from tensorflow.python.ops.math_ops) is deprecated and will be removed in a future version.
Instructions for updating:
Use tf.cast instead.
WARNING:tensorflow:From /home/minkcho/tf13/lib/python3.7/site-packages/tensorflow/python/ops/math_grad.py:102: div (from tensorflow.python.ops.math_ops) is deprecated and will be removed in a future version.
Instructions for updating:
Deprecated in favor of operator or tf.math.divide.
2019-08-04 16:59:05.263562: I tensorflow/stream_executor/dso_loader.cc:152] successfully opened CUDA library libcublas.so.10.0 locally
['x_train', 'y_train', 'x_valid', 'y_valid']
5553
630
(8000, 64, 64, 1)
(904, 64, 64, 1)
Train on 8000 samples, validate on 904 samples
Epoch 1/50

 100/8000 [..............................] - ETA: 2:33 - loss: 0.7108 - acc: 0.3500
 500/8000 [>.............................] - ETA: 30s - loss: 0.6655 - acc: 0.6200 
 900/8000 [==>...........................] - ETA: 16s - loss: 0.6438 - acc: 0.6633
1400/8000 [====>.........................] - ETA: 10s - loss: 0.6331 - acc: 0.6814
1900/8000 [======>.......................] - ETA: 7s - loss: 0.6225 - acc: 0.6821 
2400/8000 [========>.....................] - ETA: 5s - loss: 0.6144 - acc: 0.6850
2900/8000 [=========>....................] - ETA: 4s - loss: 0.6071 - acc: 0.6786
3400/8000 [===========>..................] - ETA: 3s - loss: 0.5954 - acc: 0.6826
3800/8000 [=============>................] - ETA: 2s - loss: 0.5976 - acc: 0.6795
4200/8000 [==============>...............] - ETA: 2s - loss: 0.5949 - acc: 0.6848
4700/8000 [================>.............] - ETA: 1s - loss: 0.5942 - acc: 0.6832
5200/8000 [==================>...........] - ETA: 1s - loss: 0.5888 - acc: 0.6842
5700/8000 [====================>.........] - ETA: 1s - loss: 0.5905 - acc: 0.6826
6200/8000 [======================>.......] - ETA: 0s - loss: 0.5847 - acc: 0.6850
6700/8000 [========================>.....] - ETA: 0s - loss: 0.5779 - acc: 0.6899
7200/8000 [==========================>...] - ETA: 0s - loss: 0.5699 - acc: 0.6957
7700/8000 [===========================>..] - ETA: 0s - loss: 0.5653 - acc: 0.6990
8000/8000 [==============================] - 3s 377us/step - loss: 0.5590 - acc: 0.7026 - val_loss: 0.5042 - val_acc: 0.7876
Epoch 2/50

 100/8000 [..............................] - ETA: 0s - loss: 0.4453 - acc: 0.7500
 600/8000 [=>............................] - ETA: 0s - loss: 0.4243 - acc: 0.8000
1100/8000 [===>..........................] - ETA: 0s - loss: 0.4240 - acc: 0.8009
1600/8000 [=====>........................] - ETA: 0s - loss: 0.4217 - acc: 0.8019
2000/8000 [======>.......................] - ETA: 0s - loss: 0.4211 - acc: 0.8020
2400/8000 [========>.....................] - ETA: 0s - loss: 0.4098 - acc: 0.8083
2900/8000 [=========>....................] - ETA: 0s - loss: 0.4048 - acc: 0.8117
3400/8000 [===========>..................] - ETA: 0s - loss: 0.3934 - acc: 0.8191
3900/8000 [=============>................] - ETA: 0s - loss: 0.3904 - acc: 0.8210
4400/8000 [===============>..............] - ETA: 0s - loss: 0.3928 - acc: 0.8195
4900/8000 [=================>............] - ETA: 0s - loss: 0.3870 - acc: 0.8241
5400/8000 [===================>..........] - ETA: 0s - loss: 0.3839 - acc: 0.8261
5900/8000 [=====================>........] - ETA: 0s - loss: 0.3810 - acc: 0.8281
6400/8000 [=======================>......] - ETA: 0s - loss: 0.3790 - acc: 0.8303
6900/8000 [========================>.....] - ETA: 0s - loss: 0.3771 - acc: 0.8314
7300/8000 [==========================>...] - ETA: 0s - loss: 0.3752 - acc: 0.8329
7800/8000 [============================>.] - ETA: 0s - loss: 0.3719 - acc: 0.8356
8000/8000 [==============================] - 1s 129us/step - loss: 0.3726 - acc: 0.8357 - val_loss: 0.3678 - val_acc: 0.8440
Epoch 3/50

 100/8000 [..............................] - ETA: 1s - loss: 0.2796 - acc: 0.8900
 600/8000 [=>............................] - ETA: 0s - loss: 0.3107 - acc: 0.8700
1100/8000 [===>..........................] - ETA: 0s - loss: 0.3051 - acc: 0.8700
1600/8000 [=====>........................] - ETA: 0s - loss: 0.2975 - acc: 0.8775
2100/8000 [======>.......................] - ETA: 0s - loss: 0.3037 - acc: 0.8738
2600/8000 [========>.....................] - ETA: 0s - loss: 0.2976 - acc: 0.8765
3100/8000 [==========>...................] - ETA: 0s - loss: 0.2983 - acc: 0.8761
3600/8000 [============>.................] - ETA: 0s - loss: 0.2986 - acc: 0.8767
4100/8000 [==============>...............] - ETA: 0s - loss: 0.2887 - acc: 0.8815
4500/8000 [===============>..............] - ETA: 0s - loss: 0.2896 - acc: 0.8816
5000/8000 [=================>............] - ETA: 0s - loss: 0.2955 - acc: 0.8798
5500/8000 [===================>..........] - ETA: 0s - loss: 0.2976 - acc: 0.8785
6000/8000 [=====================>........] - ETA: 0s - loss: 0.2949 - acc: 0.8798
6500/8000 [=======================>......] - ETA: 0s - loss: 0.2957 - acc: 0.8803
7000/8000 [=========================>....] - ETA: 0s - loss: 0.2938 - acc: 0.8816
7500/8000 [===========================>..] - ETA: 0s - loss: 0.2934 - acc: 0.8815
8000/8000 [==============================] - 1s 128us/step - loss: 0.2936 - acc: 0.8815 - val_loss: 0.3325 - val_acc: 0.8750
Epoch 4/50

 100/8000 [..............................] - ETA: 1s - loss: 0.1969 - acc: 0.9000
 600/8000 [=>............................] - ETA: 0s - loss: 0.2562 - acc: 0.8883
1100/8000 [===>..........................] - ETA: 0s - loss: 0.2231 - acc: 0.9091
1600/8000 [=====>........................] - ETA: 0s - loss: 0.2265 - acc: 0.9075
2000/8000 [======>.......................] - ETA: 0s - loss: 0.2169 - acc: 0.9145
2500/8000 [========>.....................] - ETA: 0s - loss: 0.2212 - acc: 0.9144
3000/8000 [==========>...................] - ETA: 0s - loss: 0.2299 - acc: 0.9097
3500/8000 [============>.................] - ETA: 0s - loss: 0.2299 - acc: 0.9086
4000/8000 [==============>...............] - ETA: 0s - loss: 0.2310 - acc: 0.9090
4500/8000 [===============>..............] - ETA: 0s - loss: 0.2322 - acc: 0.9082
5000/8000 [=================>............] - ETA: 0s - loss: 0.2290 - acc: 0.9098
5500/8000 [===================>..........] - ETA: 0s - loss: 0.2325 - acc: 0.9095
5900/8000 [=====================>........] - ETA: 0s - loss: 0.2319 - acc: 0.9103
6300/8000 [======================>.......] - ETA: 0s - loss: 0.2300 - acc: 0.9110
6800/8000 [========================>.....] - ETA: 0s - loss: 0.2283 - acc: 0.9104
7300/8000 [==========================>...] - ETA: 0s - loss: 0.2291 - acc: 0.9095
7800/8000 [============================>.] - ETA: 0s - loss: 0.2284 - acc: 0.9096
8000/8000 [==============================] - 1s 129us/step - loss: 0.2283 - acc: 0.9100 - val_loss: 0.3298 - val_acc: 0.8695
Epoch 5/50

 100/8000 [..............................] - ETA: 0s - loss: 0.1563 - acc: 0.9500
 500/8000 [>.............................] - ETA: 0s - loss: 0.1756 - acc: 0.9300
 900/8000 [==>...........................] - ETA: 0s - loss: 0.1893 - acc: 0.9244
1400/8000 [====>.........................] - ETA: 0s - loss: 0.2045 - acc: 0.9214
1900/8000 [======>.......................] - ETA: 0s - loss: 0.1991 - acc: 0.9232
2300/8000 [=======>......................] - ETA: 0s - loss: 0.1971 - acc: 0.9230
2800/8000 [=========>....................] - ETA: 0s - loss: 0.1929 - acc: 0.9264
3300/8000 [===========>..................] - ETA: 0s - loss: 0.1952 - acc: 0.9239
3800/8000 [=============>................] - ETA: 0s - loss: 0.1953 - acc: 0.9234
4300/8000 [===============>..............] - ETA: 0s - loss: 0.1933 - acc: 0.9240
4800/8000 [=================>............] - ETA: 0s - loss: 0.1943 - acc: 0.9244
5200/8000 [==================>...........] - ETA: 0s - loss: 0.1937 - acc: 0.9246
5700/8000 [====================>.........] - ETA: 0s - loss: 0.1954 - acc: 0.9237
6100/8000 [=====================>........] - ETA: 0s - loss: 0.1949 - acc: 0.9234
6600/8000 [=======================>......] - ETA: 0s - loss: 0.1940 - acc: 0.9238
7000/8000 [=========================>....] - ETA: 0s - loss: 0.1935 - acc: 0.9240
7500/8000 [===========================>..] - ETA: 0s - loss: 0.1942 - acc: 0.9235
8000/8000 [==============================] - 1s 128us/step - loss: 0.1938 - acc: 0.9246 - val_loss: 0.4269 - val_acc: 0.8606
Epoch 6/50

 100/8000 [..............................] - ETA: 1s - loss: 0.1633 - acc: 0.9500
 600/8000 [=>............................] - ETA: 0s - loss: 0.1759 - acc: 0.9317
1100/8000 [===>..........................] - ETA: 0s - loss: 0.1587 - acc: 0.9373
1600/8000 [=====>........................] - ETA: 0s - loss: 0.1384 - acc: 0.9475
2100/8000 [======>.......................] - ETA: 0s - loss: 0.1362 - acc: 0.9486
2600/8000 [========>.....................] - ETA: 0s - loss: 0.1347 - acc: 0.9504
3100/8000 [==========>...................] - ETA: 0s - loss: 0.1412 - acc: 0.9481
3600/8000 [============>.................] - ETA: 0s - loss: 0.1379 - acc: 0.9494
4100/8000 [==============>...............] - ETA: 0s - loss: 0.1481 - acc: 0.9463
4600/8000 [================>.............] - ETA: 0s - loss: 0.1508 - acc: 0.9443
5100/8000 [==================>...........] - ETA: 0s - loss: 0.1491 - acc: 0.9451
5600/8000 [====================>.........] - ETA: 0s - loss: 0.1505 - acc: 0.9441
6000/8000 [=====================>........] - ETA: 0s - loss: 0.1523 - acc: 0.9423
6500/8000 [=======================>......] - ETA: 0s - loss: 0.1532 - acc: 0.9417
7000/8000 [=========================>....] - ETA: 0s - loss: 0.1522 - acc: 0.9424
7500/8000 [===========================>..] - ETA: 0s - loss: 0.1542 - acc: 0.9417
8000/8000 [==============================] - 1s 127us/step - loss: 0.1560 - acc: 0.9406 - val_loss: 0.3471 - val_acc: 0.8562
Epoch 7/50

 100/8000 [..............................] - ETA: 0s - loss: 0.1383 - acc: 0.9600
 600/8000 [=>............................] - ETA: 0s - loss: 0.1527 - acc: 0.9450
1100/8000 [===>..........................] - ETA: 0s - loss: 0.1310 - acc: 0.9509
1600/8000 [=====>........................] - ETA: 0s - loss: 0.1359 - acc: 0.9494
2100/8000 [======>.......................] - ETA: 0s - loss: 0.1315 - acc: 0.9514
2600/8000 [========>.....................] - ETA: 0s - loss: 0.1313 - acc: 0.9523
3000/8000 [==========>...................] - ETA: 0s - loss: 0.1283 - acc: 0.9520
3500/8000 [============>.................] - ETA: 0s - loss: 0.1219 - acc: 0.9546
4000/8000 [==============>...............] - ETA: 0s - loss: 0.1247 - acc: 0.9538
4500/8000 [===============>..............] - ETA: 0s - loss: 0.1276 - acc: 0.9536
5000/8000 [=================>............] - ETA: 0s - loss: 0.1287 - acc: 0.9530
5500/8000 [===================>..........] - ETA: 0s - loss: 0.1322 - acc: 0.9507
6000/8000 [=====================>........] - ETA: 0s - loss: 0.1292 - acc: 0.9517
6400/8000 [=======================>......] - ETA: 0s - loss: 0.1293 - acc: 0.9523
6900/8000 [========================>.....] - ETA: 0s - loss: 0.1296 - acc: 0.9517
7400/8000 [==========================>...] - ETA: 0s - loss: 0.1288 - acc: 0.9520
7900/8000 [============================>.] - ETA: 0s - loss: 0.1313 - acc: 0.9508
8000/8000 [==============================] - 1s 128us/step - loss: 0.1311 - acc: 0.9506 - val_loss: 0.2883 - val_acc: 0.8927
Epoch 8/50

 100/8000 [..............................] - ETA: 1s - loss: 0.1291 - acc: 0.9400
 600/8000 [=>............................] - ETA: 0s - loss: 0.1135 - acc: 0.9483
1100/8000 [===>..........................] - ETA: 0s - loss: 0.1082 - acc: 0.9536
1600/8000 [=====>........................] - ETA: 0s - loss: 0.1117 - acc: 0.9531
2100/8000 [======>.......................] - ETA: 0s - loss: 0.1128 - acc: 0.9510
2600/8000 [========>.....................] - ETA: 0s - loss: 0.1100 - acc: 0.9512
3100/8000 [==========>...................] - ETA: 0s - loss: 0.1083 - acc: 0.9529
3600/8000 [============>.................] - ETA: 0s - loss: 0.1091 - acc: 0.9531
4000/8000 [==============>...............] - ETA: 0s - loss: 0.1085 - acc: 0.9535
4500/8000 [===============>..............] - ETA: 0s - loss: 0.1063 - acc: 0.9547
5000/8000 [=================>............] - ETA: 0s - loss: 0.1058 - acc: 0.9550
5500/8000 [===================>..........] - ETA: 0s - loss: 0.1096 - acc: 0.9545
6000/8000 [=====================>........] - ETA: 0s - loss: 0.1098 - acc: 0.9540
6400/8000 [=======================>......] - ETA: 0s - loss: 0.1100 - acc: 0.9539
6900/8000 [========================>.....] - ETA: 0s - loss: 0.1105 - acc: 0.9545
7400/8000 [==========================>...] - ETA: 0s - loss: 0.1114 - acc: 0.9549
7800/8000 [============================>.] - ETA: 0s - loss: 0.1106 - acc: 0.9554
8000/8000 [==============================] - 1s 128us/step - loss: 0.1100 - acc: 0.9558 - val_loss: 0.3790 - val_acc: 0.8894
Epoch 9/50

 100/8000 [..............................] - ETA: 0s - loss: 0.0904 - acc: 0.9800
 600/8000 [=>............................] - ETA: 0s - loss: 0.0841 - acc: 0.9683
1000/8000 [==>...........................] - ETA: 0s - loss: 0.1106 - acc: 0.9610
1500/8000 [====>.........................] - ETA: 0s - loss: 0.1101 - acc: 0.9587
2000/8000 [======>.......................] - ETA: 0s - loss: 0.1122 - acc: 0.9575
2500/8000 [========>.....................] - ETA: 0s - loss: 0.1020 - acc: 0.9620
2900/8000 [=========>....................] - ETA: 0s - loss: 0.1051 - acc: 0.9621
3400/8000 [===========>..................] - ETA: 0s - loss: 0.0999 - acc: 0.9632
3900/8000 [=============>................] - ETA: 0s - loss: 0.0987 - acc: 0.9623
4400/8000 [===============>..............] - ETA: 0s - loss: 0.0998 - acc: 0.9620
4900/8000 [=================>............] - ETA: 0s - loss: 0.0985 - acc: 0.9624
5400/8000 [===================>..........] - ETA: 0s - loss: 0.1002 - acc: 0.9613
5900/8000 [=====================>........] - ETA: 0s - loss: 0.0996 - acc: 0.9612
6400/8000 [=======================>......] - ETA: 0s - loss: 0.0999 - acc: 0.9620
6800/8000 [========================>.....] - ETA: 0s - loss: 0.1030 - acc: 0.9613
7300/8000 [==========================>...] - ETA: 0s - loss: 0.1031 - acc: 0.9614
7800/8000 [============================>.] - ETA: 0s - loss: 0.1039 - acc: 0.9601
8000/8000 [==============================] - 1s 128us/step - loss: 0.1047 - acc: 0.9598 - val_loss: 0.3871 - val_acc: 0.8960
Epoch 10/50

 100/8000 [..............................] - ETA: 0s - loss: 0.0645 - acc: 0.9700
 600/8000 [=>............................] - ETA: 0s - loss: 0.1008 - acc: 0.9600
1100/8000 [===>..........................] - ETA: 0s - loss: 0.0835 - acc: 0.9664
1600/8000 [=====>........................] - ETA: 0s - loss: 0.0954 - acc: 0.9619
2100/8000 [======>.......................] - ETA: 0s - loss: 0.0935 - acc: 0.9643
2600/8000 [========>.....................] - ETA: 0s - loss: 0.0938 - acc: 0.9638
3000/8000 [==========>...................] - ETA: 0s - loss: 0.0920 - acc: 0.9643
3500/8000 [============>.................] - ETA: 0s - loss: 0.0890 - acc: 0.9660
4000/8000 [==============>...............] - ETA: 0s - loss: 0.0896 - acc: 0.9663
4500/8000 [===============>..............] - ETA: 0s - loss: 0.0917 - acc: 0.9649
5000/8000 [=================>............] - ETA: 0s - loss: 0.0920 - acc: 0.9648
5500/8000 [===================>..........] - ETA: 0s - loss: 0.0899 - acc: 0.9651
6000/8000 [=====================>........] - ETA: 0s - loss: 0.0903 - acc: 0.9648
6500/8000 [=======================>......] - ETA: 0s - loss: 0.0933 - acc: 0.9645
7000/8000 [=========================>....] - ETA: 0s - loss: 0.0935 - acc: 0.9643
7500/8000 [===========================>..] - ETA: 0s - loss: 0.0922 - acc: 0.9647
8000/8000 [==============================] - 1s 127us/step - loss: 0.0923 - acc: 0.9648 - val_loss: 0.3680 - val_acc: 0.8794
Epoch 11/50

 100/8000 [..............................] - ETA: 1s - loss: 0.0613 - acc: 0.9600
 600/8000 [=>............................] - ETA: 0s - loss: 0.0643 - acc: 0.9750
1100/8000 [===>..........................] - ETA: 0s - loss: 0.0697 - acc: 0.9718
1500/8000 [====>.........................] - ETA: 0s - loss: 0.0729 - acc: 0.9733
2000/8000 [======>.......................] - ETA: 0s - loss: 0.0731 - acc: 0.9740
2500/8000 [========>.....................] - ETA: 0s - loss: 0.0753 - acc: 0.9716
3000/8000 [==========>...................] - ETA: 0s - loss: 0.0788 - acc: 0.9700
3500/8000 [============>.................] - ETA: 0s - loss: 0.0816 - acc: 0.9686
4000/8000 [==============>...............] - ETA: 0s - loss: 0.0765 - acc: 0.9705
4500/8000 [===============>..............] - ETA: 0s - loss: 0.0779 - acc: 0.9702
5000/8000 [=================>............] - ETA: 0s - loss: 0.0812 - acc: 0.9694
5500/8000 [===================>..........] - ETA: 0s - loss: 0.0824 - acc: 0.9682
6000/8000 [=====================>........] - ETA: 0s - loss: 0.0826 - acc: 0.9680
6500/8000 [=======================>......] - ETA: 0s - loss: 0.0809 - acc: 0.9689
7000/8000 [=========================>....] - ETA: 0s - loss: 0.0832 - acc: 0.9674
7400/8000 [==========================>...] - ETA: 0s - loss: 0.0840 - acc: 0.9669
7900/8000 [============================>.] - ETA: 0s - loss: 0.0831 - acc: 0.9676
8000/8000 [==============================] - 1s 128us/step - loss: 0.0841 - acc: 0.9674 - val_loss: 0.4236 - val_acc: 0.8883
Epoch 12/50

 100/8000 [..............................] - ETA: 1s - loss: 0.1025 - acc: 0.9600
 600/8000 [=>............................] - ETA: 0s - loss: 0.0770 - acc: 0.9717
1100/8000 [===>..........................] - ETA: 0s - loss: 0.0801 - acc: 0.9691
1600/8000 [=====>........................] - ETA: 0s - loss: 0.0710 - acc: 0.9719
2100/8000 [======>.......................] - ETA: 0s - loss: 0.0748 - acc: 0.9710
2600/8000 [========>.....................] - ETA: 0s - loss: 0.0750 - acc: 0.9727
3100/8000 [==========>...................] - ETA: 0s - loss: 0.0770 - acc: 0.9716
3600/8000 [============>.................] - ETA: 0s - loss: 0.0754 - acc: 0.9728
4100/8000 [==============>...............] - ETA: 0s - loss: 0.0792 - acc: 0.9720
4600/8000 [================>.............] - ETA: 0s - loss: 0.0793 - acc: 0.9715
5100/8000 [==================>...........] - ETA: 0s - loss: 0.0805 - acc: 0.9710
5600/8000 [====================>.........] - ETA: 0s - loss: 0.0793 - acc: 0.9709
6100/8000 [=====================>........] - ETA: 0s - loss: 0.0792 - acc: 0.9703
6600/8000 [=======================>......] - ETA: 0s - loss: 0.0794 - acc: 0.9700
7100/8000 [=========================>....] - ETA: 0s - loss: 0.0790 - acc: 0.9700
7500/8000 [===========================>..] - ETA: 0s - loss: 0.0788 - acc: 0.9704
8000/8000 [==============================] - 1s 126us/step - loss: 0.0788 - acc: 0.9701 - val_loss: 0.5841 - val_acc: 0.8838
Epoch 13/50

 100/8000 [..............................] - ETA: 0s - loss: 0.0429 - acc: 0.9900
 600/8000 [=>............................] - ETA: 0s - loss: 0.0650 - acc: 0.9750
1100/8000 [===>..........................] - ETA: 0s - loss: 0.0709 - acc: 0.9700
1500/8000 [====>.........................] - ETA: 0s - loss: 0.0781 - acc: 0.9660
2000/8000 [======>.......................] - ETA: 0s - loss: 0.0742 - acc: 0.9670
2400/8000 [========>.....................] - ETA: 0s - loss: 0.0764 - acc: 0.9675
2900/8000 [=========>....................] - ETA: 0s - loss: 0.0810 - acc: 0.9666
3300/8000 [===========>..................] - ETA: 0s - loss: 0.0782 - acc: 0.9682
3800/8000 [=============>................] - ETA: 0s - loss: 0.0736 - acc: 0.9705
4300/8000 [===============>..............] - ETA: 0s - loss: 0.0759 - acc: 0.9716
4800/8000 [=================>............] - ETA: 0s - loss: 0.0798 - acc: 0.9704
5300/8000 [==================>...........] - ETA: 0s - loss: 0.0797 - acc: 0.9704
5800/8000 [====================>.........] - ETA: 0s - loss: 0.0794 - acc: 0.9700
6300/8000 [======================>.......] - ETA: 0s - loss: 0.0792 - acc: 0.9697
6800/8000 [========================>.....] - ETA: 0s - loss: 0.0803 - acc: 0.9691
7300/8000 [==========================>...] - ETA: 0s - loss: 0.0828 - acc: 0.9681
7800/8000 [============================>.] - ETA: 0s - loss: 0.0825 - acc: 0.9678
8000/8000 [==============================] - 1s 128us/step - loss: 0.0833 - acc: 0.9679 - val_loss: 0.4022 - val_acc: 0.9015
Epoch 14/50

 100/8000 [..............................] - ETA: 0s - loss: 0.0658 - acc: 0.9800
 600/8000 [=>............................] - ETA: 0s - loss: 0.0793 - acc: 0.9717
1100/8000 [===>..........................] - ETA: 0s - loss: 0.0686 - acc: 0.9745
1500/8000 [====>.........................] - ETA: 0s - loss: 0.0695 - acc: 0.9747
2000/8000 [======>.......................] - ETA: 0s - loss: 0.0745 - acc: 0.9740
2500/8000 [========>.....................] - ETA: 0s - loss: 0.0815 - acc: 0.9724
3000/8000 [==========>...................] - ETA: 0s - loss: 0.0800 - acc: 0.9723
3400/8000 [===========>..................] - ETA: 0s - loss: 0.0779 - acc: 0.9729
3900/8000 [=============>................] - ETA: 0s - loss: 0.0755 - acc: 0.9736
4400/8000 [===============>..............] - ETA: 0s - loss: 0.0785 - acc: 0.9730
4900/8000 [=================>............] - ETA: 0s - loss: 0.0791 - acc: 0.9716
5400/8000 [===================>..........] - ETA: 0s - loss: 0.0787 - acc: 0.9724
5900/8000 [=====================>........] - ETA: 0s - loss: 0.0801 - acc: 0.9712
6400/8000 [=======================>......] - ETA: 0s - loss: 0.0789 - acc: 0.9711
6900/8000 [========================>.....] - ETA: 0s - loss: 0.0768 - acc: 0.9713
7400/8000 [==========================>...] - ETA: 0s - loss: 0.0766 - acc: 0.9716
7900/8000 [============================>.] - ETA: 0s - loss: 0.0752 - acc: 0.9718
8000/8000 [==============================] - 1s 127us/step - loss: 0.0748 - acc: 0.9720 - val_loss: 0.4525 - val_acc: 0.8982
Epoch 15/50

 100/8000 [..............................] - ETA: 0s - loss: 0.0097 - acc: 1.0000
 600/8000 [=>............................] - ETA: 0s - loss: 0.0515 - acc: 0.9783
1100/8000 [===>..........................] - ETA: 0s - loss: 0.0496 - acc: 0.9800
1600/8000 [=====>........................] - ETA: 0s - loss: 0.0517 - acc: 0.9775
2100/8000 [======>.......................] - ETA: 0s - loss: 0.0549 - acc: 0.9786
2600/8000 [========>.....................] - ETA: 0s - loss: 0.0528 - acc: 0.9785
3100/8000 [==========>...................] - ETA: 0s - loss: 0.0574 - acc: 0.9774
3600/8000 [============>.................] - ETA: 0s - loss: 0.0602 - acc: 0.9747
4100/8000 [==============>...............] - ETA: 0s - loss: 0.0597 - acc: 0.9746
4600/8000 [================>.............] - ETA: 0s - loss: 0.0616 - acc: 0.9733
5100/8000 [==================>...........] - ETA: 0s - loss: 0.0618 - acc: 0.9733
5600/8000 [====================>.........] - ETA: 0s - loss: 0.0610 - acc: 0.9736
6100/8000 [=====================>........] - ETA: 0s - loss: 0.0616 - acc: 0.9739
6600/8000 [=======================>......] - ETA: 0s - loss: 0.0620 - acc: 0.9741
7100/8000 [=========================>....] - ETA: 0s - loss: 0.0624 - acc: 0.9741
7500/8000 [===========================>..] - ETA: 0s - loss: 0.0615 - acc: 0.9745
8000/8000 [==============================] - 1s 128us/step - loss: 0.0616 - acc: 0.9745 - val_loss: 0.4525 - val_acc: 0.8971
Epoch 16/50

 100/8000 [..............................] - ETA: 1s - loss: 0.1036 - acc: 0.9500
 600/8000 [=>............................] - ETA: 0s - loss: 0.0683 - acc: 0.9767
1100/8000 [===>..........................] - ETA: 0s - loss: 0.0566 - acc: 0.9818
1600/8000 [=====>........................] - ETA: 0s - loss: 0.0601 - acc: 0.9781
2100/8000 [======>.......................] - ETA: 0s - loss: 0.0562 - acc: 0.9805
2600/8000 [========>.....................] - ETA: 0s - loss: 0.0592 - acc: 0.9777
3000/8000 [==========>...................] - ETA: 0s - loss: 0.0573 - acc: 0.9773
3500/8000 [============>.................] - ETA: 0s - loss: 0.0577 - acc: 0.9780
4000/8000 [==============>...............] - ETA: 0s - loss: 0.0575 - acc: 0.9780
4500/8000 [===============>..............] - ETA: 0s - loss: 0.0558 - acc: 0.9782
5000/8000 [=================>............] - ETA: 0s - loss: 0.0550 - acc: 0.9782
5500/8000 [===================>..........] - ETA: 0s - loss: 0.0551 - acc: 0.9780
6000/8000 [=====================>........] - ETA: 0s - loss: 0.0547 - acc: 0.9777
6400/8000 [=======================>......] - ETA: 0s - loss: 0.0538 - acc: 0.9780
6900/8000 [========================>.....] - ETA: 0s - loss: 0.0550 - acc: 0.9774
7300/8000 [==========================>...] - ETA: 0s - loss: 0.0547 - acc: 0.9774
7800/8000 [============================>.] - ETA: 0s - loss: 0.0544 - acc: 0.9778
8000/8000 [==============================] - 1s 128us/step - loss: 0.0546 - acc: 0.9778 - val_loss: 0.5102 - val_acc: 0.9015
Epoch 17/50

 100/8000 [..............................] - ETA: 0s - loss: 0.0354 - acc: 0.9800
 600/8000 [=>............................] - ETA: 0s - loss: 0.0267 - acc: 0.9867
1100/8000 [===>..........................] - ETA: 0s - loss: 0.0383 - acc: 0.9809
1600/8000 [=====>........................] - ETA: 0s - loss: 0.0402 - acc: 0.9825
2000/8000 [======>.......................] - ETA: 0s - loss: 0.0364 - acc: 0.9855
2500/8000 [========>.....................] - ETA: 0s - loss: 0.0458 - acc: 0.9828
3000/8000 [==========>...................] - ETA: 0s - loss: 0.0449 - acc: 0.9837
3500/8000 [============>.................] - ETA: 0s - loss: 0.0483 - acc: 0.9814
4000/8000 [==============>...............] - ETA: 0s - loss: 0.0495 - acc: 0.9803
4500/8000 [===============>..............] - ETA: 0s - loss: 0.0497 - acc: 0.9804
5000/8000 [=================>............] - ETA: 0s - loss: 0.0488 - acc: 0.9804
5500/8000 [===================>..........] - ETA: 0s - loss: 0.0500 - acc: 0.9793
6000/8000 [=====================>........] - ETA: 0s - loss: 0.0519 - acc: 0.9787
6400/8000 [=======================>......] - ETA: 0s - loss: 0.0518 - acc: 0.9783
6900/8000 [========================>.....] - ETA: 0s - loss: 0.0530 - acc: 0.9778
7400/8000 [==========================>...] - ETA: 0s - loss: 0.0537 - acc: 0.9773
7900/8000 [============================>.] - ETA: 0s - loss: 0.0542 - acc: 0.9767
8000/8000 [==============================] - 1s 127us/step - loss: 0.0542 - acc: 0.9765 - val_loss: 0.4263 - val_acc: 0.8938
Epoch 00017: early stopping
mal2d01_c # of params 3499009
              precision    recall  f1-score   support

           0     0.9325    0.9596    0.9458      2721
           1     0.9820    0.9694    0.9757      6183

    accuracy                         0.9664      8904
   macro avg     0.9572    0.9645    0.9608      8904
weighted avg     0.9669    0.9664    0.9666      8904

0.9926936568912531
mal2d01_c # of params 3499009
839
mal2d01_c -3001 -117
mal2d01_c 0.7238682370261318 0.8605482717520858
theshold [0.02208367] [0.00239345]
              precision    recall  f1-score   support

           0     0.1939    0.8605    0.3165       839
           1     0.9853    0.7239    0.8346     10868

    accuracy                         0.7337     11707
   macro avg     0.5896    0.7922    0.5756     11707
weighted avg     0.9286    0.7337    0.7975     11707

0.8763621580101097
