['x_train', 'y_train', 'x_valid', 'y_valid']
5553
630
(8000, 64, 512, 1)
(904, 64, 512, 1)
Train on 8000 samples, validate on 904 samples
Epoch 1/50

 100/8000 [..............................] - ETA: 16:25 - loss: 0.6931 - acc: 0.4900
 200/8000 [..............................] - ETA: 8:08 - loss: 0.6922 - acc: 0.5850 
 300/8000 [>.............................] - ETA: 5:23 - loss: 0.6864 - acc: 0.6300
 400/8000 [>.............................] - ETA: 4:00 - loss: 0.6758 - acc: 0.6375
 500/8000 [>.............................] - ETA: 3:10 - loss: 0.6691 - acc: 0.6580
 600/8000 [=>............................] - ETA: 2:37 - loss: 0.6602 - acc: 0.6700
 700/8000 [=>............................] - ETA: 2:13 - loss: 0.6610 - acc: 0.6743
 800/8000 [==>...........................] - ETA: 1:55 - loss: 0.6580 - acc: 0.6800
 900/8000 [==>...........................] - ETA: 1:41 - loss: 0.6565 - acc: 0.6844
1000/8000 [==>...........................] - ETA: 1:30 - loss: 0.6521 - acc: 0.6950
1100/8000 [===>..........................] - ETA: 1:21 - loss: 0.6527 - acc: 0.6891
1200/8000 [===>..........................] - ETA: 1:14 - loss: 0.6497 - acc: 0.6925
1300/8000 [===>..........................] - ETA: 1:07 - loss: 0.6484 - acc: 0.6915
1400/8000 [====>.........................] - ETA: 1:02 - loss: 0.6446 - acc: 0.6950
1500/8000 [====>.........................] - ETA: 57s - loss: 0.6438 - acc: 0.6947 
1600/8000 [=====>........................] - ETA: 53s - loss: 0.6435 - acc: 0.6925
1700/8000 [=====>........................] - ETA: 49s - loss: 0.6435 - acc: 0.6900
1800/8000 [=====>........................] - ETA: 46s - loss: 0.6404 - acc: 0.6928
1900/8000 [======>.......................] - ETA: 43s - loss: 0.6379 - acc: 0.6921
2000/8000 [======>.......................] - ETA: 40s - loss: 0.6358 - acc: 0.6920
2100/8000 [======>.......................] - ETA: 38s - loss: 0.6350 - acc: 0.6924
2200/8000 [=======>......................] - ETA: 35s - loss: 0.6330 - acc: 0.6927
2300/8000 [=======>......................] - ETA: 33s - loss: 0.6321 - acc: 0.6909
2400/8000 [========>.....................] - ETA: 32s - loss: 0.6304 - acc: 0.6908
2500/8000 [========>.....................] - ETA: 30s - loss: 0.6281 - acc: 0.6920
2600/8000 [========>.....................] - ETA: 28s - loss: 0.6254 - acc: 0.6931
2700/8000 [=========>....................] - ETA: 27s - loss: 0.6256 - acc: 0.6919
2800/8000 [=========>....................] - ETA: 25s - loss: 0.6228 - acc: 0.6929
2900/8000 [=========>....................] - ETA: 24s - loss: 0.6216 - acc: 0.6921
3000/8000 [==========>...................] - ETA: 23s - loss: 0.6201 - acc: 0.6917
3100/8000 [==========>...................] - ETA: 22s - loss: 0.6174 - acc: 0.6919
3200/8000 [===========>..................] - ETA: 21s - loss: 0.6144 - acc: 0.6925
3300/8000 [===========>..................] - ETA: 20s - loss: 0.6143 - acc: 0.6927
3400/8000 [===========>..................] - ETA: 19s - loss: 0.6109 - acc: 0.6929
3500/8000 [============>.................] - ETA: 18s - loss: 0.6102 - acc: 0.6931
3600/8000 [============>.................] - ETA: 17s - loss: 0.6081 - acc: 0.6942
3700/8000 [============>.................] - ETA: 16s - loss: 0.6082 - acc: 0.6927
3800/8000 [=============>................] - ETA: 15s - loss: 0.6065 - acc: 0.6929
3900/8000 [=============>................] - ETA: 15s - loss: 0.6034 - acc: 0.6941
4000/8000 [==============>...............] - ETA: 14s - loss: 0.5996 - acc: 0.6965
4100/8000 [==============>...............] - ETA: 13s - loss: 0.5969 - acc: 0.6973
4200/8000 [==============>...............] - ETA: 13s - loss: 0.5955 - acc: 0.6969
4300/8000 [===============>..............] - ETA: 12s - loss: 0.5935 - acc: 0.6965
4400/8000 [===============>..............] - ETA: 12s - loss: 0.5915 - acc: 0.6957
4500/8000 [===============>..............] - ETA: 11s - loss: 0.5911 - acc: 0.6940
4600/8000 [================>.............] - ETA: 11s - loss: 0.5893 - acc: 0.6943
4700/8000 [================>.............] - ETA: 10s - loss: 0.5877 - acc: 0.6940
4800/8000 [=================>............] - ETA: 9s - loss: 0.5862 - acc: 0.6925 
4900/8000 [=================>............] - ETA: 9s - loss: 0.5834 - acc: 0.6929
5000/8000 [=================>............] - ETA: 9s - loss: 0.5814 - acc: 0.6928
5100/8000 [==================>...........] - ETA: 8s - loss: 0.5792 - acc: 0.6933
5200/8000 [==================>...........] - ETA: 8s - loss: 0.5778 - acc: 0.6925
5300/8000 [==================>...........] - ETA: 7s - loss: 0.5750 - acc: 0.6942
5400/8000 [===================>..........] - ETA: 7s - loss: 0.5740 - acc: 0.6956
5500/8000 [===================>..........] - ETA: 6s - loss: 0.5730 - acc: 0.6947
5600/8000 [====================>.........] - ETA: 6s - loss: 0.5738 - acc: 0.6946
5700/8000 [====================>.........] - ETA: 6s - loss: 0.5716 - acc: 0.6963
5800/8000 [====================>.........] - ETA: 5s - loss: 0.5694 - acc: 0.6983
5900/8000 [=====================>........] - ETA: 5s - loss: 0.5685 - acc: 0.6993
6000/8000 [=====================>........] - ETA: 5s - loss: 0.5666 - acc: 0.7010
6100/8000 [=====================>........] - ETA: 4s - loss: 0.5655 - acc: 0.7026
6200/8000 [======================>.......] - ETA: 4s - loss: 0.5647 - acc: 0.7032
6300/8000 [======================>.......] - ETA: 4s - loss: 0.5640 - acc: 0.7048
6400/8000 [=======================>......] - ETA: 3s - loss: 0.5631 - acc: 0.7058
6500/8000 [=======================>......] - ETA: 3s - loss: 0.5605 - acc: 0.7071
6600/8000 [=======================>......] - ETA: 3s - loss: 0.5598 - acc: 0.7071
6700/8000 [========================>.....] - ETA: 3s - loss: 0.5572 - acc: 0.7090
6800/8000 [========================>.....] - ETA: 2s - loss: 0.5558 - acc: 0.7104
6900/8000 [========================>.....] - ETA: 2s - loss: 0.5536 - acc: 0.7114
7000/8000 [=========================>....] - ETA: 2s - loss: 0.5517 - acc: 0.7129
7100/8000 [=========================>....] - ETA: 2s - loss: 0.5503 - acc: 0.7144
7200/8000 [==========================>...] - ETA: 1s - loss: 0.5498 - acc: 0.7149
7300/8000 [==========================>...] - ETA: 1s - loss: 0.5483 - acc: 0.7158
7400/8000 [==========================>...] - ETA: 1s - loss: 0.5467 - acc: 0.7168
7500/8000 [===========================>..] - ETA: 1s - loss: 0.5458 - acc: 0.7179
7600/8000 [===========================>..] - ETA: 0s - loss: 0.5436 - acc: 0.7192
7700/8000 [===========================>..] - ETA: 0s - loss: 0.5421 - acc: 0.7206
7800/8000 [============================>.] - ETA: 0s - loss: 0.5401 - acc: 0.7222
7900/8000 [============================>.] - ETA: 0s - loss: 0.5374 - acc: 0.7238
8000/8000 [==============================] - 17s 2ms/step - loss: 0.5356 - acc: 0.7253 - val_loss: 0.5221 - val_acc: 0.7865
Epoch 2/50

 100/8000 [..............................] - ETA: 3s - loss: 0.4607 - acc: 0.7800
 200/8000 [..............................] - ETA: 4s - loss: 0.3935 - acc: 0.8200
 300/8000 [>.............................] - ETA: 4s - loss: 0.4493 - acc: 0.7933
 400/8000 [>.............................] - ETA: 4s - loss: 0.4294 - acc: 0.7950
 500/8000 [>.............................] - ETA: 3s - loss: 0.4263 - acc: 0.7900
 600/8000 [=>............................] - ETA: 3s - loss: 0.4320 - acc: 0.7883
 700/8000 [=>............................] - ETA: 3s - loss: 0.4303 - acc: 0.7914
 800/8000 [==>...........................] - ETA: 3s - loss: 0.4235 - acc: 0.8025
 900/8000 [==>...........................] - ETA: 3s - loss: 0.4252 - acc: 0.8067
1000/8000 [==>...........................] - ETA: 3s - loss: 0.4234 - acc: 0.8080
1100/8000 [===>..........................] - ETA: 3s - loss: 0.4205 - acc: 0.8136
1200/8000 [===>..........................] - ETA: 3s - loss: 0.4223 - acc: 0.8117
1300/8000 [===>..........................] - ETA: 3s - loss: 0.4201 - acc: 0.8115
1400/8000 [====>.........................] - ETA: 3s - loss: 0.4211 - acc: 0.8086
1500/8000 [====>.........................] - ETA: 3s - loss: 0.4191 - acc: 0.8107
1600/8000 [=====>........................] - ETA: 3s - loss: 0.4202 - acc: 0.8094
1700/8000 [=====>........................] - ETA: 3s - loss: 0.4173 - acc: 0.8100
1800/8000 [=====>........................] - ETA: 3s - loss: 0.4094 - acc: 0.8161
1900/8000 [======>.......................] - ETA: 3s - loss: 0.4192 - acc: 0.8126
2000/8000 [======>.......................] - ETA: 3s - loss: 0.4186 - acc: 0.8145
2100/8000 [======>.......................] - ETA: 3s - loss: 0.4141 - acc: 0.8171
2200/8000 [=======>......................] - ETA: 3s - loss: 0.4107 - acc: 0.8209
2300/8000 [=======>......................] - ETA: 3s - loss: 0.4075 - acc: 0.8243
2400/8000 [========>.....................] - ETA: 2s - loss: 0.4061 - acc: 0.8233
2500/8000 [========>.....................] - ETA: 2s - loss: 0.4015 - acc: 0.8268
2600/8000 [========>.....................] - ETA: 2s - loss: 0.3981 - acc: 0.8292
2700/8000 [=========>....................] - ETA: 2s - loss: 0.3962 - acc: 0.8304
2800/8000 [=========>....................] - ETA: 2s - loss: 0.3965 - acc: 0.8296
2900/8000 [=========>....................] - ETA: 2s - loss: 0.3964 - acc: 0.8300
3000/8000 [==========>...................] - ETA: 2s - loss: 0.3945 - acc: 0.8303
3100/8000 [==========>...................] - ETA: 2s - loss: 0.3890 - acc: 0.8342
3200/8000 [===========>..................] - ETA: 2s - loss: 0.3885 - acc: 0.8344
3300/8000 [===========>..................] - ETA: 2s - loss: 0.3866 - acc: 0.8345
3400/8000 [===========>..................] - ETA: 2s - loss: 0.3836 - acc: 0.8356
3500/8000 [============>.................] - ETA: 2s - loss: 0.3825 - acc: 0.8363
3600/8000 [============>.................] - ETA: 2s - loss: 0.3832 - acc: 0.8358
3700/8000 [============>.................] - ETA: 2s - loss: 0.3843 - acc: 0.8346
3800/8000 [=============>................] - ETA: 2s - loss: 0.3830 - acc: 0.8355
3900/8000 [=============>................] - ETA: 2s - loss: 0.3794 - acc: 0.8372
4000/8000 [==============>...............] - ETA: 2s - loss: 0.3789 - acc: 0.8375
4100/8000 [==============>...............] - ETA: 2s - loss: 0.3787 - acc: 0.8376
4200/8000 [==============>...............] - ETA: 2s - loss: 0.3776 - acc: 0.8386
4300/8000 [===============>..............] - ETA: 1s - loss: 0.3799 - acc: 0.8370
4400/8000 [===============>..............] - ETA: 1s - loss: 0.3801 - acc: 0.8366
4500/8000 [===============>..............] - ETA: 1s - loss: 0.3762 - acc: 0.8389
4600/8000 [================>.............] - ETA: 1s - loss: 0.3749 - acc: 0.8393
4700/8000 [================>.............] - ETA: 1s - loss: 0.3755 - acc: 0.8391
4800/8000 [=================>............] - ETA: 1s - loss: 0.3737 - acc: 0.8406
4900/8000 [=================>............] - ETA: 1s - loss: 0.3720 - acc: 0.8416
5000/8000 [=================>............] - ETA: 1s - loss: 0.3709 - acc: 0.8422
5100/8000 [==================>...........] - ETA: 1s - loss: 0.3692 - acc: 0.8429
5200/8000 [==================>...........] - ETA: 1s - loss: 0.3698 - acc: 0.8423
5300/8000 [==================>...........] - ETA: 1s - loss: 0.3703 - acc: 0.8411
5400/8000 [===================>..........] - ETA: 1s - loss: 0.3682 - acc: 0.8422
5500/8000 [===================>..........] - ETA: 1s - loss: 0.3675 - acc: 0.8425
5600/8000 [====================>.........] - ETA: 1s - loss: 0.3658 - acc: 0.8432
5700/8000 [====================>.........] - ETA: 1s - loss: 0.3644 - acc: 0.8447
5800/8000 [====================>.........] - ETA: 1s - loss: 0.3634 - acc: 0.8453
5900/8000 [=====================>........] - ETA: 1s - loss: 0.3629 - acc: 0.8454
6000/8000 [=====================>........] - ETA: 1s - loss: 0.3604 - acc: 0.8467
6100/8000 [=====================>........] - ETA: 1s - loss: 0.3598 - acc: 0.8474
6200/8000 [======================>.......] - ETA: 0s - loss: 0.3582 - acc: 0.8481
6300/8000 [======================>.......] - ETA: 0s - loss: 0.3579 - acc: 0.8484
6400/8000 [=======================>......] - ETA: 0s - loss: 0.3579 - acc: 0.8486
6500/8000 [=======================>......] - ETA: 0s - loss: 0.3565 - acc: 0.8494
6600/8000 [=======================>......] - ETA: 0s - loss: 0.3556 - acc: 0.8498
6700/8000 [========================>.....] - ETA: 0s - loss: 0.3552 - acc: 0.8500
6800/8000 [========================>.....] - ETA: 0s - loss: 0.3552 - acc: 0.8501
6900/8000 [========================>.....] - ETA: 0s - loss: 0.3539 - acc: 0.8504
7000/8000 [=========================>....] - ETA: 0s - loss: 0.3531 - acc: 0.8509
7100/8000 [=========================>....] - ETA: 0s - loss: 0.3516 - acc: 0.8517
7200/8000 [==========================>...] - ETA: 0s - loss: 0.3500 - acc: 0.8521
7300/8000 [==========================>...] - ETA: 0s - loss: 0.3491 - acc: 0.8523
7400/8000 [==========================>...] - ETA: 0s - loss: 0.3479 - acc: 0.8532
7500/8000 [===========================>..] - ETA: 0s - loss: 0.3457 - acc: 0.8543
7600/8000 [===========================>..] - ETA: 0s - loss: 0.3435 - acc: 0.8554
7700/8000 [===========================>..] - ETA: 0s - loss: 0.3418 - acc: 0.8564
7800/8000 [============================>.] - ETA: 0s - loss: 0.3409 - acc: 0.8569
7900/8000 [============================>.] - ETA: 0s - loss: 0.3419 - acc: 0.8565
8000/8000 [==============================] - 4s 555us/step - loss: 0.3417 - acc: 0.8566 - val_loss: 0.3160 - val_acc: 0.8750
Epoch 3/50

 100/8000 [..............................] - ETA: 4s - loss: 0.2518 - acc: 0.8900
 200/8000 [..............................] - ETA: 4s - loss: 0.2723 - acc: 0.8900
 300/8000 [>.............................] - ETA: 4s - loss: 0.2821 - acc: 0.8767
 400/8000 [>.............................] - ETA: 4s - loss: 0.2538 - acc: 0.8925
 500/8000 [>.............................] - ETA: 4s - loss: 0.2483 - acc: 0.8980
 600/8000 [=>............................] - ETA: 3s - loss: 0.2739 - acc: 0.8900
 700/8000 [=>............................] - ETA: 3s - loss: 0.2649 - acc: 0.8971
 800/8000 [==>...........................] - ETA: 3s - loss: 0.2573 - acc: 0.9025
 900/8000 [==>...........................] - ETA: 3s - loss: 0.2564 - acc: 0.9022
1000/8000 [==>...........................] - ETA: 3s - loss: 0.2632 - acc: 0.8940
1100/8000 [===>..........................] - ETA: 3s - loss: 0.2594 - acc: 0.8973
1200/8000 [===>..........................] - ETA: 3s - loss: 0.2630 - acc: 0.8942
1300/8000 [===>..........................] - ETA: 3s - loss: 0.2671 - acc: 0.8923
1400/8000 [====>.........................] - ETA: 3s - loss: 0.2703 - acc: 0.8886
1500/8000 [====>.........................] - ETA: 3s - loss: 0.2631 - acc: 0.8933
1600/8000 [=====>........................] - ETA: 3s - loss: 0.2609 - acc: 0.8944
1700/8000 [=====>........................] - ETA: 3s - loss: 0.2629 - acc: 0.8941
1800/8000 [=====>........................] - ETA: 3s - loss: 0.2658 - acc: 0.8944
1900/8000 [======>.......................] - ETA: 3s - loss: 0.2662 - acc: 0.8942
2000/8000 [======>.......................] - ETA: 3s - loss: 0.2691 - acc: 0.8930
2100/8000 [======>.......................] - ETA: 3s - loss: 0.2682 - acc: 0.8933
2200/8000 [=======>......................] - ETA: 3s - loss: 0.2660 - acc: 0.8945
2300/8000 [=======>......................] - ETA: 3s - loss: 0.2619 - acc: 0.8965
2400/8000 [========>.....................] - ETA: 2s - loss: 0.2600 - acc: 0.8975
2500/8000 [========>.....................] - ETA: 2s - loss: 0.2571 - acc: 0.8992
2600/8000 [========>.....................] - ETA: 2s - loss: 0.2574 - acc: 0.8988
2700/8000 [=========>....................] - ETA: 2s - loss: 0.2550 - acc: 0.8993
2800/8000 [=========>....................] - ETA: 2s - loss: 0.2544 - acc: 0.8979
2900/8000 [=========>....................] - ETA: 2s - loss: 0.2519 - acc: 0.8997
3000/8000 [==========>...................] - ETA: 2s - loss: 0.2494 - acc: 0.9007
3100/8000 [==========>...................] - ETA: 2s - loss: 0.2497 - acc: 0.9003
3200/8000 [===========>..................] - ETA: 2s - loss: 0.2457 - acc: 0.9019
3300/8000 [===========>..................] - ETA: 2s - loss: 0.2448 - acc: 0.9024
3400/8000 [===========>..................] - ETA: 2s - loss: 0.2460 - acc: 0.9029
3500/8000 [============>.................] - ETA: 2s - loss: 0.2455 - acc: 0.9029
3600/8000 [============>.................] - ETA: 2s - loss: 0.2445 - acc: 0.9033
3700/8000 [============>.................] - ETA: 2s - loss: 0.2448 - acc: 0.9030
3800/8000 [=============>................] - ETA: 2s - loss: 0.2439 - acc: 0.9032
3900/8000 [=============>................] - ETA: 2s - loss: 0.2417 - acc: 0.9041
4000/8000 [==============>...............] - ETA: 2s - loss: 0.2383 - acc: 0.9055
4100/8000 [==============>...............] - ETA: 2s - loss: 0.2354 - acc: 0.9068
4200/8000 [==============>...............] - ETA: 2s - loss: 0.2361 - acc: 0.9069
4300/8000 [===============>..............] - ETA: 1s - loss: 0.2359 - acc: 0.9070
4400/8000 [===============>..............] - ETA: 1s - loss: 0.2332 - acc: 0.9084
4500/8000 [===============>..............] - ETA: 1s - loss: 0.2336 - acc: 0.9080
4600/8000 [================>.............] - ETA: 1s - loss: 0.2353 - acc: 0.9074
4700/8000 [================>.............] - ETA: 1s - loss: 0.2356 - acc: 0.9070
4800/8000 [=================>............] - ETA: 1s - loss: 0.2350 - acc: 0.9073
4900/8000 [=================>............] - ETA: 1s - loss: 0.2370 - acc: 0.9065
5000/8000 [=================>............] - ETA: 1s - loss: 0.2359 - acc: 0.9068
5100/8000 [==================>...........] - ETA: 1s - loss: 0.2360 - acc: 0.9063
5200/8000 [==================>...........] - ETA: 1s - loss: 0.2360 - acc: 0.9062
5300/8000 [==================>...........] - ETA: 1s - loss: 0.2366 - acc: 0.9060
5400/8000 [===================>..........] - ETA: 1s - loss: 0.2365 - acc: 0.9063
5500/8000 [===================>..........] - ETA: 1s - loss: 0.2385 - acc: 0.9055
5600/8000 [====================>.........] - ETA: 1s - loss: 0.2386 - acc: 0.9054
5700/8000 [====================>.........] - ETA: 1s - loss: 0.2384 - acc: 0.9060
5800/8000 [====================>.........] - ETA: 1s - loss: 0.2369 - acc: 0.9067
5900/8000 [=====================>........] - ETA: 1s - loss: 0.2358 - acc: 0.9075
6000/8000 [=====================>........] - ETA: 1s - loss: 0.2345 - acc: 0.9083
6100/8000 [=====================>........] - ETA: 1s - loss: 0.2338 - acc: 0.9087
6200/8000 [======================>.......] - ETA: 0s - loss: 0.2331 - acc: 0.9089
6300/8000 [======================>.......] - ETA: 0s - loss: 0.2347 - acc: 0.9083
6400/8000 [=======================>......] - ETA: 0s - loss: 0.2347 - acc: 0.9084
6500/8000 [=======================>......] - ETA: 0s - loss: 0.2339 - acc: 0.9089
6600/8000 [=======================>......] - ETA: 0s - loss: 0.2349 - acc: 0.9088
6700/8000 [========================>.....] - ETA: 0s - loss: 0.2343 - acc: 0.9093
6800/8000 [========================>.....] - ETA: 0s - loss: 0.2329 - acc: 0.9101
6900/8000 [========================>.....] - ETA: 0s - loss: 0.2329 - acc: 0.9099
7000/8000 [=========================>....] - ETA: 0s - loss: 0.2323 - acc: 0.9104
7100/8000 [=========================>....] - ETA: 0s - loss: 0.2321 - acc: 0.9103
7200/8000 [==========================>...] - ETA: 0s - loss: 0.2321 - acc: 0.9103
7300/8000 [==========================>...] - ETA: 0s - loss: 0.2312 - acc: 0.9104
7400/8000 [==========================>...] - ETA: 0s - loss: 0.2310 - acc: 0.9101
7500/8000 [===========================>..] - ETA: 0s - loss: 0.2302 - acc: 0.9100
7600/8000 [===========================>..] - ETA: 0s - loss: 0.2302 - acc: 0.9101
7700/8000 [===========================>..] - ETA: 0s - loss: 0.2297 - acc: 0.9104
7800/8000 [============================>.] - ETA: 0s - loss: 0.2287 - acc: 0.9110
7900/8000 [============================>.] - ETA: 0s - loss: 0.2282 - acc: 0.9110
8000/8000 [==============================] - 4s 555us/step - loss: 0.2288 - acc: 0.9106 - val_loss: 0.2548 - val_acc: 0.9004
Epoch 4/50

 100/8000 [..............................] - ETA: 4s - loss: 0.0874 - acc: 0.9800
 200/8000 [..............................] - ETA: 4s - loss: 0.1864 - acc: 0.9200
 300/8000 [>.............................] - ETA: 4s - loss: 0.1779 - acc: 0.9233
 400/8000 [>.............................] - ETA: 4s - loss: 0.2016 - acc: 0.9150
 500/8000 [>.............................] - ETA: 3s - loss: 0.1957 - acc: 0.9200
 600/8000 [=>............................] - ETA: 3s - loss: 0.1856 - acc: 0.9267
 700/8000 [=>............................] - ETA: 3s - loss: 0.1731 - acc: 0.9357
 800/8000 [==>...........................] - ETA: 3s - loss: 0.1794 - acc: 0.9312
 900/8000 [==>...........................] - ETA: 3s - loss: 0.1730 - acc: 0.9344
1000/8000 [==>...........................] - ETA: 3s - loss: 0.1727 - acc: 0.9330
1100/8000 [===>..........................] - ETA: 3s - loss: 0.1697 - acc: 0.9345
1200/8000 [===>..........................] - ETA: 3s - loss: 0.1774 - acc: 0.9317
1300/8000 [===>..........................] - ETA: 3s - loss: 0.1744 - acc: 0.9323
1400/8000 [====>.........................] - ETA: 3s - loss: 0.1714 - acc: 0.9343
1500/8000 [====>.........................] - ETA: 3s - loss: 0.1723 - acc: 0.9340
1600/8000 [=====>........................] - ETA: 3s - loss: 0.1734 - acc: 0.9325
1700/8000 [=====>........................] - ETA: 3s - loss: 0.1682 - acc: 0.9347
1800/8000 [=====>........................] - ETA: 3s - loss: 0.1707 - acc: 0.9344
1900/8000 [======>.......................] - ETA: 3s - loss: 0.1669 - acc: 0.9363
2000/8000 [======>.......................] - ETA: 3s - loss: 0.1699 - acc: 0.9365
2100/8000 [======>.......................] - ETA: 3s - loss: 0.1686 - acc: 0.9367
2200/8000 [=======>......................] - ETA: 3s - loss: 0.1683 - acc: 0.9368
2300/8000 [=======>......................] - ETA: 3s - loss: 0.1679 - acc: 0.9370
2400/8000 [========>.....................] - ETA: 2s - loss: 0.1664 - acc: 0.9375
2500/8000 [========>.....................] - ETA: 2s - loss: 0.1641 - acc: 0.9384
2600/8000 [========>.....................] - ETA: 2s - loss: 0.1680 - acc: 0.9365
2700/8000 [=========>....................] - ETA: 2s - loss: 0.1652 - acc: 0.9378
2800/8000 [=========>....................] - ETA: 2s - loss: 0.1643 - acc: 0.9382
2900/8000 [=========>....................] - ETA: 2s - loss: 0.1676 - acc: 0.9369
3000/8000 [==========>...................] - ETA: 2s - loss: 0.1687 - acc: 0.9357
3100/8000 [==========>...................] - ETA: 2s - loss: 0.1682 - acc: 0.9355
3200/8000 [===========>..................] - ETA: 2s - loss: 0.1703 - acc: 0.9350
3300/8000 [===========>..................] - ETA: 2s - loss: 0.1690 - acc: 0.9355
3400/8000 [===========>..................] - ETA: 2s - loss: 0.1683 - acc: 0.9356
3500/8000 [============>.................] - ETA: 2s - loss: 0.1665 - acc: 0.9369
3600/8000 [============>.................] - ETA: 2s - loss: 0.1659 - acc: 0.9375
3700/8000 [============>.................] - ETA: 2s - loss: 0.1654 - acc: 0.9381
3800/8000 [=============>................] - ETA: 2s - loss: 0.1653 - acc: 0.9382
3900/8000 [=============>................] - ETA: 2s - loss: 0.1636 - acc: 0.9390
4000/8000 [==============>...............] - ETA: 2s - loss: 0.1618 - acc: 0.9395
4100/8000 [==============>...............] - ETA: 2s - loss: 0.1650 - acc: 0.9388
4200/8000 [==============>...............] - ETA: 2s - loss: 0.1624 - acc: 0.9400
4300/8000 [===============>..............] - ETA: 1s - loss: 0.1594 - acc: 0.9412
4400/8000 [===============>..............] - ETA: 1s - loss: 0.1582 - acc: 0.9423
4500/8000 [===============>..............] - ETA: 1s - loss: 0.1590 - acc: 0.9418
4600/8000 [================>.............] - ETA: 1s - loss: 0.1574 - acc: 0.9424
4700/8000 [================>.............] - ETA: 1s - loss: 0.1576 - acc: 0.9421
4800/8000 [=================>............] - ETA: 1s - loss: 0.1565 - acc: 0.9425
4900/8000 [=================>............] - ETA: 1s - loss: 0.1546 - acc: 0.9433
5000/8000 [=================>............] - ETA: 1s - loss: 0.1531 - acc: 0.9442
5100/8000 [==================>...........] - ETA: 1s - loss: 0.1532 - acc: 0.9443
5200/8000 [==================>...........] - ETA: 1s - loss: 0.1547 - acc: 0.9437
5300/8000 [==================>...........] - ETA: 1s - loss: 0.1544 - acc: 0.9438
5400/8000 [===================>..........] - ETA: 1s - loss: 0.1536 - acc: 0.9441
5500/8000 [===================>..........] - ETA: 1s - loss: 0.1561 - acc: 0.9436
5600/8000 [====================>.........] - ETA: 1s - loss: 0.1556 - acc: 0.9439
5700/8000 [====================>.........] - ETA: 1s - loss: 0.1554 - acc: 0.9440
5800/8000 [====================>.........] - ETA: 1s - loss: 0.1547 - acc: 0.9443
5900/8000 [=====================>........] - ETA: 1s - loss: 0.1549 - acc: 0.9441
6000/8000 [=====================>........] - ETA: 1s - loss: 0.1545 - acc: 0.9442
6100/8000 [=====================>........] - ETA: 1s - loss: 0.1544 - acc: 0.9443
6200/8000 [======================>.......] - ETA: 0s - loss: 0.1543 - acc: 0.9440
6300/8000 [======================>.......] - ETA: 0s - loss: 0.1537 - acc: 0.9443
6400/8000 [=======================>......] - ETA: 0s - loss: 0.1526 - acc: 0.9447
6500/8000 [=======================>......] - ETA: 0s - loss: 0.1520 - acc: 0.9449
6600/8000 [=======================>......] - ETA: 0s - loss: 0.1517 - acc: 0.9447
6700/8000 [========================>.....] - ETA: 0s - loss: 0.1514 - acc: 0.9445
6800/8000 [========================>.....] - ETA: 0s - loss: 0.1517 - acc: 0.9444
6900/8000 [========================>.....] - ETA: 0s - loss: 0.1522 - acc: 0.9443
7000/8000 [=========================>....] - ETA: 0s - loss: 0.1523 - acc: 0.9443
7100/8000 [=========================>....] - ETA: 0s - loss: 0.1527 - acc: 0.9441
7200/8000 [==========================>...] - ETA: 0s - loss: 0.1545 - acc: 0.9431
7300/8000 [==========================>...] - ETA: 0s - loss: 0.1550 - acc: 0.9427
7400/8000 [==========================>...] - ETA: 0s - loss: 0.1555 - acc: 0.9427
7500/8000 [===========================>..] - ETA: 0s - loss: 0.1555 - acc: 0.9428
7600/8000 [===========================>..] - ETA: 0s - loss: 0.1553 - acc: 0.9430
7700/8000 [===========================>..] - ETA: 0s - loss: 0.1549 - acc: 0.9431
7800/8000 [============================>.] - ETA: 0s - loss: 0.1552 - acc: 0.9428
7900/8000 [============================>.] - ETA: 0s - loss: 0.1562 - acc: 0.9423
8000/8000 [==============================] - 4s 553us/step - loss: 0.1559 - acc: 0.9427 - val_loss: 0.2455 - val_acc: 0.8982
Epoch 5/50

 100/8000 [..............................] - ETA: 4s - loss: 0.1130 - acc: 0.9700
 200/8000 [..............................] - ETA: 4s - loss: 0.1067 - acc: 0.9700
 300/8000 [>.............................] - ETA: 4s - loss: 0.1071 - acc: 0.9700
 400/8000 [>.............................] - ETA: 4s - loss: 0.1064 - acc: 0.9675
 500/8000 [>.............................] - ETA: 3s - loss: 0.1046 - acc: 0.9680
 600/8000 [=>............................] - ETA: 3s - loss: 0.1049 - acc: 0.9650
 700/8000 [=>............................] - ETA: 3s - loss: 0.1162 - acc: 0.9586
 800/8000 [==>...........................] - ETA: 3s - loss: 0.1157 - acc: 0.9563
 900/8000 [==>...........................] - ETA: 3s - loss: 0.1086 - acc: 0.9589
1000/8000 [==>...........................] - ETA: 3s - loss: 0.1068 - acc: 0.9590
1100/8000 [===>..........................] - ETA: 3s - loss: 0.1093 - acc: 0.9573
1200/8000 [===>..........................] - ETA: 3s - loss: 0.1105 - acc: 0.9558
1300/8000 [===>..........................] - ETA: 3s - loss: 0.1120 - acc: 0.9562
1400/8000 [====>.........................] - ETA: 3s - loss: 0.1122 - acc: 0.9571
1500/8000 [====>.........................] - ETA: 3s - loss: 0.1086 - acc: 0.9593
1600/8000 [=====>........................] - ETA: 3s - loss: 0.1079 - acc: 0.9594
1700/8000 [=====>........................] - ETA: 3s - loss: 0.1056 - acc: 0.9600
1800/8000 [=====>........................] - ETA: 3s - loss: 0.1088 - acc: 0.9583
1900/8000 [======>.......................] - ETA: 3s - loss: 0.1121 - acc: 0.9568
2000/8000 [======>.......................] - ETA: 3s - loss: 0.1186 - acc: 0.9545
2100/8000 [======>.......................] - ETA: 3s - loss: 0.1176 - acc: 0.9548
2200/8000 [=======>......................] - ETA: 3s - loss: 0.1176 - acc: 0.9550
2300/8000 [=======>......................] - ETA: 3s - loss: 0.1170 - acc: 0.9557
2400/8000 [========>.....................] - ETA: 2s - loss: 0.1161 - acc: 0.9567
2500/8000 [========>.....................] - ETA: 2s - loss: 0.1138 - acc: 0.9584
2600/8000 [========>.....................] - ETA: 2s - loss: 0.1115 - acc: 0.9596
2700/8000 [=========>....................] - ETA: 2s - loss: 0.1107 - acc: 0.9593
2800/8000 [=========>....................] - ETA: 2s - loss: 0.1089 - acc: 0.9600
2900/8000 [=========>....................] - ETA: 2s - loss: 0.1110 - acc: 0.9590
3000/8000 [==========>...................] - ETA: 2s - loss: 0.1095 - acc: 0.9597
3100/8000 [==========>...................] - ETA: 2s - loss: 0.1078 - acc: 0.9603
3200/8000 [===========>..................] - ETA: 2s - loss: 0.1073 - acc: 0.9600
3300/8000 [===========>..................] - ETA: 2s - loss: 0.1077 - acc: 0.9591
3400/8000 [===========>..................] - ETA: 2s - loss: 0.1055 - acc: 0.9600
3500/8000 [============>.................] - ETA: 2s - loss: 0.1072 - acc: 0.9594
3600/8000 [============>.................] - ETA: 2s - loss: 0.1092 - acc: 0.9583
3700/8000 [============>.................] - ETA: 2s - loss: 0.1112 - acc: 0.9573
3800/8000 [=============>................] - ETA: 2s - loss: 0.1113 - acc: 0.9576
3900/8000 [=============>................] - ETA: 2s - loss: 0.1105 - acc: 0.9579
4000/8000 [==============>...............] - ETA: 2s - loss: 0.1097 - acc: 0.9583
4100/8000 [==============>...............] - ETA: 2s - loss: 0.1091 - acc: 0.9588
4200/8000 [==============>...............] - ETA: 2s - loss: 0.1095 - acc: 0.9586
4300/8000 [===============>..............] - ETA: 1s - loss: 0.1093 - acc: 0.9586
4400/8000 [===============>..............] - ETA: 1s - loss: 0.1098 - acc: 0.9582
4500/8000 [===============>..............] - ETA: 1s - loss: 0.1093 - acc: 0.9584
4600/8000 [================>.............] - ETA: 1s - loss: 0.1081 - acc: 0.9589
4700/8000 [================>.............] - ETA: 1s - loss: 0.1086 - acc: 0.9585
4800/8000 [=================>............] - ETA: 1s - loss: 0.1077 - acc: 0.9590
4900/8000 [=================>............] - ETA: 1s - loss: 0.1073 - acc: 0.9592
5000/8000 [=================>............] - ETA: 1s - loss: 0.1093 - acc: 0.9584
5100/8000 [==================>...........] - ETA: 1s - loss: 0.1105 - acc: 0.9575
5200/8000 [==================>...........] - ETA: 1s - loss: 0.1104 - acc: 0.9575
5300/8000 [==================>...........] - ETA: 1s - loss: 0.1095 - acc: 0.9581
5400/8000 [===================>..........] - ETA: 1s - loss: 0.1095 - acc: 0.9581
5500/8000 [===================>..........] - ETA: 1s - loss: 0.1095 - acc: 0.9580
5600/8000 [====================>.........] - ETA: 1s - loss: 0.1097 - acc: 0.9577
5700/8000 [====================>.........] - ETA: 1s - loss: 0.1092 - acc: 0.9579
5800/8000 [====================>.........] - ETA: 1s - loss: 0.1092 - acc: 0.9578
5900/8000 [=====================>........] - ETA: 1s - loss: 0.1113 - acc: 0.9571
6000/8000 [=====================>........] - ETA: 1s - loss: 0.1104 - acc: 0.9575
6100/8000 [=====================>........] - ETA: 1s - loss: 0.1110 - acc: 0.9572
6200/8000 [======================>.......] - ETA: 0s - loss: 0.1104 - acc: 0.9573
6300/8000 [======================>.......] - ETA: 0s - loss: 0.1102 - acc: 0.9571
6400/8000 [=======================>......] - ETA: 0s - loss: 0.1111 - acc: 0.9569
6500/8000 [=======================>......] - ETA: 0s - loss: 0.1105 - acc: 0.9574
6600/8000 [=======================>......] - ETA: 0s - loss: 0.1102 - acc: 0.9576
6700/8000 [========================>.....] - ETA: 0s - loss: 0.1100 - acc: 0.9576
6800/8000 [========================>.....] - ETA: 0s - loss: 0.1108 - acc: 0.9574
6900/8000 [========================>.....] - ETA: 0s - loss: 0.1108 - acc: 0.9575
7000/8000 [=========================>....] - ETA: 0s - loss: 0.1103 - acc: 0.9579
7100/8000 [=========================>....] - ETA: 0s - loss: 0.1101 - acc: 0.9577
7200/8000 [==========================>...] - ETA: 0s - loss: 0.1108 - acc: 0.9574
7300/8000 [==========================>...] - ETA: 0s - loss: 0.1102 - acc: 0.9575
7400/8000 [==========================>...] - ETA: 0s - loss: 0.1100 - acc: 0.9576
7500/8000 [===========================>..] - ETA: 0s - loss: 0.1103 - acc: 0.9572
7600/8000 [===========================>..] - ETA: 0s - loss: 0.1108 - acc: 0.9572
7700/8000 [===========================>..] - ETA: 0s - loss: 0.1098 - acc: 0.9577
7800/8000 [============================>.] - ETA: 0s - loss: 0.1109 - acc: 0.9572
7900/8000 [============================>.] - ETA: 0s - loss: 0.1121 - acc: 0.9567
8000/8000 [==============================] - 4s 557us/step - loss: 0.1121 - acc: 0.9565 - val_loss: 0.2606 - val_acc: 0.9071
Epoch 6/50

 100/8000 [..............................] - ETA: 4s - loss: 0.0786 - acc: 0.9500
 200/8000 [..............................] - ETA: 4s - loss: 0.0820 - acc: 0.9550
 300/8000 [>.............................] - ETA: 4s - loss: 0.0949 - acc: 0.9567
 400/8000 [>.............................] - ETA: 4s - loss: 0.0870 - acc: 0.9625
 500/8000 [>.............................] - ETA: 3s - loss: 0.0860 - acc: 0.9660
 600/8000 [=>............................] - ETA: 3s - loss: 0.0840 - acc: 0.9667
 700/8000 [=>............................] - ETA: 3s - loss: 0.0859 - acc: 0.9643
 800/8000 [==>...........................] - ETA: 3s - loss: 0.0821 - acc: 0.9663
 900/8000 [==>...........................] - ETA: 3s - loss: 0.0872 - acc: 0.9644
1000/8000 [==>...........................] - ETA: 3s - loss: 0.0882 - acc: 0.9630
1100/8000 [===>..........................] - ETA: 3s - loss: 0.0848 - acc: 0.9655
1200/8000 [===>..........................] - ETA: 3s - loss: 0.0855 - acc: 0.9650
1300/8000 [===>..........................] - ETA: 3s - loss: 0.0815 - acc: 0.9669
1400/8000 [====>.........................] - ETA: 3s - loss: 0.0786 - acc: 0.9686
1500/8000 [====>.........................] - ETA: 3s - loss: 0.0811 - acc: 0.9673
1600/8000 [=====>........................] - ETA: 3s - loss: 0.0788 - acc: 0.9681
1700/8000 [=====>........................] - ETA: 3s - loss: 0.0778 - acc: 0.9688
1800/8000 [=====>........................] - ETA: 3s - loss: 0.0783 - acc: 0.9683
1900/8000 [======>.......................] - ETA: 3s - loss: 0.0776 - acc: 0.9689
2000/8000 [======>.......................] - ETA: 3s - loss: 0.0798 - acc: 0.9680
2100/8000 [======>.......................] - ETA: 3s - loss: 0.0798 - acc: 0.9681
2200/8000 [=======>......................] - ETA: 3s - loss: 0.0823 - acc: 0.9673
2300/8000 [=======>......................] - ETA: 3s - loss: 0.0816 - acc: 0.9670
2400/8000 [========>.....................] - ETA: 2s - loss: 0.0790 - acc: 0.9679
2500/8000 [========>.....................] - ETA: 2s - loss: 0.0777 - acc: 0.9684
2600/8000 [========>.....................] - ETA: 2s - loss: 0.0791 - acc: 0.9677
2700/8000 [=========>....................] - ETA: 2s - loss: 0.0789 - acc: 0.9685
2800/8000 [=========>....................] - ETA: 2s - loss: 0.0794 - acc: 0.9686
2900/8000 [=========>....................] - ETA: 2s - loss: 0.0799 - acc: 0.9686
3000/8000 [==========>...................] - ETA: 2s - loss: 0.0797 - acc: 0.9687
3100/8000 [==========>...................] - ETA: 2s - loss: 0.0793 - acc: 0.9690
3200/8000 [===========>..................] - ETA: 2s - loss: 0.0788 - acc: 0.9688
3300/8000 [===========>..................] - ETA: 2s - loss: 0.0771 - acc: 0.9694
3400/8000 [===========>..................] - ETA: 2s - loss: 0.0763 - acc: 0.9703
3500/8000 [============>.................] - ETA: 2s - loss: 0.0755 - acc: 0.9706
3600/8000 [============>.................] - ETA: 2s - loss: 0.0756 - acc: 0.9703
3700/8000 [============>.................] - ETA: 2s - loss: 0.0761 - acc: 0.9700
3800/8000 [=============>................] - ETA: 2s - loss: 0.0763 - acc: 0.9703
3900/8000 [=============>................] - ETA: 2s - loss: 0.0801 - acc: 0.9697
4000/8000 [==============>...............] - ETA: 2s - loss: 0.0821 - acc: 0.9693
4100/8000 [==============>...............] - ETA: 2s - loss: 0.0818 - acc: 0.9693
4200/8000 [==============>...............] - ETA: 2s - loss: 0.0811 - acc: 0.9695
4300/8000 [===============>..............] - ETA: 1s - loss: 0.0811 - acc: 0.9698
4400/8000 [===============>..............] - ETA: 1s - loss: 0.0812 - acc: 0.9698
4500/8000 [===============>..............] - ETA: 1s - loss: 0.0817 - acc: 0.9693
4600/8000 [================>.............] - ETA: 1s - loss: 0.0829 - acc: 0.9685
4700/8000 [================>.............] - ETA: 1s - loss: 0.0820 - acc: 0.9687
4800/8000 [=================>............] - ETA: 1s - loss: 0.0817 - acc: 0.9683
4900/8000 [=================>............] - ETA: 1s - loss: 0.0818 - acc: 0.9682
5000/8000 [=================>............] - ETA: 1s - loss: 0.0825 - acc: 0.9682
5100/8000 [==================>...........] - ETA: 1s - loss: 0.0829 - acc: 0.9684
5200/8000 [==================>...........] - ETA: 1s - loss: 0.0828 - acc: 0.9687
5300/8000 [==================>...........] - ETA: 1s - loss: 0.0821 - acc: 0.9689
5400/8000 [===================>..........] - ETA: 1s - loss: 0.0813 - acc: 0.9691
5500/8000 [===================>..........] - ETA: 1s - loss: 0.0811 - acc: 0.9689
5600/8000 [====================>.........] - ETA: 1s - loss: 0.0813 - acc: 0.9689
5700/8000 [====================>.........] - ETA: 1s - loss: 0.0808 - acc: 0.9688
5800/8000 [====================>.........] - ETA: 1s - loss: 0.0805 - acc: 0.9686
5900/8000 [=====================>........] - ETA: 1s - loss: 0.0818 - acc: 0.9685
6000/8000 [=====================>........] - ETA: 1s - loss: 0.0821 - acc: 0.9685
6100/8000 [=====================>........] - ETA: 1s - loss: 0.0817 - acc: 0.9689
6200/8000 [======================>.......] - ETA: 0s - loss: 0.0825 - acc: 0.9689
6300/8000 [======================>.......] - ETA: 0s - loss: 0.0826 - acc: 0.9689
6400/8000 [=======================>......] - ETA: 0s - loss: 0.0825 - acc: 0.9689
6500/8000 [=======================>......] - ETA: 0s - loss: 0.0820 - acc: 0.9691
6600/8000 [=======================>......] - ETA: 0s - loss: 0.0820 - acc: 0.9689
6700/8000 [========================>.....] - ETA: 0s - loss: 0.0815 - acc: 0.9690
6800/8000 [========================>.....] - ETA: 0s - loss: 0.0812 - acc: 0.9691
6900/8000 [========================>.....] - ETA: 0s - loss: 0.0809 - acc: 0.9693
7000/8000 [=========================>....] - ETA: 0s - loss: 0.0807 - acc: 0.9691
7100/8000 [=========================>....] - ETA: 0s - loss: 0.0800 - acc: 0.9693
7200/8000 [==========================>...] - ETA: 0s - loss: 0.0810 - acc: 0.9688
7300/8000 [==========================>...] - ETA: 0s - loss: 0.0814 - acc: 0.9686
7400/8000 [==========================>...] - ETA: 0s - loss: 0.0821 - acc: 0.9684
7500/8000 [===========================>..] - ETA: 0s - loss: 0.0832 - acc: 0.9679
7600/8000 [===========================>..] - ETA: 0s - loss: 0.0831 - acc: 0.9679
7700/8000 [===========================>..] - ETA: 0s - loss: 0.0835 - acc: 0.9674
7800/8000 [============================>.] - ETA: 0s - loss: 0.0838 - acc: 0.9672
7900/8000 [============================>.] - ETA: 0s - loss: 0.0838 - acc: 0.9672
8000/8000 [==============================] - 4s 554us/step - loss: 0.0843 - acc: 0.9671 - val_loss: 0.2701 - val_acc: 0.8982
Epoch 7/50

 100/8000 [..............................] - ETA: 4s - loss: 0.0821 - acc: 0.9800
 200/8000 [..............................] - ETA: 4s - loss: 0.0798 - acc: 0.9750
 300/8000 [>.............................] - ETA: 4s - loss: 0.0681 - acc: 0.9833
 400/8000 [>.............................] - ETA: 4s - loss: 0.0652 - acc: 0.9850
 500/8000 [>.............................] - ETA: 3s - loss: 0.0814 - acc: 0.9720
 600/8000 [=>............................] - ETA: 3s - loss: 0.0813 - acc: 0.9700
 700/8000 [=>............................] - ETA: 3s - loss: 0.0727 - acc: 0.9743
 800/8000 [==>...........................] - ETA: 3s - loss: 0.0685 - acc: 0.9763
 900/8000 [==>...........................] - ETA: 3s - loss: 0.0756 - acc: 0.9733
1000/8000 [==>...........................] - ETA: 3s - loss: 0.0763 - acc: 0.9720
1100/8000 [===>..........................] - ETA: 3s - loss: 0.0766 - acc: 0.9718
1200/8000 [===>..........................] - ETA: 3s - loss: 0.0798 - acc: 0.9708
1300/8000 [===>..........................] - ETA: 3s - loss: 0.0878 - acc: 0.9677
1400/8000 [====>.........................] - ETA: 3s - loss: 0.0831 - acc: 0.9700
1500/8000 [====>.........................] - ETA: 3s - loss: 0.0855 - acc: 0.9693
1600/8000 [=====>........................] - ETA: 3s - loss: 0.0858 - acc: 0.9681
1700/8000 [=====>........................] - ETA: 3s - loss: 0.0838 - acc: 0.9688
1800/8000 [=====>........................] - ETA: 3s - loss: 0.0803 - acc: 0.9706
1900/8000 [======>.......................] - ETA: 3s - loss: 0.0789 - acc: 0.9705
2000/8000 [======>.......................] - ETA: 3s - loss: 0.0789 - acc: 0.9695
2100/8000 [======>.......................] - ETA: 3s - loss: 0.0767 - acc: 0.9705
2200/8000 [=======>......................] - ETA: 3s - loss: 0.0753 - acc: 0.9709
2300/8000 [=======>......................] - ETA: 3s - loss: 0.0746 - acc: 0.9709
2400/8000 [========>.....................] - ETA: 2s - loss: 0.0777 - acc: 0.9688
2500/8000 [========>.....................] - ETA: 2s - loss: 0.0763 - acc: 0.9692
2600/8000 [========>.....................] - ETA: 2s - loss: 0.0762 - acc: 0.9692
2700/8000 [=========>....................] - ETA: 2s - loss: 0.0753 - acc: 0.9693
2800/8000 [=========>....................] - ETA: 2s - loss: 0.0746 - acc: 0.9696
2900/8000 [=========>....................] - ETA: 2s - loss: 0.0738 - acc: 0.9707
3000/8000 [==========>...................] - ETA: 2s - loss: 0.0732 - acc: 0.9707
3100/8000 [==========>...................] - ETA: 2s - loss: 0.0743 - acc: 0.9706
3200/8000 [===========>..................] - ETA: 2s - loss: 0.0730 - acc: 0.9713
3300/8000 [===========>..................] - ETA: 2s - loss: 0.0730 - acc: 0.9718
3400/8000 [===========>..................] - ETA: 2s - loss: 0.0723 - acc: 0.9721
3500/8000 [============>.................] - ETA: 2s - loss: 0.0716 - acc: 0.9726
3600/8000 [============>.................] - ETA: 2s - loss: 0.0730 - acc: 0.9717
3700/8000 [============>.................] - ETA: 2s - loss: 0.0729 - acc: 0.9716
3800/8000 [=============>................] - ETA: 2s - loss: 0.0724 - acc: 0.9718
3900/8000 [=============>................] - ETA: 2s - loss: 0.0718 - acc: 0.9723
4000/8000 [==============>...............] - ETA: 2s - loss: 0.0727 - acc: 0.9723
4100/8000 [==============>...............] - ETA: 2s - loss: 0.0717 - acc: 0.9727
4200/8000 [==============>...............] - ETA: 2s - loss: 0.0714 - acc: 0.9731
4300/8000 [===============>..............] - ETA: 1s - loss: 0.0726 - acc: 0.9726
4400/8000 [===============>..............] - ETA: 1s - loss: 0.0719 - acc: 0.9727
4500/8000 [===============>..............] - ETA: 1s - loss: 0.0726 - acc: 0.9729
4600/8000 [================>.............] - ETA: 1s - loss: 0.0733 - acc: 0.9726
4700/8000 [================>.............] - ETA: 1s - loss: 0.0731 - acc: 0.9726
4800/8000 [=================>............] - ETA: 1s - loss: 0.0729 - acc: 0.9725
4900/8000 [=================>............] - ETA: 1s - loss: 0.0738 - acc: 0.9720
5000/8000 [=================>............] - ETA: 1s - loss: 0.0739 - acc: 0.9718
5100/8000 [==================>...........] - ETA: 1s - loss: 0.0752 - acc: 0.9706
5200/8000 [==================>...........] - ETA: 1s - loss: 0.0745 - acc: 0.9710
5300/8000 [==================>...........] - ETA: 1s - loss: 0.0751 - acc: 0.9702
5400/8000 [===================>..........] - ETA: 1s - loss: 0.0753 - acc: 0.9698
5500/8000 [===================>..........] - ETA: 1s - loss: 0.0785 - acc: 0.9696
5600/8000 [====================>.........] - ETA: 1s - loss: 0.0782 - acc: 0.9696
5700/8000 [====================>.........] - ETA: 1s - loss: 0.0799 - acc: 0.9696
5800/8000 [====================>.........] - ETA: 1s - loss: 0.0805 - acc: 0.9695
5900/8000 [=====================>........] - ETA: 1s - loss: 0.0807 - acc: 0.9693
6000/8000 [=====================>........] - ETA: 1s - loss: 0.0802 - acc: 0.9695
6100/8000 [=====================>........] - ETA: 1s - loss: 0.0803 - acc: 0.9695
6200/8000 [======================>.......] - ETA: 0s - loss: 0.0794 - acc: 0.9700
6300/8000 [======================>.......] - ETA: 0s - loss: 0.0792 - acc: 0.9702
6400/8000 [=======================>......] - ETA: 0s - loss: 0.0795 - acc: 0.9703
6500/8000 [=======================>......] - ETA: 0s - loss: 0.0796 - acc: 0.9703
6600/8000 [=======================>......] - ETA: 0s - loss: 0.0796 - acc: 0.9703
6700/8000 [========================>.....] - ETA: 0s - loss: 0.0795 - acc: 0.9701
6800/8000 [========================>.....] - ETA: 0s - loss: 0.0791 - acc: 0.9703
6900/8000 [========================>.....] - ETA: 0s - loss: 0.0790 - acc: 0.9703
7000/8000 [=========================>....] - ETA: 0s - loss: 0.0789 - acc: 0.9704
7100/8000 [=========================>....] - ETA: 0s - loss: 0.0783 - acc: 0.9706
7200/8000 [==========================>...] - ETA: 0s - loss: 0.0781 - acc: 0.9707
7300/8000 [==========================>...] - ETA: 0s - loss: 0.0777 - acc: 0.9710
7400/8000 [==========================>...] - ETA: 0s - loss: 0.0768 - acc: 0.9714
7500/8000 [===========================>..] - ETA: 0s - loss: 0.0763 - acc: 0.9715
7600/8000 [===========================>..] - ETA: 0s - loss: 0.0761 - acc: 0.9716
7700/8000 [===========================>..] - ETA: 0s - loss: 0.0760 - acc: 0.9716
7800/8000 [============================>.] - ETA: 0s - loss: 0.0756 - acc: 0.9715
7900/8000 [============================>.] - ETA: 0s - loss: 0.0760 - acc: 0.9715
8000/8000 [==============================] - 4s 550us/step - loss: 0.0757 - acc: 0.9715 - val_loss: 0.3705 - val_acc: 0.8949
Epoch 8/50

 100/8000 [..............................] - ETA: 4s - loss: 0.0833 - acc: 0.9600
 200/8000 [..............................] - ETA: 4s - loss: 0.1045 - acc: 0.9450
 300/8000 [>.............................] - ETA: 4s - loss: 0.0804 - acc: 0.9600
 400/8000 [>.............................] - ETA: 4s - loss: 0.0739 - acc: 0.9650
 500/8000 [>.............................] - ETA: 3s - loss: 0.0729 - acc: 0.9640
 600/8000 [=>............................] - ETA: 3s - loss: 0.0815 - acc: 0.9600
 700/8000 [=>............................] - ETA: 3s - loss: 0.0779 - acc: 0.9614
 800/8000 [==>...........................] - ETA: 3s - loss: 0.0749 - acc: 0.9625
 900/8000 [==>...........................] - ETA: 3s - loss: 0.0703 - acc: 0.9644
1000/8000 [==>...........................] - ETA: 3s - loss: 0.0734 - acc: 0.9640
1100/8000 [===>..........................] - ETA: 3s - loss: 0.0736 - acc: 0.9655
1200/8000 [===>..........................] - ETA: 3s - loss: 0.0744 - acc: 0.9667
1300/8000 [===>..........................] - ETA: 3s - loss: 0.0721 - acc: 0.9677
1400/8000 [====>.........................] - ETA: 3s - loss: 0.0753 - acc: 0.9671
1500/8000 [====>.........................] - ETA: 3s - loss: 0.0779 - acc: 0.9660
1600/8000 [=====>........................] - ETA: 3s - loss: 0.0794 - acc: 0.9644
1700/8000 [=====>........................] - ETA: 3s - loss: 0.0782 - acc: 0.9647
1800/8000 [=====>........................] - ETA: 3s - loss: 0.0773 - acc: 0.9650
1900/8000 [======>.......................] - ETA: 3s - loss: 0.0750 - acc: 0.9658
2000/8000 [======>.......................] - ETA: 3s - loss: 0.0759 - acc: 0.9655
2100/8000 [======>.......................] - ETA: 3s - loss: 0.0738 - acc: 0.9667
2200/8000 [=======>......................] - ETA: 3s - loss: 0.0745 - acc: 0.9668
2300/8000 [=======>......................] - ETA: 3s - loss: 0.0739 - acc: 0.9674
2400/8000 [========>.....................] - ETA: 2s - loss: 0.0737 - acc: 0.9679
2500/8000 [========>.....................] - ETA: 2s - loss: 0.0722 - acc: 0.9688
2600/8000 [========>.....................] - ETA: 2s - loss: 0.0702 - acc: 0.9700
2700/8000 [=========>....................] - ETA: 2s - loss: 0.0716 - acc: 0.9696
2800/8000 [=========>....................] - ETA: 2s - loss: 0.0697 - acc: 0.9704
2900/8000 [=========>....................] - ETA: 2s - loss: 0.0703 - acc: 0.9700
3000/8000 [==========>...................] - ETA: 2s - loss: 0.0709 - acc: 0.9697
3100/8000 [==========>...................] - ETA: 2s - loss: 0.0726 - acc: 0.9690
3200/8000 [===========>..................] - ETA: 2s - loss: 0.0712 - acc: 0.9697
3300/8000 [===========>..................] - ETA: 2s - loss: 0.0707 - acc: 0.9700
3400/8000 [===========>..................] - ETA: 2s - loss: 0.0710 - acc: 0.9697
3500/8000 [============>.................] - ETA: 2s - loss: 0.0704 - acc: 0.9700
3600/8000 [============>.................] - ETA: 2s - loss: 0.0719 - acc: 0.9697
3700/8000 [============>.................] - ETA: 2s - loss: 0.0717 - acc: 0.9700
3800/8000 [=============>................] - ETA: 2s - loss: 0.0709 - acc: 0.9705
3900/8000 [=============>................] - ETA: 2s - loss: 0.0702 - acc: 0.9708
4000/8000 [==============>...............] - ETA: 2s - loss: 0.0713 - acc: 0.9705
4100/8000 [==============>...............] - ETA: 2s - loss: 0.0705 - acc: 0.9710
4200/8000 [==============>...............] - ETA: 2s - loss: 0.0706 - acc: 0.9707
4300/8000 [===============>..............] - ETA: 1s - loss: 0.0713 - acc: 0.9702
4400/8000 [===============>..............] - ETA: 1s - loss: 0.0717 - acc: 0.9705
4500/8000 [===============>..............] - ETA: 1s - loss: 0.0709 - acc: 0.9707
4600/8000 [================>.............] - ETA: 1s - loss: 0.0711 - acc: 0.9704
4700/8000 [================>.............] - ETA: 1s - loss: 0.0707 - acc: 0.9706
4800/8000 [=================>............] - ETA: 1s - loss: 0.0718 - acc: 0.9706
4900/8000 [=================>............] - ETA: 1s - loss: 0.0723 - acc: 0.9702
5000/8000 [=================>............] - ETA: 1s - loss: 0.0717 - acc: 0.9704
5100/8000 [==================>...........] - ETA: 1s - loss: 0.0738 - acc: 0.9696
5200/8000 [==================>...........] - ETA: 1s - loss: 0.0741 - acc: 0.9692
5300/8000 [==================>...........] - ETA: 1s - loss: 0.0736 - acc: 0.9694
5400/8000 [===================>..........] - ETA: 1s - loss: 0.0744 - acc: 0.9694
5500/8000 [===================>..........] - ETA: 1s - loss: 0.0741 - acc: 0.9695
5600/8000 [====================>.........] - ETA: 1s - loss: 0.0739 - acc: 0.9696
5700/8000 [====================>.........] - ETA: 1s - loss: 0.0752 - acc: 0.9693
5800/8000 [====================>.........] - ETA: 1s - loss: 0.0750 - acc: 0.9693
5900/8000 [=====================>........] - ETA: 1s - loss: 0.0751 - acc: 0.9692
6000/8000 [=====================>........] - ETA: 1s - loss: 0.0753 - acc: 0.9690
6100/8000 [=====================>........] - ETA: 1s - loss: 0.0759 - acc: 0.9687
6200/8000 [======================>.......] - ETA: 0s - loss: 0.0757 - acc: 0.9689
6300/8000 [======================>.......] - ETA: 0s - loss: 0.0752 - acc: 0.9690
6400/8000 [=======================>......] - ETA: 0s - loss: 0.0757 - acc: 0.9688
6500/8000 [=======================>......] - ETA: 0s - loss: 0.0751 - acc: 0.9691
6600/8000 [=======================>......] - ETA: 0s - loss: 0.0751 - acc: 0.9688
6700/8000 [========================>.....] - ETA: 0s - loss: 0.0746 - acc: 0.9691
6800/8000 [========================>.....] - ETA: 0s - loss: 0.0748 - acc: 0.9693
6900/8000 [========================>.....] - ETA: 0s - loss: 0.0745 - acc: 0.9694
7000/8000 [=========================>....] - ETA: 0s - loss: 0.0740 - acc: 0.9696
7100/8000 [=========================>....] - ETA: 0s - loss: 0.0734 - acc: 0.9700
7200/8000 [==========================>...] - ETA: 0s - loss: 0.0733 - acc: 0.9701
7300/8000 [==========================>...] - ETA: 0s - loss: 0.0732 - acc: 0.9703
7400/8000 [==========================>...] - ETA: 0s - loss: 0.0734 - acc: 0.9700
7500/8000 [===========================>..] - ETA: 0s - loss: 0.0727 - acc: 0.9704
7600/8000 [===========================>..] - ETA: 0s - loss: 0.0720 - acc: 0.9707
7700/8000 [===========================>..] - ETA: 0s - loss: 0.0716 - acc: 0.9708
7800/8000 [============================>.] - ETA: 0s - loss: 0.0716 - acc: 0.9708
7900/8000 [============================>.] - ETA: 0s - loss: 0.0720 - acc: 0.9705
8000/8000 [==============================] - 4s 549us/step - loss: 0.0718 - acc: 0.9705 - val_loss: 0.3309 - val_acc: 0.9049
Epoch 9/50

 100/8000 [..............................] - ETA: 4s - loss: 0.0283 - acc: 0.9900
 200/8000 [..............................] - ETA: 4s - loss: 0.0283 - acc: 0.9900
 300/8000 [>.............................] - ETA: 4s - loss: 0.0585 - acc: 0.9667
 400/8000 [>.............................] - ETA: 4s - loss: 0.0556 - acc: 0.9700
 500/8000 [>.............................] - ETA: 3s - loss: 0.0496 - acc: 0.9720
 600/8000 [=>............................] - ETA: 3s - loss: 0.0566 - acc: 0.9683
 700/8000 [=>............................] - ETA: 3s - loss: 0.0586 - acc: 0.9700
 800/8000 [==>...........................] - ETA: 3s - loss: 0.0609 - acc: 0.9688
 900/8000 [==>...........................] - ETA: 3s - loss: 0.0636 - acc: 0.9667
1000/8000 [==>...........................] - ETA: 3s - loss: 0.0590 - acc: 0.9690
1100/8000 [===>..........................] - ETA: 3s - loss: 0.0563 - acc: 0.9709
1200/8000 [===>..........................] - ETA: 3s - loss: 0.0535 - acc: 0.9725
1300/8000 [===>..........................] - ETA: 3s - loss: 0.0520 - acc: 0.9731
1400/8000 [====>.........................] - ETA: 3s - loss: 0.0596 - acc: 0.9700
1500/8000 [====>.........................] - ETA: 3s - loss: 0.0587 - acc: 0.9713
1600/8000 [=====>........................] - ETA: 3s - loss: 0.0591 - acc: 0.9713
1700/8000 [=====>........................] - ETA: 3s - loss: 0.0610 - acc: 0.9718
1800/8000 [=====>........................] - ETA: 3s - loss: 0.0592 - acc: 0.9722
1900/8000 [======>.......................] - ETA: 3s - loss: 0.0585 - acc: 0.9726
2000/8000 [======>.......................] - ETA: 3s - loss: 0.0585 - acc: 0.9725
2100/8000 [======>.......................] - ETA: 3s - loss: 0.0609 - acc: 0.9719
2200/8000 [=======>......................] - ETA: 3s - loss: 0.0585 - acc: 0.9732
2300/8000 [=======>......................] - ETA: 3s - loss: 0.0571 - acc: 0.9739
2400/8000 [========>.....................] - ETA: 2s - loss: 0.0562 - acc: 0.9742
2500/8000 [========>.....................] - ETA: 2s - loss: 0.0561 - acc: 0.9740
2600/8000 [========>.....................] - ETA: 2s - loss: 0.0556 - acc: 0.9742
2700/8000 [=========>....................] - ETA: 2s - loss: 0.0552 - acc: 0.9744
2800/8000 [=========>....................] - ETA: 2s - loss: 0.0560 - acc: 0.9743
2900/8000 [=========>....................] - ETA: 2s - loss: 0.0551 - acc: 0.9748
3000/8000 [==========>...................] - ETA: 2s - loss: 0.0541 - acc: 0.9753
3100/8000 [==========>...................] - ETA: 2s - loss: 0.0538 - acc: 0.9752
3200/8000 [===========>..................] - ETA: 2s - loss: 0.0523 - acc: 0.9759
3300/8000 [===========>..................] - ETA: 2s - loss: 0.0529 - acc: 0.9758
3400/8000 [===========>..................] - ETA: 2s - loss: 0.0531 - acc: 0.9753
3500/8000 [============>.................] - ETA: 2s - loss: 0.0529 - acc: 0.9751
3600/8000 [============>.................] - ETA: 2s - loss: 0.0540 - acc: 0.9753
3700/8000 [============>.................] - ETA: 2s - loss: 0.0537 - acc: 0.9751
3800/8000 [=============>................] - ETA: 2s - loss: 0.0535 - acc: 0.9758
3900/8000 [=============>................] - ETA: 2s - loss: 0.0544 - acc: 0.9759
4000/8000 [==============>...............] - ETA: 2s - loss: 0.0548 - acc: 0.9755
4100/8000 [==============>...............] - ETA: 2s - loss: 0.0540 - acc: 0.9759
4200/8000 [==============>...............] - ETA: 2s - loss: 0.0541 - acc: 0.9760
4300/8000 [===============>..............] - ETA: 1s - loss: 0.0545 - acc: 0.9758
4400/8000 [===============>..............] - ETA: 1s - loss: 0.0542 - acc: 0.9761
4500/8000 [===============>..............] - ETA: 1s - loss: 0.0542 - acc: 0.9758
4600/8000 [================>.............] - ETA: 1s - loss: 0.0538 - acc: 0.9759
4700/8000 [================>.............] - ETA: 1s - loss: 0.0537 - acc: 0.9757
4800/8000 [=================>............] - ETA: 1s - loss: 0.0535 - acc: 0.9760
4900/8000 [=================>............] - ETA: 1s - loss: 0.0530 - acc: 0.9761
5000/8000 [=================>............] - ETA: 1s - loss: 0.0532 - acc: 0.9760
5100/8000 [==================>...........] - ETA: 1s - loss: 0.0529 - acc: 0.9759
5200/8000 [==================>...........] - ETA: 1s - loss: 0.0532 - acc: 0.9758
5300/8000 [==================>...........] - ETA: 1s - loss: 0.0529 - acc: 0.9760
5400/8000 [===================>..........] - ETA: 1s - loss: 0.0536 - acc: 0.9759
5500/8000 [===================>..........] - ETA: 1s - loss: 0.0533 - acc: 0.9760
5600/8000 [====================>.........] - ETA: 1s - loss: 0.0532 - acc: 0.9761
5700/8000 [====================>.........] - ETA: 1s - loss: 0.0536 - acc: 0.9758
5800/8000 [====================>.........] - ETA: 1s - loss: 0.0549 - acc: 0.9753
5900/8000 [=====================>........] - ETA: 1s - loss: 0.0546 - acc: 0.9756
6000/8000 [=====================>........] - ETA: 1s - loss: 0.0549 - acc: 0.9753
6100/8000 [=====================>........] - ETA: 1s - loss: 0.0542 - acc: 0.9757
6200/8000 [======================>.......] - ETA: 0s - loss: 0.0537 - acc: 0.9761
6300/8000 [======================>.......] - ETA: 0s - loss: 0.0538 - acc: 0.9760
6400/8000 [=======================>......] - ETA: 0s - loss: 0.0549 - acc: 0.9759
6500/8000 [=======================>......] - ETA: 0s - loss: 0.0557 - acc: 0.9755
6600/8000 [=======================>......] - ETA: 0s - loss: 0.0558 - acc: 0.9755
6700/8000 [========================>.....] - ETA: 0s - loss: 0.0559 - acc: 0.9754
6800/8000 [========================>.....] - ETA: 0s - loss: 0.0556 - acc: 0.9756
6900/8000 [========================>.....] - ETA: 0s - loss: 0.0560 - acc: 0.9754
7000/8000 [=========================>....] - ETA: 0s - loss: 0.0556 - acc: 0.9756
7100/8000 [=========================>....] - ETA: 0s - loss: 0.0561 - acc: 0.9755
7200/8000 [==========================>...] - ETA: 0s - loss: 0.0569 - acc: 0.9753
7300/8000 [==========================>...] - ETA: 0s - loss: 0.0579 - acc: 0.9752
7400/8000 [==========================>...] - ETA: 0s - loss: 0.0578 - acc: 0.9750
7500/8000 [===========================>..] - ETA: 0s - loss: 0.0577 - acc: 0.9748
7600/8000 [===========================>..] - ETA: 0s - loss: 0.0575 - acc: 0.9750
7700/8000 [===========================>..] - ETA: 0s - loss: 0.0576 - acc: 0.9751
7800/8000 [============================>.] - ETA: 0s - loss: 0.0574 - acc: 0.9753
7900/8000 [============================>.] - ETA: 0s - loss: 0.0574 - acc: 0.9751
8000/8000 [==============================] - 4s 549us/step - loss: 0.0575 - acc: 0.9750 - val_loss: 0.3539 - val_acc: 0.9004
Epoch 10/50

 100/8000 [..............................] - ETA: 4s - loss: 0.0351 - acc: 0.9700
 200/8000 [..............................] - ETA: 4s - loss: 0.0264 - acc: 0.9850
 300/8000 [>.............................] - ETA: 4s - loss: 0.0237 - acc: 0.9900
 400/8000 [>.............................] - ETA: 3s - loss: 0.0483 - acc: 0.9800
 500/8000 [>.............................] - ETA: 3s - loss: 0.0418 - acc: 0.9840
 600/8000 [=>............................] - ETA: 3s - loss: 0.0475 - acc: 0.9783
 700/8000 [=>............................] - ETA: 3s - loss: 0.0417 - acc: 0.9814
 800/8000 [==>...........................] - ETA: 3s - loss: 0.0430 - acc: 0.9800
 900/8000 [==>...........................] - ETA: 3s - loss: 0.0414 - acc: 0.9800
1000/8000 [==>...........................] - ETA: 3s - loss: 0.0396 - acc: 0.9810
1100/8000 [===>..........................] - ETA: 3s - loss: 0.0380 - acc: 0.9809
1200/8000 [===>..........................] - ETA: 3s - loss: 0.0363 - acc: 0.9817
1300/8000 [===>..........................] - ETA: 3s - loss: 0.0375 - acc: 0.9823
1400/8000 [====>.........................] - ETA: 3s - loss: 0.0398 - acc: 0.9829
1500/8000 [====>.........................] - ETA: 3s - loss: 0.0402 - acc: 0.9827
1600/8000 [=====>........................] - ETA: 3s - loss: 0.0425 - acc: 0.9819
1700/8000 [=====>........................] - ETA: 3s - loss: 0.0420 - acc: 0.9812
1800/8000 [=====>........................] - ETA: 3s - loss: 0.0450 - acc: 0.9800
1900/8000 [======>.......................] - ETA: 3s - loss: 0.0439 - acc: 0.9805
2000/8000 [======>.......................] - ETA: 3s - loss: 0.0421 - acc: 0.9815
2100/8000 [======>.......................] - ETA: 3s - loss: 0.0428 - acc: 0.9805
2200/8000 [=======>......................] - ETA: 3s - loss: 0.0427 - acc: 0.9805
2300/8000 [=======>......................] - ETA: 2s - loss: 0.0428 - acc: 0.9800
2400/8000 [========>.....................] - ETA: 2s - loss: 0.0450 - acc: 0.9796
2500/8000 [========>.....................] - ETA: 2s - loss: 0.0438 - acc: 0.9804
2600/8000 [========>.....................] - ETA: 2s - loss: 0.0439 - acc: 0.9804
2700/8000 [=========>....................] - ETA: 2s - loss: 0.0429 - acc: 0.9811
2800/8000 [=========>....................] - ETA: 2s - loss: 0.0436 - acc: 0.9807
2900/8000 [=========>....................] - ETA: 2s - loss: 0.0439 - acc: 0.9810
3000/8000 [==========>...................] - ETA: 2s - loss: 0.0434 - acc: 0.9813
3100/8000 [==========>...................] - ETA: 2s - loss: 0.0431 - acc: 0.9816
3200/8000 [===========>..................] - ETA: 2s - loss: 0.0433 - acc: 0.9813
3300/8000 [===========>..................] - ETA: 2s - loss: 0.0426 - acc: 0.9815
3400/8000 [===========>..................] - ETA: 2s - loss: 0.0419 - acc: 0.9821
3500/8000 [============>.................] - ETA: 2s - loss: 0.0422 - acc: 0.9814
3600/8000 [============>.................] - ETA: 2s - loss: 0.0426 - acc: 0.9814
3700/8000 [============>.................] - ETA: 2s - loss: 0.0419 - acc: 0.9816
3800/8000 [=============>................] - ETA: 2s - loss: 0.0414 - acc: 0.9818
3900/8000 [=============>................] - ETA: 2s - loss: 0.0416 - acc: 0.9818
4000/8000 [==============>...............] - ETA: 2s - loss: 0.0422 - acc: 0.9815
4100/8000 [==============>...............] - ETA: 2s - loss: 0.0417 - acc: 0.9817
4200/8000 [==============>...............] - ETA: 1s - loss: 0.0420 - acc: 0.9817
4300/8000 [===============>..............] - ETA: 1s - loss: 0.0428 - acc: 0.9812
4400/8000 [===============>..............] - ETA: 1s - loss: 0.0461 - acc: 0.9809
4500/8000 [===============>..............] - ETA: 1s - loss: 0.0466 - acc: 0.9809
4600/8000 [================>.............] - ETA: 1s - loss: 0.0459 - acc: 0.9811
4700/8000 [================>.............] - ETA: 1s - loss: 0.0458 - acc: 0.9811
4800/8000 [=================>............] - ETA: 1s - loss: 0.0456 - acc: 0.9810
4900/8000 [=================>............] - ETA: 1s - loss: 0.0455 - acc: 0.9810
5000/8000 [=================>............] - ETA: 1s - loss: 0.0453 - acc: 0.9812
5100/8000 [==================>...........] - ETA: 1s - loss: 0.0456 - acc: 0.9808
5200/8000 [==================>...........] - ETA: 1s - loss: 0.0454 - acc: 0.9812
5300/8000 [==================>...........] - ETA: 1s - loss: 0.0450 - acc: 0.9813
5400/8000 [===================>..........] - ETA: 1s - loss: 0.0447 - acc: 0.9815
5500/8000 [===================>..........] - ETA: 1s - loss: 0.0445 - acc: 0.9818
5600/8000 [====================>.........] - ETA: 1s - loss: 0.0444 - acc: 0.9818
5700/8000 [====================>.........] - ETA: 1s - loss: 0.0456 - acc: 0.9812
5800/8000 [====================>.........] - ETA: 1s - loss: 0.0454 - acc: 0.9814
5900/8000 [=====================>........] - ETA: 1s - loss: 0.0452 - acc: 0.9815
6000/8000 [=====================>........] - ETA: 1s - loss: 0.0446 - acc: 0.9818
6100/8000 [=====================>........] - ETA: 1s - loss: 0.0449 - acc: 0.9816
6200/8000 [======================>.......] - ETA: 0s - loss: 0.0443 - acc: 0.9819
6300/8000 [======================>.......] - ETA: 0s - loss: 0.0447 - acc: 0.9817
6400/8000 [=======================>......] - ETA: 0s - loss: 0.0448 - acc: 0.9817
6500/8000 [=======================>......] - ETA: 0s - loss: 0.0444 - acc: 0.9818
6600/8000 [=======================>......] - ETA: 0s - loss: 0.0447 - acc: 0.9814
6700/8000 [========================>.....] - ETA: 0s - loss: 0.0453 - acc: 0.9813
6800/8000 [========================>.....] - ETA: 0s - loss: 0.0453 - acc: 0.9813
6900/8000 [========================>.....] - ETA: 0s - loss: 0.0450 - acc: 0.9816
7000/8000 [=========================>....] - ETA: 0s - loss: 0.0454 - acc: 0.9813
7100/8000 [=========================>....] - ETA: 0s - loss: 0.0451 - acc: 0.9814
7200/8000 [==========================>...] - ETA: 0s - loss: 0.0452 - acc: 0.9813
7300/8000 [==========================>...] - ETA: 0s - loss: 0.0450 - acc: 0.9812
7400/8000 [==========================>...] - ETA: 0s - loss: 0.0451 - acc: 0.9811
7500/8000 [===========================>..] - ETA: 0s - loss: 0.0449 - acc: 0.9812
7600/8000 [===========================>..] - ETA: 0s - loss: 0.0459 - acc: 0.9805
7700/8000 [===========================>..] - ETA: 0s - loss: 0.0457 - acc: 0.9806
7800/8000 [============================>.] - ETA: 0s - loss: 0.0461 - acc: 0.9804
7900/8000 [============================>.] - ETA: 0s - loss: 0.0461 - acc: 0.9801
8000/8000 [==============================] - 4s 548us/step - loss: 0.0458 - acc: 0.9804 - val_loss: 0.3908 - val_acc: 0.8960
Epoch 11/50

 100/8000 [..............................] - ETA: 4s - loss: 0.0431 - acc: 0.9800
 200/8000 [..............................] - ETA: 4s - loss: 0.0438 - acc: 0.9800
 300/8000 [>.............................] - ETA: 4s - loss: 0.0586 - acc: 0.9700
 400/8000 [>.............................] - ETA: 4s - loss: 0.0590 - acc: 0.9725
 500/8000 [>.............................] - ETA: 4s - loss: 0.0518 - acc: 0.9780
 600/8000 [=>............................] - ETA: 3s - loss: 0.0561 - acc: 0.9783
 700/8000 [=>............................] - ETA: 3s - loss: 0.0514 - acc: 0.9786
 800/8000 [==>...........................] - ETA: 3s - loss: 0.0552 - acc: 0.9775
 900/8000 [==>...........................] - ETA: 3s - loss: 0.0543 - acc: 0.9778
1000/8000 [==>...........................] - ETA: 3s - loss: 0.0543 - acc: 0.9780
1100/8000 [===>..........................] - ETA: 3s - loss: 0.0525 - acc: 0.9791
1200/8000 [===>..........................] - ETA: 3s - loss: 0.0530 - acc: 0.9783
1300/8000 [===>..........................] - ETA: 3s - loss: 0.0492 - acc: 0.9800
1400/8000 [====>.........................] - ETA: 3s - loss: 0.0466 - acc: 0.9814
1500/8000 [====>.........................] - ETA: 3s - loss: 0.0459 - acc: 0.9820
1600/8000 [=====>........................] - ETA: 3s - loss: 0.0454 - acc: 0.9825
1700/8000 [=====>........................] - ETA: 3s - loss: 0.0437 - acc: 0.9835
1800/8000 [=====>........................] - ETA: 3s - loss: 0.0444 - acc: 0.9839
1900/8000 [======>.......................] - ETA: 3s - loss: 0.0438 - acc: 0.9837
2000/8000 [======>.......................] - ETA: 3s - loss: 0.0438 - acc: 0.9830
2100/8000 [======>.......................] - ETA: 3s - loss: 0.0444 - acc: 0.9829
2200/8000 [=======>......................] - ETA: 3s - loss: 0.0430 - acc: 0.9836
2300/8000 [=======>......................] - ETA: 3s - loss: 0.0428 - acc: 0.9830
2400/8000 [========>.....................] - ETA: 2s - loss: 0.0439 - acc: 0.9821
2500/8000 [========>.....................] - ETA: 2s - loss: 0.0425 - acc: 0.9828
2600/8000 [========>.....................] - ETA: 2s - loss: 0.0437 - acc: 0.9823
2700/8000 [=========>....................] - ETA: 2s - loss: 0.0426 - acc: 0.9826
2800/8000 [=========>....................] - ETA: 2s - loss: 0.0420 - acc: 0.9829
2900/8000 [=========>....................] - ETA: 2s - loss: 0.0416 - acc: 0.9834
3000/8000 [==========>...................] - ETA: 2s - loss: 0.0410 - acc: 0.9837
3100/8000 [==========>...................] - ETA: 2s - loss: 0.0403 - acc: 0.9839
3200/8000 [===========>..................] - ETA: 2s - loss: 0.0415 - acc: 0.9828
3300/8000 [===========>..................] - ETA: 2s - loss: 0.0418 - acc: 0.9827
3400/8000 [===========>..................] - ETA: 2s - loss: 0.0426 - acc: 0.9821
3500/8000 [============>.................] - ETA: 2s - loss: 0.0430 - acc: 0.9817
3600/8000 [============>.................] - ETA: 2s - loss: 0.0445 - acc: 0.9806
3700/8000 [============>.................] - ETA: 2s - loss: 0.0440 - acc: 0.9808
3800/8000 [=============>................] - ETA: 2s - loss: 0.0434 - acc: 0.9813
3900/8000 [=============>................] - ETA: 2s - loss: 0.0428 - acc: 0.9815
4000/8000 [==============>...............] - ETA: 2s - loss: 0.0422 - acc: 0.9818
4100/8000 [==============>...............] - ETA: 2s - loss: 0.0431 - acc: 0.9812
4200/8000 [==============>...............] - ETA: 2s - loss: 0.0431 - acc: 0.9814
4300/8000 [===============>..............] - ETA: 1s - loss: 0.0433 - acc: 0.9814
4400/8000 [===============>..............] - ETA: 1s - loss: 0.0438 - acc: 0.9814
4500/8000 [===============>..............] - ETA: 1s - loss: 0.0439 - acc: 0.9813
4600/8000 [================>.............] - ETA: 1s - loss: 0.0438 - acc: 0.9813
4700/8000 [================>.............] - ETA: 1s - loss: 0.0438 - acc: 0.9811
4800/8000 [=================>............] - ETA: 1s - loss: 0.0436 - acc: 0.9813
4900/8000 [=================>............] - ETA: 1s - loss: 0.0432 - acc: 0.9814
5000/8000 [=================>............] - ETA: 1s - loss: 0.0440 - acc: 0.9812
5100/8000 [==================>...........] - ETA: 1s - loss: 0.0452 - acc: 0.9804
5200/8000 [==================>...........] - ETA: 1s - loss: 0.0447 - acc: 0.9806
5300/8000 [==================>...........] - ETA: 1s - loss: 0.0445 - acc: 0.9804
5400/8000 [===================>..........] - ETA: 1s - loss: 0.0441 - acc: 0.9806
5500/8000 [===================>..........] - ETA: 1s - loss: 0.0448 - acc: 0.9802
5600/8000 [====================>.........] - ETA: 1s - loss: 0.0452 - acc: 0.9798
5700/8000 [====================>.........] - ETA: 1s - loss: 0.0450 - acc: 0.9800
5800/8000 [====================>.........] - ETA: 1s - loss: 0.0451 - acc: 0.9800
5900/8000 [=====================>........] - ETA: 1s - loss: 0.0448 - acc: 0.9802
6000/8000 [=====================>........] - ETA: 1s - loss: 0.0446 - acc: 0.9800
6100/8000 [=====================>........] - ETA: 1s - loss: 0.0446 - acc: 0.9800
6200/8000 [======================>.......] - ETA: 0s - loss: 0.0444 - acc: 0.9800
6300/8000 [======================>.......] - ETA: 0s - loss: 0.0447 - acc: 0.9797
6400/8000 [=======================>......] - ETA: 0s - loss: 0.0446 - acc: 0.9800
6500/8000 [=======================>......] - ETA: 0s - loss: 0.0442 - acc: 0.9802
6600/8000 [=======================>......] - ETA: 0s - loss: 0.0442 - acc: 0.9803
6700/8000 [========================>.....] - ETA: 0s - loss: 0.0447 - acc: 0.9801
6800/8000 [========================>.....] - ETA: 0s - loss: 0.0445 - acc: 0.9804
6900/8000 [========================>.....] - ETA: 0s - loss: 0.0442 - acc: 0.9806
7000/8000 [=========================>....] - ETA: 0s - loss: 0.0442 - acc: 0.9806
7100/8000 [=========================>....] - ETA: 0s - loss: 0.0440 - acc: 0.9806
7200/8000 [==========================>...] - ETA: 0s - loss: 0.0443 - acc: 0.9804
7300/8000 [==========================>...] - ETA: 0s - loss: 0.0440 - acc: 0.9805
7400/8000 [==========================>...] - ETA: 0s - loss: 0.0439 - acc: 0.9805
7500/8000 [===========================>..] - ETA: 0s - loss: 0.0436 - acc: 0.9808
7600/8000 [===========================>..] - ETA: 0s - loss: 0.0436 - acc: 0.9808
7700/8000 [===========================>..] - ETA: 0s - loss: 0.0439 - acc: 0.9806
7800/8000 [============================>.] - ETA: 0s - loss: 0.0437 - acc: 0.9808
7900/8000 [============================>.] - ETA: 0s - loss: 0.0441 - acc: 0.9808
8000/8000 [==============================] - 4s 549us/step - loss: 0.0444 - acc: 0.9808 - val_loss: 0.4383 - val_acc: 0.9071
Epoch 12/50

 100/8000 [..............................] - ETA: 4s - loss: 0.0600 - acc: 0.9700
 200/8000 [..............................] - ETA: 4s - loss: 0.0446 - acc: 0.9800
 300/8000 [>.............................] - ETA: 4s - loss: 0.0418 - acc: 0.9800
 400/8000 [>.............................] - ETA: 4s - loss: 0.0452 - acc: 0.9775
 500/8000 [>.............................] - ETA: 3s - loss: 0.0454 - acc: 0.9800
 600/8000 [=>............................] - ETA: 3s - loss: 0.0417 - acc: 0.9817
 700/8000 [=>............................] - ETA: 3s - loss: 0.0428 - acc: 0.9800
 800/8000 [==>...........................] - ETA: 3s - loss: 0.0418 - acc: 0.9788
 900/8000 [==>...........................] - ETA: 3s - loss: 0.0378 - acc: 0.9811
1000/8000 [==>...........................] - ETA: 3s - loss: 0.0369 - acc: 0.9820
1100/8000 [===>..........................] - ETA: 3s - loss: 0.0374 - acc: 0.9809
1200/8000 [===>..........................] - ETA: 3s - loss: 0.0345 - acc: 0.9825
1300/8000 [===>..........................] - ETA: 3s - loss: 0.0329 - acc: 0.9838
1400/8000 [====>.........................] - ETA: 3s - loss: 0.0336 - acc: 0.9836
1500/8000 [====>.........................] - ETA: 3s - loss: 0.0342 - acc: 0.9827
1600/8000 [=====>........................] - ETA: 3s - loss: 0.0331 - acc: 0.9831
1700/8000 [=====>........................] - ETA: 3s - loss: 0.0329 - acc: 0.9835
1800/8000 [=====>........................] - ETA: 3s - loss: 0.0321 - acc: 0.9844
1900/8000 [======>.......................] - ETA: 3s - loss: 0.0311 - acc: 0.9853
2000/8000 [======>.......................] - ETA: 3s - loss: 0.0330 - acc: 0.9840
2100/8000 [======>.......................] - ETA: 3s - loss: 0.0322 - acc: 0.9843
2200/8000 [=======>......................] - ETA: 3s - loss: 0.0326 - acc: 0.9845
2300/8000 [=======>......................] - ETA: 3s - loss: 0.0318 - acc: 0.9852
2400/8000 [========>.....................] - ETA: 2s - loss: 0.0324 - acc: 0.9850
2500/8000 [========>.....................] - ETA: 2s - loss: 0.0314 - acc: 0.9856
2600/8000 [========>.....................] - ETA: 2s - loss: 0.0306 - acc: 0.9862
2700/8000 [=========>....................] - ETA: 2s - loss: 0.0297 - acc: 0.9867
2800/8000 [=========>....................] - ETA: 2s - loss: 0.0303 - acc: 0.9864
2900/8000 [=========>....................] - ETA: 2s - loss: 0.0302 - acc: 0.9862
3000/8000 [==========>...................] - ETA: 2s - loss: 0.0341 - acc: 0.9847
3100/8000 [==========>...................] - ETA: 2s - loss: 0.0332 - acc: 0.9852
3200/8000 [===========>..................] - ETA: 2s - loss: 0.0334 - acc: 0.9853
3300/8000 [===========>..................] - ETA: 2s - loss: 0.0330 - acc: 0.9855
3400/8000 [===========>..................] - ETA: 2s - loss: 0.0337 - acc: 0.9856
3500/8000 [============>.................] - ETA: 2s - loss: 0.0352 - acc: 0.9843
3600/8000 [============>.................] - ETA: 2s - loss: 0.0348 - acc: 0.9844
3700/8000 [============>.................] - ETA: 2s - loss: 0.0358 - acc: 0.9838
3800/8000 [=============>................] - ETA: 2s - loss: 0.0374 - acc: 0.9824
3900/8000 [=============>................] - ETA: 2s - loss: 0.0377 - acc: 0.9823
4000/8000 [==============>...............] - ETA: 2s - loss: 0.0378 - acc: 0.9825
4100/8000 [==============>...............] - ETA: 2s - loss: 0.0378 - acc: 0.9827
4200/8000 [==============>...............] - ETA: 2s - loss: 0.0376 - acc: 0.9829
4300/8000 [===============>..............] - ETA: 1s - loss: 0.0385 - acc: 0.9826
4400/8000 [===============>..............] - ETA: 1s - loss: 0.0386 - acc: 0.9827
4500/8000 [===============>..............] - ETA: 1s - loss: 0.0386 - acc: 0.9829
4600/8000 [================>.............] - ETA: 1s - loss: 0.0384 - acc: 0.9830
4700/8000 [================>.............] - ETA: 1s - loss: 0.0385 - acc: 0.9832
4800/8000 [=================>............] - ETA: 1s - loss: 0.0385 - acc: 0.9833
4900/8000 [=================>............] - ETA: 1s - loss: 0.0389 - acc: 0.9829
5000/8000 [=================>............] - ETA: 1s - loss: 0.0397 - acc: 0.9826
5100/8000 [==================>...........] - ETA: 1s - loss: 0.0402 - acc: 0.9825
5200/8000 [==================>...........] - ETA: 1s - loss: 0.0400 - acc: 0.9829
5300/8000 [==================>...........] - ETA: 1s - loss: 0.0399 - acc: 0.9830
5400/8000 [===================>..........] - ETA: 1s - loss: 0.0399 - acc: 0.9831
5500/8000 [===================>..........] - ETA: 1s - loss: 0.0397 - acc: 0.9835
5600/8000 [====================>.........] - ETA: 1s - loss: 0.0394 - acc: 0.9836
5700/8000 [====================>.........] - ETA: 1s - loss: 0.0392 - acc: 0.9839
5800/8000 [====================>.........] - ETA: 1s - loss: 0.0388 - acc: 0.9841
5900/8000 [=====================>........] - ETA: 1s - loss: 0.0386 - acc: 0.9842
6000/8000 [=====================>........] - ETA: 1s - loss: 0.0394 - acc: 0.9838
6100/8000 [=====================>........] - ETA: 1s - loss: 0.0399 - acc: 0.9836
6200/8000 [======================>.......] - ETA: 0s - loss: 0.0394 - acc: 0.9839
6300/8000 [======================>.......] - ETA: 0s - loss: 0.0392 - acc: 0.9840
6400/8000 [=======================>......] - ETA: 0s - loss: 0.0390 - acc: 0.9839
6500/8000 [=======================>......] - ETA: 0s - loss: 0.0391 - acc: 0.9840
6600/8000 [=======================>......] - ETA: 0s - loss: 0.0388 - acc: 0.9841
6700/8000 [========================>.....] - ETA: 0s - loss: 0.0392 - acc: 0.9839
6800/8000 [========================>.....] - ETA: 0s - loss: 0.0391 - acc: 0.9840
6900/8000 [========================>.....] - ETA: 0s - loss: 0.0394 - acc: 0.9838
7000/8000 [=========================>....] - ETA: 0s - loss: 0.0394 - acc: 0.9837
7100/8000 [=========================>....] - ETA: 0s - loss: 0.0397 - acc: 0.9835
7200/8000 [==========================>...] - ETA: 0s - loss: 0.0407 - acc: 0.9832
7300/8000 [==========================>...] - ETA: 0s - loss: 0.0405 - acc: 0.9834
7400/8000 [==========================>...] - ETA: 0s - loss: 0.0407 - acc: 0.9834
7500/8000 [===========================>..] - ETA: 0s - loss: 0.0408 - acc: 0.9835
7600/8000 [===========================>..] - ETA: 0s - loss: 0.0412 - acc: 0.9836
7700/8000 [===========================>..] - ETA: 0s - loss: 0.0411 - acc: 0.9835
7800/8000 [============================>.] - ETA: 0s - loss: 0.0409 - acc: 0.9835
7900/8000 [============================>.] - ETA: 0s - loss: 0.0413 - acc: 0.9832
8000/8000 [==============================] - 4s 549us/step - loss: 0.0421 - acc: 0.9826 - val_loss: 0.3980 - val_acc: 0.9104
Epoch 13/50

 100/8000 [..............................] - ETA: 4s - loss: 0.0243 - acc: 0.9900
 200/8000 [..............................] - ETA: 4s - loss: 0.0235 - acc: 0.9900
 300/8000 [>.............................] - ETA: 4s - loss: 0.0214 - acc: 0.9900
 400/8000 [>.............................] - ETA: 4s - loss: 0.0216 - acc: 0.9900
 500/8000 [>.............................] - ETA: 3s - loss: 0.0237 - acc: 0.9880
 600/8000 [=>............................] - ETA: 3s - loss: 0.0237 - acc: 0.9867
 700/8000 [=>............................] - ETA: 3s - loss: 0.0320 - acc: 0.9829
 800/8000 [==>...........................] - ETA: 3s - loss: 0.0314 - acc: 0.9838
 900/8000 [==>...........................] - ETA: 3s - loss: 0.0296 - acc: 0.9856
1000/8000 [==>...........................] - ETA: 3s - loss: 0.0296 - acc: 0.9860
1100/8000 [===>..........................] - ETA: 3s - loss: 0.0286 - acc: 0.9864
1200/8000 [===>..........................] - ETA: 3s - loss: 0.0289 - acc: 0.9850
1300/8000 [===>..........................] - ETA: 3s - loss: 0.0292 - acc: 0.9846
1400/8000 [====>.........................] - ETA: 3s - loss: 0.0312 - acc: 0.9843
1500/8000 [====>.........................] - ETA: 3s - loss: 0.0307 - acc: 0.9853
1600/8000 [=====>........................] - ETA: 3s - loss: 0.0320 - acc: 0.9838
1700/8000 [=====>........................] - ETA: 3s - loss: 0.0362 - acc: 0.9835
1800/8000 [=====>........................] - ETA: 3s - loss: 0.0365 - acc: 0.9839
1900/8000 [======>.......................] - ETA: 3s - loss: 0.0362 - acc: 0.9842
2000/8000 [======>.......................] - ETA: 3s - loss: 0.0358 - acc: 0.9845
2100/8000 [======>.......................] - ETA: 3s - loss: 0.0357 - acc: 0.9848
2200/8000 [=======>......................] - ETA: 3s - loss: 0.0364 - acc: 0.9845
2300/8000 [=======>......................] - ETA: 3s - loss: 0.0365 - acc: 0.9843
2400/8000 [========>.....................] - ETA: 2s - loss: 0.0370 - acc: 0.9842
2500/8000 [========>.....................] - ETA: 2s - loss: 0.0383 - acc: 0.9836
2600/8000 [========>.....................] - ETA: 2s - loss: 0.0383 - acc: 0.9835
2700/8000 [=========>....................] - ETA: 2s - loss: 0.0405 - acc: 0.9822
2800/8000 [=========>....................] - ETA: 2s - loss: 0.0414 - acc: 0.9821
2900/8000 [=========>....................] - ETA: 2s - loss: 0.0408 - acc: 0.9828
3000/8000 [==========>...................] - ETA: 2s - loss: 0.0406 - acc: 0.9830
3100/8000 [==========>...................] - ETA: 2s - loss: 0.0401 - acc: 0.9832
3200/8000 [===========>..................] - ETA: 2s - loss: 0.0401 - acc: 0.9828
3300/8000 [===========>..................] - ETA: 2s - loss: 0.0394 - acc: 0.9833
3400/8000 [===========>..................] - ETA: 2s - loss: 0.0393 - acc: 0.9832
3500/8000 [============>.................] - ETA: 2s - loss: 0.0391 - acc: 0.9837
3600/8000 [============>.................] - ETA: 2s - loss: 0.0387 - acc: 0.9839
3700/8000 [============>.................] - ETA: 2s - loss: 0.0380 - acc: 0.9843
3800/8000 [=============>................] - ETA: 2s - loss: 0.0373 - acc: 0.9847
3900/8000 [=============>................] - ETA: 2s - loss: 0.0392 - acc: 0.9846
4000/8000 [==============>...............] - ETA: 2s - loss: 0.0388 - acc: 0.9850
4100/8000 [==============>...............] - ETA: 2s - loss: 0.0379 - acc: 0.9854
4200/8000 [==============>...............] - ETA: 2s - loss: 0.0384 - acc: 0.9850
4300/8000 [===============>..............] - ETA: 1s - loss: 0.0379 - acc: 0.9851
4400/8000 [===============>..............] - ETA: 1s - loss: 0.0385 - acc: 0.9852
4500/8000 [===============>..............] - ETA: 1s - loss: 0.0391 - acc: 0.9849
4600/8000 [================>.............] - ETA: 1s - loss: 0.0393 - acc: 0.9848
4700/8000 [================>.............] - ETA: 1s - loss: 0.0391 - acc: 0.9847
4800/8000 [=================>............] - ETA: 1s - loss: 0.0394 - acc: 0.9846
4900/8000 [=================>............] - ETA: 1s - loss: 0.0398 - acc: 0.9843
5000/8000 [=================>............] - ETA: 1s - loss: 0.0392 - acc: 0.9846
5100/8000 [==================>...........] - ETA: 1s - loss: 0.0392 - acc: 0.9847
5200/8000 [==================>...........] - ETA: 1s - loss: 0.0386 - acc: 0.9850
5300/8000 [==================>...........] - ETA: 1s - loss: 0.0381 - acc: 0.9853
5400/8000 [===================>..........] - ETA: 1s - loss: 0.0377 - acc: 0.9854
5500/8000 [===================>..........] - ETA: 1s - loss: 0.0381 - acc: 0.9853
5600/8000 [====================>.........] - ETA: 1s - loss: 0.0376 - acc: 0.9855
5700/8000 [====================>.........] - ETA: 1s - loss: 0.0374 - acc: 0.9854
5800/8000 [====================>.........] - ETA: 1s - loss: 0.0376 - acc: 0.9852
5900/8000 [=====================>........] - ETA: 1s - loss: 0.0375 - acc: 0.9851
6000/8000 [=====================>........] - ETA: 1s - loss: 0.0380 - acc: 0.9852
6100/8000 [=====================>........] - ETA: 1s - loss: 0.0379 - acc: 0.9851
6200/8000 [======================>.......] - ETA: 0s - loss: 0.0379 - acc: 0.9850
6300/8000 [======================>.......] - ETA: 0s - loss: 0.0383 - acc: 0.9849
6400/8000 [=======================>......] - ETA: 0s - loss: 0.0384 - acc: 0.9847
6500/8000 [=======================>......] - ETA: 0s - loss: 0.0391 - acc: 0.9843
6600/8000 [=======================>......] - ETA: 0s - loss: 0.0395 - acc: 0.9841
6700/8000 [========================>.....] - ETA: 0s - loss: 0.0392 - acc: 0.9843
6800/8000 [========================>.....] - ETA: 0s - loss: 0.0388 - acc: 0.9846
6900/8000 [========================>.....] - ETA: 0s - loss: 0.0396 - acc: 0.9843
7000/8000 [=========================>....] - ETA: 0s - loss: 0.0396 - acc: 0.9843
7100/8000 [=========================>....] - ETA: 0s - loss: 0.0394 - acc: 0.9844
7200/8000 [==========================>...] - ETA: 0s - loss: 0.0399 - acc: 0.9839
7300/8000 [==========================>...] - ETA: 0s - loss: 0.0396 - acc: 0.9841
7400/8000 [==========================>...] - ETA: 0s - loss: 0.0399 - acc: 0.9839
7500/8000 [===========================>..] - ETA: 0s - loss: 0.0395 - acc: 0.9841
7600/8000 [===========================>..] - ETA: 0s - loss: 0.0397 - acc: 0.9839
7700/8000 [===========================>..] - ETA: 0s - loss: 0.0399 - acc: 0.9838
7800/8000 [============================>.] - ETA: 0s - loss: 0.0401 - acc: 0.9837
7900/8000 [============================>.] - ETA: 0s - loss: 0.0407 - acc: 0.9835
8000/8000 [==============================] - 4s 550us/step - loss: 0.0406 - acc: 0.9836 - val_loss: 0.4384 - val_acc: 0.9038
Epoch 14/50

 100/8000 [..............................] - ETA: 4s - loss: 0.0455 - acc: 0.9800
 200/8000 [..............................] - ETA: 4s - loss: 0.0390 - acc: 0.9850
 300/8000 [>.............................] - ETA: 4s - loss: 0.0418 - acc: 0.9833
 400/8000 [>.............................] - ETA: 4s - loss: 0.0429 - acc: 0.9800
 500/8000 [>.............................] - ETA: 3s - loss: 0.0366 - acc: 0.9820
 600/8000 [=>............................] - ETA: 3s - loss: 0.0340 - acc: 0.9850
 700/8000 [=>............................] - ETA: 3s - loss: 0.0406 - acc: 0.9829
 800/8000 [==>...........................] - ETA: 3s - loss: 0.0387 - acc: 0.9825
 900/8000 [==>...........................] - ETA: 3s - loss: 0.0383 - acc: 0.9822
1000/8000 [==>...........................] - ETA: 3s - loss: 0.0373 - acc: 0.9830
1100/8000 [===>..........................] - ETA: 3s - loss: 0.0361 - acc: 0.9836
1200/8000 [===>..........................] - ETA: 3s - loss: 0.0378 - acc: 0.9842
1300/8000 [===>..........................] - ETA: 3s - loss: 0.0376 - acc: 0.9846
1400/8000 [====>.........................] - ETA: 3s - loss: 0.0366 - acc: 0.9843
1500/8000 [====>.........................] - ETA: 3s - loss: 0.0352 - acc: 0.9847
1600/8000 [=====>........................] - ETA: 3s - loss: 0.0349 - acc: 0.9850
1700/8000 [=====>........................] - ETA: 3s - loss: 0.0336 - acc: 0.9859
1800/8000 [=====>........................] - ETA: 3s - loss: 0.0345 - acc: 0.9856
1900/8000 [======>.......................] - ETA: 3s - loss: 0.0367 - acc: 0.9847
2000/8000 [======>.......................] - ETA: 3s - loss: 0.0360 - acc: 0.9855
2100/8000 [======>.......................] - ETA: 3s - loss: 0.0350 - acc: 0.9862
2200/8000 [=======>......................] - ETA: 3s - loss: 0.0352 - acc: 0.9855
2300/8000 [=======>......................] - ETA: 3s - loss: 0.0343 - acc: 0.9861
2400/8000 [========>.....................] - ETA: 2s - loss: 0.0353 - acc: 0.9858
2500/8000 [========>.....................] - ETA: 2s - loss: 0.0351 - acc: 0.9856
2600/8000 [========>.....................] - ETA: 2s - loss: 0.0347 - acc: 0.9854
2700/8000 [=========>....................] - ETA: 2s - loss: 0.0338 - acc: 0.9859
2800/8000 [=========>....................] - ETA: 2s - loss: 0.0338 - acc: 0.9857
2900/8000 [=========>....................] - ETA: 2s - loss: 0.0342 - acc: 0.9855
3000/8000 [==========>...................] - ETA: 2s - loss: 0.0340 - acc: 0.9857
3100/8000 [==========>...................] - ETA: 2s - loss: 0.0337 - acc: 0.9858
3200/8000 [===========>..................] - ETA: 2s - loss: 0.0330 - acc: 0.9863
3300/8000 [===========>..................] - ETA: 2s - loss: 0.0328 - acc: 0.9864
3400/8000 [===========>..................] - ETA: 2s - loss: 0.0325 - acc: 0.9865
3500/8000 [============>.................] - ETA: 2s - loss: 0.0326 - acc: 0.9866
3600/8000 [============>.................] - ETA: 2s - loss: 0.0324 - acc: 0.9867
3700/8000 [============>.................] - ETA: 2s - loss: 0.0320 - acc: 0.9868
3800/8000 [=============>................] - ETA: 2s - loss: 0.0315 - acc: 0.9871
3900/8000 [=============>................] - ETA: 2s - loss: 0.0322 - acc: 0.9867
4000/8000 [==============>...............] - ETA: 2s - loss: 0.0319 - acc: 0.9870
4100/8000 [==============>...............] - ETA: 2s - loss: 0.0321 - acc: 0.9871
4200/8000 [==============>...............] - ETA: 2s - loss: 0.0319 - acc: 0.9871
4300/8000 [===============>..............] - ETA: 1s - loss: 0.0321 - acc: 0.9870
4400/8000 [===============>..............] - ETA: 1s - loss: 0.0324 - acc: 0.9864
4500/8000 [===============>..............] - ETA: 1s - loss: 0.0334 - acc: 0.9860
4600/8000 [================>.............] - ETA: 1s - loss: 0.0327 - acc: 0.9863
4700/8000 [================>.............] - ETA: 1s - loss: 0.0344 - acc: 0.9860
4800/8000 [=================>............] - ETA: 1s - loss: 0.0339 - acc: 0.9863
4900/8000 [=================>............] - ETA: 1s - loss: 0.0334 - acc: 0.9865
5000/8000 [=================>............] - ETA: 1s - loss: 0.0346 - acc: 0.9860
5100/8000 [==================>...........] - ETA: 1s - loss: 0.0346 - acc: 0.9861
5200/8000 [==================>...........] - ETA: 1s - loss: 0.0345 - acc: 0.9860
5300/8000 [==================>...........] - ETA: 1s - loss: 0.0345 - acc: 0.9860
5400/8000 [===================>..........] - ETA: 1s - loss: 0.0344 - acc: 0.9861
5500/8000 [===================>..........] - ETA: 1s - loss: 0.0362 - acc: 0.9849
5600/8000 [====================>.........] - ETA: 1s - loss: 0.0362 - acc: 0.9846
5700/8000 [====================>.........] - ETA: 1s - loss: 0.0357 - acc: 0.9849
5800/8000 [====================>.........] - ETA: 1s - loss: 0.0356 - acc: 0.9850
5900/8000 [=====================>........] - ETA: 1s - loss: 0.0358 - acc: 0.9847
6000/8000 [=====================>........] - ETA: 1s - loss: 0.0354 - acc: 0.9850
6100/8000 [=====================>........] - ETA: 1s - loss: 0.0352 - acc: 0.9852
6200/8000 [======================>.......] - ETA: 0s - loss: 0.0357 - acc: 0.9852
6300/8000 [======================>.......] - ETA: 0s - loss: 0.0362 - acc: 0.9848
6400/8000 [=======================>......] - ETA: 0s - loss: 0.0358 - acc: 0.9850
6500/8000 [=======================>......] - ETA: 0s - loss: 0.0360 - acc: 0.9849
6600/8000 [=======================>......] - ETA: 0s - loss: 0.0357 - acc: 0.9850
6700/8000 [========================>.....] - ETA: 0s - loss: 0.0357 - acc: 0.9849
6800/8000 [========================>.....] - ETA: 0s - loss: 0.0358 - acc: 0.9849
6900/8000 [========================>.....] - ETA: 0s - loss: 0.0356 - acc: 0.9849
7000/8000 [=========================>....] - ETA: 0s - loss: 0.0358 - acc: 0.9850
7100/8000 [=========================>....] - ETA: 0s - loss: 0.0361 - acc: 0.9849
7200/8000 [==========================>...] - ETA: 0s - loss: 0.0362 - acc: 0.9850
7300/8000 [==========================>...] - ETA: 0s - loss: 0.0360 - acc: 0.9852
7400/8000 [==========================>...] - ETA: 0s - loss: 0.0360 - acc: 0.9851
7500/8000 [===========================>..] - ETA: 0s - loss: 0.0359 - acc: 0.9852
7600/8000 [===========================>..] - ETA: 0s - loss: 0.0361 - acc: 0.9850
7700/8000 [===========================>..] - ETA: 0s - loss: 0.0364 - acc: 0.9849
7800/8000 [============================>.] - ETA: 0s - loss: 0.0362 - acc: 0.9851
7900/8000 [============================>.] - ETA: 0s - loss: 0.0361 - acc: 0.9852
8000/8000 [==============================] - 4s 548us/step - loss: 0.0360 - acc: 0.9853 - val_loss: 0.3312 - val_acc: 0.9192
Epoch 00014: early stopping
mal2d01 # of params 27411457
              precision    recall  f1-score   support

           0     0.9609    0.9838    0.9722      2721
           1     0.9928    0.9824    0.9876      6183

    accuracy                         0.9828      8904
   macro avg     0.9768    0.9831    0.9799      8904
weighted avg     0.9830    0.9828    0.9829      8904

0.997093279500531
mal2d01 # of params 27411457
839
mal2d01 -5086 -89
mal2d01 0.5320206109679794 0.8939213349225268
              precision    recall  f1-score   support

           0     0.1285    0.8939    0.2247       839
           1     0.9848    0.5320    0.6908     10868

    accuracy                         0.5580     11707
   macro avg     0.5567    0.7130    0.4578     11707
weighted avg     0.9235    0.5580    0.6574     11707

0.8784499485208349
